[ 2017-08-09T12:21:40+08:00 ] 192.168.31.207 /~mile/qicheng/index.php/Api/Tale/getLatestTaleView?timeBefore=1502252499079&limit=10
INFO: [ app_init ] --START--
INFO: Run Behavior\BuildLiteBehavior [ RunTime:0.000019s ]
INFO: [ app_init ] --END-- [ RunTime:0.000484s ]
INFO: [ app_begin ] --START--
INFO: Run Behavior\ReadHtmlCacheBehavior [ RunTime:0.000778s ]
INFO: [ app_begin ] --END-- [ RunTime:0.000830s ]
SQL: SHOW COLUMNS FROM `tale` [ RunTime:0.0146s ]
SQL: SHOW COLUMNS FROM `para` [ RunTime:0.0005s ]
SQL: SHOW COLUMNS FROM `user` [ RunTime:0.0005s ]
SQL: SHOW COLUMNS FROM `tag` [ RunTime:0.0005s ]
SQL: SELECT * FROM `tale` WHERE `time` < '1502252499' ORDER BY time desc LIMIT 10   [ RunTime:0.0026s ]
SQL: SELECT * FROM `para` WHERE `taleId` = 175 AND `deleted` = 0 ORDER BY id LIMIT 1   [ RunTime:0.0023s ]
SQL: SELECT * FROM `user` WHERE `id` = 1 LIMIT 1   [ RunTime:0.0002s ]
SQL: SELECT * FROM `user` WHERE `id` = 1 LIMIT 1   [ RunTime:0.0002s ]
SQL: SELECT * FROM `para` WHERE `taleId` = 174 AND `deleted` = 0 ORDER BY id LIMIT 1   [ RunTime:0.0003s ]
SQL: SELECT * FROM `user` WHERE `id` = 1 LIMIT 1   [ RunTime:0.0002s ]
SQL: SELECT * FROM `user` WHERE `id` = 1 LIMIT 1   [ RunTime:0.0002s ]
SQL: SELECT * FROM `para` WHERE `taleId` = 173 AND `deleted` = 0 ORDER BY id LIMIT 1   [ RunTime:0.0002s ]
SQL: SELECT * FROM `user` WHERE `id` = 1 LIMIT 1   [ RunTime:0.0001s ]
SQL: SELECT * FROM `user` WHERE `id` = 1 LIMIT 1   [ RunTime:0.0002s ]
SQL: SELECT * FROM `para` WHERE `taleId` = 172 AND `deleted` = 0 ORDER BY id LIMIT 1   [ RunTime:0.0002s ]
SQL: SELECT * FROM `user` WHERE `id` = 1 LIMIT 1   [ RunTime:0.0001s ]
SQL: SELECT * FROM `user` WHERE `id` = 1 LIMIT 1   [ RunTime:0.0001s ]
SQL: SELECT `name` FROM `tag` WHERE `id` = 24 LIMIT 1   [ RunTime:0.0001s ]
SQL: SELECT * FROM `para` WHERE `taleId` = 171 AND `deleted` = 0 ORDER BY id LIMIT 1   [ RunTime:0.0002s ]
SQL: SELECT * FROM `user` WHERE `id` = 1 LIMIT 1   [ RunTime:0.0002s ]
SQL: SELECT * FROM `user` WHERE `id` = 1 LIMIT 1   [ RunTime:0.0002s ]
SQL: SELECT `name` FROM `tag` WHERE `id` = 8 LIMIT 1   [ RunTime:0.0002s ]
SQL: SELECT * FROM `para` WHERE `taleId` = 170 AND `deleted` = 0 ORDER BY id LIMIT 1   [ RunTime:0.0003s ]
SQL: SELECT * FROM `user` WHERE `id` = 1 LIMIT 1   [ RunTime:0.0003s ]
SQL: SELECT * FROM `user` WHERE `id` = 1 LIMIT 1   [ RunTime:0.0002s ]
SQL: SELECT `name` FROM `tag` WHERE `id` = 19 LIMIT 1   [ RunTime:0.0002s ]
SQL: SELECT * FROM `para` WHERE `taleId` = 169 AND `deleted` = 0 ORDER BY id LIMIT 1   [ RunTime:0.0002s ]
SQL: SELECT * FROM `user` WHERE `id` = 1 LIMIT 1   [ RunTime:0.0002s ]
SQL: SELECT * FROM `user` WHERE `id` = 1 LIMIT 1   [ RunTime:0.0002s ]
SQL: SELECT `name` FROM `tag` WHERE `id` = 17 LIMIT 1   [ RunTime:0.0001s ]
SQL: SELECT * FROM `para` WHERE `taleId` = 168 AND `deleted` = 0 ORDER BY id LIMIT 1   [ RunTime:0.0002s ]
SQL: SELECT * FROM `user` WHERE `id` = 1 LIMIT 1   [ RunTime:0.0002s ]
SQL: SELECT * FROM `user` WHERE `id` = 1 LIMIT 1   [ RunTime:0.0002s ]
SQL: SELECT `name` FROM `tag` WHERE `id` = 14 LIMIT 1   [ RunTime:0.0002s ]
SQL: SELECT `name` FROM `tag` WHERE `id` = 16 LIMIT 1   [ RunTime:0.0001s ]
SQL: SELECT * FROM `para` WHERE `taleId` = 167 AND `deleted` = 0 ORDER BY id LIMIT 1   [ RunTime:0.0002s ]
SQL: SELECT * FROM `user` WHERE `id` = 1 LIMIT 1   [ RunTime:0.0001s ]
SQL: SELECT * FROM `user` WHERE `id` = 1 LIMIT 1   [ RunTime:0.0002s ]
SQL: SELECT `name` FROM `tag` WHERE `id` = 30 LIMIT 1   [ RunTime:0.0002s ]
SQL: SELECT * FROM `para` WHERE `taleId` = 166 AND `deleted` = 0 ORDER BY id LIMIT 1   [ RunTime:0.0002s ]
SQL: SELECT * FROM `user` WHERE `id` = 1 LIMIT 1   [ RunTime:0.0002s ]
SQL: SELECT * FROM `user` WHERE `id` = 1 LIMIT 1   [ RunTime:0.0002s ]
SQL: SELECT `name` FROM `tag` WHERE `id` = 20 LIMIT 1   [ RunTime:0.0002s ]

[ 2017-08-09T12:21:40+08:00 ] 192.168.31.207 /~mile/qicheng/index.php/Api/Tale/getHotTaleView?timeBefore=1502252499037&limit=10
INFO: [ app_init ] --START--
INFO: Run Behavior\BuildLiteBehavior [ RunTime:0.000013s ]
INFO: [ app_init ] --END-- [ RunTime:0.000542s ]
INFO: [ app_begin ] --START--
INFO: Run Behavior\ReadHtmlCacheBehavior [ RunTime:0.000735s ]
INFO: [ app_begin ] --END-- [ RunTime:0.000798s ]
SQL: SHOW COLUMNS FROM `tale` [ RunTime:0.0146s ]
SQL: SHOW COLUMNS FROM `para` [ RunTime:0.0009s ]
SQL: SHOW COLUMNS FROM `user` [ RunTime:0.0012s ]
SQL: SHOW COLUMNS FROM `tag` [ RunTime:0.0004s ]
SQL: SELECT * FROM `tale` WHERE `time` < '1502252499' ORDER BY zan desc,paraNumber desc,time desc LIMIT 10   [ RunTime:0.0004s ]
SQL: SELECT * FROM `para` WHERE `taleId` = 151 AND `deleted` = 0 ORDER BY id LIMIT 1   [ RunTime:0.0003s ]
SQL: SELECT * FROM `user` WHERE `id` = 6 LIMIT 1   [ RunTime:0.0003s ]
SQL: SELECT * FROM `user` WHERE `id` = 6 LIMIT 1   [ RunTime:0.0002s ]
SQL: SELECT `name` FROM `tag` WHERE `id` = 28 LIMIT 1   [ RunTime:0.0002s ]
SQL: SELECT `name` FROM `tag` WHERE `id` = 19 LIMIT 1   [ RunTime:0.0001s ]
SQL: SELECT * FROM `para` WHERE `taleId` = 172 AND `deleted` = 0 ORDER BY id LIMIT 1   [ RunTime:0.0002s ]
SQL: SELECT * FROM `user` WHERE `id` = 1 LIMIT 1   [ RunTime:0.0002s ]
SQL: SELECT * FROM `user` WHERE `id` = 1 LIMIT 1   [ RunTime:0.0001s ]
SQL: SELECT `name` FROM `tag` WHERE `id` = 24 LIMIT 1   [ RunTime:0.0001s ]
SQL: SELECT * FROM `para` WHERE `taleId` = 158 AND `deleted` = 0 ORDER BY id LIMIT 1   [ RunTime:0.0002s ]
SQL: SELECT * FROM `user` WHERE `id` = 1 LIMIT 1   [ RunTime:0.0002s ]
SQL: SELECT * FROM `user` WHERE `id` = 1 LIMIT 1   [ RunTime:0.0002s ]
SQL: SELECT `name` FROM `tag` WHERE `id` = 5 LIMIT 1   [ RunTime:0.0002s ]
SQL: SELECT * FROM `para` WHERE `taleId` = 162 AND `deleted` = 0 ORDER BY id LIMIT 1   [ RunTime:0.0002s ]
SQL: SELECT * FROM `user` WHERE `id` = 2 LIMIT 1   [ RunTime:0.0002s ]
SQL: SELECT * FROM `user` WHERE `id` = 2 LIMIT 1   [ RunTime:0.0002s ]
SQL: SELECT `name` FROM `tag` WHERE `id` = 16 LIMIT 1   [ RunTime:0.0007s ]
SQL: SELECT * FROM `para` WHERE `taleId` = 175 AND `deleted` = 0 ORDER BY id LIMIT 1   [ RunTime:0.0046s ]
SQL: SELECT * FROM `user` WHERE `id` = 1 LIMIT 1   [ RunTime:0.0002s ]
SQL: SELECT * FROM `user` WHERE `id` = 1 LIMIT 1   [ RunTime:0.0002s ]
SQL: SELECT * FROM `para` WHERE `taleId` = 157 AND `deleted` = 0 ORDER BY id LIMIT 1   [ RunTime:0.0002s ]
SQL: SELECT * FROM `user` WHERE `id` = 2 LIMIT 1   [ RunTime:0.0001s ]
SQL: SELECT * FROM `user` WHERE `id` = 2 LIMIT 1   [ RunTime:0.0001s ]
SQL: SELECT `name` FROM `tag` WHERE `id` = 28 LIMIT 1   [ RunTime:0.0001s ]
SQL: SELECT `name` FROM `tag` WHERE `id` = 20 LIMIT 1   [ RunTime:0.0001s ]
SQL: SELECT `name` FROM `tag` WHERE `id` = 19 LIMIT 1   [ RunTime:0.0001s ]
SQL: SELECT `name` FROM `tag` WHERE `id` = 5 LIMIT 1   [ RunTime:0.0001s ]
SQL: SELECT * FROM `para` WHERE `taleId` = 154 AND `deleted` = 0 ORDER BY id LIMIT 1   [ RunTime:0.0002s ]
SQL: SELECT * FROM `user` WHERE `id` = 4 LIMIT 1   [ RunTime:0.0001s ]
SQL: SELECT * FROM `user` WHERE `id` = 4 LIMIT 1   [ RunTime:0.0002s ]
SQL: SELECT `name` FROM `tag` WHERE `id` = 20 LIMIT 1   [ RunTime:0.0001s ]
SQL: SELECT `name` FROM `tag` WHERE `id` = 15 LIMIT 1   [ RunTime:0.0001s ]
SQL: SELECT `name` FROM `tag` WHERE `id` = 5 LIMIT 1   [ RunTime:0.0002s ]
SQL: SELECT * FROM `para` WHERE `taleId` = 169 AND `deleted` = 0 ORDER BY id LIMIT 1   [ RunTime:0.0002s ]
SQL: SELECT * FROM `user` WHERE `id` = 1 LIMIT 1   [ RunTime:0.0002s ]
SQL: SELECT * FROM `user` WHERE `id` = 1 LIMIT 1   [ RunTime:0.0002s ]
SQL: SELECT `name` FROM `tag` WHERE `id` = 17 LIMIT 1   [ RunTime:0.0001s ]
SQL: SELECT * FROM `para` WHERE `taleId` = 155 AND `deleted` = 0 ORDER BY id LIMIT 1   [ RunTime:0.0002s ]
SQL: SELECT * FROM `user` WHERE `id` = 3 LIMIT 1   [ RunTime:0.0002s ]
SQL: SELECT * FROM `user` WHERE `id` = 3 LIMIT 1   [ RunTime:0.0002s ]
SQL: SELECT `name` FROM `tag` WHERE `id` = 20 LIMIT 1   [ RunTime:0.0001s ]
SQL: SELECT `name` FROM `tag` WHERE `id` = 15 LIMIT 1   [ RunTime:0.0002s ]
SQL: SELECT `name` FROM `tag` WHERE `id` = 19 LIMIT 1   [ RunTime:0.0001s ]
SQL: SELECT * FROM `para` WHERE `taleId` = 153 AND `deleted` = 0 ORDER BY id LIMIT 1   [ RunTime:0.0002s ]
SQL: SELECT * FROM `user` WHERE `id` = 6 LIMIT 1   [ RunTime:0.0002s ]
SQL: SELECT * FROM `user` WHERE `id` = 6 LIMIT 1   [ RunTime:0.0002s ]
SQL: SELECT `name` FROM `tag` WHERE `id` = 20 LIMIT 1   [ RunTime:0.0001s ]
SQL: SELECT `name` FROM `tag` WHERE `id` = 5 LIMIT 1   [ RunTime:0.0001s ]

[ 2017-08-09T12:22:11+08:00 ] 192.168.31.207 /~mile/qicheng/index.php/Api/Tale/getParasOfTale?taleId=151&paraNumAfter=0&limit=10
INFO: [ app_init ] --START--
INFO: Run Behavior\BuildLiteBehavior [ RunTime:0.000007s ]
INFO: [ app_init ] --END-- [ RunTime:0.000175s ]
INFO: [ app_begin ] --START--
INFO: Run Behavior\ReadHtmlCacheBehavior [ RunTime:0.000209s ]
INFO: [ app_begin ] --END-- [ RunTime:0.000232s ]
SQL: SHOW COLUMNS FROM `para` [ RunTime:0.0005s ]
SQL: SELECT * FROM `para` WHERE `taleId` = '151' AND `paraNum` > '0' AND `deleted` = 0 ORDER BY id LIMIT 10   [ RunTime:0.0006s ]
SQL: SHOW COLUMNS FROM `user` [ RunTime:0.0004s ]
SQL: SELECT * FROM `user` WHERE `id` = 1 LIMIT 1   [ RunTime:0.0002s ]
SQL: SELECT * FROM `user` WHERE `id` = 1 LIMIT 1   [ RunTime:0.0002s ]
SQL: SELECT * FROM `user` WHERE `id` = 1 LIMIT 1   [ RunTime:0.0002s ]
SQL: SELECT * FROM `user` WHERE `id` = 1 LIMIT 1   [ RunTime:0.0002s ]
SQL: SELECT * FROM `user` WHERE `id` = 1 LIMIT 1   [ RunTime:0.0002s ]
SQL: SELECT * FROM `user` WHERE `id` = 1 LIMIT 1   [ RunTime:0.0002s ]
SQL: SELECT * FROM `user` WHERE `id` = 1 LIMIT 1   [ RunTime:0.0002s ]

[ 2017-08-09T12:22:11+08:00 ] 192.168.31.207 /~mile/qicheng/index.php/Api/Tale/getCertainTaleView?taleId=151
INFO: [ app_init ] --START--
INFO: Run Behavior\BuildLiteBehavior [ RunTime:0.000006s ]
INFO: [ app_init ] --END-- [ RunTime:0.000162s ]
INFO: [ app_begin ] --START--
INFO: Run Behavior\ReadHtmlCacheBehavior [ RunTime:0.000219s ]
INFO: [ app_begin ] --END-- [ RunTime:0.000246s ]
SQL: SHOW COLUMNS FROM `tale` [ RunTime:0.0004s ]
SQL: SHOW COLUMNS FROM `para` [ RunTime:0.0004s ]
SQL: SHOW COLUMNS FROM `user` [ RunTime:0.0004s ]
SQL: SHOW COLUMNS FROM `tag` [ RunTime:0.0003s ]
SQL: SELECT * FROM `tale` WHERE `id` = 151 LIMIT 1   [ RunTime:0.0002s ]
SQL: SELECT * FROM `para` WHERE `taleId` = 151 AND `deleted` = 0 ORDER BY id LIMIT 1   [ RunTime:0.0002s ]
SQL: SELECT * FROM `user` WHERE `id` = 6 LIMIT 1   [ RunTime:0.0002s ]
SQL: SELECT * FROM `user` WHERE `id` = 6 LIMIT 1   [ RunTime:0.0002s ]
SQL: SELECT `name` FROM `tag` WHERE `id` = 28 LIMIT 1   [ RunTime:0.0002s ]
SQL: SELECT `name` FROM `tag` WHERE `id` = 19 LIMIT 1   [ RunTime:0.0001s ]

[ 2017-08-09T12:22:11+08:00 ] 192.168.31.207 /~mile/qicheng/index.php/Api/Tale/isUserFocusTale?userId=2&taleId=151
INFO: [ app_init ] --START--
INFO: Run Behavior\BuildLiteBehavior [ RunTime:0.000008s ]
INFO: [ app_init ] --END-- [ RunTime:0.000173s ]
INFO: [ app_begin ] --START--
INFO: Run Behavior\ReadHtmlCacheBehavior [ RunTime:0.000206s ]
INFO: [ app_begin ] --END-- [ RunTime:0.000229s ]
SQL: SHOW COLUMNS FROM `focus` [ RunTime:0.0007s ]
SQL: SELECT * FROM `focus` WHERE `user` = 2 AND `tale` = 151 LIMIT 1   [ RunTime:0.0003s ]

[ 2017-08-09T13:37:01+08:00 ] 192.168.31.207 /~mile/qicheng/index.php/Api/User/getNickByPhone?phone=13915800489
INFO: [ app_init ] --START--
INFO: Run Behavior\BuildLiteBehavior [ RunTime:0.000009s ]
INFO: [ app_init ] --END-- [ RunTime:0.000176s ]
INFO: [ app_begin ] --START--
INFO: Run Behavior\ReadHtmlCacheBehavior [ RunTime:0.000462s ]
INFO: [ app_begin ] --END-- [ RunTime:0.000492s ]
SQL: SHOW COLUMNS FROM `user` [ RunTime:0.0006s ]
SQL: SELECT `nick` FROM `user` WHERE `phone` = '13915800489' LIMIT 1   [ RunTime:0.0002s ]

[ 2017-08-09T13:37:01+08:00 ] 192.168.31.207 /~mile/qicheng/index.php/Api/User/getAvatarByPhone?phone=13915800489
INFO: [ app_init ] --START--
INFO: Run Behavior\BuildLiteBehavior [ RunTime:0.000008s ]
INFO: [ app_init ] --END-- [ RunTime:0.000186s ]
INFO: [ app_begin ] --START--
INFO: Run Behavior\ReadHtmlCacheBehavior [ RunTime:0.000564s ]
INFO: [ app_begin ] --END-- [ RunTime:0.000604s ]
SQL: SHOW COLUMNS FROM `user` [ RunTime:0.0006s ]
SQL: SELECT `avatar` FROM `user` WHERE `phone` = '13915800489' LIMIT 1   [ RunTime:0.0002s ]

[ 2017-08-09T13:37:12+08:00 ] 192.168.31.207 /~mile/qicheng/index.php/Api/User/login?phone=13915800489&password=123456
INFO: [ app_init ] --START--
INFO: Run Behavior\BuildLiteBehavior [ RunTime:0.000009s ]
INFO: [ app_init ] --END-- [ RunTime:0.000216s ]
INFO: [ app_begin ] --START--
INFO: Run Behavior\ReadHtmlCacheBehavior [ RunTime:0.000272s ]
INFO: [ app_begin ] --END-- [ RunTime:0.000304s ]
SQL: SHOW COLUMNS FROM `user` [ RunTime:0.0005s ]
SQL: SELECT * FROM `user` WHERE `phone` = '13915800489' LIMIT 1   [ RunTime:0.0002s ]

[ 2017-08-09T13:37:12+08:00 ] 192.168.31.207 /~mile/qicheng/index.php/Api/Tale/getHotTaleView?timeBefore=1502257032424&limit=10
INFO: [ app_init ] --START--
INFO: Run Behavior\BuildLiteBehavior [ RunTime:0.000007s ]
INFO: [ app_init ] --END-- [ RunTime:0.000162s ]
INFO: [ app_begin ] --START--
INFO: Run Behavior\ReadHtmlCacheBehavior [ RunTime:0.000202s ]
INFO: [ app_begin ] --END-- [ RunTime:0.000225s ]
SQL: SHOW COLUMNS FROM `tale` [ RunTime:0.0004s ]
SQL: SHOW COLUMNS FROM `para` [ RunTime:0.0005s ]
SQL: SHOW COLUMNS FROM `user` [ RunTime:0.0003s ]
SQL: SHOW COLUMNS FROM `tag` [ RunTime:0.0003s ]
SQL: SELECT * FROM `tale` WHERE `time` < '1502257032' ORDER BY zan desc,paraNumber desc,time desc LIMIT 10   [ RunTime:0.0003s ]
SQL: SELECT * FROM `para` WHERE `taleId` = 151 AND `deleted` = 0 ORDER BY id LIMIT 1   [ RunTime:0.0003s ]
SQL: SELECT * FROM `user` WHERE `id` = 6 LIMIT 1   [ RunTime:0.0002s ]
SQL: SELECT * FROM `user` WHERE `id` = 6 LIMIT 1   [ RunTime:0.0002s ]
SQL: SELECT `name` FROM `tag` WHERE `id` = 28 LIMIT 1   [ RunTime:0.0002s ]
SQL: SELECT `name` FROM `tag` WHERE `id` = 19 LIMIT 1   [ RunTime:0.0002s ]
SQL: SELECT * FROM `para` WHERE `taleId` = 172 AND `deleted` = 0 ORDER BY id LIMIT 1   [ RunTime:0.0002s ]
SQL: SELECT * FROM `user` WHERE `id` = 1 LIMIT 1   [ RunTime:0.0002s ]
SQL: SELECT * FROM `user` WHERE `id` = 1 LIMIT 1   [ RunTime:0.0002s ]
SQL: SELECT `name` FROM `tag` WHERE `id` = 24 LIMIT 1   [ RunTime:0.0002s ]
SQL: SELECT * FROM `para` WHERE `taleId` = 158 AND `deleted` = 0 ORDER BY id LIMIT 1   [ RunTime:0.0002s ]
SQL: SELECT * FROM `user` WHERE `id` = 1 LIMIT 1   [ RunTime:0.0002s ]
SQL: SELECT * FROM `user` WHERE `id` = 1 LIMIT 1   [ RunTime:0.0002s ]
SQL: SELECT `name` FROM `tag` WHERE `id` = 5 LIMIT 1   [ RunTime:0.0001s ]
SQL: SELECT * FROM `para` WHERE `taleId` = 162 AND `deleted` = 0 ORDER BY id LIMIT 1   [ RunTime:0.0002s ]
SQL: SELECT * FROM `user` WHERE `id` = 2 LIMIT 1   [ RunTime:0.0002s ]
SQL: SELECT * FROM `user` WHERE `id` = 2 LIMIT 1   [ RunTime:0.0002s ]
SQL: SELECT `name` FROM `tag` WHERE `id` = 16 LIMIT 1   [ RunTime:0.0001s ]
SQL: SELECT * FROM `para` WHERE `taleId` = 175 AND `deleted` = 0 ORDER BY id LIMIT 1   [ RunTime:0.0002s ]
SQL: SELECT * FROM `user` WHERE `id` = 1 LIMIT 1   [ RunTime:0.0002s ]
SQL: SELECT * FROM `user` WHERE `id` = 1 LIMIT 1   [ RunTime:0.0002s ]
SQL: SELECT * FROM `para` WHERE `taleId` = 157 AND `deleted` = 0 ORDER BY id LIMIT 1   [ RunTime:0.0003s ]
SQL: SELECT * FROM `user` WHERE `id` = 2 LIMIT 1   [ RunTime:0.0002s ]
SQL: SELECT * FROM `user` WHERE `id` = 2 LIMIT 1   [ RunTime:0.0002s ]
SQL: SELECT `name` FROM `tag` WHERE `id` = 28 LIMIT 1   [ RunTime:0.0002s ]
SQL: SELECT `name` FROM `tag` WHERE `id` = 20 LIMIT 1   [ RunTime:0.0001s ]
SQL: SELECT `name` FROM `tag` WHERE `id` = 19 LIMIT 1   [ RunTime:0.0002s ]
SQL: SELECT `name` FROM `tag` WHERE `id` = 5 LIMIT 1   [ RunTime:0.0002s ]
SQL: SELECT * FROM `para` WHERE `taleId` = 154 AND `deleted` = 0 ORDER BY id LIMIT 1   [ RunTime:0.0003s ]
SQL: SELECT * FROM `user` WHERE `id` = 4 LIMIT 1   [ RunTime:0.0002s ]
SQL: SELECT * FROM `user` WHERE `id` = 4 LIMIT 1   [ RunTime:0.0002s ]
SQL: SELECT `name` FROM `tag` WHERE `id` = 20 LIMIT 1   [ RunTime:0.0002s ]
SQL: SELECT `name` FROM `tag` WHERE `id` = 15 LIMIT 1   [ RunTime:0.0002s ]
SQL: SELECT `name` FROM `tag` WHERE `id` = 5 LIMIT 1   [ RunTime:0.0002s ]
SQL: SELECT * FROM `para` WHERE `taleId` = 169 AND `deleted` = 0 ORDER BY id LIMIT 1   [ RunTime:0.0002s ]
SQL: SELECT * FROM `user` WHERE `id` = 1 LIMIT 1   [ RunTime:0.0002s ]
SQL: SELECT * FROM `user` WHERE `id` = 1 LIMIT 1   [ RunTime:0.0001s ]
SQL: SELECT `name` FROM `tag` WHERE `id` = 17 LIMIT 1   [ RunTime:0.0001s ]
SQL: SELECT * FROM `para` WHERE `taleId` = 155 AND `deleted` = 0 ORDER BY id LIMIT 1   [ RunTime:0.0002s ]
SQL: SELECT * FROM `user` WHERE `id` = 3 LIMIT 1   [ RunTime:0.0002s ]
SQL: SELECT * FROM `user` WHERE `id` = 3 LIMIT 1   [ RunTime:0.0002s ]
SQL: SELECT `name` FROM `tag` WHERE `id` = 20 LIMIT 1   [ RunTime:0.0001s ]
SQL: SELECT `name` FROM `tag` WHERE `id` = 15 LIMIT 1   [ RunTime:0.0001s ]
SQL: SELECT `name` FROM `tag` WHERE `id` = 19 LIMIT 1   [ RunTime:0.0001s ]
SQL: SELECT * FROM `para` WHERE `taleId` = 153 AND `deleted` = 0 ORDER BY id LIMIT 1   [ RunTime:0.0002s ]
SQL: SELECT * FROM `user` WHERE `id` = 6 LIMIT 1   [ RunTime:0.0002s ]
SQL: SELECT * FROM `user` WHERE `id` = 6 LIMIT 1   [ RunTime:0.0002s ]
SQL: SELECT `name` FROM `tag` WHERE `id` = 20 LIMIT 1   [ RunTime:0.0001s ]
SQL: SELECT `name` FROM `tag` WHERE `id` = 5 LIMIT 1   [ RunTime:0.0002s ]

[ 2017-08-09T13:37:12+08:00 ] 192.168.31.207 /~mile/qicheng/index.php/Api/Tale/getLatestTaleView?timeBefore=1502257032506&limit=10
INFO: [ app_init ] --START--
INFO: Run Behavior\BuildLiteBehavior [ RunTime:0.000008s ]
INFO: [ app_init ] --END-- [ RunTime:0.000177s ]
INFO: [ app_begin ] --START--
INFO: Run Behavior\ReadHtmlCacheBehavior [ RunTime:0.000209s ]
INFO: [ app_begin ] --END-- [ RunTime:0.000231s ]
SQL: SHOW COLUMNS FROM `tale` [ RunTime:0.0005s ]
SQL: SHOW COLUMNS FROM `para` [ RunTime:0.0004s ]
SQL: SHOW COLUMNS FROM `user` [ RunTime:0.0004s ]
SQL: SHOW COLUMNS FROM `tag` [ RunTime:0.0003s ]
SQL: SELECT * FROM `tale` WHERE `time` < '1502257032' ORDER BY time desc LIMIT 10   [ RunTime:0.0003s ]
SQL: SELECT * FROM `para` WHERE `taleId` = 175 AND `deleted` = 0 ORDER BY id LIMIT 1   [ RunTime:0.0002s ]
SQL: SELECT * FROM `user` WHERE `id` = 1 LIMIT 1   [ RunTime:0.0002s ]
SQL: SELECT * FROM `user` WHERE `id` = 1 LIMIT 1   [ RunTime:0.0002s ]
SQL: SELECT * FROM `para` WHERE `taleId` = 174 AND `deleted` = 0 ORDER BY id LIMIT 1   [ RunTime:0.0002s ]
SQL: SELECT * FROM `user` WHERE `id` = 1 LIMIT 1   [ RunTime:0.0002s ]
SQL: SELECT * FROM `user` WHERE `id` = 1 LIMIT 1   [ RunTime:0.0002s ]
SQL: SELECT * FROM `para` WHERE `taleId` = 173 AND `deleted` = 0 ORDER BY id LIMIT 1   [ RunTime:0.0002s ]
SQL: SELECT * FROM `user` WHERE `id` = 1 LIMIT 1   [ RunTime:0.0002s ]
SQL: SELECT * FROM `user` WHERE `id` = 1 LIMIT 1   [ RunTime:0.0002s ]
SQL: SELECT * FROM `para` WHERE `taleId` = 172 AND `deleted` = 0 ORDER BY id LIMIT 1   [ RunTime:0.0003s ]
SQL: SELECT * FROM `user` WHERE `id` = 1 LIMIT 1   [ RunTime:0.0002s ]
SQL: SELECT * FROM `user` WHERE `id` = 1 LIMIT 1   [ RunTime:0.0002s ]
SQL: SELECT `name` FROM `tag` WHERE `id` = 24 LIMIT 1   [ RunTime:0.0002s ]
SQL: SELECT * FROM `para` WHERE `taleId` = 171 AND `deleted` = 0 ORDER BY id LIMIT 1   [ RunTime:0.0002s ]
SQL: SELECT * FROM `user` WHERE `id` = 1 LIMIT 1   [ RunTime:0.0002s ]
SQL: SELECT * FROM `user` WHERE `id` = 1 LIMIT 1   [ RunTime:0.0002s ]
SQL: SELECT `name` FROM `tag` WHERE `id` = 8 LIMIT 1   [ RunTime:0.0001s ]
SQL: SELECT * FROM `para` WHERE `taleId` = 170 AND `deleted` = 0 ORDER BY id LIMIT 1   [ RunTime:0.0002s ]
SQL: SELECT * FROM `user` WHERE `id` = 1 LIMIT 1   [ RunTime:0.0002s ]
SQL: SELECT * FROM `user` WHERE `id` = 1 LIMIT 1   [ RunTime:0.0002s ]
SQL: SELECT `name` FROM `tag` WHERE `id` = 19 LIMIT 1   [ RunTime:0.0002s ]
SQL: SELECT * FROM `para` WHERE `taleId` = 169 AND `deleted` = 0 ORDER BY id LIMIT 1   [ RunTime:0.0002s ]
SQL: SELECT * FROM `user` WHERE `id` = 1 LIMIT 1   [ RunTime:0.0002s ]
SQL: SELECT * FROM `user` WHERE `id` = 1 LIMIT 1   [ RunTime:0.0002s ]
SQL: SELECT `name` FROM `tag` WHERE `id` = 17 LIMIT 1   [ RunTime:0.0002s ]
SQL: SELECT * FROM `para` WHERE `taleId` = 168 AND `deleted` = 0 ORDER BY id LIMIT 1   [ RunTime:0.0002s ]
SQL: SELECT * FROM `user` WHERE `id` = 1 LIMIT 1   [ RunTime:0.0002s ]
SQL: SELECT * FROM `user` WHERE `id` = 1 LIMIT 1   [ RunTime:0.0002s ]
SQL: SELECT `name` FROM `tag` WHERE `id` = 14 LIMIT 1   [ RunTime:0.0002s ]
SQL: SELECT `name` FROM `tag` WHERE `id` = 16 LIMIT 1   [ RunTime:0.0001s ]
SQL: SELECT * FROM `para` WHERE `taleId` = 167 AND `deleted` = 0 ORDER BY id LIMIT 1   [ RunTime:0.0003s ]
SQL: SELECT * FROM `user` WHERE `id` = 1 LIMIT 1   [ RunTime:0.0002s ]
SQL: SELECT * FROM `user` WHERE `id` = 1 LIMIT 1   [ RunTime:0.0002s ]
SQL: SELECT `name` FROM `tag` WHERE `id` = 30 LIMIT 1   [ RunTime:0.0002s ]
SQL: SELECT * FROM `para` WHERE `taleId` = 166 AND `deleted` = 0 ORDER BY id LIMIT 1   [ RunTime:0.0002s ]
SQL: SELECT * FROM `user` WHERE `id` = 1 LIMIT 1   [ RunTime:0.0002s ]
SQL: SELECT * FROM `user` WHERE `id` = 1 LIMIT 1   [ RunTime:0.0002s ]
SQL: SELECT `name` FROM `tag` WHERE `id` = 20 LIMIT 1   [ RunTime:0.0001s ]

[ 2017-08-09T13:40:41+08:00 ] 192.168.31.207 /~mile/qicheng/index.php/Api/Tale/getHotTaleView?timeBefore=1502257240280&limit=10
INFO: [ app_init ] --START--
INFO: Run Behavior\BuildLiteBehavior [ RunTime:0.000007s ]
INFO: [ app_init ] --END-- [ RunTime:0.000178s ]
INFO: [ app_begin ] --START--
INFO: Run Behavior\ReadHtmlCacheBehavior [ RunTime:0.000219s ]
INFO: [ app_begin ] --END-- [ RunTime:0.000243s ]
SQL: SHOW COLUMNS FROM `tale` [ RunTime:0.0005s ]
SQL: SHOW COLUMNS FROM `para` [ RunTime:0.0004s ]
SQL: SHOW COLUMNS FROM `user` [ RunTime:0.0004s ]
SQL: SHOW COLUMNS FROM `tag` [ RunTime:0.0004s ]
SQL: SELECT * FROM `tale` WHERE `time` < '1502257240' ORDER BY zan desc,paraNumber desc,time desc LIMIT 10   [ RunTime:0.0003s ]
SQL: SELECT * FROM `para` WHERE `taleId` = 151 AND `deleted` = 0 ORDER BY id LIMIT 1   [ RunTime:0.0003s ]
SQL: SELECT * FROM `user` WHERE `id` = 6 LIMIT 1   [ RunTime:0.0002s ]
SQL: SELECT * FROM `user` WHERE `id` = 6 LIMIT 1   [ RunTime:0.0002s ]
SQL: SELECT `name` FROM `tag` WHERE `id` = 28 LIMIT 1   [ RunTime:0.0002s ]
SQL: SELECT `name` FROM `tag` WHERE `id` = 19 LIMIT 1   [ RunTime:0.0001s ]
SQL: SELECT * FROM `para` WHERE `taleId` = 172 AND `deleted` = 0 ORDER BY id LIMIT 1   [ RunTime:0.0002s ]
SQL: SELECT * FROM `user` WHERE `id` = 1 LIMIT 1   [ RunTime:0.0001s ]
SQL: SELECT * FROM `user` WHERE `id` = 1 LIMIT 1   [ RunTime:0.0002s ]
SQL: SELECT `name` FROM `tag` WHERE `id` = 24 LIMIT 1   [ RunTime:0.0001s ]
SQL: SELECT * FROM `para` WHERE `taleId` = 158 AND `deleted` = 0 ORDER BY id LIMIT 1   [ RunTime:0.0002s ]
SQL: SELECT * FROM `user` WHERE `id` = 1 LIMIT 1   [ RunTime:0.0002s ]
SQL: SELECT * FROM `user` WHERE `id` = 1 LIMIT 1   [ RunTime:0.0002s ]
SQL: SELECT `name` FROM `tag` WHERE `id` = 5 LIMIT 1   [ RunTime:0.0001s ]
SQL: SELECT * FROM `para` WHERE `taleId` = 162 AND `deleted` = 0 ORDER BY id LIMIT 1   [ RunTime:0.0002s ]
SQL: SELECT * FROM `user` WHERE `id` = 2 LIMIT 1   [ RunTime:0.0001s ]
SQL: SELECT * FROM `user` WHERE `id` = 2 LIMIT 1   [ RunTime:0.0001s ]
SQL: SELECT `name` FROM `tag` WHERE `id` = 16 LIMIT 1   [ RunTime:0.0001s ]
SQL: SELECT * FROM `para` WHERE `taleId` = 175 AND `deleted` = 0 ORDER BY id LIMIT 1   [ RunTime:0.0002s ]
SQL: SELECT * FROM `user` WHERE `id` = 1 LIMIT 1   [ RunTime:0.0001s ]
SQL: SELECT * FROM `user` WHERE `id` = 1 LIMIT 1   [ RunTime:0.0001s ]
SQL: SELECT * FROM `para` WHERE `taleId` = 157 AND `deleted` = 0 ORDER BY id LIMIT 1   [ RunTime:0.0002s ]
SQL: SELECT * FROM `user` WHERE `id` = 2 LIMIT 1   [ RunTime:0.0002s ]
SQL: SELECT * FROM `user` WHERE `id` = 2 LIMIT 1   [ RunTime:0.0002s ]
SQL: SELECT `name` FROM `tag` WHERE `id` = 28 LIMIT 1   [ RunTime:0.0002s ]
SQL: SELECT `name` FROM `tag` WHERE `id` = 20 LIMIT 1   [ RunTime:0.0001s ]
SQL: SELECT `name` FROM `tag` WHERE `id` = 19 LIMIT 1   [ RunTime:0.0001s ]
SQL: SELECT `name` FROM `tag` WHERE `id` = 5 LIMIT 1   [ RunTime:0.0001s ]
SQL: SELECT * FROM `para` WHERE `taleId` = 154 AND `deleted` = 0 ORDER BY id LIMIT 1   [ RunTime:0.0002s ]
SQL: SELECT * FROM `user` WHERE `id` = 4 LIMIT 1   [ RunTime:0.0002s ]
SQL: SELECT * FROM `user` WHERE `id` = 4 LIMIT 1   [ RunTime:0.0002s ]
SQL: SELECT `name` FROM `tag` WHERE `id` = 20 LIMIT 1   [ RunTime:0.0002s ]
SQL: SELECT `name` FROM `tag` WHERE `id` = 15 LIMIT 1   [ RunTime:0.0002s ]
SQL: SELECT `name` FROM `tag` WHERE `id` = 5 LIMIT 1   [ RunTime:0.0001s ]
SQL: SELECT * FROM `para` WHERE `taleId` = 169 AND `deleted` = 0 ORDER BY id LIMIT 1   [ RunTime:0.0002s ]
SQL: SELECT * FROM `user` WHERE `id` = 1 LIMIT 1   [ RunTime:0.0002s ]
SQL: SELECT * FROM `user` WHERE `id` = 1 LIMIT 1   [ RunTime:0.0002s ]
SQL: SELECT `name` FROM `tag` WHERE `id` = 17 LIMIT 1   [ RunTime:0.0001s ]
SQL: SELECT * FROM `para` WHERE `taleId` = 155 AND `deleted` = 0 ORDER BY id LIMIT 1   [ RunTime:0.0002s ]
SQL: SELECT * FROM `user` WHERE `id` = 3 LIMIT 1   [ RunTime:0.0002s ]
SQL: SELECT * FROM `user` WHERE `id` = 3 LIMIT 1   [ RunTime:0.0002s ]
SQL: SELECT `name` FROM `tag` WHERE `id` = 20 LIMIT 1   [ RunTime:0.0002s ]
SQL: SELECT `name` FROM `tag` WHERE `id` = 15 LIMIT 1   [ RunTime:0.0002s ]
SQL: SELECT `name` FROM `tag` WHERE `id` = 19 LIMIT 1   [ RunTime:0.0001s ]
SQL: SELECT * FROM `para` WHERE `taleId` = 153 AND `deleted` = 0 ORDER BY id LIMIT 1   [ RunTime:0.0002s ]
SQL: SELECT * FROM `user` WHERE `id` = 6 LIMIT 1   [ RunTime:0.0001s ]
SQL: SELECT * FROM `user` WHERE `id` = 6 LIMIT 1   [ RunTime:0.0002s ]
SQL: SELECT `name` FROM `tag` WHERE `id` = 20 LIMIT 1   [ RunTime:0.0001s ]
SQL: SELECT `name` FROM `tag` WHERE `id` = 5 LIMIT 1   [ RunTime:0.0001s ]

[ 2017-08-09T13:40:41+08:00 ] 192.168.31.207 /~mile/qicheng/index.php/Api/Tale/getLatestTaleView?timeBefore=1502257240326&limit=10
INFO: [ app_init ] --START--
INFO: Run Behavior\BuildLiteBehavior [ RunTime:0.000008s ]
INFO: [ app_init ] --END-- [ RunTime:0.000208s ]
INFO: [ app_begin ] --START--
INFO: Run Behavior\ReadHtmlCacheBehavior [ RunTime:0.000290s ]
INFO: [ app_begin ] --END-- [ RunTime:0.000318s ]
SQL: SHOW COLUMNS FROM `tale` [ RunTime:0.0005s ]
SQL: SHOW COLUMNS FROM `para` [ RunTime:0.0003s ]
SQL: SHOW COLUMNS FROM `user` [ RunTime:0.0004s ]
SQL: SHOW COLUMNS FROM `tag` [ RunTime:0.0003s ]
SQL: SELECT * FROM `tale` WHERE `time` < '1502257240' ORDER BY time desc LIMIT 10   [ RunTime:0.0003s ]
SQL: SELECT * FROM `para` WHERE `taleId` = 175 AND `deleted` = 0 ORDER BY id LIMIT 1   [ RunTime:0.0002s ]
SQL: SELECT * FROM `user` WHERE `id` = 1 LIMIT 1   [ RunTime:0.0002s ]
SQL: SELECT * FROM `user` WHERE `id` = 1 LIMIT 1   [ RunTime:0.0002s ]
SQL: SELECT * FROM `para` WHERE `taleId` = 174 AND `deleted` = 0 ORDER BY id LIMIT 1   [ RunTime:0.0002s ]
SQL: SELECT * FROM `user` WHERE `id` = 1 LIMIT 1   [ RunTime:0.0002s ]
SQL: SELECT * FROM `user` WHERE `id` = 1 LIMIT 1   [ RunTime:0.0002s ]
SQL: SELECT * FROM `para` WHERE `taleId` = 173 AND `deleted` = 0 ORDER BY id LIMIT 1   [ RunTime:0.0002s ]
SQL: SELECT * FROM `user` WHERE `id` = 1 LIMIT 1   [ RunTime:0.0002s ]
SQL: SELECT * FROM `user` WHERE `id` = 1 LIMIT 1   [ RunTime:0.0002s ]
SQL: SELECT * FROM `para` WHERE `taleId` = 172 AND `deleted` = 0 ORDER BY id LIMIT 1   [ RunTime:0.0002s ]
SQL: SELECT * FROM `user` WHERE `id` = 1 LIMIT 1   [ RunTime:0.0002s ]
SQL: SELECT * FROM `user` WHERE `id` = 1 LIMIT 1   [ RunTime:0.0002s ]
SQL: SELECT `name` FROM `tag` WHERE `id` = 24 LIMIT 1   [ RunTime:0.0002s ]
SQL: SELECT * FROM `para` WHERE `taleId` = 171 AND `deleted` = 0 ORDER BY id LIMIT 1   [ RunTime:0.0002s ]
SQL: SELECT * FROM `user` WHERE `id` = 1 LIMIT 1   [ RunTime:0.0002s ]
SQL: SELECT * FROM `user` WHERE `id` = 1 LIMIT 1   [ RunTime:0.0002s ]
SQL: SELECT `name` FROM `tag` WHERE `id` = 8 LIMIT 1   [ RunTime:0.0001s ]
SQL: SELECT * FROM `para` WHERE `taleId` = 170 AND `deleted` = 0 ORDER BY id LIMIT 1   [ RunTime:0.0002s ]
SQL: SELECT * FROM `user` WHERE `id` = 1 LIMIT 1   [ RunTime:0.0002s ]
SQL: SELECT * FROM `user` WHERE `id` = 1 LIMIT 1   [ RunTime:0.0002s ]
SQL: SELECT `name` FROM `tag` WHERE `id` = 19 LIMIT 1   [ RunTime:0.0001s ]
SQL: SELECT * FROM `para` WHERE `taleId` = 169 AND `deleted` = 0 ORDER BY id LIMIT 1   [ RunTime:0.0002s ]
SQL: SELECT * FROM `user` WHERE `id` = 1 LIMIT 1   [ RunTime:0.0001s ]
SQL: SELECT * FROM `user` WHERE `id` = 1 LIMIT 1   [ RunTime:0.0001s ]
SQL: SELECT `name` FROM `tag` WHERE `id` = 17 LIMIT 1   [ RunTime:0.0001s ]
SQL: SELECT * FROM `para` WHERE `taleId` = 168 AND `deleted` = 0 ORDER BY id LIMIT 1   [ RunTime:0.0002s ]
SQL: SELECT * FROM `user` WHERE `id` = 1 LIMIT 1   [ RunTime:0.0002s ]
SQL: SELECT * FROM `user` WHERE `id` = 1 LIMIT 1   [ RunTime:0.0002s ]
SQL: SELECT `name` FROM `tag` WHERE `id` = 14 LIMIT 1   [ RunTime:0.0001s ]
SQL: SELECT `name` FROM `tag` WHERE `id` = 16 LIMIT 1   [ RunTime:0.0001s ]
SQL: SELECT * FROM `para` WHERE `taleId` = 167 AND `deleted` = 0 ORDER BY id LIMIT 1   [ RunTime:0.0003s ]
SQL: SELECT * FROM `user` WHERE `id` = 1 LIMIT 1   [ RunTime:0.0002s ]
SQL: SELECT * FROM `user` WHERE `id` = 1 LIMIT 1   [ RunTime:0.0002s ]
SQL: SELECT `name` FROM `tag` WHERE `id` = 30 LIMIT 1   [ RunTime:0.0002s ]
SQL: SELECT * FROM `para` WHERE `taleId` = 166 AND `deleted` = 0 ORDER BY id LIMIT 1   [ RunTime:0.0003s ]
SQL: SELECT * FROM `user` WHERE `id` = 1 LIMIT 1   [ RunTime:0.0001s ]
SQL: SELECT * FROM `user` WHERE `id` = 1 LIMIT 1   [ RunTime:0.0002s ]
SQL: SELECT `name` FROM `tag` WHERE `id` = 20 LIMIT 1   [ RunTime:0.0002s ]

[ 2017-08-09T13:41:45+08:00 ] 192.168.31.207 /~mile/qicheng/index.php/Api/Tale/getHotTaleView?timeBefore=1502257304762&limit=10
INFO: [ app_init ] --START--
INFO: Run Behavior\BuildLiteBehavior [ RunTime:0.000009s ]
INFO: [ app_init ] --END-- [ RunTime:0.000260s ]
INFO: [ app_begin ] --START--
INFO: Run Behavior\ReadHtmlCacheBehavior [ RunTime:0.000275s ]
INFO: [ app_begin ] --END-- [ RunTime:0.000308s ]
SQL: SHOW COLUMNS FROM `tale` [ RunTime:0.0005s ]
SQL: SHOW COLUMNS FROM `para` [ RunTime:0.0004s ]
SQL: SHOW COLUMNS FROM `user` [ RunTime:0.0004s ]
SQL: SHOW COLUMNS FROM `tag` [ RunTime:0.0004s ]
SQL: SELECT * FROM `tale` WHERE `time` < '1502257304' ORDER BY zan desc,paraNumber desc,time desc LIMIT 10   [ RunTime:0.0004s ]
SQL: SELECT * FROM `para` WHERE `taleId` = 151 AND `deleted` = 0 ORDER BY id LIMIT 1   [ RunTime:0.0004s ]
SQL: SELECT * FROM `user` WHERE `id` = 6 LIMIT 1   [ RunTime:0.0003s ]
SQL: SELECT * FROM `user` WHERE `id` = 6 LIMIT 1   [ RunTime:0.0002s ]
SQL: SELECT `name` FROM `tag` WHERE `id` = 28 LIMIT 1   [ RunTime:0.0002s ]
SQL: SELECT `name` FROM `tag` WHERE `id` = 19 LIMIT 1   [ RunTime:0.0002s ]
SQL: SELECT * FROM `para` WHERE `taleId` = 172 AND `deleted` = 0 ORDER BY id LIMIT 1   [ RunTime:0.0003s ]
SQL: SELECT * FROM `user` WHERE `id` = 1 LIMIT 1   [ RunTime:0.0022s ]
SQL: SELECT * FROM `user` WHERE `id` = 1 LIMIT 1   [ RunTime:0.0002s ]
SQL: SELECT `name` FROM `tag` WHERE `id` = 24 LIMIT 1   [ RunTime:0.0002s ]
SQL: SELECT * FROM `para` WHERE `taleId` = 158 AND `deleted` = 0 ORDER BY id LIMIT 1   [ RunTime:0.0002s ]
SQL: SELECT * FROM `user` WHERE `id` = 1 LIMIT 1   [ RunTime:0.0002s ]
SQL: SELECT * FROM `user` WHERE `id` = 1 LIMIT 1   [ RunTime:0.0002s ]
SQL: SELECT `name` FROM `tag` WHERE `id` = 5 LIMIT 1   [ RunTime:0.0002s ]
SQL: SELECT * FROM `para` WHERE `taleId` = 162 AND `deleted` = 0 ORDER BY id LIMIT 1   [ RunTime:0.0002s ]
SQL: SELECT * FROM `user` WHERE `id` = 2 LIMIT 1   [ RunTime:0.0002s ]
SQL: SELECT * FROM `user` WHERE `id` = 2 LIMIT 1   [ RunTime:0.0002s ]
SQL: SELECT `name` FROM `tag` WHERE `id` = 16 LIMIT 1   [ RunTime:0.0002s ]
SQL: SELECT * FROM `para` WHERE `taleId` = 175 AND `deleted` = 0 ORDER BY id LIMIT 1   [ RunTime:0.0003s ]
SQL: SELECT * FROM `user` WHERE `id` = 1 LIMIT 1   [ RunTime:0.0002s ]
SQL: SELECT * FROM `user` WHERE `id` = 1 LIMIT 1   [ RunTime:0.0002s ]
SQL: SELECT * FROM `para` WHERE `taleId` = 157 AND `deleted` = 0 ORDER BY id LIMIT 1   [ RunTime:0.0002s ]
SQL: SELECT * FROM `user` WHERE `id` = 2 LIMIT 1   [ RunTime:0.0002s ]
SQL: SELECT * FROM `user` WHERE `id` = 2 LIMIT 1   [ RunTime:0.0002s ]
SQL: SELECT `name` FROM `tag` WHERE `id` = 28 LIMIT 1   [ RunTime:0.0002s ]
SQL: SELECT `name` FROM `tag` WHERE `id` = 20 LIMIT 1   [ RunTime:0.0002s ]
SQL: SELECT `name` FROM `tag` WHERE `id` = 19 LIMIT 1   [ RunTime:0.0002s ]
SQL: SELECT `name` FROM `tag` WHERE `id` = 5 LIMIT 1   [ RunTime:0.0002s ]
SQL: SELECT * FROM `para` WHERE `taleId` = 154 AND `deleted` = 0 ORDER BY id LIMIT 1   [ RunTime:0.0002s ]
SQL: SELECT * FROM `user` WHERE `id` = 4 LIMIT 1   [ RunTime:0.0002s ]
SQL: SELECT * FROM `user` WHERE `id` = 4 LIMIT 1   [ RunTime:0.0002s ]
SQL: SELECT `name` FROM `tag` WHERE `id` = 20 LIMIT 1   [ RunTime:0.0002s ]
SQL: SELECT `name` FROM `tag` WHERE `id` = 15 LIMIT 1   [ RunTime:0.0001s ]
SQL: SELECT `name` FROM `tag` WHERE `id` = 5 LIMIT 1   [ RunTime:0.0002s ]
SQL: SELECT * FROM `para` WHERE `taleId` = 169 AND `deleted` = 0 ORDER BY id LIMIT 1   [ RunTime:0.0002s ]
SQL: SELECT * FROM `user` WHERE `id` = 1 LIMIT 1   [ RunTime:0.0002s ]
SQL: SELECT * FROM `user` WHERE `id` = 1 LIMIT 1   [ RunTime:0.0002s ]
SQL: SELECT `name` FROM `tag` WHERE `id` = 17 LIMIT 1   [ RunTime:0.0002s ]
SQL: SELECT * FROM `para` WHERE `taleId` = 155 AND `deleted` = 0 ORDER BY id LIMIT 1   [ RunTime:0.0002s ]
SQL: SELECT * FROM `user` WHERE `id` = 3 LIMIT 1   [ RunTime:0.0002s ]
SQL: SELECT * FROM `user` WHERE `id` = 3 LIMIT 1   [ RunTime:0.0002s ]
SQL: SELECT `name` FROM `tag` WHERE `id` = 20 LIMIT 1   [ RunTime:0.0001s ]
SQL: SELECT `name` FROM `tag` WHERE `id` = 15 LIMIT 1   [ RunTime:0.0001s ]
SQL: SELECT `name` FROM `tag` WHERE `id` = 19 LIMIT 1   [ RunTime:0.0002s ]
SQL: SELECT * FROM `para` WHERE `taleId` = 153 AND `deleted` = 0 ORDER BY id LIMIT 1   [ RunTime:0.0002s ]
SQL: SELECT * FROM `user` WHERE `id` = 6 LIMIT 1   [ RunTime:0.0001s ]
SQL: SELECT * FROM `user` WHERE `id` = 6 LIMIT 1   [ RunTime:0.0001s ]
SQL: SELECT `name` FROM `tag` WHERE `id` = 20 LIMIT 1   [ RunTime:0.0002s ]
SQL: SELECT `name` FROM `tag` WHERE `id` = 5 LIMIT 1   [ RunTime:0.0002s ]

[ 2017-08-09T13:41:45+08:00 ] 192.168.31.207 /~mile/qicheng/index.php/Api/Tale/getLatestTaleView?timeBefore=1502257304806&limit=10
INFO: [ app_init ] --START--
INFO: Run Behavior\BuildLiteBehavior [ RunTime:0.000009s ]
INFO: [ app_init ] --END-- [ RunTime:0.000217s ]
INFO: [ app_begin ] --START--
INFO: Run Behavior\ReadHtmlCacheBehavior [ RunTime:0.000276s ]
INFO: [ app_begin ] --END-- [ RunTime:0.000309s ]
SQL: SHOW COLUMNS FROM `tale` [ RunTime:0.0005s ]
SQL: SHOW COLUMNS FROM `para` [ RunTime:0.0004s ]
SQL: SHOW COLUMNS FROM `user` [ RunTime:0.0004s ]
SQL: SHOW COLUMNS FROM `tag` [ RunTime:0.0003s ]
SQL: SELECT * FROM `tale` WHERE `time` < '1502257304' ORDER BY time desc LIMIT 10   [ RunTime:0.0003s ]
SQL: SELECT * FROM `para` WHERE `taleId` = 175 AND `deleted` = 0 ORDER BY id LIMIT 1   [ RunTime:0.0003s ]
SQL: SELECT * FROM `user` WHERE `id` = 1 LIMIT 1   [ RunTime:0.0002s ]
SQL: SELECT * FROM `user` WHERE `id` = 1 LIMIT 1   [ RunTime:0.0002s ]
SQL: SELECT * FROM `para` WHERE `taleId` = 174 AND `deleted` = 0 ORDER BY id LIMIT 1   [ RunTime:0.0002s ]
SQL: SELECT * FROM `user` WHERE `id` = 1 LIMIT 1   [ RunTime:0.0002s ]
SQL: SELECT * FROM `user` WHERE `id` = 1 LIMIT 1   [ RunTime:0.0002s ]
SQL: SELECT * FROM `para` WHERE `taleId` = 173 AND `deleted` = 0 ORDER BY id LIMIT 1   [ RunTime:0.0002s ]
SQL: SELECT * FROM `user` WHERE `id` = 1 LIMIT 1   [ RunTime:0.0002s ]
SQL: SELECT * FROM `user` WHERE `id` = 1 LIMIT 1   [ RunTime:0.0002s ]
SQL: SELECT * FROM `para` WHERE `taleId` = 172 AND `deleted` = 0 ORDER BY id LIMIT 1   [ RunTime:0.0002s ]
SQL: SELECT * FROM `user` WHERE `id` = 1 LIMIT 1   [ RunTime:0.0002s ]
SQL: SELECT * FROM `user` WHERE `id` = 1 LIMIT 1   [ RunTime:0.0002s ]
SQL: SELECT `name` FROM `tag` WHERE `id` = 24 LIMIT 1   [ RunTime:0.0002s ]
SQL: SELECT * FROM `para` WHERE `taleId` = 171 AND `deleted` = 0 ORDER BY id LIMIT 1   [ RunTime:0.0002s ]
SQL: SELECT * FROM `user` WHERE `id` = 1 LIMIT 1   [ RunTime:0.0002s ]
SQL: SELECT * FROM `user` WHERE `id` = 1 LIMIT 1   [ RunTime:0.0002s ]
SQL: SELECT `name` FROM `tag` WHERE `id` = 8 LIMIT 1   [ RunTime:0.0002s ]
SQL: SELECT * FROM `para` WHERE `taleId` = 170 AND `deleted` = 0 ORDER BY id LIMIT 1   [ RunTime:0.0002s ]
SQL: SELECT * FROM `user` WHERE `id` = 1 LIMIT 1   [ RunTime:0.0002s ]
SQL: SELECT * FROM `user` WHERE `id` = 1 LIMIT 1   [ RunTime:0.0002s ]
SQL: SELECT `name` FROM `tag` WHERE `id` = 19 LIMIT 1   [ RunTime:0.0001s ]
SQL: SELECT * FROM `para` WHERE `taleId` = 169 AND `deleted` = 0 ORDER BY id LIMIT 1   [ RunTime:0.0002s ]
SQL: SELECT * FROM `user` WHERE `id` = 1 LIMIT 1   [ RunTime:0.0002s ]
SQL: SELECT * FROM `user` WHERE `id` = 1 LIMIT 1   [ RunTime:0.0002s ]
SQL: SELECT `name` FROM `tag` WHERE `id` = 17 LIMIT 1   [ RunTime:0.0002s ]
SQL: SELECT * FROM `para` WHERE `taleId` = 168 AND `deleted` = 0 ORDER BY id LIMIT 1   [ RunTime:0.0002s ]
SQL: SELECT * FROM `user` WHERE `id` = 1 LIMIT 1   [ RunTime:0.0002s ]
SQL: SELECT * FROM `user` WHERE `id` = 1 LIMIT 1   [ RunTime:0.0002s ]
SQL: SELECT `name` FROM `tag` WHERE `id` = 14 LIMIT 1   [ RunTime:0.0002s ]
SQL: SELECT `name` FROM `tag` WHERE `id` = 16 LIMIT 1   [ RunTime:0.0002s ]
SQL: SELECT * FROM `para` WHERE `taleId` = 167 AND `deleted` = 0 ORDER BY id LIMIT 1   [ RunTime:0.0002s ]
SQL: SELECT * FROM `user` WHERE `id` = 1 LIMIT 1   [ RunTime:0.0002s ]
SQL: SELECT * FROM `user` WHERE `id` = 1 LIMIT 1   [ RunTime:0.0002s ]
SQL: SELECT `name` FROM `tag` WHERE `id` = 30 LIMIT 1   [ RunTime:0.0002s ]
SQL: SELECT * FROM `para` WHERE `taleId` = 166 AND `deleted` = 0 ORDER BY id LIMIT 1   [ RunTime:0.0002s ]
SQL: SELECT * FROM `user` WHERE `id` = 1 LIMIT 1   [ RunTime:0.0002s ]
SQL: SELECT * FROM `user` WHERE `id` = 1 LIMIT 1   [ RunTime:0.0001s ]
SQL: SELECT `name` FROM `tag` WHERE `id` = 20 LIMIT 1   [ RunTime:0.0002s ]

[ 2017-08-09T13:56:19+08:00 ] 192.168.31.207 /~mile/qicheng/index.php/Api/Tale/getHotTaleView?timeBefore=1502258178592&limit=10
INFO: [ app_init ] --START--
INFO: Run Behavior\BuildLiteBehavior [ RunTime:0.000023s ]
INFO: [ app_init ] --END-- [ RunTime:0.000397s ]
INFO: [ app_begin ] --START--
INFO: Run Behavior\ReadHtmlCacheBehavior [ RunTime:0.000237s ]
INFO: [ app_begin ] --END-- [ RunTime:0.000269s ]
SQL: SHOW COLUMNS FROM `tale` [ RunTime:0.0010s ]
SQL: SHOW COLUMNS FROM `para` [ RunTime:0.0006s ]
SQL: SHOW COLUMNS FROM `user` [ RunTime:0.0005s ]
SQL: SHOW COLUMNS FROM `tag` [ RunTime:0.0010s ]
SQL: SELECT * FROM `tale` WHERE `time` < '1502258178' ORDER BY zan desc,paraNumber desc,time desc LIMIT 10   [ RunTime:0.0004s ]
SQL: SELECT * FROM `para` WHERE `taleId` = 151 AND `deleted` = 0 ORDER BY id LIMIT 1   [ RunTime:0.0004s ]
SQL: SELECT * FROM `user` WHERE `id` = 6 LIMIT 1   [ RunTime:0.0003s ]
SQL: SELECT * FROM `user` WHERE `id` = 6 LIMIT 1   [ RunTime:0.0002s ]
SQL: SELECT `name` FROM `tag` WHERE `id` = 28 LIMIT 1   [ RunTime:0.0002s ]
SQL: SELECT `name` FROM `tag` WHERE `id` = 19 LIMIT 1   [ RunTime:0.0012s ]
SQL: SELECT * FROM `para` WHERE `taleId` = 172 AND `deleted` = 0 ORDER BY id LIMIT 1   [ RunTime:0.0007s ]
SQL: SELECT * FROM `user` WHERE `id` = 1 LIMIT 1   [ RunTime:0.0003s ]
SQL: SELECT * FROM `user` WHERE `id` = 1 LIMIT 1   [ RunTime:0.0002s ]
SQL: SELECT `name` FROM `tag` WHERE `id` = 24 LIMIT 1   [ RunTime:0.0002s ]
SQL: SELECT * FROM `para` WHERE `taleId` = 158 AND `deleted` = 0 ORDER BY id LIMIT 1   [ RunTime:0.0003s ]
SQL: SELECT * FROM `user` WHERE `id` = 1 LIMIT 1   [ RunTime:0.0002s ]
SQL: SELECT * FROM `user` WHERE `id` = 1 LIMIT 1   [ RunTime:0.0002s ]
SQL: SELECT `name` FROM `tag` WHERE `id` = 5 LIMIT 1   [ RunTime:0.0002s ]
SQL: SELECT * FROM `para` WHERE `taleId` = 162 AND `deleted` = 0 ORDER BY id LIMIT 1   [ RunTime:0.0003s ]
SQL: SELECT * FROM `user` WHERE `id` = 2 LIMIT 1   [ RunTime:0.0002s ]
SQL: SELECT * FROM `user` WHERE `id` = 2 LIMIT 1   [ RunTime:0.0002s ]
SQL: SELECT `name` FROM `tag` WHERE `id` = 16 LIMIT 1   [ RunTime:0.0010s ]
SQL: SELECT * FROM `para` WHERE `taleId` = 175 AND `deleted` = 0 ORDER BY id LIMIT 1   [ RunTime:0.0013s ]
SQL: SELECT * FROM `user` WHERE `id` = 1 LIMIT 1   [ RunTime:0.0003s ]
SQL: SELECT * FROM `user` WHERE `id` = 1 LIMIT 1   [ RunTime:0.0002s ]
SQL: SELECT * FROM `para` WHERE `taleId` = 157 AND `deleted` = 0 ORDER BY id LIMIT 1   [ RunTime:0.0004s ]
SQL: SELECT * FROM `user` WHERE `id` = 2 LIMIT 1   [ RunTime:0.0002s ]
SQL: SELECT * FROM `user` WHERE `id` = 2 LIMIT 1   [ RunTime:0.0003s ]
SQL: SELECT `name` FROM `tag` WHERE `id` = 28 LIMIT 1   [ RunTime:0.0002s ]
SQL: SELECT `name` FROM `tag` WHERE `id` = 20 LIMIT 1   [ RunTime:0.0002s ]
SQL: SELECT `name` FROM `tag` WHERE `id` = 19 LIMIT 1   [ RunTime:0.0002s ]
SQL: SELECT `name` FROM `tag` WHERE `id` = 5 LIMIT 1   [ RunTime:0.0003s ]
SQL: SELECT * FROM `para` WHERE `taleId` = 154 AND `deleted` = 0 ORDER BY id LIMIT 1   [ RunTime:0.0008s ]
SQL: SELECT * FROM `user` WHERE `id` = 4 LIMIT 1   [ RunTime:0.0003s ]
SQL: SELECT * FROM `user` WHERE `id` = 4 LIMIT 1   [ RunTime:0.0004s ]
SQL: SELECT `name` FROM `tag` WHERE `id` = 20 LIMIT 1   [ RunTime:0.0002s ]
SQL: SELECT `name` FROM `tag` WHERE `id` = 15 LIMIT 1   [ RunTime:0.0003s ]
SQL: SELECT `name` FROM `tag` WHERE `id` = 5 LIMIT 1   [ RunTime:0.0008s ]
SQL: SELECT * FROM `para` WHERE `taleId` = 169 AND `deleted` = 0 ORDER BY id LIMIT 1   [ RunTime:0.0004s ]
SQL: SELECT * FROM `user` WHERE `id` = 1 LIMIT 1   [ RunTime:0.0002s ]
SQL: SELECT * FROM `user` WHERE `id` = 1 LIMIT 1   [ RunTime:0.0002s ]
SQL: SELECT `name` FROM `tag` WHERE `id` = 17 LIMIT 1   [ RunTime:0.0002s ]
SQL: SELECT * FROM `para` WHERE `taleId` = 155 AND `deleted` = 0 ORDER BY id LIMIT 1   [ RunTime:0.0002s ]
SQL: SELECT * FROM `user` WHERE `id` = 3 LIMIT 1   [ RunTime:0.0002s ]
SQL: SELECT * FROM `user` WHERE `id` = 3 LIMIT 1   [ RunTime:0.0002s ]
SQL: SELECT `name` FROM `tag` WHERE `id` = 20 LIMIT 1   [ RunTime:0.0002s ]
SQL: SELECT `name` FROM `tag` WHERE `id` = 15 LIMIT 1   [ RunTime:0.0002s ]
SQL: SELECT `name` FROM `tag` WHERE `id` = 19 LIMIT 1   [ RunTime:0.0002s ]
SQL: SELECT * FROM `para` WHERE `taleId` = 153 AND `deleted` = 0 ORDER BY id LIMIT 1   [ RunTime:0.0002s ]
SQL: SELECT * FROM `user` WHERE `id` = 6 LIMIT 1   [ RunTime:0.0003s ]
SQL: SELECT * FROM `user` WHERE `id` = 6 LIMIT 1   [ RunTime:0.0004s ]
SQL: SELECT `name` FROM `tag` WHERE `id` = 20 LIMIT 1   [ RunTime:0.0002s ]
SQL: SELECT `name` FROM `tag` WHERE `id` = 5 LIMIT 1   [ RunTime:0.0001s ]

[ 2017-08-09T13:56:19+08:00 ] 192.168.31.207 /~mile/qicheng/index.php/Api/Tale/getLatestTaleView?timeBefore=1502258178623&limit=10
INFO: [ app_init ] --START--
INFO: Run Behavior\BuildLiteBehavior [ RunTime:0.000007s ]
INFO: [ app_init ] --END-- [ RunTime:0.000181s ]
INFO: [ app_begin ] --START--
INFO: Run Behavior\ReadHtmlCacheBehavior [ RunTime:0.000449s ]
INFO: [ app_begin ] --END-- [ RunTime:0.000555s ]
SQL: SHOW COLUMNS FROM `tale` [ RunTime:0.0005s ]
SQL: SHOW COLUMNS FROM `para` [ RunTime:0.0013s ]
SQL: SHOW COLUMNS FROM `user` [ RunTime:0.0004s ]
SQL: SHOW COLUMNS FROM `tag` [ RunTime:0.0006s ]
SQL: SELECT * FROM `tale` WHERE `time` < '1502258178' ORDER BY time desc LIMIT 10   [ RunTime:0.0004s ]
SQL: SELECT * FROM `para` WHERE `taleId` = 175 AND `deleted` = 0 ORDER BY id LIMIT 1   [ RunTime:0.0003s ]
SQL: SELECT * FROM `user` WHERE `id` = 1 LIMIT 1   [ RunTime:0.0002s ]
SQL: SELECT * FROM `user` WHERE `id` = 1 LIMIT 1   [ RunTime:0.0002s ]
SQL: SELECT * FROM `para` WHERE `taleId` = 174 AND `deleted` = 0 ORDER BY id LIMIT 1   [ RunTime:0.0003s ]
SQL: SELECT * FROM `user` WHERE `id` = 1 LIMIT 1   [ RunTime:0.0002s ]
SQL: SELECT * FROM `user` WHERE `id` = 1 LIMIT 1   [ RunTime:0.0002s ]
SQL: SELECT * FROM `para` WHERE `taleId` = 173 AND `deleted` = 0 ORDER BY id LIMIT 1   [ RunTime:0.0002s ]
SQL: SELECT * FROM `user` WHERE `id` = 1 LIMIT 1   [ RunTime:0.0002s ]
SQL: SELECT * FROM `user` WHERE `id` = 1 LIMIT 1   [ RunTime:0.0002s ]
SQL: SELECT * FROM `para` WHERE `taleId` = 172 AND `deleted` = 0 ORDER BY id LIMIT 1   [ RunTime:0.0002s ]
SQL: SELECT * FROM `user` WHERE `id` = 1 LIMIT 1   [ RunTime:0.0002s ]
SQL: SELECT * FROM `user` WHERE `id` = 1 LIMIT 1   [ RunTime:0.0002s ]
SQL: SELECT `name` FROM `tag` WHERE `id` = 24 LIMIT 1   [ RunTime:0.0002s ]
SQL: SELECT * FROM `para` WHERE `taleId` = 171 AND `deleted` = 0 ORDER BY id LIMIT 1   [ RunTime:0.0003s ]
SQL: SELECT * FROM `user` WHERE `id` = 1 LIMIT 1   [ RunTime:0.0002s ]
SQL: SELECT * FROM `user` WHERE `id` = 1 LIMIT 1   [ RunTime:0.0002s ]
SQL: SELECT `name` FROM `tag` WHERE `id` = 8 LIMIT 1   [ RunTime:0.0002s ]
SQL: SELECT * FROM `para` WHERE `taleId` = 170 AND `deleted` = 0 ORDER BY id LIMIT 1   [ RunTime:0.0002s ]
SQL: SELECT * FROM `user` WHERE `id` = 1 LIMIT 1   [ RunTime:0.0002s ]
SQL: SELECT * FROM `user` WHERE `id` = 1 LIMIT 1   [ RunTime:0.0002s ]
SQL: SELECT `name` FROM `tag` WHERE `id` = 19 LIMIT 1   [ RunTime:0.0002s ]
SQL: SELECT * FROM `para` WHERE `taleId` = 169 AND `deleted` = 0 ORDER BY id LIMIT 1   [ RunTime:0.0003s ]
SQL: SELECT * FROM `user` WHERE `id` = 1 LIMIT 1   [ RunTime:0.0002s ]
SQL: SELECT * FROM `user` WHERE `id` = 1 LIMIT 1   [ RunTime:0.0002s ]
SQL: SELECT `name` FROM `tag` WHERE `id` = 17 LIMIT 1   [ RunTime:0.0002s ]
SQL: SELECT * FROM `para` WHERE `taleId` = 168 AND `deleted` = 0 ORDER BY id LIMIT 1   [ RunTime:0.0003s ]
SQL: SELECT * FROM `user` WHERE `id` = 1 LIMIT 1   [ RunTime:0.0002s ]
SQL: SELECT * FROM `user` WHERE `id` = 1 LIMIT 1   [ RunTime:0.0002s ]
SQL: SELECT `name` FROM `tag` WHERE `id` = 14 LIMIT 1   [ RunTime:0.0001s ]
SQL: SELECT `name` FROM `tag` WHERE `id` = 16 LIMIT 1   [ RunTime:0.0001s ]
SQL: SELECT * FROM `para` WHERE `taleId` = 167 AND `deleted` = 0 ORDER BY id LIMIT 1   [ RunTime:0.0002s ]
SQL: SELECT * FROM `user` WHERE `id` = 1 LIMIT 1   [ RunTime:0.0002s ]
SQL: SELECT * FROM `user` WHERE `id` = 1 LIMIT 1   [ RunTime:0.0002s ]
SQL: SELECT `name` FROM `tag` WHERE `id` = 30 LIMIT 1   [ RunTime:0.0001s ]
SQL: SELECT * FROM `para` WHERE `taleId` = 166 AND `deleted` = 0 ORDER BY id LIMIT 1   [ RunTime:0.0002s ]
SQL: SELECT * FROM `user` WHERE `id` = 1 LIMIT 1   [ RunTime:0.0002s ]
SQL: SELECT * FROM `user` WHERE `id` = 1 LIMIT 1   [ RunTime:0.0001s ]
SQL: SELECT `name` FROM `tag` WHERE `id` = 20 LIMIT 1   [ RunTime:0.0001s ]

[ 2017-08-09T14:28:25+08:00 ] 192.168.31.207 /~mile/qicheng/index.php/Api/Tale/getLatestTaleView?timeBefore=1502260104822&limit=10
INFO: [ app_init ] --START--
INFO: Run Behavior\BuildLiteBehavior [ RunTime:0.000009s ]
INFO: [ app_init ] --END-- [ RunTime:0.000448s ]
INFO: [ app_begin ] --START--
INFO: Run Behavior\ReadHtmlCacheBehavior [ RunTime:0.000585s ]
INFO: [ app_begin ] --END-- [ RunTime:0.000621s ]
ERR: SQLSTATE[HY000] [2002] Connection refused

[ 2017-08-09T14:28:25+08:00 ] 192.168.31.207 /~mile/qicheng/index.php/Api/Tale/getHotTaleView?timeBefore=1502260104764&limit=10
INFO: [ app_init ] --START--
INFO: Run Behavior\BuildLiteBehavior [ RunTime:0.000015s ]
INFO: [ app_init ] --END-- [ RunTime:0.000517s ]
INFO: [ app_begin ] --START--
INFO: Run Behavior\ReadHtmlCacheBehavior [ RunTime:0.000567s ]
INFO: [ app_begin ] --END-- [ RunTime:0.000608s ]
ERR: SQLSTATE[HY000] [2002] Connection refused

[ 2017-08-09T14:28:48+08:00 ] 192.168.31.207 /~mile/qicheng/index.php/Api/Tale/getHotTaleView?timeBefore=1502260128459&limit=10
INFO: [ app_init ] --START--
INFO: Run Behavior\BuildLiteBehavior [ RunTime:0.000008s ]
INFO: [ app_init ] --END-- [ RunTime:0.000193s ]
INFO: [ app_begin ] --START--
INFO: Run Behavior\ReadHtmlCacheBehavior [ RunTime:0.000376s ]
INFO: [ app_begin ] --END-- [ RunTime:0.000410s ]
SQL: SHOW COLUMNS FROM `tale` [ RunTime:0.0087s ]
SQL: SHOW COLUMNS FROM `para` [ RunTime:0.0013s ]
SQL: SHOW COLUMNS FROM `user` [ RunTime:0.0013s ]
SQL: SHOW COLUMNS FROM `tag` [ RunTime:0.0011s ]
SQL: SELECT * FROM `tale` WHERE `time` < '1502260128' ORDER BY zan desc,paraNumber desc,time desc LIMIT 10   [ RunTime:0.0019s ]
SQL: SELECT * FROM `para` WHERE `taleId` = 151 AND `deleted` = 0 ORDER BY id LIMIT 1   [ RunTime:0.0009s ]
SQL: SELECT * FROM `user` WHERE `id` = 6 LIMIT 1   [ RunTime:0.0002s ]
SQL: SELECT * FROM `user` WHERE `id` = 6 LIMIT 1   [ RunTime:0.0002s ]
SQL: SELECT `name` FROM `tag` WHERE `id` = 28 LIMIT 1   [ RunTime:0.0002s ]
SQL: SELECT `name` FROM `tag` WHERE `id` = 19 LIMIT 1   [ RunTime:0.0002s ]
SQL: SELECT * FROM `para` WHERE `taleId` = 172 AND `deleted` = 0 ORDER BY id LIMIT 1   [ RunTime:0.0003s ]
SQL: SELECT * FROM `user` WHERE `id` = 1 LIMIT 1   [ RunTime:0.0002s ]
SQL: SELECT * FROM `user` WHERE `id` = 1 LIMIT 1   [ RunTime:0.0002s ]
SQL: SELECT `name` FROM `tag` WHERE `id` = 24 LIMIT 1   [ RunTime:0.0001s ]
SQL: SELECT * FROM `para` WHERE `taleId` = 158 AND `deleted` = 0 ORDER BY id LIMIT 1   [ RunTime:0.0002s ]
SQL: SELECT * FROM `user` WHERE `id` = 1 LIMIT 1   [ RunTime:0.0001s ]
SQL: SELECT * FROM `user` WHERE `id` = 1 LIMIT 1   [ RunTime:0.0003s ]
SQL: SELECT `name` FROM `tag` WHERE `id` = 5 LIMIT 1   [ RunTime:0.0002s ]
SQL: SELECT * FROM `para` WHERE `taleId` = 162 AND `deleted` = 0 ORDER BY id LIMIT 1   [ RunTime:0.0003s ]
SQL: SELECT * FROM `user` WHERE `id` = 2 LIMIT 1   [ RunTime:0.0003s ]
SQL: SELECT * FROM `user` WHERE `id` = 2 LIMIT 1   [ RunTime:0.0002s ]
SQL: SELECT `name` FROM `tag` WHERE `id` = 16 LIMIT 1   [ RunTime:0.0002s ]
SQL: SELECT * FROM `para` WHERE `taleId` = 175 AND `deleted` = 0 ORDER BY id LIMIT 1   [ RunTime:0.0003s ]
SQL: SELECT * FROM `user` WHERE `id` = 1 LIMIT 1   [ RunTime:0.0002s ]
SQL: SELECT * FROM `user` WHERE `id` = 1 LIMIT 1   [ RunTime:0.0002s ]
SQL: SELECT * FROM `para` WHERE `taleId` = 157 AND `deleted` = 0 ORDER BY id LIMIT 1   [ RunTime:0.0002s ]
SQL: SELECT * FROM `user` WHERE `id` = 2 LIMIT 1   [ RunTime:0.0002s ]
SQL: SELECT * FROM `user` WHERE `id` = 2 LIMIT 1   [ RunTime:0.0002s ]
SQL: SELECT `name` FROM `tag` WHERE `id` = 28 LIMIT 1   [ RunTime:0.0002s ]
SQL: SELECT `name` FROM `tag` WHERE `id` = 20 LIMIT 1   [ RunTime:0.0002s ]
SQL: SELECT `name` FROM `tag` WHERE `id` = 19 LIMIT 1   [ RunTime:0.0001s ]
SQL: SELECT `name` FROM `tag` WHERE `id` = 5 LIMIT 1   [ RunTime:0.0001s ]
SQL: SELECT * FROM `para` WHERE `taleId` = 154 AND `deleted` = 0 ORDER BY id LIMIT 1   [ RunTime:0.0003s ]
SQL: SELECT * FROM `user` WHERE `id` = 4 LIMIT 1   [ RunTime:0.0002s ]
SQL: SELECT * FROM `user` WHERE `id` = 4 LIMIT 1   [ RunTime:0.0002s ]
SQL: SELECT `name` FROM `tag` WHERE `id` = 20 LIMIT 1   [ RunTime:0.0001s ]
SQL: SELECT `name` FROM `tag` WHERE `id` = 15 LIMIT 1   [ RunTime:0.0001s ]
SQL: SELECT `name` FROM `tag` WHERE `id` = 5 LIMIT 1   [ RunTime:0.0001s ]
SQL: SELECT * FROM `para` WHERE `taleId` = 169 AND `deleted` = 0 ORDER BY id LIMIT 1   [ RunTime:0.0002s ]
SQL: SELECT * FROM `user` WHERE `id` = 1 LIMIT 1   [ RunTime:0.0002s ]
SQL: SELECT * FROM `user` WHERE `id` = 1 LIMIT 1   [ RunTime:0.0002s ]
SQL: SELECT `name` FROM `tag` WHERE `id` = 17 LIMIT 1   [ RunTime:0.0001s ]
SQL: SELECT * FROM `para` WHERE `taleId` = 155 AND `deleted` = 0 ORDER BY id LIMIT 1   [ RunTime:0.0002s ]
SQL: SELECT * FROM `user` WHERE `id` = 3 LIMIT 1   [ RunTime:0.0002s ]
SQL: SELECT * FROM `user` WHERE `id` = 3 LIMIT 1   [ RunTime:0.0002s ]
SQL: SELECT `name` FROM `tag` WHERE `id` = 20 LIMIT 1   [ RunTime:0.0001s ]
SQL: SELECT `name` FROM `tag` WHERE `id` = 15 LIMIT 1   [ RunTime:0.0001s ]
SQL: SELECT `name` FROM `tag` WHERE `id` = 19 LIMIT 1   [ RunTime:0.0001s ]
SQL: SELECT * FROM `para` WHERE `taleId` = 153 AND `deleted` = 0 ORDER BY id LIMIT 1   [ RunTime:0.0002s ]
SQL: SELECT * FROM `user` WHERE `id` = 6 LIMIT 1   [ RunTime:0.0002s ]
SQL: SELECT * FROM `user` WHERE `id` = 6 LIMIT 1   [ RunTime:0.0002s ]
SQL: SELECT `name` FROM `tag` WHERE `id` = 20 LIMIT 1   [ RunTime:0.0001s ]
SQL: SELECT `name` FROM `tag` WHERE `id` = 5 LIMIT 1   [ RunTime:0.0001s ]

[ 2017-08-09T14:28:49+08:00 ] 192.168.31.207 /~mile/qicheng/index.php/Api/Tale/getHotTaleView?timeBefore=1500021444&limit=10
INFO: [ app_init ] --START--
INFO: Run Behavior\BuildLiteBehavior [ RunTime:0.000009s ]
INFO: [ app_init ] --END-- [ RunTime:0.000272s ]
INFO: [ app_begin ] --START--
INFO: Run Behavior\ReadHtmlCacheBehavior [ RunTime:0.000226s ]
INFO: [ app_begin ] --END-- [ RunTime:0.000251s ]
SQL: SHOW COLUMNS FROM `tale` [ RunTime:0.0005s ]
SQL: SHOW COLUMNS FROM `para` [ RunTime:0.0003s ]
SQL: SHOW COLUMNS FROM `user` [ RunTime:0.0003s ]
SQL: SHOW COLUMNS FROM `tag` [ RunTime:0.0003s ]
SQL: SELECT * FROM `tale` WHERE `time` < '1500021444' ORDER BY zan desc,paraNumber desc,time desc LIMIT 10   [ RunTime:0.0003s ]
SQL: SELECT * FROM `para` WHERE `taleId` = 151 AND `deleted` = 0 ORDER BY id LIMIT 1   [ RunTime:0.0004s ]
SQL: SELECT * FROM `user` WHERE `id` = 6 LIMIT 1   [ RunTime:0.0002s ]
SQL: SELECT * FROM `user` WHERE `id` = 6 LIMIT 1   [ RunTime:0.0002s ]
SQL: SELECT `name` FROM `tag` WHERE `id` = 28 LIMIT 1   [ RunTime:0.0002s ]
SQL: SELECT `name` FROM `tag` WHERE `id` = 19 LIMIT 1   [ RunTime:0.0002s ]
SQL: SELECT * FROM `para` WHERE `taleId` = 152 AND `deleted` = 0 ORDER BY id LIMIT 1   [ RunTime:0.0002s ]
SQL: SELECT * FROM `user` WHERE `id` = 1 LIMIT 1   [ RunTime:0.0002s ]
SQL: SELECT * FROM `user` WHERE `id` = 1 LIMIT 1   [ RunTime:0.0002s ]
SQL: SELECT `name` FROM `tag` WHERE `id` = 19 LIMIT 1   [ RunTime:0.0002s ]
SQL: SELECT `name` FROM `tag` WHERE `id` = 5 LIMIT 1   [ RunTime:0.0002s ]
SQL: SELECT * FROM `para` WHERE `taleId` = 134 AND `deleted` = 0 ORDER BY id LIMIT 1   [ RunTime:0.0002s ]
SQL: SELECT * FROM `user` WHERE `id` = 1 LIMIT 1   [ RunTime:0.0002s ]
SQL: SELECT * FROM `user` WHERE `id` = 1 LIMIT 1   [ RunTime:0.0002s ]
SQL: SELECT `name` FROM `tag` WHERE `id` = 68 LIMIT 1   [ RunTime:0.0002s ]
SQL: SELECT `name` FROM `tag` WHERE `id` = 66 LIMIT 1   [ RunTime:0.0002s ]
SQL: SELECT * FROM `para` WHERE `taleId` = 133 AND `deleted` = 0 ORDER BY id LIMIT 1   [ RunTime:0.0002s ]
SQL: SELECT * FROM `user` WHERE `id` = 1 LIMIT 1   [ RunTime:0.0002s ]
SQL: SELECT * FROM `user` WHERE `id` = 1 LIMIT 1   [ RunTime:0.0002s ]
SQL: SELECT `name` FROM `tag` WHERE `id` = 68 LIMIT 1   [ RunTime:0.0002s ]
SQL: SELECT `name` FROM `tag` WHERE `id` = 66 LIMIT 1   [ RunTime:0.0001s ]
SQL: SELECT * FROM `para` WHERE `taleId` = 132 AND `deleted` = 0 ORDER BY id LIMIT 1   [ RunTime:0.0002s ]
SQL: SELECT * FROM `user` WHERE `id` = 1 LIMIT 1   [ RunTime:0.0002s ]
SQL: SELECT * FROM `user` WHERE `id` = 1 LIMIT 1   [ RunTime:0.0002s ]
SQL: SELECT `name` FROM `tag` WHERE `id` = 68 LIMIT 1   [ RunTime:0.0002s ]
SQL: SELECT `name` FROM `tag` WHERE `id` = 66 LIMIT 1   [ RunTime:0.0002s ]
SQL: SELECT * FROM `para` WHERE `taleId` = 131 AND `deleted` = 0 ORDER BY id LIMIT 1   [ RunTime:0.0002s ]
SQL: SELECT * FROM `user` WHERE `id` = 1 LIMIT 1   [ RunTime:0.0002s ]
SQL: SELECT * FROM `user` WHERE `id` = 1 LIMIT 1   [ RunTime:0.0002s ]
SQL: SELECT `name` FROM `tag` WHERE `id` = 68 LIMIT 1   [ RunTime:0.0001s ]
SQL: SELECT `name` FROM `tag` WHERE `id` = 66 LIMIT 1   [ RunTime:0.0002s ]
SQL: SELECT * FROM `para` WHERE `taleId` = 130 AND `deleted` = 0 ORDER BY id LIMIT 1   [ RunTime:0.0002s ]
SQL: SELECT * FROM `user` WHERE `id` = 1 LIMIT 1   [ RunTime:0.0002s ]
SQL: SELECT * FROM `user` WHERE `id` = 1 LIMIT 1   [ RunTime:0.0002s ]
SQL: SELECT `name` FROM `tag` WHERE `id` = 68 LIMIT 1   [ RunTime:0.0001s ]
SQL: SELECT `name` FROM `tag` WHERE `id` = 66 LIMIT 1   [ RunTime:0.0002s ]
SQL: SELECT * FROM `para` WHERE `taleId` = 129 AND `deleted` = 0 ORDER BY id LIMIT 1   [ RunTime:0.0002s ]
SQL: SELECT * FROM `user` WHERE `id` = 1 LIMIT 1   [ RunTime:0.0001s ]
SQL: SELECT * FROM `user` WHERE `id` = 1 LIMIT 1   [ RunTime:0.0002s ]
SQL: SELECT `name` FROM `tag` WHERE `id` = 68 LIMIT 1   [ RunTime:0.0001s ]
SQL: SELECT `name` FROM `tag` WHERE `id` = 66 LIMIT 1   [ RunTime:0.0001s ]
SQL: SELECT * FROM `para` WHERE `taleId` = 128 AND `deleted` = 0 ORDER BY id LIMIT 1   [ RunTime:0.0002s ]
SQL: SELECT * FROM `user` WHERE `id` = 1 LIMIT 1   [ RunTime:0.0002s ]
SQL: SELECT * FROM `user` WHERE `id` = 1 LIMIT 1   [ RunTime:0.0002s ]
SQL: SELECT `name` FROM `tag` WHERE `id` = 68 LIMIT 1   [ RunTime:0.0001s ]
SQL: SELECT `name` FROM `tag` WHERE `id` = 66 LIMIT 1   [ RunTime:0.0002s ]
SQL: SELECT * FROM `para` WHERE `taleId` = 127 AND `deleted` = 0 ORDER BY id LIMIT 1   [ RunTime:0.0002s ]
SQL: SELECT * FROM `user` WHERE `id` = 1 LIMIT 1   [ RunTime:0.0002s ]
SQL: SELECT * FROM `user` WHERE `id` = 1 LIMIT 1   [ RunTime:0.0001s ]
SQL: SELECT `name` FROM `tag` WHERE `id` = 68 LIMIT 1   [ RunTime:0.0001s ]
SQL: SELECT `name` FROM `tag` WHERE `id` = 66 LIMIT 1   [ RunTime:0.0001s ]

[ 2017-08-09T14:28:52+08:00 ] 192.168.31.207 /~mile/qicheng/index.php/Api/Tale/getHotTaleView?timeBefore=1500021444&limit=10
INFO: [ app_init ] --START--
INFO: Run Behavior\BuildLiteBehavior [ RunTime:0.000009s ]
INFO: [ app_init ] --END-- [ RunTime:0.000199s ]
INFO: [ app_begin ] --START--
INFO: Run Behavior\ReadHtmlCacheBehavior [ RunTime:0.000228s ]
INFO: [ app_begin ] --END-- [ RunTime:0.000256s ]
SQL: SHOW COLUMNS FROM `tale` [ RunTime:0.0005s ]
SQL: SHOW COLUMNS FROM `para` [ RunTime:0.0003s ]
SQL: SHOW COLUMNS FROM `user` [ RunTime:0.0003s ]
SQL: SHOW COLUMNS FROM `tag` [ RunTime:0.0003s ]
SQL: SELECT * FROM `tale` WHERE `time` < '1500021444' ORDER BY zan desc,paraNumber desc,time desc LIMIT 10   [ RunTime:0.0003s ]
SQL: SELECT * FROM `para` WHERE `taleId` = 151 AND `deleted` = 0 ORDER BY id LIMIT 1   [ RunTime:0.0002s ]
SQL: SELECT * FROM `user` WHERE `id` = 6 LIMIT 1   [ RunTime:0.0001s ]
SQL: SELECT * FROM `user` WHERE `id` = 6 LIMIT 1   [ RunTime:0.0002s ]
SQL: SELECT `name` FROM `tag` WHERE `id` = 28 LIMIT 1   [ RunTime:0.0001s ]
SQL: SELECT `name` FROM `tag` WHERE `id` = 19 LIMIT 1   [ RunTime:0.0001s ]
SQL: SELECT * FROM `para` WHERE `taleId` = 152 AND `deleted` = 0 ORDER BY id LIMIT 1   [ RunTime:0.0002s ]
SQL: SELECT * FROM `user` WHERE `id` = 1 LIMIT 1   [ RunTime:0.0002s ]
SQL: SELECT * FROM `user` WHERE `id` = 1 LIMIT 1   [ RunTime:0.0001s ]
SQL: SELECT `name` FROM `tag` WHERE `id` = 19 LIMIT 1   [ RunTime:0.0001s ]
SQL: SELECT `name` FROM `tag` WHERE `id` = 5 LIMIT 1   [ RunTime:0.0001s ]
SQL: SELECT * FROM `para` WHERE `taleId` = 134 AND `deleted` = 0 ORDER BY id LIMIT 1   [ RunTime:0.0003s ]
SQL: SELECT * FROM `user` WHERE `id` = 1 LIMIT 1   [ RunTime:0.0002s ]
SQL: SELECT * FROM `user` WHERE `id` = 1 LIMIT 1   [ RunTime:0.0002s ]
SQL: SELECT `name` FROM `tag` WHERE `id` = 68 LIMIT 1   [ RunTime:0.0001s ]
SQL: SELECT `name` FROM `tag` WHERE `id` = 66 LIMIT 1   [ RunTime:0.0001s ]
SQL: SELECT * FROM `para` WHERE `taleId` = 133 AND `deleted` = 0 ORDER BY id LIMIT 1   [ RunTime:0.0002s ]
SQL: SELECT * FROM `user` WHERE `id` = 1 LIMIT 1   [ RunTime:0.0001s ]
SQL: SELECT * FROM `user` WHERE `id` = 1 LIMIT 1   [ RunTime:0.0002s ]
SQL: SELECT `name` FROM `tag` WHERE `id` = 68 LIMIT 1   [ RunTime:0.0002s ]
SQL: SELECT `name` FROM `tag` WHERE `id` = 66 LIMIT 1   [ RunTime:0.0001s ]
SQL: SELECT * FROM `para` WHERE `taleId` = 132 AND `deleted` = 0 ORDER BY id LIMIT 1   [ RunTime:0.0002s ]
SQL: SELECT * FROM `user` WHERE `id` = 1 LIMIT 1   [ RunTime:0.0001s ]
SQL: SELECT * FROM `user` WHERE `id` = 1 LIMIT 1   [ RunTime:0.0002s ]
SQL: SELECT `name` FROM `tag` WHERE `id` = 68 LIMIT 1   [ RunTime:0.0001s ]
SQL: SELECT `name` FROM `tag` WHERE `id` = 66 LIMIT 1   [ RunTime:0.0001s ]
SQL: SELECT * FROM `para` WHERE `taleId` = 131 AND `deleted` = 0 ORDER BY id LIMIT 1   [ RunTime:0.0002s ]
SQL: SELECT * FROM `user` WHERE `id` = 1 LIMIT 1   [ RunTime:0.0001s ]
SQL: SELECT * FROM `user` WHERE `id` = 1 LIMIT 1   [ RunTime:0.0002s ]
SQL: SELECT `name` FROM `tag` WHERE `id` = 68 LIMIT 1   [ RunTime:0.0001s ]
SQL: SELECT `name` FROM `tag` WHERE `id` = 66 LIMIT 1   [ RunTime:0.0001s ]
SQL: SELECT * FROM `para` WHERE `taleId` = 130 AND `deleted` = 0 ORDER BY id LIMIT 1   [ RunTime:0.0002s ]
SQL: SELECT * FROM `user` WHERE `id` = 1 LIMIT 1   [ RunTime:0.0001s ]
SQL: SELECT * FROM `user` WHERE `id` = 1 LIMIT 1   [ RunTime:0.0002s ]
SQL: SELECT `name` FROM `tag` WHERE `id` = 68 LIMIT 1   [ RunTime:0.0001s ]
SQL: SELECT `name` FROM `tag` WHERE `id` = 66 LIMIT 1   [ RunTime:0.0001s ]
SQL: SELECT * FROM `para` WHERE `taleId` = 129 AND `deleted` = 0 ORDER BY id LIMIT 1   [ RunTime:0.0002s ]
SQL: SELECT * FROM `user` WHERE `id` = 1 LIMIT 1   [ RunTime:0.0001s ]
SQL: SELECT * FROM `user` WHERE `id` = 1 LIMIT 1   [ RunTime:0.0002s ]
SQL: SELECT `name` FROM `tag` WHERE `id` = 68 LIMIT 1   [ RunTime:0.0001s ]
SQL: SELECT `name` FROM `tag` WHERE `id` = 66 LIMIT 1   [ RunTime:0.0001s ]
SQL: SELECT * FROM `para` WHERE `taleId` = 128 AND `deleted` = 0 ORDER BY id LIMIT 1   [ RunTime:0.0002s ]
SQL: SELECT * FROM `user` WHERE `id` = 1 LIMIT 1   [ RunTime:0.0002s ]
SQL: SELECT * FROM `user` WHERE `id` = 1 LIMIT 1   [ RunTime:0.0001s ]
SQL: SELECT `name` FROM `tag` WHERE `id` = 68 LIMIT 1   [ RunTime:0.0001s ]
SQL: SELECT `name` FROM `tag` WHERE `id` = 66 LIMIT 1   [ RunTime:0.0001s ]
SQL: SELECT * FROM `para` WHERE `taleId` = 127 AND `deleted` = 0 ORDER BY id LIMIT 1   [ RunTime:0.0002s ]
SQL: SELECT * FROM `user` WHERE `id` = 1 LIMIT 1   [ RunTime:0.0002s ]
SQL: SELECT * FROM `user` WHERE `id` = 1 LIMIT 1   [ RunTime:0.0002s ]
SQL: SELECT `name` FROM `tag` WHERE `id` = 68 LIMIT 1   [ RunTime:0.0002s ]
SQL: SELECT `name` FROM `tag` WHERE `id` = 66 LIMIT 1   [ RunTime:0.0002s ]

