[ 2017-07-20T23:30:41+08:00 ] 192.168.31.207 /~mile/qicheng/index.php/Api/Tale/getLatestTaleView?timeBefore=1500552348827&limit=10
INFO: [ app_init ] --START--
INFO: Run Behavior\BuildLiteBehavior [ RunTime:0.000032s ]
INFO: [ app_init ] --END-- [ RunTime:0.001932s ]
INFO: [ app_begin ] --START--
INFO: Run Behavior\ReadHtmlCacheBehavior [ RunTime:0.000565s ]
INFO: [ app_begin ] --END-- [ RunTime:0.000637s ]
SQL: SHOW COLUMNS FROM `tale` [ RunTime:0.0212s ]
SQL: SHOW COLUMNS FROM `para` [ RunTime:0.0006s ]
SQL: SHOW COLUMNS FROM `user` [ RunTime:0.0007s ]
SQL: SHOW COLUMNS FROM `tag` [ RunTime:0.0006s ]
SQL: SELECT * FROM `tale` WHERE `time` < '1500552348' ORDER BY time desc LIMIT 10   [ RunTime:0.0004s ]
SQL: SELECT * FROM `para` WHERE `taleId` = 169 ORDER BY id LIMIT 1   [ RunTime:0.0003s ]
SQL: SELECT * FROM `user` WHERE `id` = 1 LIMIT 1   [ RunTime:0.0004s ]
SQL: SELECT * FROM `user` WHERE `id` = 1 LIMIT 1   [ RunTime:0.0002s ]
SQL: SELECT `name` FROM `tag` WHERE `id` = 17 LIMIT 1   [ RunTime:0.0003s ]
SQL: SELECT * FROM `para` WHERE `taleId` = 168 ORDER BY id LIMIT 1   [ RunTime:0.0003s ]
SQL: SELECT * FROM `user` WHERE `id` = 1 LIMIT 1   [ RunTime:0.0002s ]
SQL: SELECT * FROM `user` WHERE `id` = 1 LIMIT 1   [ RunTime:0.0002s ]
SQL: SELECT `name` FROM `tag` WHERE `id` = 14 LIMIT 1   [ RunTime:0.0002s ]
SQL: SELECT `name` FROM `tag` WHERE `id` = 16 LIMIT 1   [ RunTime:0.0002s ]
SQL: SELECT * FROM `para` WHERE `taleId` = 167 ORDER BY id LIMIT 1   [ RunTime:0.0003s ]
SQL: SELECT * FROM `user` WHERE `id` = 1 LIMIT 1   [ RunTime:0.0002s ]
SQL: SELECT * FROM `user` WHERE `id` = 1 LIMIT 1   [ RunTime:0.0002s ]
SQL: SELECT `name` FROM `tag` WHERE `id` = 30 LIMIT 1   [ RunTime:0.0002s ]
SQL: SELECT * FROM `para` WHERE `taleId` = 166 ORDER BY id LIMIT 1   [ RunTime:0.0002s ]
SQL: SELECT * FROM `user` WHERE `id` = 1 LIMIT 1   [ RunTime:0.0002s ]
SQL: SELECT * FROM `user` WHERE `id` = 1 LIMIT 1   [ RunTime:0.0002s ]
SQL: SELECT `name` FROM `tag` WHERE `id` = 20 LIMIT 1   [ RunTime:0.0002s ]
SQL: SELECT * FROM `para` WHERE `taleId` = 165 ORDER BY id LIMIT 1   [ RunTime:0.0003s ]
SQL: SELECT * FROM `user` WHERE `id` = 1 LIMIT 1   [ RunTime:0.0002s ]
SQL: SELECT * FROM `user` WHERE `id` = 1 LIMIT 1   [ RunTime:0.0002s ]
SQL: SELECT `name` FROM `tag` WHERE `id` = 22 LIMIT 1   [ RunTime:0.0002s ]
SQL: SELECT * FROM `para` WHERE `taleId` = 164 ORDER BY id LIMIT 1   [ RunTime:0.0002s ]
SQL: SELECT * FROM `user` WHERE `id` = 1 LIMIT 1   [ RunTime:0.0002s ]
SQL: SELECT * FROM `user` WHERE `id` = 1 LIMIT 1   [ RunTime:0.0003s ]
SQL: SELECT `name` FROM `tag` WHERE `id` = 29 LIMIT 1   [ RunTime:0.0002s ]
SQL: SELECT * FROM `para` WHERE `taleId` = 163 ORDER BY id LIMIT 1   [ RunTime:0.0003s ]
SQL: SELECT * FROM `user` WHERE `id` = 1 LIMIT 1   [ RunTime:0.0002s ]
SQL: SELECT * FROM `user` WHERE `id` = 1 LIMIT 1   [ RunTime:0.0002s ]
SQL: SELECT `name` FROM `tag` WHERE `id` = 19 LIMIT 1   [ RunTime:0.0002s ]
SQL: SELECT * FROM `para` WHERE `taleId` = 162 ORDER BY id LIMIT 1   [ RunTime:0.0002s ]
SQL: SELECT * FROM `user` WHERE `id` = 2 LIMIT 1   [ RunTime:0.0002s ]
SQL: SELECT * FROM `user` WHERE `id` = 2 LIMIT 1   [ RunTime:0.0002s ]
SQL: SELECT `name` FROM `tag` WHERE `id` = 16 LIMIT 1   [ RunTime:0.0002s ]
SQL: SELECT * FROM `para` WHERE `taleId` = 161 ORDER BY id LIMIT 1   [ RunTime:0.0002s ]
SQL: SELECT * FROM `user` WHERE `id` = 3 LIMIT 1   [ RunTime:0.0002s ]
SQL: SELECT * FROM `user` WHERE `id` = 3 LIMIT 1   [ RunTime:0.0002s ]
SQL: SELECT `name` FROM `tag` WHERE `id` = 20 LIMIT 1   [ RunTime:0.0002s ]
SQL: SELECT * FROM `para` WHERE `taleId` = 160 ORDER BY id LIMIT 1   [ RunTime:0.0002s ]
SQL: SELECT * FROM `user` WHERE `id` = 4 LIMIT 1   [ RunTime:0.0002s ]
SQL: SELECT * FROM `user` WHERE `id` = 4 LIMIT 1   [ RunTime:0.0002s ]
SQL: SELECT `name` FROM `tag` WHERE `id` = 23 LIMIT 1   [ RunTime:0.0002s ]

[ 2017-07-20T23:30:41+08:00 ] 192.168.31.207 /~mile/qicheng/index.php/Api/Tale/getHotTaleView?timeBefore=1500552348769&limit=10
INFO: [ app_init ] --START--
INFO: Run Behavior\BuildLiteBehavior [ RunTime:0.000032s ]
INFO: [ app_init ] --END-- [ RunTime:0.001975s ]
INFO: [ app_begin ] --START--
INFO: Run Behavior\ReadHtmlCacheBehavior [ RunTime:0.000662s ]
INFO: [ app_begin ] --END-- [ RunTime:0.000725s ]
SQL: SHOW COLUMNS FROM `tale` [ RunTime:0.0155s ]
SQL: SHOW COLUMNS FROM `para` [ RunTime:0.0006s ]
SQL: SHOW COLUMNS FROM `user` [ RunTime:0.0005s ]
SQL: SHOW COLUMNS FROM `tag` [ RunTime:0.0011s ]
SQL: SELECT * FROM `tale` WHERE `time` < '1500552348' ORDER BY zan desc,paraNumber desc,time desc LIMIT 10   [ RunTime:0.0040s ]
SQL: SELECT * FROM `para` WHERE `taleId` = 162 ORDER BY id LIMIT 1   [ RunTime:0.0125s ]
SQL: SELECT * FROM `user` WHERE `id` = 2 LIMIT 1   [ RunTime:0.0004s ]
SQL: SELECT * FROM `user` WHERE `id` = 2 LIMIT 1   [ RunTime:0.0002s ]
SQL: SELECT `name` FROM `tag` WHERE `id` = 16 LIMIT 1   [ RunTime:0.0094s ]
SQL: SELECT * FROM `para` WHERE `taleId` = 156 ORDER BY id LIMIT 1   [ RunTime:0.0002s ]
SQL: SELECT * FROM `user` WHERE `id` = 1 LIMIT 1   [ RunTime:0.0002s ]
SQL: SELECT * FROM `user` WHERE `id` = 1 LIMIT 1   [ RunTime:0.0002s ]
SQL: SELECT `name` FROM `tag` WHERE `id` = 27 LIMIT 1   [ RunTime:0.0002s ]
SQL: SELECT `name` FROM `tag` WHERE `id` = 19 LIMIT 1   [ RunTime:0.0002s ]
SQL: SELECT * FROM `para` WHERE `taleId` = 155 ORDER BY id LIMIT 1   [ RunTime:0.0002s ]
SQL: SELECT * FROM `user` WHERE `id` = 3 LIMIT 1   [ RunTime:0.0002s ]
SQL: SELECT * FROM `user` WHERE `id` = 3 LIMIT 1   [ RunTime:0.0002s ]
SQL: SELECT `name` FROM `tag` WHERE `id` = 20 LIMIT 1   [ RunTime:0.0002s ]
SQL: SELECT `name` FROM `tag` WHERE `id` = 15 LIMIT 1   [ RunTime:0.0003s ]
SQL: SELECT `name` FROM `tag` WHERE `id` = 19 LIMIT 1   [ RunTime:0.0002s ]
SQL: SELECT * FROM `para` WHERE `taleId` = 160 ORDER BY id LIMIT 1   [ RunTime:0.0003s ]
SQL: SELECT * FROM `user` WHERE `id` = 4 LIMIT 1   [ RunTime:0.0003s ]
SQL: SELECT * FROM `user` WHERE `id` = 4 LIMIT 1   [ RunTime:0.0003s ]
SQL: SELECT `name` FROM `tag` WHERE `id` = 23 LIMIT 1   [ RunTime:0.0002s ]
SQL: SELECT * FROM `para` WHERE `taleId` = 158 ORDER BY id LIMIT 1   [ RunTime:0.0003s ]
SQL: SELECT * FROM `user` WHERE `id` = 1 LIMIT 1   [ RunTime:0.0003s ]
SQL: SELECT * FROM `user` WHERE `id` = 1 LIMIT 1   [ RunTime:0.0003s ]
SQL: SELECT `name` FROM `tag` WHERE `id` = 5 LIMIT 1   [ RunTime:0.0002s ]
SQL: SELECT * FROM `para` WHERE `taleId` = 151 ORDER BY id LIMIT 1   [ RunTime:0.0003s ]
SQL: SELECT * FROM `user` WHERE `id` = 6 LIMIT 1   [ RunTime:0.0002s ]
SQL: SELECT * FROM `user` WHERE `id` = 6 LIMIT 1   [ RunTime:0.0002s ]
SQL: SELECT `name` FROM `tag` WHERE `id` = 28 LIMIT 1   [ RunTime:0.0002s ]
SQL: SELECT `name` FROM `tag` WHERE `id` = 19 LIMIT 1   [ RunTime:0.0002s ]
SQL: SELECT * FROM `para` WHERE `taleId` = 157 ORDER BY id LIMIT 1   [ RunTime:0.0003s ]
SQL: SELECT * FROM `user` WHERE `id` = 2 LIMIT 1   [ RunTime:0.0002s ]
SQL: SELECT * FROM `user` WHERE `id` = 2 LIMIT 1   [ RunTime:0.0002s ]
SQL: SELECT `name` FROM `tag` WHERE `id` = 28 LIMIT 1   [ RunTime:0.0002s ]
SQL: SELECT `name` FROM `tag` WHERE `id` = 20 LIMIT 1   [ RunTime:0.0002s ]
SQL: SELECT `name` FROM `tag` WHERE `id` = 19 LIMIT 1   [ RunTime:0.0002s ]
SQL: SELECT `name` FROM `tag` WHERE `id` = 5 LIMIT 1   [ RunTime:0.0002s ]
SQL: SELECT * FROM `para` WHERE `taleId` = 161 ORDER BY id LIMIT 1   [ RunTime:0.0002s ]
SQL: SELECT * FROM `user` WHERE `id` = 3 LIMIT 1   [ RunTime:0.0002s ]
SQL: SELECT * FROM `user` WHERE `id` = 3 LIMIT 1   [ RunTime:0.0002s ]
SQL: SELECT `name` FROM `tag` WHERE `id` = 20 LIMIT 1   [ RunTime:0.0002s ]
SQL: SELECT * FROM `para` WHERE `taleId` = 159 ORDER BY id LIMIT 1   [ RunTime:0.0002s ]
SQL: SELECT * FROM `user` WHERE `id` = 1 LIMIT 1   [ RunTime:0.0003s ]
SQL: SELECT * FROM `user` WHERE `id` = 1 LIMIT 1   [ RunTime:0.0002s ]
SQL: SELECT `name` FROM `tag` WHERE `id` = 3 LIMIT 1   [ RunTime:0.0002s ]
SQL: SELECT * FROM `para` WHERE `taleId` = 154 ORDER BY id LIMIT 1   [ RunTime:0.0002s ]
SQL: SELECT * FROM `user` WHERE `id` = 4 LIMIT 1   [ RunTime:0.0002s ]
SQL: SELECT * FROM `user` WHERE `id` = 4 LIMIT 1   [ RunTime:0.0002s ]
SQL: SELECT `name` FROM `tag` WHERE `id` = 20 LIMIT 1   [ RunTime:0.0002s ]
SQL: SELECT `name` FROM `tag` WHERE `id` = 15 LIMIT 1   [ RunTime:0.0002s ]
SQL: SELECT `name` FROM `tag` WHERE `id` = 5 LIMIT 1   [ RunTime:0.0002s ]

[ 2017-07-20T23:34:57+08:00 ] 192.168.31.207 /~mile/qicheng/index.php/Api/Tale/getHotTaleView?timeBefore=1500552605188&limit=10
INFO: [ app_init ] --START--
INFO: Run Behavior\BuildLiteBehavior [ RunTime:0.000028s ]
INFO: [ app_init ] --END-- [ RunTime:0.000565s ]
INFO: [ app_begin ] --START--
INFO: Run Behavior\ReadHtmlCacheBehavior [ RunTime:0.001058s ]
INFO: [ app_begin ] --END-- [ RunTime:0.001123s ]
SQL: SHOW COLUMNS FROM `tale` [ RunTime:0.0007s ]
SQL: SHOW COLUMNS FROM `para` [ RunTime:0.0011s ]
SQL: SHOW COLUMNS FROM `user` [ RunTime:0.0005s ]
SQL: SHOW COLUMNS FROM `tag` [ RunTime:0.0005s ]
SQL: SELECT * FROM `tale` WHERE `time` < '1500552605' ORDER BY zan desc,paraNumber desc,time desc LIMIT 10   [ RunTime:0.0004s ]
SQL: SELECT * FROM `para` WHERE `taleId` = 162 ORDER BY id LIMIT 1   [ RunTime:0.0003s ]
SQL: SELECT * FROM `user` WHERE `id` = 2 LIMIT 1   [ RunTime:0.0003s ]
SQL: SELECT * FROM `user` WHERE `id` = 2 LIMIT 1   [ RunTime:0.0002s ]
SQL: SELECT `name` FROM `tag` WHERE `id` = 16 LIMIT 1   [ RunTime:0.0002s ]
SQL: SELECT * FROM `para` WHERE `taleId` = 156 ORDER BY id LIMIT 1   [ RunTime:0.0003s ]
SQL: SELECT * FROM `user` WHERE `id` = 1 LIMIT 1   [ RunTime:0.0003s ]
SQL: SELECT * FROM `user` WHERE `id` = 1 LIMIT 1   [ RunTime:0.0003s ]
SQL: SELECT `name` FROM `tag` WHERE `id` = 27 LIMIT 1   [ RunTime:0.0003s ]
SQL: SELECT `name` FROM `tag` WHERE `id` = 19 LIMIT 1   [ RunTime:0.0002s ]
SQL: SELECT * FROM `para` WHERE `taleId` = 155 ORDER BY id LIMIT 1   [ RunTime:0.0004s ]
SQL: SELECT * FROM `user` WHERE `id` = 3 LIMIT 1   [ RunTime:0.0002s ]
SQL: SELECT * FROM `user` WHERE `id` = 3 LIMIT 1   [ RunTime:0.0002s ]
SQL: SELECT `name` FROM `tag` WHERE `id` = 20 LIMIT 1   [ RunTime:0.0002s ]
SQL: SELECT `name` FROM `tag` WHERE `id` = 15 LIMIT 1   [ RunTime:0.0002s ]
SQL: SELECT `name` FROM `tag` WHERE `id` = 19 LIMIT 1   [ RunTime:0.0002s ]
SQL: SELECT * FROM `para` WHERE `taleId` = 160 ORDER BY id LIMIT 1   [ RunTime:0.0003s ]
SQL: SELECT * FROM `user` WHERE `id` = 4 LIMIT 1   [ RunTime:0.0003s ]
SQL: SELECT * FROM `user` WHERE `id` = 4 LIMIT 1   [ RunTime:0.0002s ]
SQL: SELECT `name` FROM `tag` WHERE `id` = 23 LIMIT 1   [ RunTime:0.0002s ]
SQL: SELECT * FROM `para` WHERE `taleId` = 158 ORDER BY id LIMIT 1   [ RunTime:0.0002s ]
SQL: SELECT * FROM `user` WHERE `id` = 1 LIMIT 1   [ RunTime:0.0002s ]
SQL: SELECT * FROM `user` WHERE `id` = 1 LIMIT 1   [ RunTime:0.0002s ]
SQL: SELECT `name` FROM `tag` WHERE `id` = 5 LIMIT 1   [ RunTime:0.0002s ]
SQL: SELECT * FROM `para` WHERE `taleId` = 151 ORDER BY id LIMIT 1   [ RunTime:0.0003s ]
SQL: SELECT * FROM `user` WHERE `id` = 6 LIMIT 1   [ RunTime:0.0002s ]
SQL: SELECT * FROM `user` WHERE `id` = 6 LIMIT 1   [ RunTime:0.0002s ]
SQL: SELECT `name` FROM `tag` WHERE `id` = 28 LIMIT 1   [ RunTime:0.0002s ]
SQL: SELECT `name` FROM `tag` WHERE `id` = 19 LIMIT 1   [ RunTime:0.0002s ]
SQL: SELECT * FROM `para` WHERE `taleId` = 157 ORDER BY id LIMIT 1   [ RunTime:0.0003s ]
SQL: SELECT * FROM `user` WHERE `id` = 2 LIMIT 1   [ RunTime:0.0003s ]
SQL: SELECT * FROM `user` WHERE `id` = 2 LIMIT 1   [ RunTime:0.0002s ]
SQL: SELECT `name` FROM `tag` WHERE `id` = 28 LIMIT 1   [ RunTime:0.0002s ]
SQL: SELECT `name` FROM `tag` WHERE `id` = 20 LIMIT 1   [ RunTime:0.0002s ]
SQL: SELECT `name` FROM `tag` WHERE `id` = 19 LIMIT 1   [ RunTime:0.0002s ]
SQL: SELECT `name` FROM `tag` WHERE `id` = 5 LIMIT 1   [ RunTime:0.0002s ]
SQL: SELECT * FROM `para` WHERE `taleId` = 161 ORDER BY id LIMIT 1   [ RunTime:0.0003s ]
SQL: SELECT * FROM `user` WHERE `id` = 3 LIMIT 1   [ RunTime:0.0003s ]
SQL: SELECT * FROM `user` WHERE `id` = 3 LIMIT 1   [ RunTime:0.0003s ]
SQL: SELECT `name` FROM `tag` WHERE `id` = 20 LIMIT 1   [ RunTime:0.0002s ]
SQL: SELECT * FROM `para` WHERE `taleId` = 159 ORDER BY id LIMIT 1   [ RunTime:0.0002s ]
SQL: SELECT * FROM `user` WHERE `id` = 1 LIMIT 1   [ RunTime:0.0003s ]
SQL: SELECT * FROM `user` WHERE `id` = 1 LIMIT 1   [ RunTime:0.0002s ]
SQL: SELECT `name` FROM `tag` WHERE `id` = 3 LIMIT 1   [ RunTime:0.0002s ]
SQL: SELECT * FROM `para` WHERE `taleId` = 154 ORDER BY id LIMIT 1   [ RunTime:0.0003s ]
SQL: SELECT * FROM `user` WHERE `id` = 4 LIMIT 1   [ RunTime:0.0002s ]
SQL: SELECT * FROM `user` WHERE `id` = 4 LIMIT 1   [ RunTime:0.0002s ]
SQL: SELECT `name` FROM `tag` WHERE `id` = 20 LIMIT 1   [ RunTime:0.0002s ]
SQL: SELECT `name` FROM `tag` WHERE `id` = 15 LIMIT 1   [ RunTime:0.0002s ]
SQL: SELECT `name` FROM `tag` WHERE `id` = 5 LIMIT 1   [ RunTime:0.0002s ]

[ 2017-07-20T23:34:57+08:00 ] 192.168.31.207 /~mile/qicheng/index.php/Api/Tale/getLatestTaleView?timeBefore=1500552605255&limit=10
INFO: [ app_init ] --START--
INFO: Run Behavior\BuildLiteBehavior [ RunTime:0.000032s ]
INFO: [ app_init ] --END-- [ RunTime:0.000491s ]
INFO: [ app_begin ] --START--
INFO: Run Behavior\ReadHtmlCacheBehavior [ RunTime:0.000850s ]
INFO: [ app_begin ] --END-- [ RunTime:0.000922s ]
SQL: SHOW COLUMNS FROM `tale` [ RunTime:0.0006s ]
SQL: SHOW COLUMNS FROM `para` [ RunTime:0.0005s ]
SQL: SHOW COLUMNS FROM `user` [ RunTime:0.0063s ]
SQL: SHOW COLUMNS FROM `tag` [ RunTime:0.0005s ]
SQL: SELECT * FROM `tale` WHERE `time` < '1500552605' ORDER BY time desc LIMIT 10   [ RunTime:0.0003s ]
SQL: SELECT * FROM `para` WHERE `taleId` = 169 ORDER BY id LIMIT 1   [ RunTime:0.0003s ]
SQL: SELECT * FROM `user` WHERE `id` = 1 LIMIT 1   [ RunTime:0.0003s ]
SQL: SELECT * FROM `user` WHERE `id` = 1 LIMIT 1   [ RunTime:0.0003s ]
SQL: SELECT `name` FROM `tag` WHERE `id` = 17 LIMIT 1   [ RunTime:0.0002s ]
SQL: SELECT * FROM `para` WHERE `taleId` = 168 ORDER BY id LIMIT 1   [ RunTime:0.0003s ]
SQL: SELECT * FROM `user` WHERE `id` = 1 LIMIT 1   [ RunTime:0.0002s ]
SQL: SELECT * FROM `user` WHERE `id` = 1 LIMIT 1   [ RunTime:0.0002s ]
SQL: SELECT `name` FROM `tag` WHERE `id` = 14 LIMIT 1   [ RunTime:0.0002s ]
SQL: SELECT `name` FROM `tag` WHERE `id` = 16 LIMIT 1   [ RunTime:0.0002s ]
SQL: SELECT * FROM `para` WHERE `taleId` = 167 ORDER BY id LIMIT 1   [ RunTime:0.0003s ]
SQL: SELECT * FROM `user` WHERE `id` = 1 LIMIT 1   [ RunTime:0.0003s ]
SQL: SELECT * FROM `user` WHERE `id` = 1 LIMIT 1   [ RunTime:0.0002s ]
SQL: SELECT `name` FROM `tag` WHERE `id` = 30 LIMIT 1   [ RunTime:0.0002s ]
SQL: SELECT * FROM `para` WHERE `taleId` = 166 ORDER BY id LIMIT 1   [ RunTime:0.0002s ]
SQL: SELECT * FROM `user` WHERE `id` = 1 LIMIT 1   [ RunTime:0.0002s ]
SQL: SELECT * FROM `user` WHERE `id` = 1 LIMIT 1   [ RunTime:0.0002s ]
SQL: SELECT `name` FROM `tag` WHERE `id` = 20 LIMIT 1   [ RunTime:0.0002s ]
SQL: SELECT * FROM `para` WHERE `taleId` = 165 ORDER BY id LIMIT 1   [ RunTime:0.0003s ]
SQL: SELECT * FROM `user` WHERE `id` = 1 LIMIT 1   [ RunTime:0.0002s ]
SQL: SELECT * FROM `user` WHERE `id` = 1 LIMIT 1   [ RunTime:0.0002s ]
SQL: SELECT `name` FROM `tag` WHERE `id` = 22 LIMIT 1   [ RunTime:0.0002s ]
SQL: SELECT * FROM `para` WHERE `taleId` = 164 ORDER BY id LIMIT 1   [ RunTime:0.0003s ]
SQL: SELECT * FROM `user` WHERE `id` = 1 LIMIT 1   [ RunTime:0.0003s ]
SQL: SELECT * FROM `user` WHERE `id` = 1 LIMIT 1   [ RunTime:0.0002s ]
SQL: SELECT `name` FROM `tag` WHERE `id` = 29 LIMIT 1   [ RunTime:0.0002s ]
SQL: SELECT * FROM `para` WHERE `taleId` = 163 ORDER BY id LIMIT 1   [ RunTime:0.0003s ]
SQL: SELECT * FROM `user` WHERE `id` = 1 LIMIT 1   [ RunTime:0.0002s ]
SQL: SELECT * FROM `user` WHERE `id` = 1 LIMIT 1   [ RunTime:0.0002s ]
SQL: SELECT `name` FROM `tag` WHERE `id` = 19 LIMIT 1   [ RunTime:0.0002s ]
SQL: SELECT * FROM `para` WHERE `taleId` = 162 ORDER BY id LIMIT 1   [ RunTime:0.0002s ]
SQL: SELECT * FROM `user` WHERE `id` = 2 LIMIT 1   [ RunTime:0.0002s ]
SQL: SELECT * FROM `user` WHERE `id` = 2 LIMIT 1   [ RunTime:0.0002s ]
SQL: SELECT `name` FROM `tag` WHERE `id` = 16 LIMIT 1   [ RunTime:0.0002s ]
SQL: SELECT * FROM `para` WHERE `taleId` = 161 ORDER BY id LIMIT 1   [ RunTime:0.0003s ]
SQL: SELECT * FROM `user` WHERE `id` = 3 LIMIT 1   [ RunTime:0.0002s ]
SQL: SELECT * FROM `user` WHERE `id` = 3 LIMIT 1   [ RunTime:0.0002s ]
SQL: SELECT `name` FROM `tag` WHERE `id` = 20 LIMIT 1   [ RunTime:0.0002s ]
SQL: SELECT * FROM `para` WHERE `taleId` = 160 ORDER BY id LIMIT 1   [ RunTime:0.0003s ]
SQL: SELECT * FROM `user` WHERE `id` = 4 LIMIT 1   [ RunTime:0.0002s ]
SQL: SELECT * FROM `user` WHERE `id` = 4 LIMIT 1   [ RunTime:0.0002s ]
SQL: SELECT `name` FROM `tag` WHERE `id` = 23 LIMIT 1   [ RunTime:0.0002s ]

[ 2017-07-20T23:34:58+08:00 ] 192.168.31.207 /~mile/qicheng/index.php/Api/Tale/getCertainTaleView?taleId=162
INFO: [ app_init ] --START--
INFO: Run Behavior\BuildLiteBehavior [ RunTime:0.000009s ]
INFO: [ app_init ] --END-- [ RunTime:0.000204s ]
INFO: [ app_begin ] --START--
INFO: Run Behavior\ReadHtmlCacheBehavior [ RunTime:0.000255s ]
INFO: [ app_begin ] --END-- [ RunTime:0.000286s ]
SQL: SHOW COLUMNS FROM `tale` [ RunTime:0.0006s ]
SQL: SHOW COLUMNS FROM `para` [ RunTime:0.0026s ]
SQL: SHOW COLUMNS FROM `user` [ RunTime:0.0005s ]
SQL: SHOW COLUMNS FROM `tag` [ RunTime:0.0005s ]
SQL: SELECT * FROM `tale` WHERE `id` = 162 LIMIT 1   [ RunTime:0.0003s ]
SQL: SELECT * FROM `para` WHERE `taleId` = 162 ORDER BY id LIMIT 1   [ RunTime:0.0003s ]
SQL: SELECT * FROM `user` WHERE `id` = 2 LIMIT 1   [ RunTime:0.0003s ]
SQL: SELECT `name` FROM `tag` WHERE `id` = 16 LIMIT 1   [ RunTime:0.0004s ]

[ 2017-07-20T23:35:02+08:00 ] 192.168.31.207 /~mile/qicheng/index.php/Api/Tale/getCertainTaleView?taleId=156
INFO: [ app_init ] --START--
INFO: Run Behavior\BuildLiteBehavior [ RunTime:0.000009s ]
INFO: [ app_init ] --END-- [ RunTime:0.000194s ]
INFO: [ app_begin ] --START--
INFO: Run Behavior\ReadHtmlCacheBehavior [ RunTime:0.000302s ]
INFO: [ app_begin ] --END-- [ RunTime:0.000331s ]
SQL: SHOW COLUMNS FROM `tale` [ RunTime:0.0005s ]
SQL: SHOW COLUMNS FROM `para` [ RunTime:0.0004s ]
SQL: SHOW COLUMNS FROM `user` [ RunTime:0.0004s ]
SQL: SHOW COLUMNS FROM `tag` [ RunTime:0.0004s ]
SQL: SELECT * FROM `tale` WHERE `id` = 156 LIMIT 1   [ RunTime:0.0002s ]
SQL: SELECT * FROM `para` WHERE `taleId` = 156 ORDER BY id LIMIT 1   [ RunTime:0.0003s ]
SQL: SELECT * FROM `user` WHERE `id` = 1 LIMIT 1   [ RunTime:0.0002s ]
SQL: SELECT `name` FROM `tag` WHERE `id` = 27 LIMIT 1   [ RunTime:0.0002s ]
SQL: SELECT `name` FROM `tag` WHERE `id` = 19 LIMIT 1   [ RunTime:0.0002s ]

[ 2017-07-20T23:35:08+08:00 ] 192.168.31.207 /~mile/qicheng/index.php/Api/Tale/getCertainTaleView?taleId=155
INFO: [ app_init ] --START--
INFO: Run Behavior\BuildLiteBehavior [ RunTime:0.000013s ]
INFO: [ app_init ] --END-- [ RunTime:0.000326s ]
INFO: [ app_begin ] --START--
INFO: Run Behavior\ReadHtmlCacheBehavior [ RunTime:0.000479s ]
INFO: [ app_begin ] --END-- [ RunTime:0.000516s ]
SQL: SHOW COLUMNS FROM `tale` [ RunTime:0.0005s ]
SQL: SHOW COLUMNS FROM `para` [ RunTime:0.0004s ]
SQL: SHOW COLUMNS FROM `user` [ RunTime:0.0004s ]
SQL: SHOW COLUMNS FROM `tag` [ RunTime:0.0004s ]
SQL: SELECT * FROM `tale` WHERE `id` = 155 LIMIT 1   [ RunTime:0.0002s ]
SQL: SELECT * FROM `para` WHERE `taleId` = 155 ORDER BY id LIMIT 1   [ RunTime:0.0002s ]
SQL: SELECT * FROM `user` WHERE `id` = 3 LIMIT 1   [ RunTime:0.0003s ]
SQL: SELECT `name` FROM `tag` WHERE `id` = 20 LIMIT 1   [ RunTime:0.0001s ]
SQL: SELECT `name` FROM `tag` WHERE `id` = 15 LIMIT 1   [ RunTime:0.0002s ]
SQL: SELECT `name` FROM `tag` WHERE `id` = 19 LIMIT 1   [ RunTime:0.0002s ]

[ 2017-07-20T23:35:15+08:00 ] 192.168.31.207 /~mile/qicheng/index.php/Api/Tale/getCertainTaleView?taleId=157
INFO: [ app_init ] --START--
INFO: Run Behavior\BuildLiteBehavior [ RunTime:0.000130s ]
INFO: [ app_init ] --END-- [ RunTime:0.001120s ]
INFO: [ app_begin ] --START--
INFO: Run Behavior\ReadHtmlCacheBehavior [ RunTime:0.001867s ]
INFO: [ app_begin ] --END-- [ RunTime:0.002177s ]
SQL: SHOW COLUMNS FROM `tale` [ RunTime:0.0005s ]
SQL: SHOW COLUMNS FROM `para` [ RunTime:0.0004s ]
SQL: SHOW COLUMNS FROM `user` [ RunTime:0.0004s ]
SQL: SHOW COLUMNS FROM `tag` [ RunTime:0.0004s ]
SQL: SELECT * FROM `tale` WHERE `id` = 157 LIMIT 1   [ RunTime:0.0003s ]
SQL: SELECT * FROM `para` WHERE `taleId` = 157 ORDER BY id LIMIT 1   [ RunTime:0.0003s ]
SQL: SELECT * FROM `user` WHERE `id` = 2 LIMIT 1   [ RunTime:0.0002s ]
SQL: SELECT `name` FROM `tag` WHERE `id` = 28 LIMIT 1   [ RunTime:0.0002s ]
SQL: SELECT `name` FROM `tag` WHERE `id` = 20 LIMIT 1   [ RunTime:0.0002s ]
SQL: SELECT `name` FROM `tag` WHERE `id` = 19 LIMIT 1   [ RunTime:0.0002s ]
SQL: SELECT `name` FROM `tag` WHERE `id` = 5 LIMIT 1   [ RunTime:0.0002s ]

[ 2017-07-20T23:39:02+08:00 ] 192.168.31.207 /~mile/qicheng/index.php/Api/Tale/getHotTaleView?timeBefore=1500552850151&limit=10
INFO: [ app_init ] --START--
INFO: Run Behavior\BuildLiteBehavior [ RunTime:0.000022s ]
INFO: [ app_init ] --END-- [ RunTime:0.000360s ]
INFO: [ app_begin ] --START--
INFO: Run Behavior\ReadHtmlCacheBehavior [ RunTime:0.000437s ]
INFO: [ app_begin ] --END-- [ RunTime:0.000511s ]
SQL: SHOW COLUMNS FROM `tale` [ RunTime:0.0007s ]
SQL: SHOW COLUMNS FROM `para` [ RunTime:0.0004s ]
SQL: SHOW COLUMNS FROM `user` [ RunTime:0.0004s ]
SQL: SHOW COLUMNS FROM `tag` [ RunTime:0.0004s ]
SQL: SELECT * FROM `tale` WHERE `time` < '1500552850' ORDER BY zan desc,paraNumber desc,time desc LIMIT 10   [ RunTime:0.0012s ]
SQL: SELECT * FROM `para` WHERE `taleId` = 162 ORDER BY id LIMIT 1   [ RunTime:0.0004s ]
SQL: SELECT * FROM `user` WHERE `id` = 2 LIMIT 1   [ RunTime:0.0003s ]
SQL: SELECT * FROM `user` WHERE `id` = 2 LIMIT 1   [ RunTime:0.0002s ]
SQL: SELECT `name` FROM `tag` WHERE `id` = 16 LIMIT 1   [ RunTime:0.0002s ]
SQL: SELECT * FROM `para` WHERE `taleId` = 156 ORDER BY id LIMIT 1   [ RunTime:0.0002s ]
SQL: SELECT * FROM `user` WHERE `id` = 1 LIMIT 1   [ RunTime:0.0002s ]
SQL: SELECT * FROM `user` WHERE `id` = 1 LIMIT 1   [ RunTime:0.0002s ]
SQL: SELECT `name` FROM `tag` WHERE `id` = 27 LIMIT 1   [ RunTime:0.0002s ]
SQL: SELECT `name` FROM `tag` WHERE `id` = 19 LIMIT 1   [ RunTime:0.0002s ]
SQL: SELECT * FROM `para` WHERE `taleId` = 155 ORDER BY id LIMIT 1   [ RunTime:0.0002s ]
SQL: SELECT * FROM `user` WHERE `id` = 3 LIMIT 1   [ RunTime:0.0002s ]
SQL: SELECT * FROM `user` WHERE `id` = 3 LIMIT 1   [ RunTime:0.0002s ]
SQL: SELECT `name` FROM `tag` WHERE `id` = 20 LIMIT 1   [ RunTime:0.0002s ]
SQL: SELECT `name` FROM `tag` WHERE `id` = 15 LIMIT 1   [ RunTime:0.0002s ]
SQL: SELECT `name` FROM `tag` WHERE `id` = 19 LIMIT 1   [ RunTime:0.0002s ]
SQL: SELECT * FROM `para` WHERE `taleId` = 160 ORDER BY id LIMIT 1   [ RunTime:0.0002s ]
SQL: SELECT * FROM `user` WHERE `id` = 4 LIMIT 1   [ RunTime:0.0002s ]
SQL: SELECT * FROM `user` WHERE `id` = 4 LIMIT 1   [ RunTime:0.0003s ]
SQL: SELECT `name` FROM `tag` WHERE `id` = 23 LIMIT 1   [ RunTime:0.0002s ]
SQL: SELECT * FROM `para` WHERE `taleId` = 158 ORDER BY id LIMIT 1   [ RunTime:0.0003s ]
SQL: SELECT * FROM `user` WHERE `id` = 1 LIMIT 1   [ RunTime:0.0002s ]
SQL: SELECT * FROM `user` WHERE `id` = 1 LIMIT 1   [ RunTime:0.0002s ]
SQL: SELECT `name` FROM `tag` WHERE `id` = 5 LIMIT 1   [ RunTime:0.0002s ]
SQL: SELECT * FROM `para` WHERE `taleId` = 151 ORDER BY id LIMIT 1   [ RunTime:0.0003s ]
SQL: SELECT * FROM `user` WHERE `id` = 6 LIMIT 1   [ RunTime:0.0002s ]
SQL: SELECT * FROM `user` WHERE `id` = 6 LIMIT 1   [ RunTime:0.0002s ]
SQL: SELECT `name` FROM `tag` WHERE `id` = 28 LIMIT 1   [ RunTime:0.0002s ]
SQL: SELECT `name` FROM `tag` WHERE `id` = 19 LIMIT 1   [ RunTime:0.0002s ]
SQL: SELECT * FROM `para` WHERE `taleId` = 157 ORDER BY id LIMIT 1   [ RunTime:0.0002s ]
SQL: SELECT * FROM `user` WHERE `id` = 2 LIMIT 1   [ RunTime:0.0002s ]
SQL: SELECT * FROM `user` WHERE `id` = 2 LIMIT 1   [ RunTime:0.0002s ]
SQL: SELECT `name` FROM `tag` WHERE `id` = 28 LIMIT 1   [ RunTime:0.0002s ]
SQL: SELECT `name` FROM `tag` WHERE `id` = 20 LIMIT 1   [ RunTime:0.0002s ]
SQL: SELECT `name` FROM `tag` WHERE `id` = 19 LIMIT 1   [ RunTime:0.0002s ]
SQL: SELECT `name` FROM `tag` WHERE `id` = 5 LIMIT 1   [ RunTime:0.0002s ]
SQL: SELECT * FROM `para` WHERE `taleId` = 161 ORDER BY id LIMIT 1   [ RunTime:0.0003s ]
SQL: SELECT * FROM `user` WHERE `id` = 3 LIMIT 1   [ RunTime:0.0002s ]
SQL: SELECT * FROM `user` WHERE `id` = 3 LIMIT 1   [ RunTime:0.0002s ]
SQL: SELECT `name` FROM `tag` WHERE `id` = 20 LIMIT 1   [ RunTime:0.0002s ]
SQL: SELECT * FROM `para` WHERE `taleId` = 159 ORDER BY id LIMIT 1   [ RunTime:0.0002s ]
SQL: SELECT * FROM `user` WHERE `id` = 1 LIMIT 1   [ RunTime:0.0002s ]
SQL: SELECT * FROM `user` WHERE `id` = 1 LIMIT 1   [ RunTime:0.0003s ]
SQL: SELECT `name` FROM `tag` WHERE `id` = 3 LIMIT 1   [ RunTime:0.0002s ]
SQL: SELECT * FROM `para` WHERE `taleId` = 154 ORDER BY id LIMIT 1   [ RunTime:0.0002s ]
SQL: SELECT * FROM `user` WHERE `id` = 4 LIMIT 1   [ RunTime:0.0002s ]
SQL: SELECT * FROM `user` WHERE `id` = 4 LIMIT 1   [ RunTime:0.0002s ]
SQL: SELECT `name` FROM `tag` WHERE `id` = 20 LIMIT 1   [ RunTime:0.0002s ]
SQL: SELECT `name` FROM `tag` WHERE `id` = 15 LIMIT 1   [ RunTime:0.0002s ]
SQL: SELECT `name` FROM `tag` WHERE `id` = 5 LIMIT 1   [ RunTime:0.0002s ]

[ 2017-07-20T23:39:02+08:00 ] 192.168.31.207 /~mile/qicheng/index.php/Api/Tale/getLatestTaleView?timeBefore=1500552850214&limit=10
INFO: [ app_init ] --START--
INFO: Run Behavior\BuildLiteBehavior [ RunTime:0.000013s ]
INFO: [ app_init ] --END-- [ RunTime:0.000354s ]
INFO: [ app_begin ] --START--
INFO: Run Behavior\ReadHtmlCacheBehavior [ RunTime:0.000424s ]
INFO: [ app_begin ] --END-- [ RunTime:0.000479s ]
SQL: SHOW COLUMNS FROM `tale` [ RunTime:0.0063s ]
SQL: SHOW COLUMNS FROM `para` [ RunTime:0.0005s ]
SQL: SHOW COLUMNS FROM `user` [ RunTime:0.0011s ]
SQL: SHOW COLUMNS FROM `tag` [ RunTime:0.0005s ]
SQL: SELECT * FROM `tale` WHERE `time` < '1500552850' ORDER BY time desc LIMIT 10   [ RunTime:0.0003s ]
SQL: SELECT * FROM `para` WHERE `taleId` = 169 ORDER BY id LIMIT 1   [ RunTime:0.0003s ]
SQL: SELECT * FROM `user` WHERE `id` = 1 LIMIT 1   [ RunTime:0.0003s ]
SQL: SELECT * FROM `user` WHERE `id` = 1 LIMIT 1   [ RunTime:0.0002s ]
SQL: SELECT `name` FROM `tag` WHERE `id` = 17 LIMIT 1   [ RunTime:0.0002s ]
SQL: SELECT * FROM `para` WHERE `taleId` = 168 ORDER BY id LIMIT 1   [ RunTime:0.0002s ]
SQL: SELECT * FROM `user` WHERE `id` = 1 LIMIT 1   [ RunTime:0.0002s ]
SQL: SELECT * FROM `user` WHERE `id` = 1 LIMIT 1   [ RunTime:0.0002s ]
SQL: SELECT `name` FROM `tag` WHERE `id` = 14 LIMIT 1   [ RunTime:0.0002s ]
SQL: SELECT `name` FROM `tag` WHERE `id` = 16 LIMIT 1   [ RunTime:0.0002s ]
SQL: SELECT * FROM `para` WHERE `taleId` = 167 ORDER BY id LIMIT 1   [ RunTime:0.0002s ]
SQL: SELECT * FROM `user` WHERE `id` = 1 LIMIT 1   [ RunTime:0.0002s ]
SQL: SELECT * FROM `user` WHERE `id` = 1 LIMIT 1   [ RunTime:0.0002s ]
SQL: SELECT `name` FROM `tag` WHERE `id` = 30 LIMIT 1   [ RunTime:0.0002s ]
SQL: SELECT * FROM `para` WHERE `taleId` = 166 ORDER BY id LIMIT 1   [ RunTime:0.0002s ]
SQL: SELECT * FROM `user` WHERE `id` = 1 LIMIT 1   [ RunTime:0.0002s ]
SQL: SELECT * FROM `user` WHERE `id` = 1 LIMIT 1   [ RunTime:0.0002s ]
SQL: SELECT `name` FROM `tag` WHERE `id` = 20 LIMIT 1   [ RunTime:0.0002s ]
SQL: SELECT * FROM `para` WHERE `taleId` = 165 ORDER BY id LIMIT 1   [ RunTime:0.0003s ]
SQL: SELECT * FROM `user` WHERE `id` = 1 LIMIT 1   [ RunTime:0.0002s ]
SQL: SELECT * FROM `user` WHERE `id` = 1 LIMIT 1   [ RunTime:0.0002s ]
SQL: SELECT `name` FROM `tag` WHERE `id` = 22 LIMIT 1   [ RunTime:0.0002s ]
SQL: SELECT * FROM `para` WHERE `taleId` = 164 ORDER BY id LIMIT 1   [ RunTime:0.0003s ]
SQL: SELECT * FROM `user` WHERE `id` = 1 LIMIT 1   [ RunTime:0.0002s ]
SQL: SELECT * FROM `user` WHERE `id` = 1 LIMIT 1   [ RunTime:0.0002s ]
SQL: SELECT `name` FROM `tag` WHERE `id` = 29 LIMIT 1   [ RunTime:0.0002s ]
SQL: SELECT * FROM `para` WHERE `taleId` = 163 ORDER BY id LIMIT 1   [ RunTime:0.0002s ]
SQL: SELECT * FROM `user` WHERE `id` = 1 LIMIT 1   [ RunTime:0.0002s ]
SQL: SELECT * FROM `user` WHERE `id` = 1 LIMIT 1   [ RunTime:0.0002s ]
SQL: SELECT `name` FROM `tag` WHERE `id` = 19 LIMIT 1   [ RunTime:0.0002s ]
SQL: SELECT * FROM `para` WHERE `taleId` = 162 ORDER BY id LIMIT 1   [ RunTime:0.0002s ]
SQL: SELECT * FROM `user` WHERE `id` = 2 LIMIT 1   [ RunTime:0.0002s ]
SQL: SELECT * FROM `user` WHERE `id` = 2 LIMIT 1   [ RunTime:0.0002s ]
SQL: SELECT `name` FROM `tag` WHERE `id` = 16 LIMIT 1   [ RunTime:0.0002s ]
SQL: SELECT * FROM `para` WHERE `taleId` = 161 ORDER BY id LIMIT 1   [ RunTime:0.0002s ]
SQL: SELECT * FROM `user` WHERE `id` = 3 LIMIT 1   [ RunTime:0.0002s ]
SQL: SELECT * FROM `user` WHERE `id` = 3 LIMIT 1   [ RunTime:0.0002s ]
SQL: SELECT `name` FROM `tag` WHERE `id` = 20 LIMIT 1   [ RunTime:0.0002s ]
SQL: SELECT * FROM `para` WHERE `taleId` = 160 ORDER BY id LIMIT 1   [ RunTime:0.0002s ]
SQL: SELECT * FROM `user` WHERE `id` = 4 LIMIT 1   [ RunTime:0.0002s ]
SQL: SELECT * FROM `user` WHERE `id` = 4 LIMIT 1   [ RunTime:0.0002s ]
SQL: SELECT `name` FROM `tag` WHERE `id` = 23 LIMIT 1   [ RunTime:0.0002s ]

[ 2017-07-20T23:39:04+08:00 ] 192.168.31.207 /~mile/qicheng/index.php/Api/Tale/getCertainTaleView?taleId=162
INFO: [ app_init ] --START--
INFO: Run Behavior\BuildLiteBehavior [ RunTime:0.000009s ]
INFO: [ app_init ] --END-- [ RunTime:0.000187s ]
INFO: [ app_begin ] --START--
INFO: Run Behavior\ReadHtmlCacheBehavior [ RunTime:0.000245s ]
INFO: [ app_begin ] --END-- [ RunTime:0.000273s ]
SQL: SHOW COLUMNS FROM `tale` [ RunTime:0.0004s ]
SQL: SHOW COLUMNS FROM `para` [ RunTime:0.0025s ]
SQL: SHOW COLUMNS FROM `user` [ RunTime:0.0004s ]
SQL: SHOW COLUMNS FROM `tag` [ RunTime:0.0004s ]
SQL: SELECT * FROM `tale` WHERE `id` = 162 LIMIT 1   [ RunTime:0.0002s ]
SQL: SELECT * FROM `para` WHERE `taleId` = 162 ORDER BY id LIMIT 1   [ RunTime:0.0003s ]
SQL: SELECT * FROM `user` WHERE `id` = 2 LIMIT 1   [ RunTime:0.0002s ]
SQL: SELECT `name` FROM `tag` WHERE `id` = 16 LIMIT 1   [ RunTime:0.0002s ]

