[ 2017-05-28T15:13:57+08:00 ] 192.168.31.207 /~mile/qicheng/
INFO: [ app_init ] --START--
INFO: Run Behavior\BuildLiteBehavior [ RunTime:0.000010s ]
INFO: [ app_init ] --END-- [ RunTime:0.000226s ]
INFO: [ app_begin ] --START--
INFO: Run Behavior\ReadHtmlCacheBehavior [ RunTime:0.000228s ]
INFO: [ app_begin ] --END-- [ RunTime:0.000252s ]
INFO: [ view_parse ] --START--
INFO: [ template_filter ] --START--
INFO: Run Behavior\ContentReplaceBehavior [ RunTime:0.000019s ]
INFO: [ template_filter ] --END-- [ RunTime:0.000047s ]
INFO: Run Behavior\ParseTemplateBehavior [ RunTime:0.002631s ]
INFO: [ view_parse ] --END-- [ RunTime:0.002675s ]
INFO: [ view_filter ] --START--
INFO: Run Behavior\WriteHtmlCacheBehavior [ RunTime:0.000113s ]
INFO: [ view_filter ] --END-- [ RunTime:0.000134s ]
INFO: [ app_end ] --START--
INFO: Run Behavior\ShowPageTraceBehavior [ RunTime:0.000397s ]
INFO: [ app_end ] --END-- [ RunTime:0.000437s ]

[ 2017-05-28T17:16:24+08:00 ] 192.168.31.207 /~mile/qicheng/index.php/Api/User/newUser?phone=13915800489&nick=yxh&gender=0&avatar=avt&password=123456
INFO: [ app_init ] --START--
INFO: Run Behavior\BuildLiteBehavior [ RunTime:0.000008s ]
INFO: [ app_init ] --END-- [ RunTime:0.000185s ]
INFO: [ app_begin ] --START--
INFO: Run Behavior\ReadHtmlCacheBehavior [ RunTime:0.000240s ]
INFO: [ app_begin ] --END-- [ RunTime:0.000265s ]
ERR: 非法操作:newUser

[ 2017-05-28T17:17:38+08:00 ] 192.168.31.207 /~mile/qicheng/index.php/Api/User/newUser?phone=13915800489&nick=yxh&gender=0&avatar=avt&password=123456
INFO: [ app_init ] --START--
INFO: Run Behavior\BuildLiteBehavior [ RunTime:0.000006s ]
INFO: [ app_init ] --END-- [ RunTime:0.000182s ]
INFO: [ app_begin ] --START--
INFO: Run Behavior\ReadHtmlCacheBehavior [ RunTime:0.000211s ]
INFO: [ app_begin ] --END-- [ RunTime:0.000234s ]
ERR: 非法操作:newUser

[ 2017-05-28T17:18:47+08:00 ] 192.168.31.207 /~mile/qicheng/index.php/Api/User/newUser?phone=13915800489&nick=yxh&gender=0&avatar=avt&password=123456
INFO: [ app_init ] --START--
INFO: Run Behavior\BuildLiteBehavior [ RunTime:0.000010s ]
INFO: [ app_init ] --END-- [ RunTime:0.000238s ]
INFO: [ app_begin ] --START--
INFO: Run Behavior\ReadHtmlCacheBehavior [ RunTime:0.000296s ]
INFO: [ app_begin ] --END-- [ RunTime:0.000327s ]
ERR: 非法操作:newUser

[ 2017-05-28T17:18:48+08:00 ] 192.168.31.207 /~mile/qicheng/index.php/Api/User/newUser?phone=13915800489&nick=yxh&gender=0&avatar=avt&password=123456
INFO: [ app_init ] --START--
INFO: Run Behavior\BuildLiteBehavior [ RunTime:0.000007s ]
INFO: [ app_init ] --END-- [ RunTime:0.000165s ]
INFO: [ app_begin ] --START--
INFO: Run Behavior\ReadHtmlCacheBehavior [ RunTime:0.000204s ]
INFO: [ app_begin ] --END-- [ RunTime:0.000228s ]
ERR: 非法操作:newUser

[ 2017-05-28T17:23:09+08:00 ] 192.168.31.207 /~mile/qicheng/index.php/Api/User/newUser?phone=13915800489&nick=yxh&gender=0&avatar=avt&password=123456
INFO: [ app_init ] --START--
INFO: Run Behavior\BuildLiteBehavior [ RunTime:0.000008s ]
INFO: [ app_init ] --END-- [ RunTime:0.000181s ]
INFO: [ app_begin ] --START--
INFO: Run Behavior\ReadHtmlCacheBehavior [ RunTime:0.000235s ]
INFO: [ app_begin ] --END-- [ RunTime:0.000260s ]
ERR: 非法操作:newUser

[ 2017-05-28T17:23:11+08:00 ] 192.168.31.207 /~mile/qicheng/index.php/Api/User/newUser?phone=13915800489&nick=yxh&gender=0&avatar=avt&password=123456
INFO: [ app_init ] --START--
INFO: Run Behavior\BuildLiteBehavior [ RunTime:0.000007s ]
INFO: [ app_init ] --END-- [ RunTime:0.000171s ]
INFO: [ app_begin ] --START--
INFO: Run Behavior\ReadHtmlCacheBehavior [ RunTime:0.000208s ]
INFO: [ app_begin ] --END-- [ RunTime:0.000232s ]
ERR: 非法操作:newUser

[ 2017-05-28T17:23:27+08:00 ] 192.168.31.207 /~mile/qicheng/index.php/Api/User/newUser?phone=13915800489&nick=yxh&gender=0&avatar=avt&password=123456
INFO: [ app_init ] --START--
INFO: Run Behavior\BuildLiteBehavior [ RunTime:0.000006s ]
INFO: [ app_init ] --END-- [ RunTime:0.000176s ]
INFO: [ app_begin ] --START--
INFO: Run Behavior\ReadHtmlCacheBehavior [ RunTime:0.000197s ]
INFO: [ app_begin ] --END-- [ RunTime:0.000220s ]
ERR: 非法操作:newUser

[ 2017-05-28T17:24:32+08:00 ] 192.168.31.207 /~mile/qicheng/index.php/Api/User/newUser?phone=13915800489&nick=yxh&gender=0&avatar=avt&password=123456
INFO: [ app_init ] --START--
INFO: Run Behavior\BuildLiteBehavior [ RunTime:0.000007s ]
INFO: [ app_init ] --END-- [ RunTime:0.000169s ]
INFO: [ app_begin ] --START--
INFO: Run Behavior\ReadHtmlCacheBehavior [ RunTime:0.000233s ]
INFO: [ app_begin ] --END-- [ RunTime:0.000261s ]
ERR: 非法操作:newUser

[ 2017-05-28T17:25:48+08:00 ] 192.168.31.207 /~mile/qicheng/index.php/Api/User/newUser?phone=13915800489&nick=yxh&gender=0&avatar=avt&password=123456
INFO: [ app_init ] --START--
INFO: Run Behavior\BuildLiteBehavior [ RunTime:0.000006s ]
INFO: [ app_init ] --END-- [ RunTime:0.000153s ]
INFO: [ app_begin ] --START--
INFO: Run Behavior\ReadHtmlCacheBehavior [ RunTime:0.000191s ]
INFO: [ app_begin ] --END-- [ RunTime:0.000213s ]

[ 2017-05-28T17:26:47+08:00 ] 192.168.31.207 /~mile/qicheng/index.php/Api/User/newUser?phone=13915800489&nick=yxh&gender=0&avatar=avt&password=123456
INFO: [ app_init ] --START--
INFO: Run Behavior\BuildLiteBehavior [ RunTime:0.000007s ]
INFO: [ app_init ] --END-- [ RunTime:0.000169s ]
INFO: [ app_begin ] --START--
INFO: Run Behavior\ReadHtmlCacheBehavior [ RunTime:0.000222s ]
INFO: [ app_begin ] --END-- [ RunTime:0.000245s ]

[ 2017-05-28T17:26:49+08:00 ] 192.168.31.207 /~mile/qicheng/index.php/Api/User/newUser?phone=13915800489&nick=yxh&gender=0&avatar=avt&password=123456
INFO: [ app_init ] --START--
INFO: Run Behavior\BuildLiteBehavior [ RunTime:0.000007s ]
INFO: [ app_init ] --END-- [ RunTime:0.000176s ]
INFO: [ app_begin ] --START--
INFO: Run Behavior\ReadHtmlCacheBehavior [ RunTime:0.000213s ]
INFO: [ app_begin ] --END-- [ RunTime:0.000237s ]

[ 2017-05-28T17:28:09+08:00 ] 192.168.31.207 /~mile/qicheng/index.php/Api/User/newUser?phone=13915800489&nick=yxh&gender=0&avatar=avt&password=123456
INFO: [ app_init ] --START--
INFO: Run Behavior\BuildLiteBehavior [ RunTime:0.000008s ]
INFO: [ app_init ] --END-- [ RunTime:0.000180s ]
INFO: [ app_begin ] --START--
INFO: Run Behavior\ReadHtmlCacheBehavior [ RunTime:0.000207s ]
INFO: [ app_begin ] --END-- [ RunTime:0.000230s ]
SQL: SHOW COLUMNS FROM `user` [ RunTime:0.0006s ]

[ 2017-05-28T17:29:18+08:00 ] 192.168.31.207 /~mile/qicheng/index.php/Api/User/newUser?phone=13915800489&nick=yxh&gender=0&avatar=avt&password=123456
INFO: [ app_init ] --START--
INFO: Run Behavior\BuildLiteBehavior [ RunTime:0.000008s ]
INFO: [ app_init ] --END-- [ RunTime:0.000164s ]
INFO: [ app_begin ] --START--
INFO: Run Behavior\ReadHtmlCacheBehavior [ RunTime:0.000192s ]
INFO: [ app_begin ] --END-- [ RunTime:0.000213s ]
SQL: SHOW COLUMNS FROM `user` [ RunTime:0.0004s ]
NOTIC: [8] Undefined index: validate /Users/mile/Sites/qicheng/ThinkPHP/Library/Think/Model.class.php 第 1185 行.
NOTIC: [8] Undefined index: auto /Users/mile/Sites/qicheng/ThinkPHP/Library/Think/Model.class.php 第 1128 行.
ERR: 1264:Out of range value for column 'phone' at row 1
 [ SQL语句 ] : INSERT INTO `user` (`id`,`phone`,`password`,`nick`,`gender`,`avatar`) VALUES (NULL,'13915800489','123456','yxh','0','avt')
ERR: 1264:Out of range value for column 'phone' at row 1
 [ SQL语句 ] : INSERT INTO `user` (`id`,`phone`,`password`,`nick`,`gender`,`avatar`) VALUES (NULL,'13915800489','123456','yxh','0','avt')

[ 2017-05-28T17:31:27+08:00 ] 192.168.31.207 /~mile/qicheng/index.php/Api/User/newUser?phone=13915800489&nick=yxh&gender=0&avatar=avt&password=123456
INFO: [ app_init ] --START--
INFO: Run Behavior\BuildLiteBehavior [ RunTime:0.000007s ]
INFO: [ app_init ] --END-- [ RunTime:0.000173s ]
INFO: [ app_begin ] --START--
INFO: Run Behavior\ReadHtmlCacheBehavior [ RunTime:0.000241s ]
INFO: [ app_begin ] --END-- [ RunTime:0.000267s ]
SQL: SHOW COLUMNS FROM `user` [ RunTime:0.0004s ]
NOTIC: [8] Undefined index: validate /Users/mile/Sites/qicheng/ThinkPHP/Library/Think/Model.class.php 第 1185 行.
NOTIC: [8] Undefined index: auto /Users/mile/Sites/qicheng/ThinkPHP/Library/Think/Model.class.php 第 1128 行.
ERR: 1264:Out of range value for column 'phone' at row 1
 [ SQL语句 ] : INSERT INTO `user` (`id`,`phone`,`password`,`nick`,`gender`,`avatar`) VALUES (NULL,'13915800489','123456','yxh','0','avt')
ERR: 1264:Out of range value for column 'phone' at row 1
 [ SQL语句 ] : INSERT INTO `user` (`id`,`phone`,`password`,`nick`,`gender`,`avatar`) VALUES (NULL,'13915800489','123456','yxh','0','avt')

[ 2017-05-28T17:31:56+08:00 ] 192.168.31.207 /~mile/qicheng/index.php/Api/User/newUser?phone=13915800489&nick=yxh&gender=0&avatar=avt&password=123456
INFO: [ app_init ] --START--
INFO: Run Behavior\BuildLiteBehavior [ RunTime:0.000007s ]
INFO: [ app_init ] --END-- [ RunTime:0.000161s ]
INFO: [ app_begin ] --START--
INFO: Run Behavior\ReadHtmlCacheBehavior [ RunTime:0.000198s ]
INFO: [ app_begin ] --END-- [ RunTime:0.000220s ]
SQL: SHOW COLUMNS FROM `user` [ RunTime:0.0004s ]
NOTIC: [8] Undefined index: validate /Users/mile/Sites/qicheng/ThinkPHP/Library/Think/Model.class.php 第 1185 行.
NOTIC: [8] Undefined index: auto /Users/mile/Sites/qicheng/ThinkPHP/Library/Think/Model.class.php 第 1128 行.
SQL: INSERT INTO `user` (`id`,`phone`,`password`,`nick`,`gender`,`avatar`) VALUES (NULL,'13915800489','123456','yxh','0','avt') [ RunTime:0.0022s ]
INFO: [ app_end ] --START--
INFO: Run Behavior\ShowPageTraceBehavior [ RunTime:0.000368s ]
INFO: [ app_end ] --END-- [ RunTime:0.000398s ]

[ 2017-05-28T22:16:48+08:00 ] 192.168.31.207 /~mile/qicheng/index.php/Api/Tale/getTaleSynopsisById?id=1
INFO: [ app_init ] --START--
INFO: Run Behavior\BuildLiteBehavior [ RunTime:0.000009s ]
INFO: [ app_init ] --END-- [ RunTime:0.000204s ]
INFO: [ app_begin ] --START--
INFO: Run Behavior\ReadHtmlCacheBehavior [ RunTime:0.000246s ]
INFO: [ app_begin ] --END-- [ RunTime:0.000280s ]

[ 2017-05-28T22:21:32+08:00 ] 192.168.31.207 /~mile/qicheng/index.php/Api/Tale/getTaleSynopsisById?id=1
INFO: [ app_init ] --START--
INFO: Run Behavior\BuildLiteBehavior [ RunTime:0.000008s ]
INFO: [ app_init ] --END-- [ RunTime:0.000200s ]
INFO: [ app_begin ] --START--
INFO: Run Behavior\ReadHtmlCacheBehavior [ RunTime:0.000211s ]
INFO: [ app_begin ] --END-- [ RunTime:0.000233s ]

[ 2017-05-28T22:22:08+08:00 ] 192.168.31.207 /~mile/qicheng/index.php/Api/Tale/getTaleSynopsisById?id=1
INFO: [ app_init ] --START--
INFO: Run Behavior\BuildLiteBehavior [ RunTime:0.000007s ]
INFO: [ app_init ] --END-- [ RunTime:0.000176s ]
INFO: [ app_begin ] --START--
INFO: Run Behavior\ReadHtmlCacheBehavior [ RunTime:0.000210s ]
INFO: [ app_begin ] --END-- [ RunTime:0.000233s ]

[ 2017-05-28T22:22:59+08:00 ] 192.168.31.207 /~mile/qicheng/index.php/Api/Tale/getTaleSynopsisById?id=1
INFO: [ app_init ] --START--
INFO: Run Behavior\BuildLiteBehavior [ RunTime:0.000008s ]
INFO: [ app_init ] --END-- [ RunTime:0.000184s ]
INFO: [ app_begin ] --START--
INFO: Run Behavior\ReadHtmlCacheBehavior [ RunTime:0.000292s ]
INFO: [ app_begin ] --END-- [ RunTime:0.000318s ]
SQL: SHOW COLUMNS FROM `tale` [ RunTime:0.0005s ]
SQL: SELECT * FROM `tale` LIMIT 1   [ RunTime:0.0002s ]

[ 2017-05-28T22:23:51+08:00 ] 192.168.31.207 /~mile/qicheng/index.php/Api/Tale/getTaleSynopsisById?id=1
INFO: [ app_init ] --START--
INFO: Run Behavior\BuildLiteBehavior [ RunTime:0.000006s ]
INFO: [ app_init ] --END-- [ RunTime:0.000164s ]
INFO: [ app_begin ] --START--
INFO: Run Behavior\ReadHtmlCacheBehavior [ RunTime:0.000208s ]
INFO: [ app_begin ] --END-- [ RunTime:0.000245s ]
SQL: SHOW COLUMNS FROM `tale` [ RunTime:0.0016s ]
SQL: SELECT * FROM `tale` WHERE `id` = 1 LIMIT 1   [ RunTime:0.0003s ]
SQL: SHOW COLUMNS FROM `user` [ RunTime:0.0003s ]
ERR: Think\Model:get方法不存在！

[ 2017-05-28T22:24:55+08:00 ] 192.168.31.207 /~mile/qicheng/index.php/Api/Tale/getTaleSynopsisById?id=1
INFO: [ app_init ] --START--
INFO: Run Behavior\BuildLiteBehavior [ RunTime:0.000008s ]
INFO: [ app_init ] --END-- [ RunTime:0.000180s ]
INFO: [ app_begin ] --START--
INFO: Run Behavior\ReadHtmlCacheBehavior [ RunTime:0.000236s ]
INFO: [ app_begin ] --END-- [ RunTime:0.000260s ]
SQL: SHOW COLUMNS FROM `tale` [ RunTime:0.0006s ]
SQL: SELECT * FROM `tale` WHERE `id` = 1 LIMIT 1   [ RunTime:0.0002s ]
SQL: SHOW COLUMNS FROM `user` [ RunTime:0.0004s ]
NOTIC: [8] Undefined index: sponsor /Users/mile/Sites/qicheng/Application/Tale/Model/TaleModel.class.php 第 11 行.
ERR: Think\Model:get方法不存在！

[ 2017-05-28T22:25:31+08:00 ] 192.168.31.207 /~mile/qicheng/index.php/Api/Tale/getTaleSynopsisById?id=1
INFO: [ app_init ] --START--
INFO: Run Behavior\BuildLiteBehavior [ RunTime:0.000008s ]
INFO: [ app_init ] --END-- [ RunTime:0.000173s ]
INFO: [ app_begin ] --START--
INFO: Run Behavior\ReadHtmlCacheBehavior [ RunTime:0.000294s ]
INFO: [ app_begin ] --END-- [ RunTime:0.000331s ]
SQL: SHOW COLUMNS FROM `tale` [ RunTime:0.0005s ]
SQL: SELECT * FROM `tale` WHERE `id` = 1 LIMIT 1   [ RunTime:0.0002s ]
SQL: SHOW COLUMNS FROM `user` [ RunTime:0.0003s ]
NOTIC: [8] Undefined index: sponsor /Users/mile/Sites/qicheng/Application/Tale/Model/TaleModel.class.php 第 11 行.
SQL: SELECT `nick` FROM `user` WHERE `id` = null LIMIT 1   [ RunTime:0.0006s ]

[ 2017-05-28T22:25:58+08:00 ] 192.168.31.207 /~mile/qicheng/index.php/Api/Tale/getTaleSynopsisById?id=1
INFO: [ app_init ] --START--
INFO: Run Behavior\BuildLiteBehavior [ RunTime:0.000007s ]
INFO: [ app_init ] --END-- [ RunTime:0.000164s ]
INFO: [ app_begin ] --START--
INFO: Run Behavior\ReadHtmlCacheBehavior [ RunTime:0.000281s ]
INFO: [ app_begin ] --END-- [ RunTime:0.000310s ]
SQL: SHOW COLUMNS FROM `tale` [ RunTime:0.0007s ]
SQL: SELECT * FROM `tale` WHERE `id` = 1 LIMIT 1   [ RunTime:0.0003s ]

[ 2017-05-28T22:26:14+08:00 ] 192.168.31.207 /~mile/qicheng/index.php/Api/Tale/getTaleSynopsisById?id=1
INFO: [ app_init ] --START--
INFO: Run Behavior\BuildLiteBehavior [ RunTime:0.000009s ]
INFO: [ app_init ] --END-- [ RunTime:0.000181s ]
INFO: [ app_begin ] --START--
INFO: Run Behavior\ReadHtmlCacheBehavior [ RunTime:0.000217s ]
INFO: [ app_begin ] --END-- [ RunTime:0.000240s ]
SQL: SHOW COLUMNS FROM `tale` [ RunTime:0.0006s ]
SQL: SELECT * FROM `tale` WHERE `id` = 1 LIMIT 1   [ RunTime:0.0003s ]

[ 2017-05-28T22:26:27+08:00 ] 192.168.31.207 /~mile/qicheng/index.php/Api/Tale/getTaleSynopsisById?id=1
INFO: [ app_init ] --START--
INFO: Run Behavior\BuildLiteBehavior [ RunTime:0.000007s ]
INFO: [ app_init ] --END-- [ RunTime:0.000165s ]
INFO: [ app_begin ] --START--
INFO: Run Behavior\ReadHtmlCacheBehavior [ RunTime:0.000218s ]
INFO: [ app_begin ] --END-- [ RunTime:0.000242s ]
SQL: SHOW COLUMNS FROM `tale` [ RunTime:0.0004s ]
SQL: SELECT * FROM `tale` WHERE `id` = 1 LIMIT 1   [ RunTime:0.0002s ]
SQL: SHOW COLUMNS FROM `user` [ RunTime:0.0003s ]
NOTIC: [8] Undefined index: sponsor /Users/mile/Sites/qicheng/Application/Tale/Model/TaleModel.class.php 第 11 行.
SQL: SELECT `nick` FROM `user` WHERE `id` = null LIMIT 1   [ RunTime:0.0002s ]

[ 2017-05-28T22:27:11+08:00 ] 192.168.31.207 /~mile/qicheng/index.php/Api/Tale/getTaleSynopsisById?id=1
INFO: [ app_init ] --START--
INFO: Run Behavior\BuildLiteBehavior [ RunTime:0.000008s ]
INFO: [ app_init ] --END-- [ RunTime:0.000181s ]
INFO: [ app_begin ] --START--
INFO: Run Behavior\ReadHtmlCacheBehavior [ RunTime:0.000237s ]
INFO: [ app_begin ] --END-- [ RunTime:0.000262s ]
SQL: SHOW COLUMNS FROM `tale` [ RunTime:0.0004s ]
SQL: SELECT * FROM `tale` WHERE `id` = 1 LIMIT 1   [ RunTime:0.0002s ]
SQL: SHOW COLUMNS FROM `user` [ RunTime:0.0002s ]
SQL: SELECT `nick` FROM `user` WHERE `id` = 1 LIMIT 1   [ RunTime:0.0002s ]

[ 2017-05-28T22:27:51+08:00 ] 192.168.31.207 /~mile/qicheng/index.php/Api/Tale/getTaleSynopsisById?id=1
INFO: [ app_init ] --START--
INFO: Run Behavior\BuildLiteBehavior [ RunTime:0.000007s ]
INFO: [ app_init ] --END-- [ RunTime:0.000159s ]
INFO: [ app_begin ] --START--
INFO: Run Behavior\ReadHtmlCacheBehavior [ RunTime:0.000249s ]
INFO: [ app_begin ] --END-- [ RunTime:0.000274s ]
SQL: SHOW COLUMNS FROM `tale` [ RunTime:0.0005s ]
SQL: SELECT * FROM `tale` WHERE `id` = 1 LIMIT 1   [ RunTime:0.0002s ]
SQL: SHOW COLUMNS FROM `user` [ RunTime:0.0004s ]
SQL: SELECT `nick` FROM `user` WHERE `id` = 1 LIMIT 1   [ RunTime:0.0002s ]

