[ 2017-07-16T00:00:08+08:00 ] 192.168.31.207 /~mile/qicheng/index.php/Api/Tale/getHotTaleView?timeBefore=1500132895969&limit=10
INFO: [ app_init ] --START--
INFO: Run Behavior\BuildLiteBehavior [ RunTime:0.000007s ]
INFO: [ app_init ] --END-- [ RunTime:0.000160s ]
INFO: [ app_begin ] --START--
INFO: Run Behavior\ReadHtmlCacheBehavior [ RunTime:0.000196s ]
INFO: [ app_begin ] --END-- [ RunTime:0.000220s ]
SQL: SHOW COLUMNS FROM `tale` [ RunTime:0.0004s ]
SQL: SHOW COLUMNS FROM `para` [ RunTime:0.0005s ]
SQL: SHOW COLUMNS FROM `user` [ RunTime:0.0005s ]
SQL: SHOW COLUMNS FROM `tag` [ RunTime:0.0004s ]
SQL: SELECT * FROM `tale` WHERE `time` < '1500132895' ORDER BY zan desc,paraNumber desc,time desc LIMIT 10   [ RunTime:0.0004s ]
SQL: SELECT * FROM `para` WHERE `taleId` = 162 ORDER BY id LIMIT 1   [ RunTime:0.0003s ]
SQL: SELECT * FROM `user` WHERE `id` = 1 LIMIT 1   [ RunTime:0.0002s ]
SQL: SELECT `name` FROM `tag` WHERE `id` = 16 LIMIT 1   [ RunTime:0.0002s ]
SQL: SELECT * FROM `para` WHERE `taleId` = 156 ORDER BY id LIMIT 1   [ RunTime:0.0003s ]
SQL: SELECT * FROM `user` WHERE `id` = 1 LIMIT 1   [ RunTime:0.0002s ]
SQL: SELECT `name` FROM `tag` WHERE `id` = 27 LIMIT 1   [ RunTime:0.0001s ]
SQL: SELECT `name` FROM `tag` WHERE `id` = 19 LIMIT 1   [ RunTime:0.0002s ]
SQL: SELECT * FROM `para` WHERE `taleId` = 155 ORDER BY id LIMIT 1   [ RunTime:0.0002s ]
SQL: SELECT * FROM `user` WHERE `id` = 1 LIMIT 1   [ RunTime:0.0002s ]
SQL: SELECT `name` FROM `tag` WHERE `id` = 20 LIMIT 1   [ RunTime:0.0002s ]
SQL: SELECT `name` FROM `tag` WHERE `id` = 15 LIMIT 1   [ RunTime:0.0002s ]
SQL: SELECT `name` FROM `tag` WHERE `id` = 19 LIMIT 1   [ RunTime:0.0002s ]
SQL: SELECT * FROM `para` WHERE `taleId` = 160 ORDER BY id LIMIT 1   [ RunTime:0.0002s ]
SQL: SELECT * FROM `user` WHERE `id` = 1 LIMIT 1   [ RunTime:0.0002s ]
SQL: SELECT `name` FROM `tag` WHERE `id` = 23 LIMIT 1   [ RunTime:0.0002s ]
SQL: SELECT * FROM `para` WHERE `taleId` = 158 ORDER BY id LIMIT 1   [ RunTime:0.0002s ]
SQL: SELECT * FROM `user` WHERE `id` = 1 LIMIT 1   [ RunTime:0.0002s ]
SQL: SELECT `name` FROM `tag` WHERE `id` = 5 LIMIT 1   [ RunTime:0.0002s ]
SQL: SELECT * FROM `para` WHERE `taleId` = 151 ORDER BY id LIMIT 1   [ RunTime:0.0002s ]
SQL: SELECT * FROM `user` WHERE `id` = 1 LIMIT 1   [ RunTime:0.0002s ]
SQL: SELECT `name` FROM `tag` WHERE `id` = 28 LIMIT 1   [ RunTime:0.0002s ]
SQL: SELECT `name` FROM `tag` WHERE `id` = 19 LIMIT 1   [ RunTime:0.0002s ]
SQL: SELECT * FROM `para` WHERE `taleId` = 157 ORDER BY id LIMIT 1   [ RunTime:0.0002s ]
SQL: SELECT * FROM `user` WHERE `id` = 1 LIMIT 1   [ RunTime:0.0002s ]
SQL: SELECT `name` FROM `tag` WHERE `id` = 28 LIMIT 1   [ RunTime:0.0002s ]
SQL: SELECT `name` FROM `tag` WHERE `id` = 20 LIMIT 1   [ RunTime:0.0002s ]
SQL: SELECT `name` FROM `tag` WHERE `id` = 19 LIMIT 1   [ RunTime:0.0004s ]
SQL: SELECT `name` FROM `tag` WHERE `id` = 5 LIMIT 1   [ RunTime:0.0002s ]
SQL: SELECT * FROM `para` WHERE `taleId` = 161 ORDER BY id LIMIT 1   [ RunTime:0.0002s ]
SQL: SELECT * FROM `user` WHERE `id` = 1 LIMIT 1   [ RunTime:0.0003s ]
SQL: SELECT `name` FROM `tag` WHERE `id` = 20 LIMIT 1   [ RunTime:0.0004s ]
SQL: SELECT * FROM `para` WHERE `taleId` = 159 ORDER BY id LIMIT 1   [ RunTime:0.0005s ]
SQL: SELECT * FROM `user` WHERE `id` = 1 LIMIT 1   [ RunTime:0.0003s ]
SQL: SELECT `name` FROM `tag` WHERE `id` = 3 LIMIT 1   [ RunTime:0.0002s ]
SQL: SELECT * FROM `para` WHERE `taleId` = 154 ORDER BY id LIMIT 1   [ RunTime:0.0002s ]
SQL: SELECT * FROM `user` WHERE `id` = 1 LIMIT 1   [ RunTime:0.0002s ]
SQL: SELECT `name` FROM `tag` WHERE `id` = 20 LIMIT 1   [ RunTime:0.0002s ]
SQL: SELECT `name` FROM `tag` WHERE `id` = 15 LIMIT 1   [ RunTime:0.0002s ]
SQL: SELECT `name` FROM `tag` WHERE `id` = 5 LIMIT 1   [ RunTime:0.0002s ]

[ 2017-07-16T00:00:08+08:00 ] 192.168.31.207 /~mile/qicheng/index.php/Api/Tale/getLatestTaleView?timeBefore=1500132895986&limit=10
INFO: [ app_init ] --START--
INFO: Run Behavior\BuildLiteBehavior [ RunTime:0.000011s ]
INFO: [ app_init ] --END-- [ RunTime:0.000283s ]
INFO: [ app_begin ] --START--
INFO: Run Behavior\ReadHtmlCacheBehavior [ RunTime:0.000350s ]
INFO: [ app_begin ] --END-- [ RunTime:0.000379s ]
SQL: SHOW COLUMNS FROM `tale` [ RunTime:0.0004s ]
SQL: SHOW COLUMNS FROM `para` [ RunTime:0.0004s ]
SQL: SHOW COLUMNS FROM `user` [ RunTime:0.0004s ]
SQL: SHOW COLUMNS FROM `tag` [ RunTime:0.0004s ]
SQL: SELECT * FROM `tale` WHERE `time` < '1500132895' ORDER BY time desc LIMIT 10   [ RunTime:0.0003s ]
SQL: SELECT * FROM `para` WHERE `taleId` = 162 ORDER BY id LIMIT 1   [ RunTime:0.0002s ]
SQL: SELECT * FROM `user` WHERE `id` = 1 LIMIT 1   [ RunTime:0.0002s ]
SQL: SELECT `name` FROM `tag` WHERE `id` = 16 LIMIT 1   [ RunTime:0.0002s ]
SQL: SELECT * FROM `para` WHERE `taleId` = 161 ORDER BY id LIMIT 1   [ RunTime:0.0002s ]
SQL: SELECT * FROM `user` WHERE `id` = 1 LIMIT 1   [ RunTime:0.0002s ]
SQL: SELECT `name` FROM `tag` WHERE `id` = 20 LIMIT 1   [ RunTime:0.0001s ]
SQL: SELECT * FROM `para` WHERE `taleId` = 160 ORDER BY id LIMIT 1   [ RunTime:0.0002s ]
SQL: SELECT * FROM `user` WHERE `id` = 1 LIMIT 1   [ RunTime:0.0002s ]
SQL: SELECT `name` FROM `tag` WHERE `id` = 23 LIMIT 1   [ RunTime:0.0002s ]
SQL: SELECT * FROM `para` WHERE `taleId` = 159 ORDER BY id LIMIT 1   [ RunTime:0.0002s ]
SQL: SELECT * FROM `user` WHERE `id` = 1 LIMIT 1   [ RunTime:0.0002s ]
SQL: SELECT `name` FROM `tag` WHERE `id` = 3 LIMIT 1   [ RunTime:0.0001s ]
SQL: SELECT * FROM `para` WHERE `taleId` = 158 ORDER BY id LIMIT 1   [ RunTime:0.0002s ]
SQL: SELECT * FROM `user` WHERE `id` = 1 LIMIT 1   [ RunTime:0.0002s ]
SQL: SELECT `name` FROM `tag` WHERE `id` = 5 LIMIT 1   [ RunTime:0.0002s ]
SQL: SELECT * FROM `para` WHERE `taleId` = 157 ORDER BY id LIMIT 1   [ RunTime:0.0002s ]
SQL: SELECT * FROM `user` WHERE `id` = 1 LIMIT 1   [ RunTime:0.0002s ]
SQL: SELECT `name` FROM `tag` WHERE `id` = 28 LIMIT 1   [ RunTime:0.0002s ]
SQL: SELECT `name` FROM `tag` WHERE `id` = 20 LIMIT 1   [ RunTime:0.0002s ]
SQL: SELECT `name` FROM `tag` WHERE `id` = 19 LIMIT 1   [ RunTime:0.0002s ]
SQL: SELECT `name` FROM `tag` WHERE `id` = 5 LIMIT 1   [ RunTime:0.0002s ]
SQL: SELECT * FROM `para` WHERE `taleId` = 156 ORDER BY id LIMIT 1   [ RunTime:0.0002s ]
SQL: SELECT * FROM `user` WHERE `id` = 1 LIMIT 1   [ RunTime:0.0002s ]
SQL: SELECT `name` FROM `tag` WHERE `id` = 27 LIMIT 1   [ RunTime:0.0001s ]
SQL: SELECT `name` FROM `tag` WHERE `id` = 19 LIMIT 1   [ RunTime:0.0002s ]
SQL: SELECT * FROM `para` WHERE `taleId` = 155 ORDER BY id LIMIT 1   [ RunTime:0.0003s ]
SQL: SELECT * FROM `user` WHERE `id` = 1 LIMIT 1   [ RunTime:0.0002s ]
SQL: SELECT `name` FROM `tag` WHERE `id` = 20 LIMIT 1   [ RunTime:0.0002s ]
SQL: SELECT `name` FROM `tag` WHERE `id` = 15 LIMIT 1   [ RunTime:0.0002s ]
SQL: SELECT `name` FROM `tag` WHERE `id` = 19 LIMIT 1   [ RunTime:0.0002s ]
SQL: SELECT * FROM `para` WHERE `taleId` = 154 ORDER BY id LIMIT 1   [ RunTime:0.0002s ]
SQL: SELECT * FROM `user` WHERE `id` = 1 LIMIT 1   [ RunTime:0.0002s ]
SQL: SELECT `name` FROM `tag` WHERE `id` = 20 LIMIT 1   [ RunTime:0.0002s ]
SQL: SELECT `name` FROM `tag` WHERE `id` = 15 LIMIT 1   [ RunTime:0.0002s ]
SQL: SELECT `name` FROM `tag` WHERE `id` = 5 LIMIT 1   [ RunTime:0.0002s ]
SQL: SELECT * FROM `para` WHERE `taleId` = 153 ORDER BY id LIMIT 1   [ RunTime:0.0002s ]
SQL: SELECT * FROM `user` WHERE `id` = 1 LIMIT 1   [ RunTime:0.0002s ]
SQL: SELECT `name` FROM `tag` WHERE `id` = 20 LIMIT 1   [ RunTime:0.0002s ]
SQL: SELECT `name` FROM `tag` WHERE `id` = 5 LIMIT 1   [ RunTime:0.0002s ]

[ 2017-07-16T00:00:15+08:00 ] 192.168.31.207 /~mile/qicheng/index.php/Api/Tale/getHotTaleView?timeBefore=1500021505&limit=10
INFO: [ app_init ] --START--
INFO: Run Behavior\BuildLiteBehavior [ RunTime:0.000009s ]
INFO: [ app_init ] --END-- [ RunTime:0.000286s ]
INFO: [ app_begin ] --START--
INFO: Run Behavior\ReadHtmlCacheBehavior [ RunTime:0.000223s ]
INFO: [ app_begin ] --END-- [ RunTime:0.000248s ]
SQL: SHOW COLUMNS FROM `tale` [ RunTime:0.0004s ]
SQL: SHOW COLUMNS FROM `para` [ RunTime:0.0003s ]
SQL: SHOW COLUMNS FROM `user` [ RunTime:0.0003s ]
SQL: SHOW COLUMNS FROM `tag` [ RunTime:0.0003s ]
SQL: SELECT * FROM `tale` WHERE `time` < '1500021505' ORDER BY zan desc,paraNumber desc,time desc LIMIT 10   [ RunTime:0.0003s ]
SQL: SELECT * FROM `para` WHERE `taleId` = 151 ORDER BY id LIMIT 1   [ RunTime:0.0002s ]
SQL: SELECT * FROM `user` WHERE `id` = 1 LIMIT 1   [ RunTime:0.0021s ]
SQL: SELECT `name` FROM `tag` WHERE `id` = 28 LIMIT 1   [ RunTime:0.0002s ]
SQL: SELECT `name` FROM `tag` WHERE `id` = 19 LIMIT 1   [ RunTime:0.0002s ]
SQL: SELECT * FROM `para` WHERE `taleId` = 152 ORDER BY id LIMIT 1   [ RunTime:0.0002s ]
SQL: SELECT * FROM `user` WHERE `id` = 1 LIMIT 1   [ RunTime:0.0002s ]
SQL: SELECT `name` FROM `tag` WHERE `id` = 19 LIMIT 1   [ RunTime:0.0001s ]
SQL: SELECT `name` FROM `tag` WHERE `id` = 5 LIMIT 1   [ RunTime:0.0001s ]
SQL: SELECT * FROM `para` WHERE `taleId` = 153 ORDER BY id LIMIT 1   [ RunTime:0.0002s ]
SQL: SELECT * FROM `user` WHERE `id` = 1 LIMIT 1   [ RunTime:0.0002s ]
SQL: SELECT `name` FROM `tag` WHERE `id` = 20 LIMIT 1   [ RunTime:0.0002s ]
SQL: SELECT `name` FROM `tag` WHERE `id` = 5 LIMIT 1   [ RunTime:0.0001s ]
SQL: SELECT * FROM `para` WHERE `taleId` = 134 ORDER BY id LIMIT 1   [ RunTime:0.0002s ]
SQL: SELECT * FROM `user` WHERE `id` = 1 LIMIT 1   [ RunTime:0.0002s ]
SQL: SELECT `name` FROM `tag` WHERE `id` = 68 LIMIT 1   [ RunTime:0.0002s ]
SQL: SELECT `name` FROM `tag` WHERE `id` = 66 LIMIT 1   [ RunTime:0.0001s ]
SQL: SELECT * FROM `para` WHERE `taleId` = 133 ORDER BY id LIMIT 1   [ RunTime:0.0002s ]
SQL: SELECT * FROM `user` WHERE `id` = 1 LIMIT 1   [ RunTime:0.0001s ]
SQL: SELECT `name` FROM `tag` WHERE `id` = 68 LIMIT 1   [ RunTime:0.0001s ]
SQL: SELECT `name` FROM `tag` WHERE `id` = 66 LIMIT 1   [ RunTime:0.0001s ]
SQL: SELECT * FROM `para` WHERE `taleId` = 132 ORDER BY id LIMIT 1   [ RunTime:0.0002s ]
SQL: SELECT * FROM `user` WHERE `id` = 1 LIMIT 1   [ RunTime:0.0001s ]
SQL: SELECT `name` FROM `tag` WHERE `id` = 68 LIMIT 1   [ RunTime:0.0001s ]
SQL: SELECT `name` FROM `tag` WHERE `id` = 66 LIMIT 1   [ RunTime:0.0001s ]
SQL: SELECT * FROM `para` WHERE `taleId` = 131 ORDER BY id LIMIT 1   [ RunTime:0.0002s ]
SQL: SELECT * FROM `user` WHERE `id` = 1 LIMIT 1   [ RunTime:0.0001s ]
SQL: SELECT `name` FROM `tag` WHERE `id` = 68 LIMIT 1   [ RunTime:0.0001s ]
SQL: SELECT `name` FROM `tag` WHERE `id` = 66 LIMIT 1   [ RunTime:0.0001s ]
SQL: SELECT * FROM `para` WHERE `taleId` = 130 ORDER BY id LIMIT 1   [ RunTime:0.0002s ]
SQL: SELECT * FROM `user` WHERE `id` = 1 LIMIT 1   [ RunTime:0.0002s ]
SQL: SELECT `name` FROM `tag` WHERE `id` = 68 LIMIT 1   [ RunTime:0.0001s ]
SQL: SELECT `name` FROM `tag` WHERE `id` = 66 LIMIT 1   [ RunTime:0.0001s ]
SQL: SELECT * FROM `para` WHERE `taleId` = 129 ORDER BY id LIMIT 1   [ RunTime:0.0002s ]
SQL: SELECT * FROM `user` WHERE `id` = 1 LIMIT 1   [ RunTime:0.0002s ]
SQL: SELECT `name` FROM `tag` WHERE `id` = 68 LIMIT 1   [ RunTime:0.0001s ]
SQL: SELECT `name` FROM `tag` WHERE `id` = 66 LIMIT 1   [ RunTime:0.0001s ]
SQL: SELECT * FROM `para` WHERE `taleId` = 128 ORDER BY id LIMIT 1   [ RunTime:0.0002s ]
SQL: SELECT * FROM `user` WHERE `id` = 1 LIMIT 1   [ RunTime:0.0002s ]
SQL: SELECT `name` FROM `tag` WHERE `id` = 68 LIMIT 1   [ RunTime:0.0001s ]
SQL: SELECT `name` FROM `tag` WHERE `id` = 66 LIMIT 1   [ RunTime:0.0002s ]

[ 2017-07-16T00:00:47+08:00 ] 192.168.31.207 /~mile/qicheng/index.php/Api/Tale/getHotTaleView?timeBefore=1500132934109&limit=10
INFO: [ app_init ] --START--
INFO: Run Behavior\BuildLiteBehavior [ RunTime:0.000008s ]
INFO: [ app_init ] --END-- [ RunTime:0.000261s ]
INFO: [ app_begin ] --START--
INFO: Run Behavior\ReadHtmlCacheBehavior [ RunTime:0.000379s ]
INFO: [ app_begin ] --END-- [ RunTime:0.000419s ]
SQL: SHOW COLUMNS FROM `tale` [ RunTime:0.0005s ]
SQL: SHOW COLUMNS FROM `para` [ RunTime:0.0004s ]
SQL: SHOW COLUMNS FROM `user` [ RunTime:0.0003s ]
SQL: SHOW COLUMNS FROM `tag` [ RunTime:0.0003s ]
SQL: SELECT * FROM `tale` WHERE `time` < '1500132934' ORDER BY zan desc,paraNumber desc,time desc LIMIT 10   [ RunTime:0.0003s ]
SQL: SELECT * FROM `para` WHERE `taleId` = 162 ORDER BY id LIMIT 1   [ RunTime:0.0003s ]
SQL: SELECT * FROM `user` WHERE `id` = 1 LIMIT 1   [ RunTime:0.0002s ]
SQL: SELECT `name` FROM `tag` WHERE `id` = 16 LIMIT 1   [ RunTime:0.0002s ]
SQL: SELECT * FROM `para` WHERE `taleId` = 156 ORDER BY id LIMIT 1   [ RunTime:0.0003s ]
SQL: SELECT * FROM `user` WHERE `id` = 1 LIMIT 1   [ RunTime:0.0003s ]
SQL: SELECT `name` FROM `tag` WHERE `id` = 27 LIMIT 1   [ RunTime:0.0002s ]
SQL: SELECT `name` FROM `tag` WHERE `id` = 19 LIMIT 1   [ RunTime:0.0002s ]
SQL: SELECT * FROM `para` WHERE `taleId` = 155 ORDER BY id LIMIT 1   [ RunTime:0.0002s ]
SQL: SELECT * FROM `user` WHERE `id` = 1 LIMIT 1   [ RunTime:0.0004s ]
SQL: SELECT `name` FROM `tag` WHERE `id` = 20 LIMIT 1   [ RunTime:0.0002s ]
SQL: SELECT `name` FROM `tag` WHERE `id` = 15 LIMIT 1   [ RunTime:0.0002s ]
SQL: SELECT `name` FROM `tag` WHERE `id` = 19 LIMIT 1   [ RunTime:0.0002s ]
SQL: SELECT * FROM `para` WHERE `taleId` = 160 ORDER BY id LIMIT 1   [ RunTime:0.0003s ]
SQL: SELECT * FROM `user` WHERE `id` = 1 LIMIT 1   [ RunTime:0.0002s ]
SQL: SELECT `name` FROM `tag` WHERE `id` = 23 LIMIT 1   [ RunTime:0.0002s ]
SQL: SELECT * FROM `para` WHERE `taleId` = 158 ORDER BY id LIMIT 1   [ RunTime:0.0003s ]
SQL: SELECT * FROM `user` WHERE `id` = 1 LIMIT 1   [ RunTime:0.0002s ]
SQL: SELECT `name` FROM `tag` WHERE `id` = 5 LIMIT 1   [ RunTime:0.0002s ]
SQL: SELECT * FROM `para` WHERE `taleId` = 151 ORDER BY id LIMIT 1   [ RunTime:0.0002s ]
SQL: SELECT * FROM `user` WHERE `id` = 1 LIMIT 1   [ RunTime:0.0002s ]
SQL: SELECT `name` FROM `tag` WHERE `id` = 28 LIMIT 1   [ RunTime:0.0001s ]
SQL: SELECT `name` FROM `tag` WHERE `id` = 19 LIMIT 1   [ RunTime:0.0002s ]
SQL: SELECT * FROM `para` WHERE `taleId` = 157 ORDER BY id LIMIT 1   [ RunTime:0.0003s ]
SQL: SELECT * FROM `user` WHERE `id` = 1 LIMIT 1   [ RunTime:0.0002s ]
SQL: SELECT `name` FROM `tag` WHERE `id` = 28 LIMIT 1   [ RunTime:0.0002s ]
SQL: SELECT `name` FROM `tag` WHERE `id` = 20 LIMIT 1   [ RunTime:0.0002s ]
SQL: SELECT `name` FROM `tag` WHERE `id` = 19 LIMIT 1   [ RunTime:0.0002s ]
SQL: SELECT `name` FROM `tag` WHERE `id` = 5 LIMIT 1   [ RunTime:0.0002s ]
SQL: SELECT * FROM `para` WHERE `taleId` = 161 ORDER BY id LIMIT 1   [ RunTime:0.0002s ]
SQL: SELECT * FROM `user` WHERE `id` = 1 LIMIT 1   [ RunTime:0.0002s ]
SQL: SELECT `name` FROM `tag` WHERE `id` = 20 LIMIT 1   [ RunTime:0.0002s ]
SQL: SELECT * FROM `para` WHERE `taleId` = 159 ORDER BY id LIMIT 1   [ RunTime:0.0002s ]
SQL: SELECT * FROM `user` WHERE `id` = 1 LIMIT 1   [ RunTime:0.0002s ]
SQL: SELECT `name` FROM `tag` WHERE `id` = 3 LIMIT 1   [ RunTime:0.0002s ]
SQL: SELECT * FROM `para` WHERE `taleId` = 154 ORDER BY id LIMIT 1   [ RunTime:0.0002s ]
SQL: SELECT * FROM `user` WHERE `id` = 1 LIMIT 1   [ RunTime:0.0002s ]
SQL: SELECT `name` FROM `tag` WHERE `id` = 20 LIMIT 1   [ RunTime:0.0002s ]
SQL: SELECT `name` FROM `tag` WHERE `id` = 15 LIMIT 1   [ RunTime:0.0001s ]
SQL: SELECT `name` FROM `tag` WHERE `id` = 5 LIMIT 1   [ RunTime:0.0002s ]

[ 2017-07-16T00:00:47+08:00 ] 192.168.31.207 /~mile/qicheng/index.php/Api/Tale/getLatestTaleView?timeBefore=1500132934130&limit=10
INFO: [ app_init ] --START--
INFO: Run Behavior\BuildLiteBehavior [ RunTime:0.000010s ]
INFO: [ app_init ] --END-- [ RunTime:0.000238s ]
INFO: [ app_begin ] --START--
INFO: Run Behavior\ReadHtmlCacheBehavior [ RunTime:0.000349s ]
INFO: [ app_begin ] --END-- [ RunTime:0.000382s ]
SQL: SHOW COLUMNS FROM `tale` [ RunTime:0.0004s ]
SQL: SHOW COLUMNS FROM `para` [ RunTime:0.0003s ]
SQL: SHOW COLUMNS FROM `user` [ RunTime:0.0003s ]
SQL: SHOW COLUMNS FROM `tag` [ RunTime:0.0003s ]
SQL: SELECT * FROM `tale` WHERE `time` < '1500132934' ORDER BY time desc LIMIT 10   [ RunTime:0.0003s ]
SQL: SELECT * FROM `para` WHERE `taleId` = 162 ORDER BY id LIMIT 1   [ RunTime:0.0002s ]
SQL: SELECT * FROM `user` WHERE `id` = 1 LIMIT 1   [ RunTime:0.0003s ]
SQL: SELECT `name` FROM `tag` WHERE `id` = 16 LIMIT 1   [ RunTime:0.0002s ]
SQL: SELECT * FROM `para` WHERE `taleId` = 161 ORDER BY id LIMIT 1   [ RunTime:0.0002s ]
SQL: SELECT * FROM `user` WHERE `id` = 1 LIMIT 1   [ RunTime:0.0002s ]
SQL: SELECT `name` FROM `tag` WHERE `id` = 20 LIMIT 1   [ RunTime:0.0001s ]
SQL: SELECT * FROM `para` WHERE `taleId` = 160 ORDER BY id LIMIT 1   [ RunTime:0.0002s ]
SQL: SELECT * FROM `user` WHERE `id` = 1 LIMIT 1   [ RunTime:0.0003s ]
SQL: SELECT `name` FROM `tag` WHERE `id` = 23 LIMIT 1   [ RunTime:0.0001s ]
SQL: SELECT * FROM `para` WHERE `taleId` = 159 ORDER BY id LIMIT 1   [ RunTime:0.0002s ]
SQL: SELECT * FROM `user` WHERE `id` = 1 LIMIT 1   [ RunTime:0.0003s ]
SQL: SELECT `name` FROM `tag` WHERE `id` = 3 LIMIT 1   [ RunTime:0.0002s ]
SQL: SELECT * FROM `para` WHERE `taleId` = 158 ORDER BY id LIMIT 1   [ RunTime:0.0002s ]
SQL: SELECT * FROM `user` WHERE `id` = 1 LIMIT 1   [ RunTime:0.0002s ]
SQL: SELECT `name` FROM `tag` WHERE `id` = 5 LIMIT 1   [ RunTime:0.0002s ]
SQL: SELECT * FROM `para` WHERE `taleId` = 157 ORDER BY id LIMIT 1   [ RunTime:0.0002s ]
SQL: SELECT * FROM `user` WHERE `id` = 1 LIMIT 1   [ RunTime:0.0002s ]
SQL: SELECT `name` FROM `tag` WHERE `id` = 28 LIMIT 1   [ RunTime:0.0002s ]
SQL: SELECT `name` FROM `tag` WHERE `id` = 20 LIMIT 1   [ RunTime:0.0001s ]
SQL: SELECT `name` FROM `tag` WHERE `id` = 19 LIMIT 1   [ RunTime:0.0002s ]
SQL: SELECT `name` FROM `tag` WHERE `id` = 5 LIMIT 1   [ RunTime:0.0002s ]
SQL: SELECT * FROM `para` WHERE `taleId` = 156 ORDER BY id LIMIT 1   [ RunTime:0.0002s ]
SQL: SELECT * FROM `user` WHERE `id` = 1 LIMIT 1   [ RunTime:0.0003s ]
SQL: SELECT `name` FROM `tag` WHERE `id` = 27 LIMIT 1   [ RunTime:0.0002s ]
SQL: SELECT `name` FROM `tag` WHERE `id` = 19 LIMIT 1   [ RunTime:0.0002s ]
SQL: SELECT * FROM `para` WHERE `taleId` = 155 ORDER BY id LIMIT 1   [ RunTime:0.0002s ]
SQL: SELECT * FROM `user` WHERE `id` = 1 LIMIT 1   [ RunTime:0.0002s ]
SQL: SELECT `name` FROM `tag` WHERE `id` = 20 LIMIT 1   [ RunTime:0.0002s ]
SQL: SELECT `name` FROM `tag` WHERE `id` = 15 LIMIT 1   [ RunTime:0.0002s ]
SQL: SELECT `name` FROM `tag` WHERE `id` = 19 LIMIT 1   [ RunTime:0.0002s ]
SQL: SELECT * FROM `para` WHERE `taleId` = 154 ORDER BY id LIMIT 1   [ RunTime:0.0002s ]
SQL: SELECT * FROM `user` WHERE `id` = 1 LIMIT 1   [ RunTime:0.0003s ]
SQL: SELECT `name` FROM `tag` WHERE `id` = 20 LIMIT 1   [ RunTime:0.0002s ]
SQL: SELECT `name` FROM `tag` WHERE `id` = 15 LIMIT 1   [ RunTime:0.0002s ]
SQL: SELECT `name` FROM `tag` WHERE `id` = 5 LIMIT 1   [ RunTime:0.0002s ]
SQL: SELECT * FROM `para` WHERE `taleId` = 153 ORDER BY id LIMIT 1   [ RunTime:0.0002s ]
SQL: SELECT * FROM `user` WHERE `id` = 1 LIMIT 1   [ RunTime:0.0002s ]
SQL: SELECT `name` FROM `tag` WHERE `id` = 20 LIMIT 1   [ RunTime:0.0001s ]
SQL: SELECT `name` FROM `tag` WHERE `id` = 5 LIMIT 1   [ RunTime:0.0002s ]

[ 2017-07-16T00:00:51+08:00 ] 192.168.31.207 /~mile/qicheng/index.php/Api/Tale/getHotTaleView?timeBefore=1500021505&limit=10
INFO: [ app_init ] --START--
INFO: Run Behavior\BuildLiteBehavior [ RunTime:0.000007s ]
INFO: [ app_init ] --END-- [ RunTime:0.000165s ]
INFO: [ app_begin ] --START--
INFO: Run Behavior\ReadHtmlCacheBehavior [ RunTime:0.000445s ]
INFO: [ app_begin ] --END-- [ RunTime:0.000485s ]
SQL: SHOW COLUMNS FROM `tale` [ RunTime:0.0004s ]
SQL: SHOW COLUMNS FROM `para` [ RunTime:0.0004s ]
SQL: SHOW COLUMNS FROM `user` [ RunTime:0.0003s ]
SQL: SHOW COLUMNS FROM `tag` [ RunTime:0.0004s ]
SQL: SELECT * FROM `tale` WHERE `time` < '1500021505' ORDER BY zan desc,paraNumber desc,time desc LIMIT 10   [ RunTime:0.0003s ]
SQL: SELECT * FROM `para` WHERE `taleId` = 151 ORDER BY id LIMIT 1   [ RunTime:0.0002s ]
SQL: SELECT * FROM `user` WHERE `id` = 1 LIMIT 1   [ RunTime:0.0002s ]
SQL: SELECT `name` FROM `tag` WHERE `id` = 28 LIMIT 1   [ RunTime:0.0001s ]
SQL: SELECT `name` FROM `tag` WHERE `id` = 19 LIMIT 1   [ RunTime:0.0002s ]
SQL: SELECT * FROM `para` WHERE `taleId` = 152 ORDER BY id LIMIT 1   [ RunTime:0.0002s ]
SQL: SELECT * FROM `user` WHERE `id` = 1 LIMIT 1   [ RunTime:0.0002s ]
SQL: SELECT `name` FROM `tag` WHERE `id` = 19 LIMIT 1   [ RunTime:0.0002s ]
SQL: SELECT `name` FROM `tag` WHERE `id` = 5 LIMIT 1   [ RunTime:0.0002s ]
SQL: SELECT * FROM `para` WHERE `taleId` = 153 ORDER BY id LIMIT 1   [ RunTime:0.0002s ]
SQL: SELECT * FROM `user` WHERE `id` = 1 LIMIT 1   [ RunTime:0.0002s ]
SQL: SELECT `name` FROM `tag` WHERE `id` = 20 LIMIT 1   [ RunTime:0.0001s ]
SQL: SELECT `name` FROM `tag` WHERE `id` = 5 LIMIT 1   [ RunTime:0.0002s ]
SQL: SELECT * FROM `para` WHERE `taleId` = 134 ORDER BY id LIMIT 1   [ RunTime:0.0002s ]
SQL: SELECT * FROM `user` WHERE `id` = 1 LIMIT 1   [ RunTime:0.0002s ]
SQL: SELECT `name` FROM `tag` WHERE `id` = 68 LIMIT 1   [ RunTime:0.0001s ]
SQL: SELECT `name` FROM `tag` WHERE `id` = 66 LIMIT 1   [ RunTime:0.0001s ]
SQL: SELECT * FROM `para` WHERE `taleId` = 133 ORDER BY id LIMIT 1   [ RunTime:0.0002s ]
SQL: SELECT * FROM `user` WHERE `id` = 1 LIMIT 1   [ RunTime:0.0002s ]
SQL: SELECT `name` FROM `tag` WHERE `id` = 68 LIMIT 1   [ RunTime:0.0001s ]
SQL: SELECT `name` FROM `tag` WHERE `id` = 66 LIMIT 1   [ RunTime:0.0001s ]
SQL: SELECT * FROM `para` WHERE `taleId` = 132 ORDER BY id LIMIT 1   [ RunTime:0.0002s ]
SQL: SELECT * FROM `user` WHERE `id` = 1 LIMIT 1   [ RunTime:0.0001s ]
SQL: SELECT `name` FROM `tag` WHERE `id` = 68 LIMIT 1   [ RunTime:0.0001s ]
SQL: SELECT `name` FROM `tag` WHERE `id` = 66 LIMIT 1   [ RunTime:0.0001s ]
SQL: SELECT * FROM `para` WHERE `taleId` = 131 ORDER BY id LIMIT 1   [ RunTime:0.0002s ]
SQL: SELECT * FROM `user` WHERE `id` = 1 LIMIT 1   [ RunTime:0.0002s ]
SQL: SELECT `name` FROM `tag` WHERE `id` = 68 LIMIT 1   [ RunTime:0.0002s ]
SQL: SELECT `name` FROM `tag` WHERE `id` = 66 LIMIT 1   [ RunTime:0.0001s ]
SQL: SELECT * FROM `para` WHERE `taleId` = 130 ORDER BY id LIMIT 1   [ RunTime:0.0002s ]
SQL: SELECT * FROM `user` WHERE `id` = 1 LIMIT 1   [ RunTime:0.0002s ]
SQL: SELECT `name` FROM `tag` WHERE `id` = 68 LIMIT 1   [ RunTime:0.0002s ]
SQL: SELECT `name` FROM `tag` WHERE `id` = 66 LIMIT 1   [ RunTime:0.0002s ]
SQL: SELECT * FROM `para` WHERE `taleId` = 129 ORDER BY id LIMIT 1   [ RunTime:0.0002s ]
SQL: SELECT * FROM `user` WHERE `id` = 1 LIMIT 1   [ RunTime:0.0002s ]
SQL: SELECT `name` FROM `tag` WHERE `id` = 68 LIMIT 1   [ RunTime:0.0001s ]
SQL: SELECT `name` FROM `tag` WHERE `id` = 66 LIMIT 1   [ RunTime:0.0001s ]
SQL: SELECT * FROM `para` WHERE `taleId` = 128 ORDER BY id LIMIT 1   [ RunTime:0.0002s ]
SQL: SELECT * FROM `user` WHERE `id` = 1 LIMIT 1   [ RunTime:0.0002s ]
SQL: SELECT `name` FROM `tag` WHERE `id` = 68 LIMIT 1   [ RunTime:0.0002s ]
SQL: SELECT `name` FROM `tag` WHERE `id` = 66 LIMIT 1   [ RunTime:0.0002s ]

[ 2017-07-16T00:01:44+08:00 ] 192.168.31.207 /~mile/qicheng/index.php/Api/Tale/getHotTaleView?timeBefore=1500132991293&limit=10
INFO: [ app_init ] --START--
INFO: Run Behavior\BuildLiteBehavior [ RunTime:0.000015s ]
INFO: [ app_init ] --END-- [ RunTime:0.000203s ]
INFO: [ app_begin ] --START--
INFO: Run Behavior\ReadHtmlCacheBehavior [ RunTime:0.000283s ]
INFO: [ app_begin ] --END-- [ RunTime:0.000314s ]
SQL: SHOW COLUMNS FROM `tale` [ RunTime:0.0004s ]
SQL: SHOW COLUMNS FROM `para` [ RunTime:0.0003s ]
SQL: SHOW COLUMNS FROM `user` [ RunTime:0.0003s ]
SQL: SHOW COLUMNS FROM `tag` [ RunTime:0.0003s ]
SQL: SELECT * FROM `tale` WHERE `time` < '1500132991' ORDER BY zan desc,paraNumber desc,time desc LIMIT 10   [ RunTime:0.0003s ]
SQL: SELECT * FROM `para` WHERE `taleId` = 162 ORDER BY id LIMIT 1   [ RunTime:0.0002s ]
SQL: SELECT * FROM `user` WHERE `id` = 1 LIMIT 1   [ RunTime:0.0002s ]
SQL: SELECT `name` FROM `tag` WHERE `id` = 16 LIMIT 1   [ RunTime:0.0001s ]
SQL: SELECT * FROM `para` WHERE `taleId` = 156 ORDER BY id LIMIT 1   [ RunTime:0.0002s ]
SQL: SELECT * FROM `user` WHERE `id` = 1 LIMIT 1   [ RunTime:0.0002s ]
SQL: SELECT `name` FROM `tag` WHERE `id` = 27 LIMIT 1   [ RunTime:0.0002s ]
SQL: SELECT `name` FROM `tag` WHERE `id` = 19 LIMIT 1   [ RunTime:0.0002s ]
SQL: SELECT * FROM `para` WHERE `taleId` = 155 ORDER BY id LIMIT 1   [ RunTime:0.0002s ]
SQL: SELECT * FROM `user` WHERE `id` = 1 LIMIT 1   [ RunTime:0.0002s ]
SQL: SELECT `name` FROM `tag` WHERE `id` = 20 LIMIT 1   [ RunTime:0.0001s ]
SQL: SELECT `name` FROM `tag` WHERE `id` = 15 LIMIT 1   [ RunTime:0.0002s ]
SQL: SELECT `name` FROM `tag` WHERE `id` = 19 LIMIT 1   [ RunTime:0.0002s ]
SQL: SELECT * FROM `para` WHERE `taleId` = 160 ORDER BY id LIMIT 1   [ RunTime:0.0003s ]
SQL: SELECT * FROM `user` WHERE `id` = 1 LIMIT 1   [ RunTime:0.0002s ]
SQL: SELECT `name` FROM `tag` WHERE `id` = 23 LIMIT 1   [ RunTime:0.0002s ]
SQL: SELECT * FROM `para` WHERE `taleId` = 158 ORDER BY id LIMIT 1   [ RunTime:0.0002s ]
SQL: SELECT * FROM `user` WHERE `id` = 1 LIMIT 1   [ RunTime:0.0002s ]
SQL: SELECT `name` FROM `tag` WHERE `id` = 5 LIMIT 1   [ RunTime:0.0002s ]
SQL: SELECT * FROM `para` WHERE `taleId` = 151 ORDER BY id LIMIT 1   [ RunTime:0.0002s ]
SQL: SELECT * FROM `user` WHERE `id` = 1 LIMIT 1   [ RunTime:0.0002s ]
SQL: SELECT `name` FROM `tag` WHERE `id` = 28 LIMIT 1   [ RunTime:0.0002s ]
SQL: SELECT `name` FROM `tag` WHERE `id` = 19 LIMIT 1   [ RunTime:0.0002s ]
SQL: SELECT * FROM `para` WHERE `taleId` = 157 ORDER BY id LIMIT 1   [ RunTime:0.0004s ]
SQL: SELECT * FROM `user` WHERE `id` = 1 LIMIT 1   [ RunTime:0.0002s ]
SQL: SELECT `name` FROM `tag` WHERE `id` = 28 LIMIT 1   [ RunTime:0.0001s ]
SQL: SELECT `name` FROM `tag` WHERE `id` = 20 LIMIT 1   [ RunTime:0.0001s ]
SQL: SELECT `name` FROM `tag` WHERE `id` = 19 LIMIT 1   [ RunTime:0.0002s ]
SQL: SELECT `name` FROM `tag` WHERE `id` = 5 LIMIT 1   [ RunTime:0.0002s ]
SQL: SELECT * FROM `para` WHERE `taleId` = 161 ORDER BY id LIMIT 1   [ RunTime:0.0003s ]
SQL: SELECT * FROM `user` WHERE `id` = 1 LIMIT 1   [ RunTime:0.0002s ]
SQL: SELECT `name` FROM `tag` WHERE `id` = 20 LIMIT 1   [ RunTime:0.0002s ]
SQL: SELECT * FROM `para` WHERE `taleId` = 159 ORDER BY id LIMIT 1   [ RunTime:0.0002s ]
SQL: SELECT * FROM `user` WHERE `id` = 1 LIMIT 1   [ RunTime:0.0002s ]
SQL: SELECT `name` FROM `tag` WHERE `id` = 3 LIMIT 1   [ RunTime:0.0002s ]
SQL: SELECT * FROM `para` WHERE `taleId` = 154 ORDER BY id LIMIT 1   [ RunTime:0.0002s ]
SQL: SELECT * FROM `user` WHERE `id` = 1 LIMIT 1   [ RunTime:0.0003s ]
SQL: SELECT `name` FROM `tag` WHERE `id` = 20 LIMIT 1   [ RunTime:0.0002s ]
SQL: SELECT `name` FROM `tag` WHERE `id` = 15 LIMIT 1   [ RunTime:0.0001s ]
SQL: SELECT `name` FROM `tag` WHERE `id` = 5 LIMIT 1   [ RunTime:0.0002s ]

[ 2017-07-16T00:01:44+08:00 ] 192.168.31.207 /~mile/qicheng/index.php/Api/Tale/getLatestTaleView?timeBefore=1500132991296&limit=10
INFO: [ app_init ] --START--
INFO: Run Behavior\BuildLiteBehavior [ RunTime:0.000010s ]
INFO: [ app_init ] --END-- [ RunTime:0.000265s ]
INFO: [ app_begin ] --START--
INFO: Run Behavior\ReadHtmlCacheBehavior [ RunTime:0.000320s ]
INFO: [ app_begin ] --END-- [ RunTime:0.000390s ]
SQL: SHOW COLUMNS FROM `tale` [ RunTime:0.0004s ]
SQL: SHOW COLUMNS FROM `para` [ RunTime:0.0004s ]
SQL: SHOW COLUMNS FROM `user` [ RunTime:0.0004s ]
SQL: SHOW COLUMNS FROM `tag` [ RunTime:0.0003s ]
SQL: SELECT * FROM `tale` WHERE `time` < '1500132991' ORDER BY time desc LIMIT 10   [ RunTime:0.0003s ]
SQL: SELECT * FROM `para` WHERE `taleId` = 162 ORDER BY id LIMIT 1   [ RunTime:0.0002s ]
SQL: SELECT * FROM `user` WHERE `id` = 1 LIMIT 1   [ RunTime:0.0002s ]
SQL: SELECT `name` FROM `tag` WHERE `id` = 16 LIMIT 1   [ RunTime:0.0002s ]
SQL: SELECT * FROM `para` WHERE `taleId` = 161 ORDER BY id LIMIT 1   [ RunTime:0.0002s ]
SQL: SELECT * FROM `user` WHERE `id` = 1 LIMIT 1   [ RunTime:0.0002s ]
SQL: SELECT `name` FROM `tag` WHERE `id` = 20 LIMIT 1   [ RunTime:0.0001s ]
SQL: SELECT * FROM `para` WHERE `taleId` = 160 ORDER BY id LIMIT 1   [ RunTime:0.0002s ]
SQL: SELECT * FROM `user` WHERE `id` = 1 LIMIT 1   [ RunTime:0.0002s ]
SQL: SELECT `name` FROM `tag` WHERE `id` = 23 LIMIT 1   [ RunTime:0.0002s ]
SQL: SELECT * FROM `para` WHERE `taleId` = 159 ORDER BY id LIMIT 1   [ RunTime:0.0002s ]
SQL: SELECT * FROM `user` WHERE `id` = 1 LIMIT 1   [ RunTime:0.0002s ]
SQL: SELECT `name` FROM `tag` WHERE `id` = 3 LIMIT 1   [ RunTime:0.0001s ]
SQL: SELECT * FROM `para` WHERE `taleId` = 158 ORDER BY id LIMIT 1   [ RunTime:0.0002s ]
SQL: SELECT * FROM `user` WHERE `id` = 1 LIMIT 1   [ RunTime:0.0002s ]
SQL: SELECT `name` FROM `tag` WHERE `id` = 5 LIMIT 1   [ RunTime:0.0002s ]
SQL: SELECT * FROM `para` WHERE `taleId` = 157 ORDER BY id LIMIT 1   [ RunTime:0.0002s ]
SQL: SELECT * FROM `user` WHERE `id` = 1 LIMIT 1   [ RunTime:0.0002s ]
SQL: SELECT `name` FROM `tag` WHERE `id` = 28 LIMIT 1   [ RunTime:0.0002s ]
SQL: SELECT `name` FROM `tag` WHERE `id` = 20 LIMIT 1   [ RunTime:0.0002s ]
SQL: SELECT `name` FROM `tag` WHERE `id` = 19 LIMIT 1   [ RunTime:0.0002s ]
SQL: SELECT `name` FROM `tag` WHERE `id` = 5 LIMIT 1   [ RunTime:0.0001s ]
SQL: SELECT * FROM `para` WHERE `taleId` = 156 ORDER BY id LIMIT 1   [ RunTime:0.0002s ]
SQL: SELECT * FROM `user` WHERE `id` = 1 LIMIT 1   [ RunTime:0.0002s ]
SQL: SELECT `name` FROM `tag` WHERE `id` = 27 LIMIT 1   [ RunTime:0.0001s ]
SQL: SELECT `name` FROM `tag` WHERE `id` = 19 LIMIT 1   [ RunTime:0.0002s ]
SQL: SELECT * FROM `para` WHERE `taleId` = 155 ORDER BY id LIMIT 1   [ RunTime:0.0003s ]
SQL: SELECT * FROM `user` WHERE `id` = 1 LIMIT 1   [ RunTime:0.0002s ]
SQL: SELECT `name` FROM `tag` WHERE `id` = 20 LIMIT 1   [ RunTime:0.0002s ]
SQL: SELECT `name` FROM `tag` WHERE `id` = 15 LIMIT 1   [ RunTime:0.0002s ]
SQL: SELECT `name` FROM `tag` WHERE `id` = 19 LIMIT 1   [ RunTime:0.0002s ]
SQL: SELECT * FROM `para` WHERE `taleId` = 154 ORDER BY id LIMIT 1   [ RunTime:0.0002s ]
SQL: SELECT * FROM `user` WHERE `id` = 1 LIMIT 1   [ RunTime:0.0002s ]
SQL: SELECT `name` FROM `tag` WHERE `id` = 20 LIMIT 1   [ RunTime:0.0002s ]
SQL: SELECT `name` FROM `tag` WHERE `id` = 15 LIMIT 1   [ RunTime:0.0002s ]
SQL: SELECT `name` FROM `tag` WHERE `id` = 5 LIMIT 1   [ RunTime:0.0002s ]
SQL: SELECT * FROM `para` WHERE `taleId` = 153 ORDER BY id LIMIT 1   [ RunTime:0.0002s ]
SQL: SELECT * FROM `user` WHERE `id` = 1 LIMIT 1   [ RunTime:0.0002s ]
SQL: SELECT `name` FROM `tag` WHERE `id` = 20 LIMIT 1   [ RunTime:0.0002s ]
SQL: SELECT `name` FROM `tag` WHERE `id` = 5 LIMIT 1   [ RunTime:0.0002s ]

[ 2017-07-16T00:23:53+08:00 ] 192.168.31.207 /~mile/qicheng/index.php/Api/Tale/getHotTaleView?timeBefore=1500134320190&limit=10
INFO: [ app_init ] --START--
INFO: Run Behavior\BuildLiteBehavior [ RunTime:0.000007s ]
INFO: [ app_init ] --END-- [ RunTime:0.000183s ]
INFO: [ app_begin ] --START--
INFO: Run Behavior\ReadHtmlCacheBehavior [ RunTime:0.000207s ]
INFO: [ app_begin ] --END-- [ RunTime:0.000263s ]
SQL: SHOW COLUMNS FROM `tale` [ RunTime:0.0004s ]
SQL: SHOW COLUMNS FROM `para` [ RunTime:0.0004s ]
SQL: SHOW COLUMNS FROM `user` [ RunTime:0.0004s ]
SQL: SHOW COLUMNS FROM `tag` [ RunTime:0.0003s ]
SQL: SELECT * FROM `tale` WHERE `time` < '1500134320' ORDER BY zan desc,paraNumber desc,time desc LIMIT 10   [ RunTime:0.0003s ]
SQL: SELECT * FROM `para` WHERE `taleId` = 162 ORDER BY id LIMIT 1   [ RunTime:0.0002s ]
SQL: SELECT * FROM `user` WHERE `id` = 1 LIMIT 1   [ RunTime:0.0002s ]
SQL: SELECT `name` FROM `tag` WHERE `id` = 16 LIMIT 1   [ RunTime:0.0002s ]
SQL: SELECT * FROM `para` WHERE `taleId` = 156 ORDER BY id LIMIT 1   [ RunTime:0.0002s ]
SQL: SELECT * FROM `user` WHERE `id` = 1 LIMIT 1   [ RunTime:0.0002s ]
SQL: SELECT `name` FROM `tag` WHERE `id` = 27 LIMIT 1   [ RunTime:0.0002s ]
SQL: SELECT `name` FROM `tag` WHERE `id` = 19 LIMIT 1   [ RunTime:0.0002s ]
SQL: SELECT * FROM `para` WHERE `taleId` = 155 ORDER BY id LIMIT 1   [ RunTime:0.0002s ]
SQL: SELECT * FROM `user` WHERE `id` = 1 LIMIT 1   [ RunTime:0.0002s ]
SQL: SELECT `name` FROM `tag` WHERE `id` = 20 LIMIT 1   [ RunTime:0.0002s ]
SQL: SELECT `name` FROM `tag` WHERE `id` = 15 LIMIT 1   [ RunTime:0.0001s ]
SQL: SELECT `name` FROM `tag` WHERE `id` = 19 LIMIT 1   [ RunTime:0.0001s ]
SQL: SELECT * FROM `para` WHERE `taleId` = 160 ORDER BY id LIMIT 1   [ RunTime:0.0002s ]
SQL: SELECT * FROM `user` WHERE `id` = 1 LIMIT 1   [ RunTime:0.0002s ]
SQL: SELECT `name` FROM `tag` WHERE `id` = 23 LIMIT 1   [ RunTime:0.0001s ]
SQL: SELECT * FROM `para` WHERE `taleId` = 158 ORDER BY id LIMIT 1   [ RunTime:0.0002s ]
SQL: SELECT * FROM `user` WHERE `id` = 1 LIMIT 1   [ RunTime:0.0001s ]
SQL: SELECT `name` FROM `tag` WHERE `id` = 5 LIMIT 1   [ RunTime:0.0001s ]
SQL: SELECT * FROM `para` WHERE `taleId` = 151 ORDER BY id LIMIT 1   [ RunTime:0.0002s ]
SQL: SELECT * FROM `user` WHERE `id` = 1 LIMIT 1   [ RunTime:0.0002s ]
SQL: SELECT `name` FROM `tag` WHERE `id` = 28 LIMIT 1   [ RunTime:0.0002s ]
SQL: SELECT `name` FROM `tag` WHERE `id` = 19 LIMIT 1   [ RunTime:0.0002s ]
SQL: SELECT * FROM `para` WHERE `taleId` = 157 ORDER BY id LIMIT 1   [ RunTime:0.0002s ]
SQL: SELECT * FROM `user` WHERE `id` = 1 LIMIT 1   [ RunTime:0.0002s ]
SQL: SELECT `name` FROM `tag` WHERE `id` = 28 LIMIT 1   [ RunTime:0.0001s ]
SQL: SELECT `name` FROM `tag` WHERE `id` = 20 LIMIT 1   [ RunTime:0.0001s ]
SQL: SELECT `name` FROM `tag` WHERE `id` = 19 LIMIT 1   [ RunTime:0.0001s ]
SQL: SELECT `name` FROM `tag` WHERE `id` = 5 LIMIT 1   [ RunTime:0.0002s ]
SQL: SELECT * FROM `para` WHERE `taleId` = 161 ORDER BY id LIMIT 1   [ RunTime:0.0002s ]
SQL: SELECT * FROM `user` WHERE `id` = 1 LIMIT 1   [ RunTime:0.0002s ]
SQL: SELECT `name` FROM `tag` WHERE `id` = 20 LIMIT 1   [ RunTime:0.0001s ]
SQL: SELECT * FROM `para` WHERE `taleId` = 159 ORDER BY id LIMIT 1   [ RunTime:0.0002s ]
SQL: SELECT * FROM `user` WHERE `id` = 1 LIMIT 1   [ RunTime:0.0001s ]
SQL: SELECT `name` FROM `tag` WHERE `id` = 3 LIMIT 1   [ RunTime:0.0001s ]
SQL: SELECT * FROM `para` WHERE `taleId` = 154 ORDER BY id LIMIT 1   [ RunTime:0.0002s ]
SQL: SELECT * FROM `user` WHERE `id` = 1 LIMIT 1   [ RunTime:0.0002s ]
SQL: SELECT `name` FROM `tag` WHERE `id` = 20 LIMIT 1   [ RunTime:0.0002s ]
SQL: SELECT `name` FROM `tag` WHERE `id` = 15 LIMIT 1   [ RunTime:0.0001s ]
SQL: SELECT `name` FROM `tag` WHERE `id` = 5 LIMIT 1   [ RunTime:0.0002s ]

[ 2017-07-16T00:23:53+08:00 ] 192.168.31.207 /~mile/qicheng/index.php/Api/Tale/getLatestTaleView?timeBefore=1500134320259&limit=10
INFO: [ app_init ] --START--
INFO: Run Behavior\BuildLiteBehavior [ RunTime:0.000009s ]
INFO: [ app_init ] --END-- [ RunTime:0.000297s ]
INFO: [ app_begin ] --START--
INFO: Run Behavior\ReadHtmlCacheBehavior [ RunTime:0.000356s ]
INFO: [ app_begin ] --END-- [ RunTime:0.000383s ]
SQL: SHOW COLUMNS FROM `tale` [ RunTime:0.0005s ]
SQL: SHOW COLUMNS FROM `para` [ RunTime:0.0003s ]
SQL: SHOW COLUMNS FROM `user` [ RunTime:0.0003s ]
SQL: SHOW COLUMNS FROM `tag` [ RunTime:0.0004s ]
SQL: SELECT * FROM `tale` WHERE `time` < '1500134320' ORDER BY time desc LIMIT 10   [ RunTime:0.0003s ]
SQL: SELECT * FROM `para` WHERE `taleId` = 162 ORDER BY id LIMIT 1   [ RunTime:0.0002s ]
SQL: SELECT * FROM `user` WHERE `id` = 1 LIMIT 1   [ RunTime:0.0002s ]
SQL: SELECT `name` FROM `tag` WHERE `id` = 16 LIMIT 1   [ RunTime:0.0002s ]
SQL: SELECT * FROM `para` WHERE `taleId` = 161 ORDER BY id LIMIT 1   [ RunTime:0.0002s ]
SQL: SELECT * FROM `user` WHERE `id` = 1 LIMIT 1   [ RunTime:0.0002s ]
SQL: SELECT `name` FROM `tag` WHERE `id` = 20 LIMIT 1   [ RunTime:0.0001s ]
SQL: SELECT * FROM `para` WHERE `taleId` = 160 ORDER BY id LIMIT 1   [ RunTime:0.0002s ]
SQL: SELECT * FROM `user` WHERE `id` = 1 LIMIT 1   [ RunTime:0.0002s ]
SQL: SELECT `name` FROM `tag` WHERE `id` = 23 LIMIT 1   [ RunTime:0.0002s ]
SQL: SELECT * FROM `para` WHERE `taleId` = 159 ORDER BY id LIMIT 1   [ RunTime:0.0002s ]
SQL: SELECT * FROM `user` WHERE `id` = 1 LIMIT 1   [ RunTime:0.0002s ]
SQL: SELECT `name` FROM `tag` WHERE `id` = 3 LIMIT 1   [ RunTime:0.0002s ]
SQL: SELECT * FROM `para` WHERE `taleId` = 158 ORDER BY id LIMIT 1   [ RunTime:0.0002s ]
SQL: SELECT * FROM `user` WHERE `id` = 1 LIMIT 1   [ RunTime:0.0002s ]
SQL: SELECT `name` FROM `tag` WHERE `id` = 5 LIMIT 1   [ RunTime:0.0002s ]
SQL: SELECT * FROM `para` WHERE `taleId` = 157 ORDER BY id LIMIT 1   [ RunTime:0.0002s ]
SQL: SELECT * FROM `user` WHERE `id` = 1 LIMIT 1   [ RunTime:0.0002s ]
SQL: SELECT `name` FROM `tag` WHERE `id` = 28 LIMIT 1   [ RunTime:0.0002s ]
SQL: SELECT `name` FROM `tag` WHERE `id` = 20 LIMIT 1   [ RunTime:0.0001s ]
SQL: SELECT `name` FROM `tag` WHERE `id` = 19 LIMIT 1   [ RunTime:0.0002s ]
SQL: SELECT `name` FROM `tag` WHERE `id` = 5 LIMIT 1   [ RunTime:0.0002s ]
SQL: SELECT * FROM `para` WHERE `taleId` = 156 ORDER BY id LIMIT 1   [ RunTime:0.0002s ]
SQL: SELECT * FROM `user` WHERE `id` = 1 LIMIT 1   [ RunTime:0.0002s ]
SQL: SELECT `name` FROM `tag` WHERE `id` = 27 LIMIT 1   [ RunTime:0.0002s ]
SQL: SELECT `name` FROM `tag` WHERE `id` = 19 LIMIT 1   [ RunTime:0.0002s ]
SQL: SELECT * FROM `para` WHERE `taleId` = 155 ORDER BY id LIMIT 1   [ RunTime:0.0002s ]
SQL: SELECT * FROM `user` WHERE `id` = 1 LIMIT 1   [ RunTime:0.0002s ]
SQL: SELECT `name` FROM `tag` WHERE `id` = 20 LIMIT 1   [ RunTime:0.0002s ]
SQL: SELECT `name` FROM `tag` WHERE `id` = 15 LIMIT 1   [ RunTime:0.0002s ]
SQL: SELECT `name` FROM `tag` WHERE `id` = 19 LIMIT 1   [ RunTime:0.0001s ]
SQL: SELECT * FROM `para` WHERE `taleId` = 154 ORDER BY id LIMIT 1   [ RunTime:0.0002s ]
SQL: SELECT * FROM `user` WHERE `id` = 1 LIMIT 1   [ RunTime:0.0002s ]
SQL: SELECT `name` FROM `tag` WHERE `id` = 20 LIMIT 1   [ RunTime:0.0002s ]
SQL: SELECT `name` FROM `tag` WHERE `id` = 15 LIMIT 1   [ RunTime:0.0002s ]
SQL: SELECT `name` FROM `tag` WHERE `id` = 5 LIMIT 1   [ RunTime:0.0001s ]
SQL: SELECT * FROM `para` WHERE `taleId` = 153 ORDER BY id LIMIT 1   [ RunTime:0.0003s ]
SQL: SELECT * FROM `user` WHERE `id` = 1 LIMIT 1   [ RunTime:0.0002s ]
SQL: SELECT `name` FROM `tag` WHERE `id` = 20 LIMIT 1   [ RunTime:0.0002s ]
SQL: SELECT `name` FROM `tag` WHERE `id` = 5 LIMIT 1   [ RunTime:0.0002s ]

[ 2017-07-16T00:27:13+08:00 ] 192.168.31.207 /~mile/qicheng/index.php/Api/Tale/getHotTaleView?timeBefore=1500134520198&limit=10
INFO: [ app_init ] --START--
INFO: Run Behavior\BuildLiteBehavior [ RunTime:0.000010s ]
INFO: [ app_init ] --END-- [ RunTime:0.000244s ]
INFO: [ app_begin ] --START--
INFO: Run Behavior\ReadHtmlCacheBehavior [ RunTime:0.000207s ]
INFO: [ app_begin ] --END-- [ RunTime:0.000237s ]
SQL: SHOW COLUMNS FROM `tale` [ RunTime:0.0007s ]
SQL: SHOW COLUMNS FROM `para` [ RunTime:0.0003s ]
SQL: SHOW COLUMNS FROM `user` [ RunTime:0.0003s ]
SQL: SHOW COLUMNS FROM `tag` [ RunTime:0.0003s ]
SQL: SELECT * FROM `tale` WHERE `time` < '1500134520' ORDER BY zan desc,paraNumber desc,time desc LIMIT 10   [ RunTime:0.0003s ]
SQL: SELECT * FROM `para` WHERE `taleId` = 162 ORDER BY id LIMIT 1   [ RunTime:0.0003s ]
SQL: SELECT * FROM `user` WHERE `id` = 1 LIMIT 1   [ RunTime:0.0002s ]
SQL: SELECT `name` FROM `tag` WHERE `id` = 16 LIMIT 1   [ RunTime:0.0002s ]
SQL: SELECT * FROM `para` WHERE `taleId` = 156 ORDER BY id LIMIT 1   [ RunTime:0.0002s ]
SQL: SELECT * FROM `user` WHERE `id` = 1 LIMIT 1   [ RunTime:0.0002s ]
SQL: SELECT `name` FROM `tag` WHERE `id` = 27 LIMIT 1   [ RunTime:0.0001s ]
SQL: SELECT `name` FROM `tag` WHERE `id` = 19 LIMIT 1   [ RunTime:0.0002s ]
SQL: SELECT * FROM `para` WHERE `taleId` = 155 ORDER BY id LIMIT 1   [ RunTime:0.0002s ]
SQL: SELECT * FROM `user` WHERE `id` = 1 LIMIT 1   [ RunTime:0.0002s ]
SQL: SELECT `name` FROM `tag` WHERE `id` = 20 LIMIT 1   [ RunTime:0.0002s ]
SQL: SELECT `name` FROM `tag` WHERE `id` = 15 LIMIT 1   [ RunTime:0.0001s ]
SQL: SELECT `name` FROM `tag` WHERE `id` = 19 LIMIT 1   [ RunTime:0.0001s ]
SQL: SELECT * FROM `para` WHERE `taleId` = 160 ORDER BY id LIMIT 1   [ RunTime:0.0002s ]
SQL: SELECT * FROM `user` WHERE `id` = 1 LIMIT 1   [ RunTime:0.0002s ]
SQL: SELECT `name` FROM `tag` WHERE `id` = 23 LIMIT 1   [ RunTime:0.0002s ]
SQL: SELECT * FROM `para` WHERE `taleId` = 158 ORDER BY id LIMIT 1   [ RunTime:0.0002s ]
SQL: SELECT * FROM `user` WHERE `id` = 1 LIMIT 1   [ RunTime:0.0002s ]
SQL: SELECT `name` FROM `tag` WHERE `id` = 5 LIMIT 1   [ RunTime:0.0001s ]
SQL: SELECT * FROM `para` WHERE `taleId` = 151 ORDER BY id LIMIT 1   [ RunTime:0.0002s ]
SQL: SELECT * FROM `user` WHERE `id` = 1 LIMIT 1   [ RunTime:0.0002s ]
SQL: SELECT `name` FROM `tag` WHERE `id` = 28 LIMIT 1   [ RunTime:0.0002s ]
SQL: SELECT `name` FROM `tag` WHERE `id` = 19 LIMIT 1   [ RunTime:0.0002s ]
SQL: SELECT * FROM `para` WHERE `taleId` = 157 ORDER BY id LIMIT 1   [ RunTime:0.0002s ]
SQL: SELECT * FROM `user` WHERE `id` = 1 LIMIT 1   [ RunTime:0.0002s ]
SQL: SELECT `name` FROM `tag` WHERE `id` = 28 LIMIT 1   [ RunTime:0.0002s ]
SQL: SELECT `name` FROM `tag` WHERE `id` = 20 LIMIT 1   [ RunTime:0.0002s ]
SQL: SELECT `name` FROM `tag` WHERE `id` = 19 LIMIT 1   [ RunTime:0.0002s ]
SQL: SELECT `name` FROM `tag` WHERE `id` = 5 LIMIT 1   [ RunTime:0.0002s ]
SQL: SELECT * FROM `para` WHERE `taleId` = 161 ORDER BY id LIMIT 1   [ RunTime:0.0003s ]
SQL: SELECT * FROM `user` WHERE `id` = 1 LIMIT 1   [ RunTime:0.0002s ]
SQL: SELECT `name` FROM `tag` WHERE `id` = 20 LIMIT 1   [ RunTime:0.0002s ]
SQL: SELECT * FROM `para` WHERE `taleId` = 159 ORDER BY id LIMIT 1   [ RunTime:0.0002s ]
SQL: SELECT * FROM `user` WHERE `id` = 1 LIMIT 1   [ RunTime:0.0002s ]
SQL: SELECT `name` FROM `tag` WHERE `id` = 3 LIMIT 1   [ RunTime:0.0002s ]
SQL: SELECT * FROM `para` WHERE `taleId` = 154 ORDER BY id LIMIT 1   [ RunTime:0.0002s ]
SQL: SELECT * FROM `user` WHERE `id` = 1 LIMIT 1   [ RunTime:0.0002s ]
SQL: SELECT `name` FROM `tag` WHERE `id` = 20 LIMIT 1   [ RunTime:0.0002s ]
SQL: SELECT `name` FROM `tag` WHERE `id` = 15 LIMIT 1   [ RunTime:0.0001s ]
SQL: SELECT `name` FROM `tag` WHERE `id` = 5 LIMIT 1   [ RunTime:0.0001s ]

[ 2017-07-16T00:27:13+08:00 ] 192.168.31.207 /~mile/qicheng/index.php/Api/Tale/getLatestTaleView?timeBefore=1500134520208&limit=10
INFO: [ app_init ] --START--
INFO: Run Behavior\BuildLiteBehavior [ RunTime:0.000007s ]
INFO: [ app_init ] --END-- [ RunTime:0.000217s ]
INFO: [ app_begin ] --START--
INFO: Run Behavior\ReadHtmlCacheBehavior [ RunTime:0.000298s ]
INFO: [ app_begin ] --END-- [ RunTime:0.000337s ]
SQL: SHOW COLUMNS FROM `tale` [ RunTime:0.0004s ]
SQL: SHOW COLUMNS FROM `para` [ RunTime:0.0004s ]
SQL: SHOW COLUMNS FROM `user` [ RunTime:0.0004s ]
SQL: SHOW COLUMNS FROM `tag` [ RunTime:0.0003s ]
SQL: SELECT * FROM `tale` WHERE `time` < '1500134520' ORDER BY time desc LIMIT 10   [ RunTime:0.0003s ]
SQL: SELECT * FROM `para` WHERE `taleId` = 162 ORDER BY id LIMIT 1   [ RunTime:0.0002s ]
SQL: SELECT * FROM `user` WHERE `id` = 1 LIMIT 1   [ RunTime:0.0002s ]
SQL: SELECT `name` FROM `tag` WHERE `id` = 16 LIMIT 1   [ RunTime:0.0002s ]
SQL: SELECT * FROM `para` WHERE `taleId` = 161 ORDER BY id LIMIT 1   [ RunTime:0.0002s ]
SQL: SELECT * FROM `user` WHERE `id` = 1 LIMIT 1   [ RunTime:0.0002s ]
SQL: SELECT `name` FROM `tag` WHERE `id` = 20 LIMIT 1   [ RunTime:0.0002s ]
SQL: SELECT * FROM `para` WHERE `taleId` = 160 ORDER BY id LIMIT 1   [ RunTime:0.0002s ]
SQL: SELECT * FROM `user` WHERE `id` = 1 LIMIT 1   [ RunTime:0.0002s ]
SQL: SELECT `name` FROM `tag` WHERE `id` = 23 LIMIT 1   [ RunTime:0.0002s ]
SQL: SELECT * FROM `para` WHERE `taleId` = 159 ORDER BY id LIMIT 1   [ RunTime:0.0002s ]
SQL: SELECT * FROM `user` WHERE `id` = 1 LIMIT 1   [ RunTime:0.0002s ]
SQL: SELECT `name` FROM `tag` WHERE `id` = 3 LIMIT 1   [ RunTime:0.0002s ]
SQL: SELECT * FROM `para` WHERE `taleId` = 158 ORDER BY id LIMIT 1   [ RunTime:0.0002s ]
SQL: SELECT * FROM `user` WHERE `id` = 1 LIMIT 1   [ RunTime:0.0002s ]
SQL: SELECT `name` FROM `tag` WHERE `id` = 5 LIMIT 1   [ RunTime:0.0002s ]
SQL: SELECT * FROM `para` WHERE `taleId` = 157 ORDER BY id LIMIT 1   [ RunTime:0.0002s ]
SQL: SELECT * FROM `user` WHERE `id` = 1 LIMIT 1   [ RunTime:0.0001s ]
SQL: SELECT `name` FROM `tag` WHERE `id` = 28 LIMIT 1   [ RunTime:0.0002s ]
SQL: SELECT `name` FROM `tag` WHERE `id` = 20 LIMIT 1   [ RunTime:0.0002s ]
SQL: SELECT `name` FROM `tag` WHERE `id` = 19 LIMIT 1   [ RunTime:0.0002s ]
SQL: SELECT `name` FROM `tag` WHERE `id` = 5 LIMIT 1   [ RunTime:0.0002s ]
SQL: SELECT * FROM `para` WHERE `taleId` = 156 ORDER BY id LIMIT 1   [ RunTime:0.0003s ]
SQL: SELECT * FROM `user` WHERE `id` = 1 LIMIT 1   [ RunTime:0.0002s ]
SQL: SELECT `name` FROM `tag` WHERE `id` = 27 LIMIT 1   [ RunTime:0.0002s ]
SQL: SELECT `name` FROM `tag` WHERE `id` = 19 LIMIT 1   [ RunTime:0.0002s ]
SQL: SELECT * FROM `para` WHERE `taleId` = 155 ORDER BY id LIMIT 1   [ RunTime:0.0002s ]
SQL: SELECT * FROM `user` WHERE `id` = 1 LIMIT 1   [ RunTime:0.0002s ]
SQL: SELECT `name` FROM `tag` WHERE `id` = 20 LIMIT 1   [ RunTime:0.0001s ]
SQL: SELECT `name` FROM `tag` WHERE `id` = 15 LIMIT 1   [ RunTime:0.0003s ]
SQL: SELECT `name` FROM `tag` WHERE `id` = 19 LIMIT 1   [ RunTime:0.0002s ]
SQL: SELECT * FROM `para` WHERE `taleId` = 154 ORDER BY id LIMIT 1   [ RunTime:0.0002s ]
SQL: SELECT * FROM `user` WHERE `id` = 1 LIMIT 1   [ RunTime:0.0002s ]
SQL: SELECT `name` FROM `tag` WHERE `id` = 20 LIMIT 1   [ RunTime:0.0002s ]
SQL: SELECT `name` FROM `tag` WHERE `id` = 15 LIMIT 1   [ RunTime:0.0002s ]
SQL: SELECT `name` FROM `tag` WHERE `id` = 5 LIMIT 1   [ RunTime:0.0002s ]
SQL: SELECT * FROM `para` WHERE `taleId` = 153 ORDER BY id LIMIT 1   [ RunTime:0.0002s ]
SQL: SELECT * FROM `user` WHERE `id` = 1 LIMIT 1   [ RunTime:0.0002s ]
SQL: SELECT `name` FROM `tag` WHERE `id` = 20 LIMIT 1   [ RunTime:0.0001s ]
SQL: SELECT `name` FROM `tag` WHERE `id` = 5 LIMIT 1   [ RunTime:0.0002s ]

[ 2017-07-16T00:28:29+08:00 ] 192.168.31.207 /~mile/qicheng/index.php/Api/Tale/getHotTaleView?timeBefore=1500134596021&limit=10
INFO: [ app_init ] --START--
INFO: Run Behavior\BuildLiteBehavior [ RunTime:0.000008s ]
INFO: [ app_init ] --END-- [ RunTime:0.000264s ]
INFO: [ app_begin ] --START--
INFO: Run Behavior\ReadHtmlCacheBehavior [ RunTime:0.000235s ]
INFO: [ app_begin ] --END-- [ RunTime:0.000263s ]
SQL: SHOW COLUMNS FROM `tale` [ RunTime:0.0004s ]
SQL: SHOW COLUMNS FROM `para` [ RunTime:0.0003s ]
SQL: SHOW COLUMNS FROM `user` [ RunTime:0.0003s ]
SQL: SHOW COLUMNS FROM `tag` [ RunTime:0.0004s ]
SQL: SELECT * FROM `tale` WHERE `time` < '1500134596' ORDER BY zan desc,paraNumber desc,time desc LIMIT 10   [ RunTime:0.0003s ]
SQL: SELECT * FROM `para` WHERE `taleId` = 162 ORDER BY id LIMIT 1   [ RunTime:0.0002s ]
SQL: SELECT * FROM `user` WHERE `id` = 1 LIMIT 1   [ RunTime:0.0002s ]
SQL: SELECT `name` FROM `tag` WHERE `id` = 16 LIMIT 1   [ RunTime:0.0001s ]
SQL: SELECT * FROM `para` WHERE `taleId` = 156 ORDER BY id LIMIT 1   [ RunTime:0.0002s ]
SQL: SELECT * FROM `user` WHERE `id` = 1 LIMIT 1   [ RunTime:0.0002s ]
SQL: SELECT `name` FROM `tag` WHERE `id` = 27 LIMIT 1   [ RunTime:0.0001s ]
SQL: SELECT `name` FROM `tag` WHERE `id` = 19 LIMIT 1   [ RunTime:0.0003s ]
SQL: SELECT * FROM `para` WHERE `taleId` = 155 ORDER BY id LIMIT 1   [ RunTime:0.0002s ]
SQL: SELECT * FROM `user` WHERE `id` = 1 LIMIT 1   [ RunTime:0.0002s ]
SQL: SELECT `name` FROM `tag` WHERE `id` = 20 LIMIT 1   [ RunTime:0.0001s ]
SQL: SELECT `name` FROM `tag` WHERE `id` = 15 LIMIT 1   [ RunTime:0.0001s ]
SQL: SELECT `name` FROM `tag` WHERE `id` = 19 LIMIT 1   [ RunTime:0.0001s ]
SQL: SELECT * FROM `para` WHERE `taleId` = 160 ORDER BY id LIMIT 1   [ RunTime:0.0002s ]
SQL: SELECT * FROM `user` WHERE `id` = 1 LIMIT 1   [ RunTime:0.0002s ]
SQL: SELECT `name` FROM `tag` WHERE `id` = 23 LIMIT 1   [ RunTime:0.0001s ]
SQL: SELECT * FROM `para` WHERE `taleId` = 158 ORDER BY id LIMIT 1   [ RunTime:0.0002s ]
SQL: SELECT * FROM `user` WHERE `id` = 1 LIMIT 1   [ RunTime:0.0001s ]
SQL: SELECT `name` FROM `tag` WHERE `id` = 5 LIMIT 1   [ RunTime:0.0002s ]
SQL: SELECT * FROM `para` WHERE `taleId` = 151 ORDER BY id LIMIT 1   [ RunTime:0.0002s ]
SQL: SELECT * FROM `user` WHERE `id` = 1 LIMIT 1   [ RunTime:0.0002s ]
SQL: SELECT `name` FROM `tag` WHERE `id` = 28 LIMIT 1   [ RunTime:0.0002s ]
SQL: SELECT `name` FROM `tag` WHERE `id` = 19 LIMIT 1   [ RunTime:0.0001s ]
SQL: SELECT * FROM `para` WHERE `taleId` = 157 ORDER BY id LIMIT 1   [ RunTime:0.0002s ]
SQL: SELECT * FROM `user` WHERE `id` = 1 LIMIT 1   [ RunTime:0.0002s ]
SQL: SELECT `name` FROM `tag` WHERE `id` = 28 LIMIT 1   [ RunTime:0.0002s ]
SQL: SELECT `name` FROM `tag` WHERE `id` = 20 LIMIT 1   [ RunTime:0.0001s ]
SQL: SELECT `name` FROM `tag` WHERE `id` = 19 LIMIT 1   [ RunTime:0.0002s ]
SQL: SELECT `name` FROM `tag` WHERE `id` = 5 LIMIT 1   [ RunTime:0.0002s ]
SQL: SELECT * FROM `para` WHERE `taleId` = 161 ORDER BY id LIMIT 1   [ RunTime:0.0002s ]
SQL: SELECT * FROM `user` WHERE `id` = 1 LIMIT 1   [ RunTime:0.0002s ]
SQL: SELECT `name` FROM `tag` WHERE `id` = 20 LIMIT 1   [ RunTime:0.0001s ]
SQL: SELECT * FROM `para` WHERE `taleId` = 159 ORDER BY id LIMIT 1   [ RunTime:0.0002s ]
SQL: SELECT * FROM `user` WHERE `id` = 1 LIMIT 1   [ RunTime:0.0002s ]
SQL: SELECT `name` FROM `tag` WHERE `id` = 3 LIMIT 1   [ RunTime:0.0001s ]
SQL: SELECT * FROM `para` WHERE `taleId` = 154 ORDER BY id LIMIT 1   [ RunTime:0.0002s ]
SQL: SELECT * FROM `user` WHERE `id` = 1 LIMIT 1   [ RunTime:0.0002s ]
SQL: SELECT `name` FROM `tag` WHERE `id` = 20 LIMIT 1   [ RunTime:0.0002s ]
SQL: SELECT `name` FROM `tag` WHERE `id` = 15 LIMIT 1   [ RunTime:0.0001s ]
SQL: SELECT `name` FROM `tag` WHERE `id` = 5 LIMIT 1   [ RunTime:0.0001s ]

[ 2017-07-16T00:28:29+08:00 ] 192.168.31.207 /~mile/qicheng/index.php/Api/Tale/getLatestTaleView?timeBefore=1500134596074&limit=10
INFO: [ app_init ] --START--
INFO: Run Behavior\BuildLiteBehavior [ RunTime:0.000008s ]
INFO: [ app_init ] --END-- [ RunTime:0.000237s ]
INFO: [ app_begin ] --START--
INFO: Run Behavior\ReadHtmlCacheBehavior [ RunTime:0.000283s ]
INFO: [ app_begin ] --END-- [ RunTime:0.000329s ]
SQL: SHOW COLUMNS FROM `tale` [ RunTime:0.0005s ]
SQL: SHOW COLUMNS FROM `para` [ RunTime:0.0003s ]
SQL: SHOW COLUMNS FROM `user` [ RunTime:0.0003s ]
SQL: SHOW COLUMNS FROM `tag` [ RunTime:0.0004s ]
SQL: SELECT * FROM `tale` WHERE `time` < '1500134596' ORDER BY time desc LIMIT 10   [ RunTime:0.0003s ]
SQL: SELECT * FROM `para` WHERE `taleId` = 162 ORDER BY id LIMIT 1   [ RunTime:0.0002s ]
SQL: SELECT * FROM `user` WHERE `id` = 1 LIMIT 1   [ RunTime:0.0002s ]
SQL: SELECT `name` FROM `tag` WHERE `id` = 16 LIMIT 1   [ RunTime:0.0002s ]
SQL: SELECT * FROM `para` WHERE `taleId` = 161 ORDER BY id LIMIT 1   [ RunTime:0.0002s ]
SQL: SELECT * FROM `user` WHERE `id` = 1 LIMIT 1   [ RunTime:0.0002s ]
SQL: SELECT `name` FROM `tag` WHERE `id` = 20 LIMIT 1   [ RunTime:0.0002s ]
SQL: SELECT * FROM `para` WHERE `taleId` = 160 ORDER BY id LIMIT 1   [ RunTime:0.0002s ]
SQL: SELECT * FROM `user` WHERE `id` = 1 LIMIT 1   [ RunTime:0.0002s ]
SQL: SELECT `name` FROM `tag` WHERE `id` = 23 LIMIT 1   [ RunTime:0.0002s ]
SQL: SELECT * FROM `para` WHERE `taleId` = 159 ORDER BY id LIMIT 1   [ RunTime:0.0002s ]
SQL: SELECT * FROM `user` WHERE `id` = 1 LIMIT 1   [ RunTime:0.0002s ]
SQL: SELECT `name` FROM `tag` WHERE `id` = 3 LIMIT 1   [ RunTime:0.0001s ]
SQL: SELECT * FROM `para` WHERE `taleId` = 158 ORDER BY id LIMIT 1   [ RunTime:0.0002s ]
SQL: SELECT * FROM `user` WHERE `id` = 1 LIMIT 1   [ RunTime:0.0002s ]
SQL: SELECT `name` FROM `tag` WHERE `id` = 5 LIMIT 1   [ RunTime:0.0002s ]
SQL: SELECT * FROM `para` WHERE `taleId` = 157 ORDER BY id LIMIT 1   [ RunTime:0.0002s ]
SQL: SELECT * FROM `user` WHERE `id` = 1 LIMIT 1   [ RunTime:0.0002s ]
SQL: SELECT `name` FROM `tag` WHERE `id` = 28 LIMIT 1   [ RunTime:0.0002s ]
SQL: SELECT `name` FROM `tag` WHERE `id` = 20 LIMIT 1   [ RunTime:0.0002s ]
SQL: SELECT `name` FROM `tag` WHERE `id` = 19 LIMIT 1   [ RunTime:0.0002s ]
SQL: SELECT `name` FROM `tag` WHERE `id` = 5 LIMIT 1   [ RunTime:0.0002s ]
SQL: SELECT * FROM `para` WHERE `taleId` = 156 ORDER BY id LIMIT 1   [ RunTime:0.0002s ]
SQL: SELECT * FROM `user` WHERE `id` = 1 LIMIT 1   [ RunTime:0.0002s ]
SQL: SELECT `name` FROM `tag` WHERE `id` = 27 LIMIT 1   [ RunTime:0.0002s ]
SQL: SELECT `name` FROM `tag` WHERE `id` = 19 LIMIT 1   [ RunTime:0.0001s ]
SQL: SELECT * FROM `para` WHERE `taleId` = 155 ORDER BY id LIMIT 1   [ RunTime:0.0002s ]
SQL: SELECT * FROM `user` WHERE `id` = 1 LIMIT 1   [ RunTime:0.0002s ]
SQL: SELECT `name` FROM `tag` WHERE `id` = 20 LIMIT 1   [ RunTime:0.0001s ]
SQL: SELECT `name` FROM `tag` WHERE `id` = 15 LIMIT 1   [ RunTime:0.0002s ]
SQL: SELECT `name` FROM `tag` WHERE `id` = 19 LIMIT 1   [ RunTime:0.0001s ]
SQL: SELECT * FROM `para` WHERE `taleId` = 154 ORDER BY id LIMIT 1   [ RunTime:0.0002s ]
SQL: SELECT * FROM `user` WHERE `id` = 1 LIMIT 1   [ RunTime:0.0002s ]
SQL: SELECT `name` FROM `tag` WHERE `id` = 20 LIMIT 1   [ RunTime:0.0001s ]
SQL: SELECT `name` FROM `tag` WHERE `id` = 15 LIMIT 1   [ RunTime:0.0002s ]
SQL: SELECT `name` FROM `tag` WHERE `id` = 5 LIMIT 1   [ RunTime:0.0002s ]
SQL: SELECT * FROM `para` WHERE `taleId` = 153 ORDER BY id LIMIT 1   [ RunTime:0.0002s ]
SQL: SELECT * FROM `user` WHERE `id` = 1 LIMIT 1   [ RunTime:0.0002s ]
SQL: SELECT `name` FROM `tag` WHERE `id` = 20 LIMIT 1   [ RunTime:0.0001s ]
SQL: SELECT `name` FROM `tag` WHERE `id` = 5 LIMIT 1   [ RunTime:0.0001s ]

[ 2017-07-16T00:28:39+08:00 ] 192.168.31.207 /~mile/qicheng/index.php/Api/Tale/getHotTaleView?timeBefore=1500134606705&limit=10
INFO: [ app_init ] --START--
INFO: Run Behavior\BuildLiteBehavior [ RunTime:0.000008s ]
INFO: [ app_init ] --END-- [ RunTime:0.000163s ]
INFO: [ app_begin ] --START--
INFO: Run Behavior\ReadHtmlCacheBehavior [ RunTime:0.000198s ]
INFO: [ app_begin ] --END-- [ RunTime:0.000221s ]
SQL: SHOW COLUMNS FROM `tale` [ RunTime:0.0004s ]
SQL: SHOW COLUMNS FROM `para` [ RunTime:0.0003s ]
SQL: SHOW COLUMNS FROM `user` [ RunTime:0.0003s ]
SQL: SHOW COLUMNS FROM `tag` [ RunTime:0.0003s ]
SQL: SELECT * FROM `tale` WHERE `time` < '1500134606' ORDER BY zan desc,paraNumber desc,time desc LIMIT 10   [ RunTime:0.0003s ]
SQL: SELECT * FROM `para` WHERE `taleId` = 162 ORDER BY id LIMIT 1   [ RunTime:0.0002s ]
SQL: SELECT * FROM `user` WHERE `id` = 1 LIMIT 1   [ RunTime:0.0002s ]
SQL: SELECT `name` FROM `tag` WHERE `id` = 16 LIMIT 1   [ RunTime:0.0001s ]
SQL: SELECT * FROM `para` WHERE `taleId` = 156 ORDER BY id LIMIT 1   [ RunTime:0.0002s ]
SQL: SELECT * FROM `user` WHERE `id` = 1 LIMIT 1   [ RunTime:0.0002s ]
SQL: SELECT `name` FROM `tag` WHERE `id` = 27 LIMIT 1   [ RunTime:0.0002s ]
SQL: SELECT `name` FROM `tag` WHERE `id` = 19 LIMIT 1   [ RunTime:0.0002s ]
SQL: SELECT * FROM `para` WHERE `taleId` = 155 ORDER BY id LIMIT 1   [ RunTime:0.0002s ]
SQL: SELECT * FROM `user` WHERE `id` = 1 LIMIT 1   [ RunTime:0.0002s ]
SQL: SELECT `name` FROM `tag` WHERE `id` = 20 LIMIT 1   [ RunTime:0.0002s ]
SQL: SELECT `name` FROM `tag` WHERE `id` = 15 LIMIT 1   [ RunTime:0.0002s ]
SQL: SELECT `name` FROM `tag` WHERE `id` = 19 LIMIT 1   [ RunTime:0.0002s ]
SQL: SELECT * FROM `para` WHERE `taleId` = 160 ORDER BY id LIMIT 1   [ RunTime:0.0002s ]
SQL: SELECT * FROM `user` WHERE `id` = 1 LIMIT 1   [ RunTime:0.0002s ]
SQL: SELECT `name` FROM `tag` WHERE `id` = 23 LIMIT 1   [ RunTime:0.0001s ]
SQL: SELECT * FROM `para` WHERE `taleId` = 158 ORDER BY id LIMIT 1   [ RunTime:0.0002s ]
SQL: SELECT * FROM `user` WHERE `id` = 1 LIMIT 1   [ RunTime:0.0002s ]
SQL: SELECT `name` FROM `tag` WHERE `id` = 5 LIMIT 1   [ RunTime:0.0001s ]
SQL: SELECT * FROM `para` WHERE `taleId` = 151 ORDER BY id LIMIT 1   [ RunTime:0.0002s ]
SQL: SELECT * FROM `user` WHERE `id` = 1 LIMIT 1   [ RunTime:0.0002s ]
SQL: SELECT `name` FROM `tag` WHERE `id` = 28 LIMIT 1   [ RunTime:0.0002s ]
SQL: SELECT `name` FROM `tag` WHERE `id` = 19 LIMIT 1   [ RunTime:0.0001s ]
SQL: SELECT * FROM `para` WHERE `taleId` = 157 ORDER BY id LIMIT 1   [ RunTime:0.0002s ]
SQL: SELECT * FROM `user` WHERE `id` = 1 LIMIT 1   [ RunTime:0.0002s ]
SQL: SELECT `name` FROM `tag` WHERE `id` = 28 LIMIT 1   [ RunTime:0.0002s ]
SQL: SELECT `name` FROM `tag` WHERE `id` = 20 LIMIT 1   [ RunTime:0.0001s ]
SQL: SELECT `name` FROM `tag` WHERE `id` = 19 LIMIT 1   [ RunTime:0.0001s ]
SQL: SELECT `name` FROM `tag` WHERE `id` = 5 LIMIT 1   [ RunTime:0.0001s ]
SQL: SELECT * FROM `para` WHERE `taleId` = 161 ORDER BY id LIMIT 1   [ RunTime:0.0001s ]
SQL: SELECT * FROM `user` WHERE `id` = 1 LIMIT 1   [ RunTime:0.0001s ]
SQL: SELECT `name` FROM `tag` WHERE `id` = 20 LIMIT 1   [ RunTime:0.0001s ]
SQL: SELECT * FROM `para` WHERE `taleId` = 159 ORDER BY id LIMIT 1   [ RunTime:0.0002s ]
SQL: SELECT * FROM `user` WHERE `id` = 1 LIMIT 1   [ RunTime:0.0001s ]
SQL: SELECT `name` FROM `tag` WHERE `id` = 3 LIMIT 1   [ RunTime:0.0001s ]
SQL: SELECT * FROM `para` WHERE `taleId` = 154 ORDER BY id LIMIT 1   [ RunTime:0.0001s ]
SQL: SELECT * FROM `user` WHERE `id` = 1 LIMIT 1   [ RunTime:0.0001s ]
SQL: SELECT `name` FROM `tag` WHERE `id` = 20 LIMIT 1   [ RunTime:0.0001s ]
SQL: SELECT `name` FROM `tag` WHERE `id` = 15 LIMIT 1   [ RunTime:0.0001s ]
SQL: SELECT `name` FROM `tag` WHERE `id` = 5 LIMIT 1   [ RunTime:0.0002s ]

[ 2017-07-16T00:28:43+08:00 ] 192.168.31.207 /~mile/qicheng/index.php/Api/Tale/getHotTaleView?timeBefore=1500021505&limit=10
INFO: [ app_init ] --START--
INFO: Run Behavior\BuildLiteBehavior [ RunTime:0.000008s ]
INFO: [ app_init ] --END-- [ RunTime:0.000181s ]
INFO: [ app_begin ] --START--
INFO: Run Behavior\ReadHtmlCacheBehavior [ RunTime:0.000223s ]
INFO: [ app_begin ] --END-- [ RunTime:0.000250s ]
SQL: SHOW COLUMNS FROM `tale` [ RunTime:0.0004s ]
SQL: SHOW COLUMNS FROM `para` [ RunTime:0.0003s ]
SQL: SHOW COLUMNS FROM `user` [ RunTime:0.0003s ]
SQL: SHOW COLUMNS FROM `tag` [ RunTime:0.0003s ]
SQL: SELECT * FROM `tale` WHERE `time` < '1500021505' ORDER BY zan desc,paraNumber desc,time desc LIMIT 10   [ RunTime:0.0003s ]
SQL: SELECT * FROM `para` WHERE `taleId` = 151 ORDER BY id LIMIT 1   [ RunTime:0.0002s ]
SQL: SELECT * FROM `user` WHERE `id` = 1 LIMIT 1   [ RunTime:0.0002s ]
SQL: SELECT `name` FROM `tag` WHERE `id` = 28 LIMIT 1   [ RunTime:0.0002s ]
SQL: SELECT `name` FROM `tag` WHERE `id` = 19 LIMIT 1   [ RunTime:0.0002s ]
SQL: SELECT * FROM `para` WHERE `taleId` = 152 ORDER BY id LIMIT 1   [ RunTime:0.0002s ]
SQL: SELECT * FROM `user` WHERE `id` = 1 LIMIT 1   [ RunTime:0.0002s ]
SQL: SELECT `name` FROM `tag` WHERE `id` = 19 LIMIT 1   [ RunTime:0.0002s ]
SQL: SELECT `name` FROM `tag` WHERE `id` = 5 LIMIT 1   [ RunTime:0.0002s ]
SQL: SELECT * FROM `para` WHERE `taleId` = 153 ORDER BY id LIMIT 1   [ RunTime:0.0003s ]
SQL: SELECT * FROM `user` WHERE `id` = 1 LIMIT 1   [ RunTime:0.0003s ]
SQL: SELECT `name` FROM `tag` WHERE `id` = 20 LIMIT 1   [ RunTime:0.0002s ]
SQL: SELECT `name` FROM `tag` WHERE `id` = 5 LIMIT 1   [ RunTime:0.0002s ]
SQL: SELECT * FROM `para` WHERE `taleId` = 134 ORDER BY id LIMIT 1   [ RunTime:0.0002s ]
SQL: SELECT * FROM `user` WHERE `id` = 1 LIMIT 1   [ RunTime:0.0002s ]
SQL: SELECT `name` FROM `tag` WHERE `id` = 68 LIMIT 1   [ RunTime:0.0001s ]
SQL: SELECT `name` FROM `tag` WHERE `id` = 66 LIMIT 1   [ RunTime:0.0002s ]
SQL: SELECT * FROM `para` WHERE `taleId` = 133 ORDER BY id LIMIT 1   [ RunTime:0.0002s ]
SQL: SELECT * FROM `user` WHERE `id` = 1 LIMIT 1   [ RunTime:0.0002s ]
SQL: SELECT `name` FROM `tag` WHERE `id` = 68 LIMIT 1   [ RunTime:0.0002s ]
SQL: SELECT `name` FROM `tag` WHERE `id` = 66 LIMIT 1   [ RunTime:0.0002s ]
SQL: SELECT * FROM `para` WHERE `taleId` = 132 ORDER BY id LIMIT 1   [ RunTime:0.0002s ]
SQL: SELECT * FROM `user` WHERE `id` = 1 LIMIT 1   [ RunTime:0.0002s ]
SQL: SELECT `name` FROM `tag` WHERE `id` = 68 LIMIT 1   [ RunTime:0.0001s ]
SQL: SELECT `name` FROM `tag` WHERE `id` = 66 LIMIT 1   [ RunTime:0.0001s ]
SQL: SELECT * FROM `para` WHERE `taleId` = 131 ORDER BY id LIMIT 1   [ RunTime:0.0002s ]
SQL: SELECT * FROM `user` WHERE `id` = 1 LIMIT 1   [ RunTime:0.0002s ]
SQL: SELECT `name` FROM `tag` WHERE `id` = 68 LIMIT 1   [ RunTime:0.0002s ]
SQL: SELECT `name` FROM `tag` WHERE `id` = 66 LIMIT 1   [ RunTime:0.0002s ]
SQL: SELECT * FROM `para` WHERE `taleId` = 130 ORDER BY id LIMIT 1   [ RunTime:0.0002s ]
SQL: SELECT * FROM `user` WHERE `id` = 1 LIMIT 1   [ RunTime:0.0002s ]
SQL: SELECT `name` FROM `tag` WHERE `id` = 68 LIMIT 1   [ RunTime:0.0001s ]
SQL: SELECT `name` FROM `tag` WHERE `id` = 66 LIMIT 1   [ RunTime:0.0001s ]
SQL: SELECT * FROM `para` WHERE `taleId` = 129 ORDER BY id LIMIT 1   [ RunTime:0.0002s ]
SQL: SELECT * FROM `user` WHERE `id` = 1 LIMIT 1   [ RunTime:0.0001s ]
SQL: SELECT `name` FROM `tag` WHERE `id` = 68 LIMIT 1   [ RunTime:0.0001s ]
SQL: SELECT `name` FROM `tag` WHERE `id` = 66 LIMIT 1   [ RunTime:0.0001s ]
SQL: SELECT * FROM `para` WHERE `taleId` = 128 ORDER BY id LIMIT 1   [ RunTime:0.0001s ]
SQL: SELECT * FROM `user` WHERE `id` = 1 LIMIT 1   [ RunTime:0.0001s ]
SQL: SELECT `name` FROM `tag` WHERE `id` = 68 LIMIT 1   [ RunTime:0.0002s ]
SQL: SELECT `name` FROM `tag` WHERE `id` = 66 LIMIT 1   [ RunTime:0.0002s ]

[ 2017-07-16T00:29:04+08:00 ] 192.168.31.207 /~mile/qicheng/index.php/Api/Tag/getTags
INFO: [ app_init ] --START--
INFO: Run Behavior\BuildLiteBehavior [ RunTime:0.000009s ]
INFO: [ app_init ] --END-- [ RunTime:0.000200s ]
INFO: [ app_begin ] --START--
INFO: Run Behavior\ReadHtmlCacheBehavior [ RunTime:0.000249s ]
INFO: [ app_begin ] --END-- [ RunTime:0.000279s ]
SQL: SHOW COLUMNS FROM `tag` [ RunTime:0.0004s ]
SQL: SELECT `id`,`name` FROM `tag` ORDER BY priority desc  [ RunTime:0.0003s ]

[ 2017-07-16T00:29:10+08:00 ] 192.168.31.207 /~mile/qicheng/index.php/Api/Tale/newTale
INFO: [ app_init ] --START--
INFO: Run Behavior\BuildLiteBehavior [ RunTime:0.000008s ]
INFO: [ app_init ] --END-- [ RunTime:0.000199s ]
INFO: [ app_begin ] --START--
INFO: Run Behavior\ReadHtmlCacheBehavior [ RunTime:0.000211s ]
INFO: [ app_begin ] --END-- [ RunTime:0.000236s ]
SQL: SHOW COLUMNS FROM `tale` [ RunTime:0.0004s ]
SQL: INSERT INTO `tale` (`sponsorId`,`tags`,`time`) VALUES ('1','[19]','1500134638') [ RunTime:0.0006s ]
SQL: SHOW COLUMNS FROM `tag` [ RunTime:0.0003s ]
SQL: SELECT `tales` FROM `tag` WHERE ( id=19 ) LIMIT 1   [ RunTime:0.0002s ]
SQL: UPDATE `tag` SET `tales`='[151,152,155,156,157,163]' WHERE ( id=19 ) [ RunTime:0.0004s ]
SQL: SHOW COLUMNS FROM `para` [ RunTime:0.0003s ]
SQL: SHOW COLUMNS FROM `tale` [ RunTime:0.0003s ]
SQL: SELECT `paraNum` FROM `para` WHERE `taleId` = 163 ORDER BY paraNum desc LIMIT 1   [ RunTime:0.0002s ]
SQL: UPDATE `tale` SET `paraNumber`='1' WHERE `id` = 163 [ RunTime:0.0003s ]
SQL: INSERT INTO `para` (`userId`,`taleId`,`content`,`time`,`paraNum`) VALUES ('1','163','hola','1500134638','1') [ RunTime:0.0003s ]

[ 2017-07-16T00:29:12+08:00 ] 192.168.31.207 /~mile/qicheng/index.php/Api/Tale/getHotTaleView?timeBefore=1500134639103&limit=10
INFO: [ app_init ] --START--
INFO: Run Behavior\BuildLiteBehavior [ RunTime:0.000033s ]
INFO: [ app_init ] --END-- [ RunTime:0.000241s ]
INFO: [ app_begin ] --START--
INFO: Run Behavior\ReadHtmlCacheBehavior [ RunTime:0.000229s ]
INFO: [ app_begin ] --END-- [ RunTime:0.000255s ]
SQL: SHOW COLUMNS FROM `tale` [ RunTime:0.0004s ]
SQL: SHOW COLUMNS FROM `para` [ RunTime:0.0003s ]
SQL: SHOW COLUMNS FROM `user` [ RunTime:0.0003s ]
SQL: SHOW COLUMNS FROM `tag` [ RunTime:0.0003s ]
SQL: SELECT * FROM `tale` WHERE `time` < '1500134639' ORDER BY zan desc,paraNumber desc,time desc LIMIT 10   [ RunTime:0.0003s ]
SQL: SELECT * FROM `para` WHERE `taleId` = 162 ORDER BY id LIMIT 1   [ RunTime:0.0002s ]
SQL: SELECT * FROM `user` WHERE `id` = 1 LIMIT 1   [ RunTime:0.0002s ]
SQL: SELECT `name` FROM `tag` WHERE `id` = 16 LIMIT 1   [ RunTime:0.0002s ]
SQL: SELECT * FROM `para` WHERE `taleId` = 156 ORDER BY id LIMIT 1   [ RunTime:0.0002s ]
SQL: SELECT * FROM `user` WHERE `id` = 1 LIMIT 1   [ RunTime:0.0002s ]
SQL: SELECT `name` FROM `tag` WHERE `id` = 27 LIMIT 1   [ RunTime:0.0002s ]
SQL: SELECT `name` FROM `tag` WHERE `id` = 19 LIMIT 1   [ RunTime:0.0002s ]
SQL: SELECT * FROM `para` WHERE `taleId` = 155 ORDER BY id LIMIT 1   [ RunTime:0.0002s ]
SQL: SELECT * FROM `user` WHERE `id` = 1 LIMIT 1   [ RunTime:0.0002s ]
SQL: SELECT `name` FROM `tag` WHERE `id` = 20 LIMIT 1   [ RunTime:0.0002s ]
SQL: SELECT `name` FROM `tag` WHERE `id` = 15 LIMIT 1   [ RunTime:0.0002s ]
SQL: SELECT `name` FROM `tag` WHERE `id` = 19 LIMIT 1   [ RunTime:0.0002s ]
SQL: SELECT * FROM `para` WHERE `taleId` = 160 ORDER BY id LIMIT 1   [ RunTime:0.0002s ]
SQL: SELECT * FROM `user` WHERE `id` = 1 LIMIT 1   [ RunTime:0.0002s ]
SQL: SELECT `name` FROM `tag` WHERE `id` = 23 LIMIT 1   [ RunTime:0.0002s ]
SQL: SELECT * FROM `para` WHERE `taleId` = 158 ORDER BY id LIMIT 1   [ RunTime:0.0002s ]
SQL: SELECT * FROM `user` WHERE `id` = 1 LIMIT 1   [ RunTime:0.0002s ]
SQL: SELECT `name` FROM `tag` WHERE `id` = 5 LIMIT 1   [ RunTime:0.0001s ]
SQL: SELECT * FROM `para` WHERE `taleId` = 151 ORDER BY id LIMIT 1   [ RunTime:0.0002s ]
SQL: SELECT * FROM `user` WHERE `id` = 1 LIMIT 1   [ RunTime:0.0002s ]
SQL: SELECT `name` FROM `tag` WHERE `id` = 28 LIMIT 1   [ RunTime:0.0002s ]
SQL: SELECT `name` FROM `tag` WHERE `id` = 19 LIMIT 1   [ RunTime:0.0002s ]
SQL: SELECT * FROM `para` WHERE `taleId` = 157 ORDER BY id LIMIT 1   [ RunTime:0.0002s ]
SQL: SELECT * FROM `user` WHERE `id` = 1 LIMIT 1   [ RunTime:0.0002s ]
SQL: SELECT `name` FROM `tag` WHERE `id` = 28 LIMIT 1   [ RunTime:0.0002s ]
SQL: SELECT `name` FROM `tag` WHERE `id` = 20 LIMIT 1   [ RunTime:0.0002s ]
SQL: SELECT `name` FROM `tag` WHERE `id` = 19 LIMIT 1   [ RunTime:0.0002s ]
SQL: SELECT `name` FROM `tag` WHERE `id` = 5 LIMIT 1   [ RunTime:0.0002s ]
SQL: SELECT * FROM `para` WHERE `taleId` = 161 ORDER BY id LIMIT 1   [ RunTime:0.0002s ]
SQL: SELECT * FROM `user` WHERE `id` = 1 LIMIT 1   [ RunTime:0.0002s ]
SQL: SELECT `name` FROM `tag` WHERE `id` = 20 LIMIT 1   [ RunTime:0.0002s ]
SQL: SELECT * FROM `para` WHERE `taleId` = 159 ORDER BY id LIMIT 1   [ RunTime:0.0002s ]
SQL: SELECT * FROM `user` WHERE `id` = 1 LIMIT 1   [ RunTime:0.0002s ]
SQL: SELECT `name` FROM `tag` WHERE `id` = 3 LIMIT 1   [ RunTime:0.0001s ]
SQL: SELECT * FROM `para` WHERE `taleId` = 154 ORDER BY id LIMIT 1   [ RunTime:0.0002s ]
SQL: SELECT * FROM `user` WHERE `id` = 1 LIMIT 1   [ RunTime:0.0002s ]
SQL: SELECT `name` FROM `tag` WHERE `id` = 20 LIMIT 1   [ RunTime:0.0001s ]
SQL: SELECT `name` FROM `tag` WHERE `id` = 15 LIMIT 1   [ RunTime:0.0002s ]
SQL: SELECT `name` FROM `tag` WHERE `id` = 5 LIMIT 1   [ RunTime:0.0002s ]

[ 2017-07-16T00:29:15+08:00 ] 192.168.31.207 /~mile/qicheng/index.php/Api/Tale/getHotTaleView?timeBefore=1500134642342&limit=10
INFO: [ app_init ] --START--
INFO: Run Behavior\BuildLiteBehavior [ RunTime:0.000007s ]
INFO: [ app_init ] --END-- [ RunTime:0.000157s ]
INFO: [ app_begin ] --START--
INFO: Run Behavior\ReadHtmlCacheBehavior [ RunTime:0.000196s ]
INFO: [ app_begin ] --END-- [ RunTime:0.000219s ]
SQL: SHOW COLUMNS FROM `tale` [ RunTime:0.0004s ]
SQL: SHOW COLUMNS FROM `para` [ RunTime:0.0003s ]
SQL: SHOW COLUMNS FROM `user` [ RunTime:0.0004s ]
SQL: SHOW COLUMNS FROM `tag` [ RunTime:0.0004s ]
SQL: SELECT * FROM `tale` WHERE `time` < '1500134642' ORDER BY zan desc,paraNumber desc,time desc LIMIT 10   [ RunTime:0.0003s ]
SQL: SELECT * FROM `para` WHERE `taleId` = 162 ORDER BY id LIMIT 1   [ RunTime:0.0002s ]
SQL: SELECT * FROM `user` WHERE `id` = 1 LIMIT 1   [ RunTime:0.0002s ]
SQL: SELECT `name` FROM `tag` WHERE `id` = 16 LIMIT 1   [ RunTime:0.0001s ]
SQL: SELECT * FROM `para` WHERE `taleId` = 156 ORDER BY id LIMIT 1   [ RunTime:0.0002s ]
SQL: SELECT * FROM `user` WHERE `id` = 1 LIMIT 1   [ RunTime:0.0002s ]
SQL: SELECT `name` FROM `tag` WHERE `id` = 27 LIMIT 1   [ RunTime:0.0001s ]
SQL: SELECT `name` FROM `tag` WHERE `id` = 19 LIMIT 1   [ RunTime:0.0002s ]
SQL: SELECT * FROM `para` WHERE `taleId` = 155 ORDER BY id LIMIT 1   [ RunTime:0.0002s ]
SQL: SELECT * FROM `user` WHERE `id` = 1 LIMIT 1   [ RunTime:0.0002s ]
SQL: SELECT `name` FROM `tag` WHERE `id` = 20 LIMIT 1   [ RunTime:0.0001s ]
SQL: SELECT `name` FROM `tag` WHERE `id` = 15 LIMIT 1   [ RunTime:0.0002s ]
SQL: SELECT `name` FROM `tag` WHERE `id` = 19 LIMIT 1   [ RunTime:0.0002s ]
SQL: SELECT * FROM `para` WHERE `taleId` = 160 ORDER BY id LIMIT 1   [ RunTime:0.0002s ]
SQL: SELECT * FROM `user` WHERE `id` = 1 LIMIT 1   [ RunTime:0.0002s ]
SQL: SELECT `name` FROM `tag` WHERE `id` = 23 LIMIT 1   [ RunTime:0.0002s ]
SQL: SELECT * FROM `para` WHERE `taleId` = 158 ORDER BY id LIMIT 1   [ RunTime:0.0002s ]
SQL: SELECT * FROM `user` WHERE `id` = 1 LIMIT 1   [ RunTime:0.0002s ]
SQL: SELECT `name` FROM `tag` WHERE `id` = 5 LIMIT 1   [ RunTime:0.0001s ]
SQL: SELECT * FROM `para` WHERE `taleId` = 151 ORDER BY id LIMIT 1   [ RunTime:0.0002s ]
SQL: SELECT * FROM `user` WHERE `id` = 1 LIMIT 1   [ RunTime:0.0002s ]
SQL: SELECT `name` FROM `tag` WHERE `id` = 28 LIMIT 1   [ RunTime:0.0001s ]
SQL: SELECT `name` FROM `tag` WHERE `id` = 19 LIMIT 1   [ RunTime:0.0001s ]
SQL: SELECT * FROM `para` WHERE `taleId` = 157 ORDER BY id LIMIT 1   [ RunTime:0.0003s ]
SQL: SELECT * FROM `user` WHERE `id` = 1 LIMIT 1   [ RunTime:0.0002s ]
SQL: SELECT `name` FROM `tag` WHERE `id` = 28 LIMIT 1   [ RunTime:0.0001s ]
SQL: SELECT `name` FROM `tag` WHERE `id` = 20 LIMIT 1   [ RunTime:0.0001s ]
SQL: SELECT `name` FROM `tag` WHERE `id` = 19 LIMIT 1   [ RunTime:0.0001s ]
SQL: SELECT `name` FROM `tag` WHERE `id` = 5 LIMIT 1   [ RunTime:0.0001s ]
SQL: SELECT * FROM `para` WHERE `taleId` = 161 ORDER BY id LIMIT 1   [ RunTime:0.0002s ]
SQL: SELECT * FROM `user` WHERE `id` = 1 LIMIT 1   [ RunTime:0.0002s ]
SQL: SELECT `name` FROM `tag` WHERE `id` = 20 LIMIT 1   [ RunTime:0.0001s ]
SQL: SELECT * FROM `para` WHERE `taleId` = 159 ORDER BY id LIMIT 1   [ RunTime:0.0002s ]
SQL: SELECT * FROM `user` WHERE `id` = 1 LIMIT 1   [ RunTime:0.0002s ]
SQL: SELECT `name` FROM `tag` WHERE `id` = 3 LIMIT 1   [ RunTime:0.0002s ]
SQL: SELECT * FROM `para` WHERE `taleId` = 154 ORDER BY id LIMIT 1   [ RunTime:0.0002s ]
SQL: SELECT * FROM `user` WHERE `id` = 1 LIMIT 1   [ RunTime:0.0002s ]
SQL: SELECT `name` FROM `tag` WHERE `id` = 20 LIMIT 1   [ RunTime:0.0001s ]
SQL: SELECT `name` FROM `tag` WHERE `id` = 15 LIMIT 1   [ RunTime:0.0001s ]
SQL: SELECT `name` FROM `tag` WHERE `id` = 5 LIMIT 1   [ RunTime:0.0001s ]

[ 2017-07-16T00:29:21+08:00 ] 192.168.31.207 /~mile/qicheng/index.php/Api/Tale/getLatestTaleView?timeBefore=1500134648142&limit=10
INFO: [ app_init ] --START--
INFO: Run Behavior\BuildLiteBehavior [ RunTime:0.000008s ]
INFO: [ app_init ] --END-- [ RunTime:0.000173s ]
INFO: [ app_begin ] --START--
INFO: Run Behavior\ReadHtmlCacheBehavior [ RunTime:0.000209s ]
INFO: [ app_begin ] --END-- [ RunTime:0.000232s ]
SQL: SHOW COLUMNS FROM `tale` [ RunTime:0.0004s ]
SQL: SHOW COLUMNS FROM `para` [ RunTime:0.0003s ]
SQL: SHOW COLUMNS FROM `user` [ RunTime:0.0003s ]
SQL: SHOW COLUMNS FROM `tag` [ RunTime:0.0003s ]
SQL: SELECT * FROM `tale` WHERE `time` < '1500134648' ORDER BY time desc LIMIT 10   [ RunTime:0.0003s ]
SQL: SELECT * FROM `para` WHERE `taleId` = 163 ORDER BY id LIMIT 1   [ RunTime:0.0002s ]
SQL: SELECT * FROM `user` WHERE `id` = 1 LIMIT 1   [ RunTime:0.0002s ]
SQL: SELECT `name` FROM `tag` WHERE `id` = 19 LIMIT 1   [ RunTime:0.0002s ]
SQL: SELECT * FROM `para` WHERE `taleId` = 162 ORDER BY id LIMIT 1   [ RunTime:0.0002s ]
SQL: SELECT * FROM `user` WHERE `id` = 1 LIMIT 1   [ RunTime:0.0002s ]
SQL: SELECT `name` FROM `tag` WHERE `id` = 16 LIMIT 1   [ RunTime:0.0001s ]
SQL: SELECT * FROM `para` WHERE `taleId` = 161 ORDER BY id LIMIT 1   [ RunTime:0.0002s ]
SQL: SELECT * FROM `user` WHERE `id` = 1 LIMIT 1   [ RunTime:0.0003s ]
SQL: SELECT `name` FROM `tag` WHERE `id` = 20 LIMIT 1   [ RunTime:0.0002s ]
SQL: SELECT * FROM `para` WHERE `taleId` = 160 ORDER BY id LIMIT 1   [ RunTime:0.0002s ]
SQL: SELECT * FROM `user` WHERE `id` = 1 LIMIT 1   [ RunTime:0.0002s ]
SQL: SELECT `name` FROM `tag` WHERE `id` = 23 LIMIT 1   [ RunTime:0.0001s ]
SQL: SELECT * FROM `para` WHERE `taleId` = 159 ORDER BY id LIMIT 1   [ RunTime:0.0002s ]
SQL: SELECT * FROM `user` WHERE `id` = 1 LIMIT 1   [ RunTime:0.0002s ]
SQL: SELECT `name` FROM `tag` WHERE `id` = 3 LIMIT 1   [ RunTime:0.0002s ]
SQL: SELECT * FROM `para` WHERE `taleId` = 158 ORDER BY id LIMIT 1   [ RunTime:0.0002s ]
SQL: SELECT * FROM `user` WHERE `id` = 1 LIMIT 1   [ RunTime:0.0002s ]
SQL: SELECT `name` FROM `tag` WHERE `id` = 5 LIMIT 1   [ RunTime:0.0002s ]
SQL: SELECT * FROM `para` WHERE `taleId` = 157 ORDER BY id LIMIT 1   [ RunTime:0.0002s ]
SQL: SELECT * FROM `user` WHERE `id` = 1 LIMIT 1   [ RunTime:0.0002s ]
SQL: SELECT `name` FROM `tag` WHERE `id` = 28 LIMIT 1   [ RunTime:0.0001s ]
SQL: SELECT `name` FROM `tag` WHERE `id` = 20 LIMIT 1   [ RunTime:0.0002s ]
SQL: SELECT `name` FROM `tag` WHERE `id` = 19 LIMIT 1   [ RunTime:0.0002s ]
SQL: SELECT `name` FROM `tag` WHERE `id` = 5 LIMIT 1   [ RunTime:0.0002s ]
SQL: SELECT * FROM `para` WHERE `taleId` = 156 ORDER BY id LIMIT 1   [ RunTime:0.0002s ]
SQL: SELECT * FROM `user` WHERE `id` = 1 LIMIT 1   [ RunTime:0.0002s ]
SQL: SELECT `name` FROM `tag` WHERE `id` = 27 LIMIT 1   [ RunTime:0.0001s ]
SQL: SELECT `name` FROM `tag` WHERE `id` = 19 LIMIT 1   [ RunTime:0.0002s ]
SQL: SELECT * FROM `para` WHERE `taleId` = 155 ORDER BY id LIMIT 1   [ RunTime:0.0002s ]
SQL: SELECT * FROM `user` WHERE `id` = 1 LIMIT 1   [ RunTime:0.0002s ]
SQL: SELECT `name` FROM `tag` WHERE `id` = 20 LIMIT 1   [ RunTime:0.0001s ]
SQL: SELECT `name` FROM `tag` WHERE `id` = 15 LIMIT 1   [ RunTime:0.0001s ]
SQL: SELECT `name` FROM `tag` WHERE `id` = 19 LIMIT 1   [ RunTime:0.0002s ]
SQL: SELECT * FROM `para` WHERE `taleId` = 154 ORDER BY id LIMIT 1   [ RunTime:0.0002s ]
SQL: SELECT * FROM `user` WHERE `id` = 1 LIMIT 1   [ RunTime:0.0002s ]
SQL: SELECT `name` FROM `tag` WHERE `id` = 20 LIMIT 1   [ RunTime:0.0001s ]
SQL: SELECT `name` FROM `tag` WHERE `id` = 15 LIMIT 1   [ RunTime:0.0002s ]
SQL: SELECT `name` FROM `tag` WHERE `id` = 5 LIMIT 1   [ RunTime:0.0002s ]

[ 2017-07-16T00:31:29+08:00 ] 192.168.31.207 /~mile/qicheng/index.php/Api/Tale/getHotTaleView?timeBefore=1500134776871&limit=10
INFO: [ app_init ] --START--
INFO: Run Behavior\BuildLiteBehavior [ RunTime:0.000008s ]
INFO: [ app_init ] --END-- [ RunTime:0.000163s ]
INFO: [ app_begin ] --START--
INFO: Run Behavior\ReadHtmlCacheBehavior [ RunTime:0.000270s ]
INFO: [ app_begin ] --END-- [ RunTime:0.000297s ]
SQL: SHOW COLUMNS FROM `tale` [ RunTime:0.0005s ]
SQL: SHOW COLUMNS FROM `para` [ RunTime:0.0003s ]
SQL: SHOW COLUMNS FROM `user` [ RunTime:0.0003s ]
SQL: SHOW COLUMNS FROM `tag` [ RunTime:0.0003s ]
SQL: SELECT * FROM `tale` WHERE `time` < '1500134776' ORDER BY zan desc,paraNumber desc,time desc LIMIT 10   [ RunTime:0.0003s ]
SQL: SELECT * FROM `para` WHERE `taleId` = 162 ORDER BY id LIMIT 1   [ RunTime:0.0002s ]
SQL: SELECT * FROM `user` WHERE `id` = 1 LIMIT 1   [ RunTime:0.0002s ]
SQL: SELECT `name` FROM `tag` WHERE `id` = 16 LIMIT 1   [ RunTime:0.0002s ]
SQL: SELECT * FROM `para` WHERE `taleId` = 156 ORDER BY id LIMIT 1   [ RunTime:0.0002s ]
SQL: SELECT * FROM `user` WHERE `id` = 1 LIMIT 1   [ RunTime:0.0002s ]
SQL: SELECT `name` FROM `tag` WHERE `id` = 27 LIMIT 1   [ RunTime:0.0001s ]
SQL: SELECT `name` FROM `tag` WHERE `id` = 19 LIMIT 1   [ RunTime:0.0002s ]
SQL: SELECT * FROM `para` WHERE `taleId` = 155 ORDER BY id LIMIT 1   [ RunTime:0.0002s ]
SQL: SELECT * FROM `user` WHERE `id` = 1 LIMIT 1   [ RunTime:0.0002s ]
SQL: SELECT `name` FROM `tag` WHERE `id` = 20 LIMIT 1   [ RunTime:0.0002s ]
SQL: SELECT `name` FROM `tag` WHERE `id` = 15 LIMIT 1   [ RunTime:0.0002s ]
SQL: SELECT `name` FROM `tag` WHERE `id` = 19 LIMIT 1   [ RunTime:0.0002s ]
SQL: SELECT * FROM `para` WHERE `taleId` = 160 ORDER BY id LIMIT 1   [ RunTime:0.0002s ]
SQL: SELECT * FROM `user` WHERE `id` = 1 LIMIT 1   [ RunTime:0.0002s ]
SQL: SELECT `name` FROM `tag` WHERE `id` = 23 LIMIT 1   [ RunTime:0.0001s ]
SQL: SELECT * FROM `para` WHERE `taleId` = 158 ORDER BY id LIMIT 1   [ RunTime:0.0002s ]
SQL: SELECT * FROM `user` WHERE `id` = 1 LIMIT 1   [ RunTime:0.0002s ]
SQL: SELECT `name` FROM `tag` WHERE `id` = 5 LIMIT 1   [ RunTime:0.0002s ]
SQL: SELECT * FROM `para` WHERE `taleId` = 151 ORDER BY id LIMIT 1   [ RunTime:0.0002s ]
SQL: SELECT * FROM `user` WHERE `id` = 1 LIMIT 1   [ RunTime:0.0002s ]
SQL: SELECT `name` FROM `tag` WHERE `id` = 28 LIMIT 1   [ RunTime:0.0001s ]
SQL: SELECT `name` FROM `tag` WHERE `id` = 19 LIMIT 1   [ RunTime:0.0002s ]
SQL: SELECT * FROM `para` WHERE `taleId` = 157 ORDER BY id LIMIT 1   [ RunTime:0.0002s ]
SQL: SELECT * FROM `user` WHERE `id` = 1 LIMIT 1   [ RunTime:0.0002s ]
SQL: SELECT `name` FROM `tag` WHERE `id` = 28 LIMIT 1   [ RunTime:0.0002s ]
SQL: SELECT `name` FROM `tag` WHERE `id` = 20 LIMIT 1   [ RunTime:0.0002s ]
SQL: SELECT `name` FROM `tag` WHERE `id` = 19 LIMIT 1   [ RunTime:0.0001s ]
SQL: SELECT `name` FROM `tag` WHERE `id` = 5 LIMIT 1   [ RunTime:0.0002s ]
SQL: SELECT * FROM `para` WHERE `taleId` = 161 ORDER BY id LIMIT 1   [ RunTime:0.0002s ]
SQL: SELECT * FROM `user` WHERE `id` = 1 LIMIT 1   [ RunTime:0.0002s ]
SQL: SELECT `name` FROM `tag` WHERE `id` = 20 LIMIT 1   [ RunTime:0.0002s ]
SQL: SELECT * FROM `para` WHERE `taleId` = 159 ORDER BY id LIMIT 1   [ RunTime:0.0002s ]
SQL: SELECT * FROM `user` WHERE `id` = 1 LIMIT 1   [ RunTime:0.0002s ]
SQL: SELECT `name` FROM `tag` WHERE `id` = 3 LIMIT 1   [ RunTime:0.0001s ]
SQL: SELECT * FROM `para` WHERE `taleId` = 154 ORDER BY id LIMIT 1   [ RunTime:0.0002s ]
SQL: SELECT * FROM `user` WHERE `id` = 1 LIMIT 1   [ RunTime:0.0002s ]
SQL: SELECT `name` FROM `tag` WHERE `id` = 20 LIMIT 1   [ RunTime:0.0002s ]
SQL: SELECT `name` FROM `tag` WHERE `id` = 15 LIMIT 1   [ RunTime:0.0001s ]
SQL: SELECT `name` FROM `tag` WHERE `id` = 5 LIMIT 1   [ RunTime:0.0001s ]

[ 2017-07-16T00:31:30+08:00 ] 192.168.31.207 /~mile/qicheng/index.php/Api/Tag/getTags
INFO: [ app_init ] --START--
INFO: Run Behavior\BuildLiteBehavior [ RunTime:0.000009s ]
INFO: [ app_init ] --END-- [ RunTime:0.000187s ]
INFO: [ app_begin ] --START--
INFO: Run Behavior\ReadHtmlCacheBehavior [ RunTime:0.000241s ]
INFO: [ app_begin ] --END-- [ RunTime:0.000266s ]
SQL: SHOW COLUMNS FROM `tag` [ RunTime:0.0004s ]
SQL: SELECT `id`,`name` FROM `tag` ORDER BY priority desc  [ RunTime:0.0003s ]

[ 2017-07-16T00:31:34+08:00 ] 192.168.31.207 /~mile/qicheng/index.php/Api/Tale/newTale
INFO: [ app_init ] --START--
INFO: Run Behavior\BuildLiteBehavior [ RunTime:0.000007s ]
INFO: [ app_init ] --END-- [ RunTime:0.000158s ]
INFO: [ app_begin ] --START--
INFO: Run Behavior\ReadHtmlCacheBehavior [ RunTime:0.000207s ]
INFO: [ app_begin ] --END-- [ RunTime:0.000231s ]
SQL: SHOW COLUMNS FROM `tale` [ RunTime:0.0004s ]
SQL: INSERT INTO `tale` (`sponsorId`,`tags`,`time`) VALUES ('1','[29]','1500134782') [ RunTime:0.0021s ]
SQL: SHOW COLUMNS FROM `tag` [ RunTime:0.0003s ]
SQL: SELECT `tales` FROM `tag` WHERE ( id=29 ) LIMIT 1   [ RunTime:0.0003s ]
SQL: UPDATE `tag` SET `tales`='[164]' WHERE ( id=29 ) [ RunTime:0.0003s ]
SQL: SHOW COLUMNS FROM `para` [ RunTime:0.0004s ]
SQL: SHOW COLUMNS FROM `tale` [ RunTime:0.0003s ]
SQL: SELECT `paraNum` FROM `para` WHERE `taleId` = 164 ORDER BY paraNum desc LIMIT 1   [ RunTime:0.0002s ]
SQL: UPDATE `tale` SET `paraNumber`='1' WHERE `id` = 164 [ RunTime:0.0003s ]
SQL: INSERT INTO `para` (`userId`,`taleId`,`content`,`time`,`paraNum`) VALUES ('1','164','Ciao','1500134782','1') [ RunTime:0.0003s ]

[ 2017-07-16T00:31:36+08:00 ] 192.168.31.207 /~mile/qicheng/index.php/Api/Tale/getHotTaleView?timeBefore=1500134783082&limit=10
INFO: [ app_init ] --START--
INFO: Run Behavior\BuildLiteBehavior [ RunTime:0.000008s ]
INFO: [ app_init ] --END-- [ RunTime:0.000228s ]
INFO: [ app_begin ] --START--
INFO: Run Behavior\ReadHtmlCacheBehavior [ RunTime:0.000202s ]
INFO: [ app_begin ] --END-- [ RunTime:0.000225s ]
SQL: SHOW COLUMNS FROM `tale` [ RunTime:0.0004s ]
SQL: SHOW COLUMNS FROM `para` [ RunTime:0.0003s ]
SQL: SHOW COLUMNS FROM `user` [ RunTime:0.0004s ]
SQL: SHOW COLUMNS FROM `tag` [ RunTime:0.0003s ]
SQL: SELECT * FROM `tale` WHERE `time` < '1500134783' ORDER BY zan desc,paraNumber desc,time desc LIMIT 10   [ RunTime:0.0003s ]
SQL: SELECT * FROM `para` WHERE `taleId` = 162 ORDER BY id LIMIT 1   [ RunTime:0.0003s ]
SQL: SELECT * FROM `user` WHERE `id` = 1 LIMIT 1   [ RunTime:0.0002s ]
SQL: SELECT `name` FROM `tag` WHERE `id` = 16 LIMIT 1   [ RunTime:0.0002s ]
SQL: SELECT * FROM `para` WHERE `taleId` = 156 ORDER BY id LIMIT 1   [ RunTime:0.0002s ]
SQL: SELECT * FROM `user` WHERE `id` = 1 LIMIT 1   [ RunTime:0.0002s ]
SQL: SELECT `name` FROM `tag` WHERE `id` = 27 LIMIT 1   [ RunTime:0.0002s ]
SQL: SELECT `name` FROM `tag` WHERE `id` = 19 LIMIT 1   [ RunTime:0.0002s ]
SQL: SELECT * FROM `para` WHERE `taleId` = 155 ORDER BY id LIMIT 1   [ RunTime:0.0003s ]
SQL: SELECT * FROM `user` WHERE `id` = 1 LIMIT 1   [ RunTime:0.0002s ]
SQL: SELECT `name` FROM `tag` WHERE `id` = 20 LIMIT 1   [ RunTime:0.0002s ]
SQL: SELECT `name` FROM `tag` WHERE `id` = 15 LIMIT 1   [ RunTime:0.0002s ]
SQL: SELECT `name` FROM `tag` WHERE `id` = 19 LIMIT 1   [ RunTime:0.0002s ]
SQL: SELECT * FROM `para` WHERE `taleId` = 160 ORDER BY id LIMIT 1   [ RunTime:0.0002s ]
SQL: SELECT * FROM `user` WHERE `id` = 1 LIMIT 1   [ RunTime:0.0002s ]
SQL: SELECT `name` FROM `tag` WHERE `id` = 23 LIMIT 1   [ RunTime:0.0002s ]
SQL: SELECT * FROM `para` WHERE `taleId` = 158 ORDER BY id LIMIT 1   [ RunTime:0.0002s ]
SQL: SELECT * FROM `user` WHERE `id` = 1 LIMIT 1   [ RunTime:0.0002s ]
SQL: SELECT `name` FROM `tag` WHERE `id` = 5 LIMIT 1   [ RunTime:0.0001s ]
SQL: SELECT * FROM `para` WHERE `taleId` = 151 ORDER BY id LIMIT 1   [ RunTime:0.0002s ]
SQL: SELECT * FROM `user` WHERE `id` = 1 LIMIT 1   [ RunTime:0.0002s ]
SQL: SELECT `name` FROM `tag` WHERE `id` = 28 LIMIT 1   [ RunTime:0.0001s ]
SQL: SELECT `name` FROM `tag` WHERE `id` = 19 LIMIT 1   [ RunTime:0.0002s ]
SQL: SELECT * FROM `para` WHERE `taleId` = 157 ORDER BY id LIMIT 1   [ RunTime:0.0002s ]
SQL: SELECT * FROM `user` WHERE `id` = 1 LIMIT 1   [ RunTime:0.0002s ]
SQL: SELECT `name` FROM `tag` WHERE `id` = 28 LIMIT 1   [ RunTime:0.0001s ]
SQL: SELECT `name` FROM `tag` WHERE `id` = 20 LIMIT 1   [ RunTime:0.0002s ]
SQL: SELECT `name` FROM `tag` WHERE `id` = 19 LIMIT 1   [ RunTime:0.0002s ]
SQL: SELECT `name` FROM `tag` WHERE `id` = 5 LIMIT 1   [ RunTime:0.0001s ]
SQL: SELECT * FROM `para` WHERE `taleId` = 161 ORDER BY id LIMIT 1   [ RunTime:0.0002s ]
SQL: SELECT * FROM `user` WHERE `id` = 1 LIMIT 1   [ RunTime:0.0002s ]
SQL: SELECT `name` FROM `tag` WHERE `id` = 20 LIMIT 1   [ RunTime:0.0002s ]
SQL: SELECT * FROM `para` WHERE `taleId` = 159 ORDER BY id LIMIT 1   [ RunTime:0.0002s ]
SQL: SELECT * FROM `user` WHERE `id` = 1 LIMIT 1   [ RunTime:0.0002s ]
SQL: SELECT `name` FROM `tag` WHERE `id` = 3 LIMIT 1   [ RunTime:0.0002s ]
SQL: SELECT * FROM `para` WHERE `taleId` = 154 ORDER BY id LIMIT 1   [ RunTime:0.0002s ]
SQL: SELECT * FROM `user` WHERE `id` = 1 LIMIT 1   [ RunTime:0.0002s ]
SQL: SELECT `name` FROM `tag` WHERE `id` = 20 LIMIT 1   [ RunTime:0.0002s ]
SQL: SELECT `name` FROM `tag` WHERE `id` = 15 LIMIT 1   [ RunTime:0.0001s ]
SQL: SELECT `name` FROM `tag` WHERE `id` = 5 LIMIT 1   [ RunTime:0.0002s ]

[ 2017-07-16T00:31:41+08:00 ] 192.168.31.207 /~mile/qicheng/index.php/Api/Tale/getLatestTaleView?timeBefore=1500134788092&limit=10
INFO: [ app_init ] --START--
INFO: Run Behavior\BuildLiteBehavior [ RunTime:0.000007s ]
INFO: [ app_init ] --END-- [ RunTime:0.000165s ]
INFO: [ app_begin ] --START--
INFO: Run Behavior\ReadHtmlCacheBehavior [ RunTime:0.000204s ]
INFO: [ app_begin ] --END-- [ RunTime:0.000227s ]
SQL: SHOW COLUMNS FROM `tale` [ RunTime:0.0004s ]
SQL: SHOW COLUMNS FROM `para` [ RunTime:0.0003s ]
SQL: SHOW COLUMNS FROM `user` [ RunTime:0.0003s ]
SQL: SHOW COLUMNS FROM `tag` [ RunTime:0.0003s ]
SQL: SELECT * FROM `tale` WHERE `time` < '1500134788' ORDER BY time desc LIMIT 10   [ RunTime:0.0003s ]
SQL: SELECT * FROM `para` WHERE `taleId` = 164 ORDER BY id LIMIT 1   [ RunTime:0.0002s ]
SQL: SELECT * FROM `user` WHERE `id` = 1 LIMIT 1   [ RunTime:0.0002s ]
SQL: SELECT `name` FROM `tag` WHERE `id` = 29 LIMIT 1   [ RunTime:0.0002s ]
SQL: SELECT * FROM `para` WHERE `taleId` = 163 ORDER BY id LIMIT 1   [ RunTime:0.0002s ]
SQL: SELECT * FROM `user` WHERE `id` = 1 LIMIT 1   [ RunTime:0.0002s ]
SQL: SELECT `name` FROM `tag` WHERE `id` = 19 LIMIT 1   [ RunTime:0.0001s ]
SQL: SELECT * FROM `para` WHERE `taleId` = 162 ORDER BY id LIMIT 1   [ RunTime:0.0002s ]
SQL: SELECT * FROM `user` WHERE `id` = 1 LIMIT 1   [ RunTime:0.0002s ]
SQL: SELECT `name` FROM `tag` WHERE `id` = 16 LIMIT 1   [ RunTime:0.0001s ]
SQL: SELECT * FROM `para` WHERE `taleId` = 161 ORDER BY id LIMIT 1   [ RunTime:0.0002s ]
SQL: SELECT * FROM `user` WHERE `id` = 1 LIMIT 1   [ RunTime:0.0002s ]
SQL: SELECT `name` FROM `tag` WHERE `id` = 20 LIMIT 1   [ RunTime:0.0002s ]
SQL: SELECT * FROM `para` WHERE `taleId` = 160 ORDER BY id LIMIT 1   [ RunTime:0.0002s ]
SQL: SELECT * FROM `user` WHERE `id` = 1 LIMIT 1   [ RunTime:0.0002s ]
SQL: SELECT `name` FROM `tag` WHERE `id` = 23 LIMIT 1   [ RunTime:0.0001s ]
SQL: SELECT * FROM `para` WHERE `taleId` = 159 ORDER BY id LIMIT 1   [ RunTime:0.0002s ]
SQL: SELECT * FROM `user` WHERE `id` = 1 LIMIT 1   [ RunTime:0.0001s ]
SQL: SELECT `name` FROM `tag` WHERE `id` = 3 LIMIT 1   [ RunTime:0.0001s ]
SQL: SELECT * FROM `para` WHERE `taleId` = 158 ORDER BY id LIMIT 1   [ RunTime:0.0001s ]
SQL: SELECT * FROM `user` WHERE `id` = 1 LIMIT 1   [ RunTime:0.0001s ]
SQL: SELECT `name` FROM `tag` WHERE `id` = 5 LIMIT 1   [ RunTime:0.0001s ]
SQL: SELECT * FROM `para` WHERE `taleId` = 157 ORDER BY id LIMIT 1   [ RunTime:0.0001s ]
SQL: SELECT * FROM `user` WHERE `id` = 1 LIMIT 1   [ RunTime:0.0001s ]
SQL: SELECT `name` FROM `tag` WHERE `id` = 28 LIMIT 1   [ RunTime:0.0001s ]
SQL: SELECT `name` FROM `tag` WHERE `id` = 20 LIMIT 1   [ RunTime:0.0001s ]
SQL: SELECT `name` FROM `tag` WHERE `id` = 19 LIMIT 1   [ RunTime:0.0002s ]
SQL: SELECT `name` FROM `tag` WHERE `id` = 5 LIMIT 1   [ RunTime:0.0001s ]
SQL: SELECT * FROM `para` WHERE `taleId` = 156 ORDER BY id LIMIT 1   [ RunTime:0.0002s ]
SQL: SELECT * FROM `user` WHERE `id` = 1 LIMIT 1   [ RunTime:0.0002s ]
SQL: SELECT `name` FROM `tag` WHERE `id` = 27 LIMIT 1   [ RunTime:0.0002s ]
SQL: SELECT `name` FROM `tag` WHERE `id` = 19 LIMIT 1   [ RunTime:0.0001s ]
SQL: SELECT * FROM `para` WHERE `taleId` = 155 ORDER BY id LIMIT 1   [ RunTime:0.0002s ]
SQL: SELECT * FROM `user` WHERE `id` = 1 LIMIT 1   [ RunTime:0.0002s ]
SQL: SELECT `name` FROM `tag` WHERE `id` = 20 LIMIT 1   [ RunTime:0.0002s ]
SQL: SELECT `name` FROM `tag` WHERE `id` = 15 LIMIT 1   [ RunTime:0.0001s ]
SQL: SELECT `name` FROM `tag` WHERE `id` = 19 LIMIT 1   [ RunTime:0.0001s ]

