[ 2017-07-04T15:10:16+08:00 ] 192.168.31.207 /~mile/qicheng/index.php/Api/Tale/newTale
INFO: [ app_init ] --START--
INFO: Run Behavior\BuildLiteBehavior [ RunTime:0.000006s ]
INFO: [ app_init ] --END-- [ RunTime:0.000392s ]
INFO: [ app_begin ] --START--
INFO: Run Behavior\ReadHtmlCacheBehavior [ RunTime:0.000432s ]
INFO: [ app_begin ] --END-- [ RunTime:0.000458s ]
SQL: SHOW COLUMNS FROM `tale` [ RunTime:0.0009s ]
SQL: INSERT INTO `tale` (`sponsorId`,`tags`,`time`) VALUES ('1','[68,66]','1001001004') [ RunTime:0.0030s ]
SQL: SHOW COLUMNS FROM `tag` [ RunTime:0.0008s ]
SQL: SELECT * FROM `tag` WHERE `id` = 68 LIMIT 1   [ RunTime:0.0008s ]
SQL: SELECT `tales` FROM `tag` WHERE ( id=68 ) LIMIT 1   [ RunTime:0.0003s ]
SQL: UPDATE `tag` SET `tales`='[113,114,115,116,117,118]' WHERE ( id=68 ) [ RunTime:0.0024s ]
SQL: SELECT * FROM `tag` WHERE `id` = 66 LIMIT 1   [ RunTime:0.0003s ]
SQL: SELECT `tales` FROM `tag` WHERE ( id=66 ) LIMIT 1   [ RunTime:0.0002s ]
SQL: UPDATE `tag` SET `tales`='[112,114,115,116,117,118]' WHERE ( id=66 ) [ RunTime:0.0004s ]
SQL: UPDATE `tale` SET `tags`='[68,66]' WHERE `id` = 118 [ RunTime:0.0004s ]

[ 2017-07-04T15:14:02+08:00 ] 192.168.31.207 /~mile/qicheng/index.php/Api/Tale/newTale
INFO: [ app_init ] --START--
INFO: Run Behavior\BuildLiteBehavior [ RunTime:0.000007s ]
INFO: [ app_init ] --END-- [ RunTime:0.000180s ]
INFO: [ app_begin ] --START--
INFO: Run Behavior\ReadHtmlCacheBehavior [ RunTime:0.000207s ]
INFO: [ app_begin ] --END-- [ RunTime:0.000232s ]
SQL: SHOW COLUMNS FROM `tale` [ RunTime:0.0005s ]
SQL: INSERT INTO `tale` (`sponsorId`,`tags`,`time`) VALUES ('1','[68,66]','1001001004') [ RunTime:0.0027s ]
SQL: SHOW COLUMNS FROM `tag` [ RunTime:0.0006s ]
SQL: SELECT * FROM `tag` WHERE `id` = 68 LIMIT 1   [ RunTime:0.0011s ]
SQL: SELECT `tales` FROM `tag` WHERE ( id=68 ) LIMIT 1   [ RunTime:0.0003s ]
SQL: UPDATE `tag` SET `tales`='[113,114,115,116,117,118,119]' WHERE ( id=68 ) [ RunTime:0.0005s ]
SQL: SELECT * FROM `tag` WHERE `id` = 66 LIMIT 1   [ RunTime:0.0002s ]
SQL: SELECT `tales` FROM `tag` WHERE ( id=66 ) LIMIT 1   [ RunTime:0.0002s ]
SQL: UPDATE `tag` SET `tales`='[112,114,115,116,117,118,119]' WHERE ( id=66 ) [ RunTime:0.0003s ]
SQL: UPDATE `tale` SET `tags`='[68,66]' WHERE `id` = 119 [ RunTime:0.0003s ]
NOTIC: [2] Cannot modify header information - headers already sent by (output started at /Users/mile/Sites/qicheng/Application/Tale/Event/TaleEvent.class.php:53) /Users/mile/Sites/qicheng/ThinkPHP/Library/Think/Controller.class.php 第 215 行.

[ 2017-07-04T15:15:45+08:00 ] 192.168.31.207 /~mile/qicheng/index.php/Api/Tale/newTale
INFO: [ app_init ] --START--
INFO: Run Behavior\BuildLiteBehavior [ RunTime:0.000006s ]
INFO: [ app_init ] --END-- [ RunTime:0.000160s ]
INFO: [ app_begin ] --START--
INFO: Run Behavior\ReadHtmlCacheBehavior [ RunTime:0.000197s ]
INFO: [ app_begin ] --END-- [ RunTime:0.000219s ]
SQL: SHOW COLUMNS FROM `tale` [ RunTime:0.0005s ]
SQL: INSERT INTO `tale` (`sponsorId`,`tags`,`time`) VALUES ('1','[68,66]','1001001004') [ RunTime:0.0011s ]
SQL: SHOW COLUMNS FROM `tag` [ RunTime:0.0005s ]
SQL: SELECT * FROM `tag` WHERE `id` = 68 LIMIT 1   [ RunTime:0.0002s ]
SQL: SELECT `tales` FROM `tag` WHERE ( id=68 ) LIMIT 1   [ RunTime:0.0002s ]
SQL: UPDATE `tag` SET `tales`='[113,114,115,116,117,118,119,120]' WHERE ( id=68 ) [ RunTime:0.0003s ]
SQL: SELECT * FROM `tag` WHERE `id` = 66 LIMIT 1   [ RunTime:0.0002s ]
SQL: SELECT `tales` FROM `tag` WHERE ( id=66 ) LIMIT 1   [ RunTime:0.0002s ]
SQL: UPDATE `tag` SET `tales`='[112,114,115,116,117,118,119,120]' WHERE ( id=66 ) [ RunTime:0.0003s ]
SQL: UPDATE `tale` SET `tags`='[68,66]' WHERE `id` = 120 [ RunTime:0.0003s ]
NOTIC: [2] Cannot modify header information - headers already sent by (output started at /Users/mile/Sites/qicheng/Application/Tale/Event/TaleEvent.class.php:53) /Users/mile/Sites/qicheng/ThinkPHP/Library/Think/Controller.class.php 第 215 行.

[ 2017-07-04T15:17:35+08:00 ] 192.168.31.207 /~mile/qicheng/index.php/Api/Tale/newTale
INFO: [ app_init ] --START--
INFO: Run Behavior\BuildLiteBehavior [ RunTime:0.000007s ]
INFO: [ app_init ] --END-- [ RunTime:0.000189s ]
INFO: [ app_begin ] --START--
INFO: Run Behavior\ReadHtmlCacheBehavior [ RunTime:0.000201s ]
INFO: [ app_begin ] --END-- [ RunTime:0.000225s ]
SQL: SHOW COLUMNS FROM `tale` [ RunTime:0.0006s ]
SQL: INSERT INTO `tale` (`sponsorId`,`tags`,`time`) VALUES ('1','[68,66]','1001001004') [ RunTime:0.0031s ]
SQL: SHOW COLUMNS FROM `tag` [ RunTime:0.0004s ]
SQL: SELECT * FROM `tag` WHERE `id` = 68 LIMIT 1   [ RunTime:0.0002s ]
SQL: SELECT `tales` FROM `tag` WHERE ( id=68 ) LIMIT 1   [ RunTime:0.0002s ]
SQL: UPDATE `tag` SET `tales`='[113,114,115,116,117,118,119,120,121]' WHERE ( id=68 ) [ RunTime:0.0004s ]
SQL: SELECT * FROM `tag` WHERE `id` = 66 LIMIT 1   [ RunTime:0.0002s ]
SQL: SELECT `tales` FROM `tag` WHERE ( id=66 ) LIMIT 1   [ RunTime:0.0002s ]
SQL: UPDATE `tag` SET `tales`='[112,114,115,116,117,118,119,120,121]' WHERE ( id=66 ) [ RunTime:0.0003s ]
SQL: UPDATE `tale` SET `tags`='[68,66]' WHERE `id` = 121 [ RunTime:0.0003s ]

[ 2017-07-04T15:17:43+08:00 ] 192.168.31.207 /~mile/qicheng/index.php/Api/Tale/newTale
INFO: [ app_init ] --START--
INFO: Run Behavior\BuildLiteBehavior [ RunTime:0.000017s ]
INFO: [ app_init ] --END-- [ RunTime:0.000200s ]
INFO: [ app_begin ] --START--
INFO: Run Behavior\ReadHtmlCacheBehavior [ RunTime:0.000230s ]
INFO: [ app_begin ] --END-- [ RunTime:0.000256s ]
SQL: SHOW COLUMNS FROM `tale` [ RunTime:0.0009s ]
SQL: INSERT INTO `tale` (`sponsorId`,`tags`,`time`) VALUES ('1','[68,66]','1001001004') [ RunTime:0.0008s ]
SQL: SHOW COLUMNS FROM `tag` [ RunTime:0.0006s ]
SQL: SELECT * FROM `tag` WHERE `id` = 68 LIMIT 1   [ RunTime:0.0003s ]
SQL: SELECT `tales` FROM `tag` WHERE ( id=68 ) LIMIT 1   [ RunTime:0.0002s ]
SQL: UPDATE `tag` SET `tales`='[113,114,115,116,117,118,119,120,121,122]' WHERE ( id=68 ) [ RunTime:0.0003s ]
SQL: SELECT * FROM `tag` WHERE `id` = 66 LIMIT 1   [ RunTime:0.0001s ]
SQL: SELECT `tales` FROM `tag` WHERE ( id=66 ) LIMIT 1   [ RunTime:0.0002s ]
SQL: UPDATE `tag` SET `tales`='[112,114,115,116,117,118,119,120,121,122]' WHERE ( id=66 ) [ RunTime:0.0002s ]
SQL: UPDATE `tale` SET `tags`='[68,66]' WHERE `id` = 122 [ RunTime:0.0003s ]
NOTIC: [2] Cannot modify header information - headers already sent by (output started at /Users/mile/Sites/qicheng/Application/Api/Controller/TaleController.class.php:24) /Users/mile/Sites/qicheng/ThinkPHP/Library/Think/Controller.class.php 第 215 行.

[ 2017-07-04T15:19:29+08:00 ] 192.168.31.207 /~mile/qicheng/index.php/Api/Tale/newTale
INFO: [ app_init ] --START--
INFO: Run Behavior\BuildLiteBehavior [ RunTime:0.000008s ]
INFO: [ app_init ] --END-- [ RunTime:0.000187s ]
INFO: [ app_begin ] --START--
INFO: Run Behavior\ReadHtmlCacheBehavior [ RunTime:0.000216s ]
INFO: [ app_begin ] --END-- [ RunTime:0.000240s ]
SQL: SHOW COLUMNS FROM `tale` [ RunTime:0.0004s ]
SQL: INSERT INTO `tale` (`sponsorId`,`tags`,`time`) VALUES ('1','[68,66]','1001001004') [ RunTime:0.0027s ]
SQL: SHOW COLUMNS FROM `tag` [ RunTime:0.0004s ]
SQL: SELECT * FROM `tag` WHERE `id` = 68 LIMIT 1   [ RunTime:0.0002s ]
SQL: SELECT `tales` FROM `tag` WHERE ( id=68 ) LIMIT 1   [ RunTime:0.0002s ]
SQL: UPDATE `tag` SET `tales`='[113,114,115,116,117,118,119,120,121,122,123]' WHERE ( id=68 ) [ RunTime:0.0003s ]
SQL: SELECT * FROM `tag` WHERE `id` = 66 LIMIT 1   [ RunTime:0.0002s ]
SQL: SELECT `tales` FROM `tag` WHERE ( id=66 ) LIMIT 1   [ RunTime:0.0002s ]
SQL: UPDATE `tag` SET `tales`='[112,114,115,116,117,118,119,120,121,122,123]' WHERE ( id=66 ) [ RunTime:0.0003s ]
SQL: UPDATE `tale` SET `tags`='[68,66]' WHERE `id` = 123 [ RunTime:0.0003s ]
NOTIC: [2] Cannot modify header information - headers already sent by (output started at /Users/mile/Sites/qicheng/Application/Tale/Event/TaleEvent.class.php:51) /Users/mile/Sites/qicheng/ThinkPHP/Library/Think/Controller.class.php 第 215 行.

[ 2017-07-04T15:20:01+08:00 ] 192.168.31.207 /~mile/qicheng/index.php/Api/Tale/newTale
INFO: [ app_init ] --START--
INFO: Run Behavior\BuildLiteBehavior [ RunTime:0.000007s ]
INFO: [ app_init ] --END-- [ RunTime:0.000172s ]
INFO: [ app_begin ] --START--
INFO: Run Behavior\ReadHtmlCacheBehavior [ RunTime:0.000222s ]
INFO: [ app_begin ] --END-- [ RunTime:0.000247s ]
SQL: SHOW COLUMNS FROM `tale` [ RunTime:0.0006s ]
SQL: INSERT INTO `tale` (`sponsorId`,`tags`,`time`) VALUES ('1','[68,66]','1001001004') [ RunTime:0.0005s ]
SQL: SHOW COLUMNS FROM `tag` [ RunTime:0.0004s ]
SQL: SELECT * FROM `tag` WHERE `id` = 68 LIMIT 1   [ RunTime:0.0003s ]
SQL: SELECT `tales` FROM `tag` WHERE ( id=68 ) LIMIT 1   [ RunTime:0.0004s ]
SQL: UPDATE `tag` SET `tales`='[113,114,115,116,117,118,119,120,121,122,123,124]' WHERE ( id=68 ) [ RunTime:0.0003s ]
SQL: SELECT * FROM `tag` WHERE `id` = 66 LIMIT 1   [ RunTime:0.0001s ]
SQL: SELECT `tales` FROM `tag` WHERE ( id=66 ) LIMIT 1   [ RunTime:0.0001s ]
SQL: UPDATE `tag` SET `tales`='[112,114,115,116,117,118,119,120,121,122,123,124]' WHERE ( id=66 ) [ RunTime:0.0003s ]
SQL: UPDATE `tale` SET `tags`='[68,66]' WHERE `id` = 124 [ RunTime:0.0004s ]
NOTIC: [2] Cannot modify header information - headers already sent by (output started at /Users/mile/Sites/qicheng/Application/Api/Controller/TaleController.class.php:24) /Users/mile/Sites/qicheng/ThinkPHP/Library/Think/Controller.class.php 第 215 行.

[ 2017-07-04T15:33:46+08:00 ] 192.168.31.207 /~mile/qicheng/index.php/Api/Tale/writePara
INFO: [ app_init ] --START--
INFO: Run Behavior\BuildLiteBehavior [ RunTime:0.000006s ]
INFO: [ app_init ] --END-- [ RunTime:0.000158s ]
INFO: [ app_begin ] --START--
INFO: Run Behavior\ReadHtmlCacheBehavior [ RunTime:0.000194s ]
INFO: [ app_begin ] --END-- [ RunTime:0.000218s ]
NOTIC: [4096] Object of class Tale\Event\TaleEvent could not be converted to string /Users/mile/Sites/qicheng/Application/Api/Controller/TaleController.class.php 第 44 行.
INFO: [ app_end ] --START--
INFO: Run Behavior\ShowPageTraceBehavior [ RunTime:0.006271s ]
INFO: [ app_end ] --END-- [ RunTime:0.006309s ]

[ 2017-07-04T15:33:50+08:00 ] 192.168.31.207 /~mile/qicheng/index.php/Api/Tale/writePara
INFO: [ app_init ] --START--
INFO: Run Behavior\BuildLiteBehavior [ RunTime:0.000008s ]
INFO: [ app_init ] --END-- [ RunTime:0.000184s ]
INFO: [ app_begin ] --START--
INFO: Run Behavior\ReadHtmlCacheBehavior [ RunTime:0.000221s ]
INFO: [ app_begin ] --END-- [ RunTime:0.000247s ]
NOTIC: [4096] Object of class Tale\Event\TaleEvent could not be converted to string /Users/mile/Sites/qicheng/Application/Api/Controller/TaleController.class.php 第 44 行.
INFO: [ app_end ] --START--
INFO: Run Behavior\ShowPageTraceBehavior [ RunTime:0.000216s ]
INFO: [ app_end ] --END-- [ RunTime:0.000239s ]

[ 2017-07-04T15:33:51+08:00 ] 192.168.31.207 /~mile/qicheng/index.php/Api/Tale/writePara
INFO: [ app_init ] --START--
INFO: Run Behavior\BuildLiteBehavior [ RunTime:0.000008s ]
INFO: [ app_init ] --END-- [ RunTime:0.000163s ]
INFO: [ app_begin ] --START--
INFO: Run Behavior\ReadHtmlCacheBehavior [ RunTime:0.000201s ]
INFO: [ app_begin ] --END-- [ RunTime:0.000225s ]
NOTIC: [4096] Object of class Tale\Event\TaleEvent could not be converted to string /Users/mile/Sites/qicheng/Application/Api/Controller/TaleController.class.php 第 44 行.
INFO: [ app_end ] --START--
INFO: Run Behavior\ShowPageTraceBehavior [ RunTime:0.000255s ]
INFO: [ app_end ] --END-- [ RunTime:0.000281s ]

[ 2017-07-04T15:33:53+08:00 ] 192.168.31.207 /~mile/qicheng/index.php/Api/Tale/writePara
INFO: [ app_init ] --START--
INFO: Run Behavior\BuildLiteBehavior [ RunTime:0.000008s ]
INFO: [ app_init ] --END-- [ RunTime:0.000244s ]
INFO: [ app_begin ] --START--
INFO: Run Behavior\ReadHtmlCacheBehavior [ RunTime:0.000272s ]
INFO: [ app_begin ] --END-- [ RunTime:0.000303s ]
NOTIC: [4096] Object of class Tale\Event\TaleEvent could not be converted to string /Users/mile/Sites/qicheng/Application/Api/Controller/TaleController.class.php 第 44 行.
INFO: [ app_end ] --START--
INFO: Run Behavior\ShowPageTraceBehavior [ RunTime:0.000247s ]
INFO: [ app_end ] --END-- [ RunTime:0.000271s ]

[ 2017-07-04T15:34:21+08:00 ] 192.168.31.207 /~mile/qicheng/index.php/Api/Tale/writePara
INFO: [ app_init ] --START--
INFO: Run Behavior\BuildLiteBehavior [ RunTime:0.000008s ]
INFO: [ app_init ] --END-- [ RunTime:0.000185s ]
INFO: [ app_begin ] --START--
INFO: Run Behavior\ReadHtmlCacheBehavior [ RunTime:0.000238s ]
INFO: [ app_begin ] --END-- [ RunTime:0.000266s ]
SQL: SHOW COLUMNS FROM `para` [ RunTime:0.0005s ]
SQL: SELECT `paraNum` FROM `para` WHERE `taleId` = 123 ORDER BY paraNum desc LIMIT 1   [ RunTime:0.0003s ]
INFO: [ app_end ] --START--
INFO: Run Behavior\ShowPageTraceBehavior [ RunTime:0.000845s ]
INFO: [ app_end ] --END-- [ RunTime:0.000878s ]

[ 2017-07-04T15:34:22+08:00 ] 192.168.31.207 /~mile/qicheng/index.php/Api/Tale/writePara
INFO: [ app_init ] --START--
INFO: Run Behavior\BuildLiteBehavior [ RunTime:0.000007s ]
INFO: [ app_init ] --END-- [ RunTime:0.000184s ]
INFO: [ app_begin ] --START--
INFO: Run Behavior\ReadHtmlCacheBehavior [ RunTime:0.000209s ]
INFO: [ app_begin ] --END-- [ RunTime:0.000234s ]
SQL: SHOW COLUMNS FROM `para` [ RunTime:0.0004s ]
SQL: SELECT `paraNum` FROM `para` WHERE `taleId` = 123 ORDER BY paraNum desc LIMIT 1   [ RunTime:0.0003s ]
INFO: [ app_end ] --START--
INFO: Run Behavior\ShowPageTraceBehavior [ RunTime:0.000254s ]
INFO: [ app_end ] --END-- [ RunTime:0.000281s ]

[ 2017-07-04T15:35:20+08:00 ] 192.168.31.207 /~mile/qicheng/index.php/Api/Tale/writePara
INFO: [ app_init ] --START--
INFO: Run Behavior\BuildLiteBehavior [ RunTime:0.000006s ]
INFO: [ app_init ] --END-- [ RunTime:0.000156s ]
INFO: [ app_begin ] --START--
INFO: Run Behavior\ReadHtmlCacheBehavior [ RunTime:0.000192s ]
INFO: [ app_begin ] --END-- [ RunTime:0.000214s ]
SQL: SHOW COLUMNS FROM `para` [ RunTime:0.0005s ]
SQL: SELECT `paraNum` FROM `para` WHERE `taleId` = 123 ORDER BY paraNum desc LIMIT 1   [ RunTime:0.0003s ]
INFO: [ app_end ] --START--
INFO: Run Behavior\ShowPageTraceBehavior [ RunTime:0.000321s ]
INFO: [ app_end ] --END-- [ RunTime:0.000354s ]

[ 2017-07-04T15:36:34+08:00 ] 192.168.31.207 /~mile/qicheng/index.php/Api/Tale/writePara
INFO: [ app_init ] --START--
INFO: Run Behavior\BuildLiteBehavior [ RunTime:0.000007s ]
INFO: [ app_init ] --END-- [ RunTime:0.000159s ]
INFO: [ app_begin ] --START--
INFO: Run Behavior\ReadHtmlCacheBehavior [ RunTime:0.000197s ]
INFO: [ app_begin ] --END-- [ RunTime:0.000221s ]
SQL: SHOW COLUMNS FROM `para` [ RunTime:0.0004s ]
INFO: [ app_end ] --START--
INFO: Run Behavior\ShowPageTraceBehavior [ RunTime:0.000239s ]
INFO: [ app_end ] --END-- [ RunTime:0.000264s ]

[ 2017-07-04T15:37:45+08:00 ] 192.168.31.207 /~mile/qicheng/index.php/Api/Tale/writePara
INFO: [ app_init ] --START--
INFO: Run Behavior\BuildLiteBehavior [ RunTime:0.000006s ]
INFO: [ app_init ] --END-- [ RunTime:0.000167s ]
INFO: [ app_begin ] --START--
INFO: Run Behavior\ReadHtmlCacheBehavior [ RunTime:0.000189s ]
INFO: [ app_begin ] --END-- [ RunTime:0.000211s ]
SQL: SHOW COLUMNS FROM `para` [ RunTime:0.0004s ]
SQL: SELECT `paraNum` FROM `para` WHERE `taleId` = 123 ORDER BY paraNum desc LIMIT 1   [ RunTime:0.0003s ]
INFO: [ app_end ] --START--
INFO: Run Behavior\ShowPageTraceBehavior [ RunTime:0.000241s ]
INFO: [ app_end ] --END-- [ RunTime:0.000266s ]

[ 2017-07-04T15:38:15+08:00 ] 192.168.31.207 /~mile/qicheng/index.php/Api/Tale/writePara
INFO: [ app_init ] --START--
INFO: Run Behavior\BuildLiteBehavior [ RunTime:0.000007s ]
INFO: [ app_init ] --END-- [ RunTime:0.000175s ]
INFO: [ app_begin ] --START--
INFO: Run Behavior\ReadHtmlCacheBehavior [ RunTime:0.000220s ]
INFO: [ app_begin ] --END-- [ RunTime:0.000245s ]
SQL: SHOW COLUMNS FROM `para` [ RunTime:0.0014s ]
SQL: SELECT `paraNum` FROM `para` WHERE `taleId` = 123 ORDER BY paraNum desc LIMIT 1   [ RunTime:0.0003s ]
INFO: [ app_end ] --START--
INFO: Run Behavior\ShowPageTraceBehavior [ RunTime:0.000436s ]
INFO: [ app_end ] --END-- [ RunTime:0.000479s ]

[ 2017-07-04T15:43:34+08:00 ] 192.168.31.207 /~mile/qicheng/index.php/Api/Tale/writePara
INFO: [ app_init ] --START--
INFO: Run Behavior\BuildLiteBehavior [ RunTime:0.000007s ]
INFO: [ app_init ] --END-- [ RunTime:0.000172s ]
INFO: [ app_begin ] --START--
INFO: Run Behavior\ReadHtmlCacheBehavior [ RunTime:0.000212s ]
INFO: [ app_begin ] --END-- [ RunTime:0.000237s ]
SQL: SHOW COLUMNS FROM `para` [ RunTime:0.0004s ]
SQL: SELECT `paraNum` FROM `para` WHERE `taleId` = 123 ORDER BY paraNum desc LIMIT 1   [ RunTime:0.0002s ]
SQL: INSERT INTO `para` (`userId`,`taleId`,`content`,`time`,`paraNum`) VALUES ('1','123','hello','1111111111','1') [ RunTime:0.0027s ]

[ 2017-07-04T15:43:48+08:00 ] 192.168.31.207 /~mile/qicheng/index.php/Api/Tale/writePara
INFO: [ app_init ] --START--
INFO: Run Behavior\BuildLiteBehavior [ RunTime:0.000008s ]
INFO: [ app_init ] --END-- [ RunTime:0.000191s ]
INFO: [ app_begin ] --START--
INFO: Run Behavior\ReadHtmlCacheBehavior [ RunTime:0.000217s ]
INFO: [ app_begin ] --END-- [ RunTime:0.000241s ]
SQL: SHOW COLUMNS FROM `para` [ RunTime:0.0004s ]
SQL: SELECT `paraNum` FROM `para` WHERE `taleId` = 123 ORDER BY paraNum desc LIMIT 1   [ RunTime:0.0002s ]

[ 2017-07-04T15:44:08+08:00 ] 192.168.31.207 /~mile/qicheng/index.php/Api/Tale/writePara
INFO: [ app_init ] --START--
INFO: Run Behavior\BuildLiteBehavior [ RunTime:0.000039s ]
INFO: [ app_init ] --END-- [ RunTime:0.000307s ]
INFO: [ app_begin ] --START--
INFO: Run Behavior\ReadHtmlCacheBehavior [ RunTime:0.000321s ]
INFO: [ app_begin ] --END-- [ RunTime:0.000364s ]
SQL: SHOW COLUMNS FROM `para` [ RunTime:0.0005s ]
SQL: SELECT `paraNum` FROM `para` WHERE `taleId` = 123 ORDER BY paraNum desc LIMIT 1   [ RunTime:0.0003s ]

[ 2017-07-04T15:44:37+08:00 ] 192.168.31.207 /~mile/qicheng/index.php/Api/Tale/writePara
INFO: [ app_init ] --START--
INFO: Run Behavior\BuildLiteBehavior [ RunTime:0.000008s ]
INFO: [ app_init ] --END-- [ RunTime:0.000177s ]
INFO: [ app_begin ] --START--
INFO: Run Behavior\ReadHtmlCacheBehavior [ RunTime:0.000207s ]
INFO: [ app_begin ] --END-- [ RunTime:0.000231s ]
SQL: SHOW COLUMNS FROM `para` [ RunTime:0.0004s ]
SQL: SELECT `paraNum` FROM `para` WHERE `taleId` = 123 ORDER BY paraNum desc LIMIT 1   [ RunTime:0.0003s ]
SQL: INSERT INTO `para` (`userId`,`taleId`,`content`,`time`,`paraNum`) VALUES ('1','123','It\'s Me','1111111111','2') [ RunTime:0.0024s ]

[ 2017-07-04T15:44:41+08:00 ] 192.168.31.207 /~mile/qicheng/index.php/Api/Tale/writePara
INFO: [ app_init ] --START--
INFO: Run Behavior\BuildLiteBehavior [ RunTime:0.000018s ]
INFO: [ app_init ] --END-- [ RunTime:0.000193s ]
INFO: [ app_begin ] --START--
INFO: Run Behavior\ReadHtmlCacheBehavior [ RunTime:0.000362s ]
INFO: [ app_begin ] --END-- [ RunTime:0.000389s ]
SQL: SHOW COLUMNS FROM `para` [ RunTime:0.0004s ]
SQL: SELECT `paraNum` FROM `para` WHERE `taleId` = 123 ORDER BY paraNum desc LIMIT 1   [ RunTime:0.0002s ]
ERR: 1062:Duplicate entry '2' for key 'paraNum'
 [ SQL语句 ] : INSERT INTO `para` (`userId`,`taleId`,`content`,`time`,`paraNum`) VALUES ('2','123','It\'s Me','1111111111','2')
ERR: 1062:Duplicate entry '2' for key 'paraNum'
 [ SQL语句 ] : INSERT INTO `para` (`userId`,`taleId`,`content`,`time`,`paraNum`) VALUES ('2','123','It\'s Me','1111111111','2')

[ 2017-07-04T16:08:58+08:00 ] 192.168.31.207 /~mile/qicheng/index.php/Api/Tale/getStatus
INFO: [ app_init ] --START--
INFO: Run Behavior\BuildLiteBehavior [ RunTime:0.000007s ]
INFO: [ app_init ] --END-- [ RunTime:0.000160s ]
INFO: [ app_begin ] --START--
INFO: Run Behavior\ReadHtmlCacheBehavior [ RunTime:0.000195s ]
INFO: [ app_begin ] --END-- [ RunTime:0.000218s ]
SQL: SHOW COLUMNS FROM `para` [ RunTime:0.0004s ]
SQL: SHOW COLUMNS FROM `user` [ RunTime:0.0004s ]
SQL: SELECT * FROM `para` WHERE `taleId` = 123 ORDER BY id desc LIMIT 1   [ RunTime:0.0002s ]
NOTIC: [8] Undefined index: userId /Users/mile/Sites/qicheng/Application/Tale/Event/TaleEvent.class.php 第 74 行.
SQL: SELECT * FROM `user` WHERE `id` = 2 LIMIT 1   [ RunTime:0.0002s ]

[ 2017-07-04T16:10:19+08:00 ] 192.168.31.207 /~mile/qicheng/index.php/Api/Tale/getStatus
INFO: [ app_init ] --START--
INFO: Run Behavior\BuildLiteBehavior [ RunTime:0.000008s ]
INFO: [ app_init ] --END-- [ RunTime:0.000182s ]
INFO: [ app_begin ] --START--
INFO: Run Behavior\ReadHtmlCacheBehavior [ RunTime:0.000220s ]
INFO: [ app_begin ] --END-- [ RunTime:0.000247s ]
SQL: SHOW COLUMNS FROM `para` [ RunTime:0.0005s ]
SQL: SHOW COLUMNS FROM `user` [ RunTime:0.0004s ]
SQL: SELECT * FROM `para` WHERE `taleId` = 123 ORDER BY id desc LIMIT 1   [ RunTime:0.0003s ]
NOTIC: [8] Undefined index: userId /Users/mile/Sites/qicheng/Application/Tale/Event/TaleEvent.class.php 第 74 行.
SQL: SELECT * FROM `user` WHERE `id` = 2 LIMIT 1   [ RunTime:0.0002s ]

[ 2017-07-04T16:10:20+08:00 ] 192.168.31.207 /~mile/qicheng/index.php/Api/Tale/getStatus
INFO: [ app_init ] --START--
INFO: Run Behavior\BuildLiteBehavior [ RunTime:0.000006s ]
INFO: [ app_init ] --END-- [ RunTime:0.000155s ]
INFO: [ app_begin ] --START--
INFO: Run Behavior\ReadHtmlCacheBehavior [ RunTime:0.000191s ]
INFO: [ app_begin ] --END-- [ RunTime:0.000214s ]
SQL: SHOW COLUMNS FROM `para` [ RunTime:0.0013s ]
SQL: SHOW COLUMNS FROM `user` [ RunTime:0.0004s ]
SQL: SELECT * FROM `para` WHERE `taleId` = 123 ORDER BY id desc LIMIT 1   [ RunTime:0.0003s ]
NOTIC: [8] Undefined index: userId /Users/mile/Sites/qicheng/Application/Tale/Event/TaleEvent.class.php 第 74 行.
SQL: SELECT * FROM `user` WHERE `id` = 2 LIMIT 1   [ RunTime:0.0003s ]

[ 2017-07-04T16:10:37+08:00 ] 192.168.31.207 /~mile/qicheng/index.php/Api/Tale/getStatus
INFO: [ app_init ] --START--
INFO: Run Behavior\BuildLiteBehavior [ RunTime:0.000007s ]
INFO: [ app_init ] --END-- [ RunTime:0.000159s ]
INFO: [ app_begin ] --START--
INFO: Run Behavior\ReadHtmlCacheBehavior [ RunTime:0.000201s ]
INFO: [ app_begin ] --END-- [ RunTime:0.000224s ]
SQL: SHOW COLUMNS FROM `para` [ RunTime:0.0004s ]
SQL: SHOW COLUMNS FROM `user` [ RunTime:0.0004s ]
SQL: SELECT * FROM `para` WHERE `taleId` = 123 ORDER BY id desc LIMIT 1   [ RunTime:0.0003s ]
NOTIC: [8] Undefined index: userId /Users/mile/Sites/qicheng/Application/Tale/Event/TaleEvent.class.php 第 74 行.
SQL: SELECT * FROM `user` WHERE `id` = 1 LIMIT 1   [ RunTime:0.0002s ]
NOTIC: [2] Cannot modify header information - headers already sent by (output started at /Users/mile/Sites/qicheng/Application/Tale/Event/TaleEvent.class.php:75) /Users/mile/Sites/qicheng/ThinkPHP/Library/Think/Controller.class.php 第 215 行.

[ 2017-07-04T16:10:40+08:00 ] 192.168.31.207 /~mile/qicheng/index.php/Api/Tale/getStatus
INFO: [ app_init ] --START--
INFO: Run Behavior\BuildLiteBehavior [ RunTime:0.000008s ]
INFO: [ app_init ] --END-- [ RunTime:0.000267s ]
INFO: [ app_begin ] --START--
INFO: Run Behavior\ReadHtmlCacheBehavior [ RunTime:0.000207s ]
INFO: [ app_begin ] --END-- [ RunTime:0.000233s ]
SQL: SHOW COLUMNS FROM `para` [ RunTime:0.0004s ]
SQL: SHOW COLUMNS FROM `user` [ RunTime:0.0004s ]
SQL: SELECT * FROM `para` WHERE `taleId` = 123 ORDER BY id desc LIMIT 1   [ RunTime:0.0002s ]
NOTIC: [8] Undefined index: userId /Users/mile/Sites/qicheng/Application/Tale/Event/TaleEvent.class.php 第 74 行.
SQL: SELECT * FROM `user` WHERE `id` = 1 LIMIT 1   [ RunTime:0.0002s ]
NOTIC: [2] Cannot modify header information - headers already sent by (output started at /Users/mile/Sites/qicheng/Application/Tale/Event/TaleEvent.class.php:75) /Users/mile/Sites/qicheng/ThinkPHP/Library/Think/Controller.class.php 第 215 行.

[ 2017-07-04T16:10:44+08:00 ] 192.168.31.207 /~mile/qicheng/index.php/Api/Tale/getStatus
INFO: [ app_init ] --START--
INFO: Run Behavior\BuildLiteBehavior [ RunTime:0.000008s ]
INFO: [ app_init ] --END-- [ RunTime:0.000188s ]
INFO: [ app_begin ] --START--
INFO: Run Behavior\ReadHtmlCacheBehavior [ RunTime:0.000236s ]
INFO: [ app_begin ] --END-- [ RunTime:0.000262s ]
SQL: SHOW COLUMNS FROM `para` [ RunTime:0.0004s ]
SQL: SHOW COLUMNS FROM `user` [ RunTime:0.0003s ]
SQL: SELECT * FROM `para` WHERE `taleId` = 123 ORDER BY id desc LIMIT 1   [ RunTime:0.0002s ]
NOTIC: [8] Undefined index: userId /Users/mile/Sites/qicheng/Application/Tale/Event/TaleEvent.class.php 第 74 行.
SQL: SELECT * FROM `user` WHERE `id` = 2 LIMIT 1   [ RunTime:0.0001s ]

[ 2017-07-04T16:11:02+08:00 ] 192.168.31.207 /~mile/qicheng/index.php/Api/Tale/getStatus
INFO: [ app_init ] --START--
INFO: Run Behavior\BuildLiteBehavior [ RunTime:0.000008s ]
INFO: [ app_init ] --END-- [ RunTime:0.000180s ]
INFO: [ app_begin ] --START--
INFO: Run Behavior\ReadHtmlCacheBehavior [ RunTime:0.000225s ]
INFO: [ app_begin ] --END-- [ RunTime:0.000250s ]
SQL: SHOW COLUMNS FROM `para` [ RunTime:0.0005s ]
SQL: SHOW COLUMNS FROM `user` [ RunTime:0.0005s ]
SQL: SELECT * FROM `para` WHERE `taleId` = 123 ORDER BY id desc LIMIT 1   [ RunTime:0.0004s ]
NOTIC: [8] Undefined index: userId /Users/mile/Sites/qicheng/Application/Tale/Event/TaleEvent.class.php 第 74 行.
SQL: SELECT * FROM `user` WHERE `id` = 2 LIMIT 1   [ RunTime:0.0002s ]

[ 2017-07-04T16:11:48+08:00 ] 192.168.31.207 /~mile/qicheng/index.php/Api/Tale/getStatus
INFO: [ app_init ] --START--
INFO: Run Behavior\BuildLiteBehavior [ RunTime:0.000007s ]
INFO: [ app_init ] --END-- [ RunTime:0.000157s ]
INFO: [ app_begin ] --START--
INFO: Run Behavior\ReadHtmlCacheBehavior [ RunTime:0.000195s ]
INFO: [ app_begin ] --END-- [ RunTime:0.000217s ]
SQL: SHOW COLUMNS FROM `para` [ RunTime:0.0004s ]
SQL: SHOW COLUMNS FROM `user` [ RunTime:0.0004s ]
SQL: SELECT * FROM `para` WHERE `taleId` = 123 ORDER BY id desc LIMIT 1   [ RunTime:0.0003s ]
NOTIC: [8] Undefined index: userId /Users/mile/Sites/qicheng/Application/Tale/Event/TaleEvent.class.php 第 74 行.
SQL: SELECT * FROM `user` WHERE `id` = 2 LIMIT 1   [ RunTime:0.0006s ]

[ 2017-07-04T16:11:49+08:00 ] 192.168.31.207 /~mile/qicheng/index.php/Api/Tale/getStatus
INFO: [ app_init ] --START--
INFO: Run Behavior\BuildLiteBehavior [ RunTime:0.000007s ]
INFO: [ app_init ] --END-- [ RunTime:0.000174s ]
INFO: [ app_begin ] --START--
INFO: Run Behavior\ReadHtmlCacheBehavior [ RunTime:0.000195s ]
INFO: [ app_begin ] --END-- [ RunTime:0.000219s ]
SQL: SHOW COLUMNS FROM `para` [ RunTime:0.0005s ]
SQL: SHOW COLUMNS FROM `user` [ RunTime:0.0004s ]
SQL: SELECT * FROM `para` WHERE `taleId` = 123 ORDER BY id desc LIMIT 1   [ RunTime:0.0003s ]
NOTIC: [8] Undefined index: userId /Users/mile/Sites/qicheng/Application/Tale/Event/TaleEvent.class.php 第 74 行.
SQL: SELECT * FROM `user` WHERE `id` = 2 LIMIT 1   [ RunTime:0.0002s ]

[ 2017-07-04T16:12:08+08:00 ] 192.168.31.207 /~mile/qicheng/index.php/Api/Tale/getStatus
INFO: [ app_init ] --START--
INFO: Run Behavior\BuildLiteBehavior [ RunTime:0.000009s ]
INFO: [ app_init ] --END-- [ RunTime:0.000202s ]
INFO: [ app_begin ] --START--
INFO: Run Behavior\ReadHtmlCacheBehavior [ RunTime:0.000246s ]
INFO: [ app_begin ] --END-- [ RunTime:0.000271s ]
SQL: SHOW COLUMNS FROM `para` [ RunTime:0.0004s ]
SQL: SHOW COLUMNS FROM `user` [ RunTime:0.0003s ]
SQL: SELECT * FROM `para` WHERE `taleId` = 123 ORDER BY id desc LIMIT 1   [ RunTime:0.0002s ]
NOTIC: [8] Undefined index: userId /Users/mile/Sites/qicheng/Application/Tale/Event/TaleEvent.class.php 第 74 行.
SQL: SELECT * FROM `user` WHERE `id` = 2 LIMIT 1   [ RunTime:0.0002s ]
NOTIC: [2] Cannot modify header information - headers already sent by (output started at /Users/mile/Sites/qicheng/ThinkPHP/Common/functions.php:850) /Users/mile/Sites/qicheng/ThinkPHP/Library/Think/Controller.class.php 第 215 行.

[ 2017-07-04T16:13:10+08:00 ] 192.168.31.207 /~mile/qicheng/index.php/Api/Tale/getStatus
INFO: [ app_init ] --START--
INFO: Run Behavior\BuildLiteBehavior [ RunTime:0.000007s ]
INFO: [ app_init ] --END-- [ RunTime:0.000166s ]
INFO: [ app_begin ] --START--
INFO: Run Behavior\ReadHtmlCacheBehavior [ RunTime:0.000202s ]
INFO: [ app_begin ] --END-- [ RunTime:0.000226s ]
SQL: SHOW COLUMNS FROM `para` [ RunTime:0.0004s ]
SQL: SHOW COLUMNS FROM `user` [ RunTime:0.0003s ]
SQL: SELECT * FROM `para` WHERE `taleId` = 123 ORDER BY id desc LIMIT 1   [ RunTime:0.0002s ]
NOTIC: [8] Undefined index: userId /Users/mile/Sites/qicheng/Application/Tale/Event/TaleEvent.class.php 第 74 行.
SQL: SELECT * FROM `user` WHERE `id` = 2 LIMIT 1   [ RunTime:0.0002s ]
NOTIC: [2] Cannot modify header information - headers already sent by (output started at /Users/mile/Sites/qicheng/ThinkPHP/Common/functions.php:850) /Users/mile/Sites/qicheng/ThinkPHP/Library/Think/Controller.class.php 第 215 行.

[ 2017-07-04T16:13:16+08:00 ] 192.168.31.207 /~mile/qicheng/index.php/Api/Tale/getStatus
INFO: [ app_init ] --START--
INFO: Run Behavior\BuildLiteBehavior [ RunTime:0.000007s ]
INFO: [ app_init ] --END-- [ RunTime:0.000180s ]
INFO: [ app_begin ] --START--
INFO: Run Behavior\ReadHtmlCacheBehavior [ RunTime:0.000216s ]
INFO: [ app_begin ] --END-- [ RunTime:0.000241s ]
SQL: SHOW COLUMNS FROM `para` [ RunTime:0.0004s ]
SQL: SHOW COLUMNS FROM `user` [ RunTime:0.0003s ]
SQL: SELECT * FROM `para` WHERE `taleId` = 123 ORDER BY id desc LIMIT 1   [ RunTime:0.0002s ]
NOTIC: [8] Undefined index: userId /Users/mile/Sites/qicheng/Application/Tale/Event/TaleEvent.class.php 第 74 行.
SQL: SELECT * FROM `user` WHERE `id` = 1 LIMIT 1   [ RunTime:0.0001s ]
NOTIC: [2] Cannot modify header information - headers already sent by (output started at /Users/mile/Sites/qicheng/ThinkPHP/Common/functions.php:850) /Users/mile/Sites/qicheng/ThinkPHP/Library/Think/Controller.class.php 第 215 行.

[ 2017-07-04T16:13:53+08:00 ] 192.168.31.207 /~mile/qicheng/index.php/Api/Tale/getStatus
INFO: [ app_init ] --START--
INFO: Run Behavior\BuildLiteBehavior [ RunTime:0.000006s ]
INFO: [ app_init ] --END-- [ RunTime:0.000165s ]
INFO: [ app_begin ] --START--
INFO: Run Behavior\ReadHtmlCacheBehavior [ RunTime:0.000209s ]
INFO: [ app_begin ] --END-- [ RunTime:0.000233s ]
SQL: SHOW COLUMNS FROM `para` [ RunTime:0.0005s ]
SQL: SHOW COLUMNS FROM `user` [ RunTime:0.0003s ]
SQL: SELECT * FROM `para` WHERE `taleId` = 123 ORDER BY id desc LIMIT 1   [ RunTime:0.0002s ]
NOTIC: [8] Undefined index: userId /Users/mile/Sites/qicheng/Application/Tale/Event/TaleEvent.class.php 第 74 行.
SQL: SELECT * FROM `user` WHERE `id` = 1 LIMIT 1   [ RunTime:0.0002s ]
NOTIC: [2] Cannot modify header information - headers already sent by (output started at /Users/mile/Sites/qicheng/ThinkPHP/Common/functions.php:850) /Users/mile/Sites/qicheng/ThinkPHP/Library/Think/Controller.class.php 第 215 行.

[ 2017-07-04T16:14:17+08:00 ] 192.168.31.207 /~mile/qicheng/index.php/Api/Tale/getStatus
INFO: [ app_init ] --START--
INFO: Run Behavior\BuildLiteBehavior [ RunTime:0.000008s ]
INFO: [ app_init ] --END-- [ RunTime:0.000173s ]
INFO: [ app_begin ] --START--
INFO: Run Behavior\ReadHtmlCacheBehavior [ RunTime:0.000222s ]
INFO: [ app_begin ] --END-- [ RunTime:0.000247s ]
SQL: SHOW COLUMNS FROM `para` [ RunTime:0.0004s ]
SQL: SHOW COLUMNS FROM `user` [ RunTime:0.0003s ]
SQL: SELECT * FROM `para` WHERE `taleId` = 123 ORDER BY id desc LIMIT 1   [ RunTime:0.0002s ]
NOTIC: [8] Undefined index: userId /Users/mile/Sites/qicheng/Application/Tale/Event/TaleEvent.class.php 第 74 行.
SQL: SELECT * FROM `user` WHERE `id` = 1 LIMIT 1   [ RunTime:0.0002s ]
NOTIC: [2] Cannot modify header information - headers already sent by (output started at /Users/mile/Sites/qicheng/ThinkPHP/Common/functions.php:850) /Users/mile/Sites/qicheng/ThinkPHP/Library/Think/Controller.class.php 第 215 行.

[ 2017-07-04T16:14:23+08:00 ] 192.168.31.207 /~mile/qicheng/index.php/Api/Tale/getStatus
INFO: [ app_init ] --START--
INFO: Run Behavior\BuildLiteBehavior [ RunTime:0.000008s ]
INFO: [ app_init ] --END-- [ RunTime:0.000173s ]
INFO: [ app_begin ] --START--
INFO: Run Behavior\ReadHtmlCacheBehavior [ RunTime:0.000456s ]
INFO: [ app_begin ] --END-- [ RunTime:0.000489s ]
SQL: SHOW COLUMNS FROM `para` [ RunTime:0.0003s ]
SQL: SHOW COLUMNS FROM `user` [ RunTime:0.0003s ]
SQL: SELECT * FROM `para` WHERE `taleId` = 123 ORDER BY id desc LIMIT 1   [ RunTime:0.0002s ]
NOTIC: [8] Undefined index: userId /Users/mile/Sites/qicheng/Application/Tale/Event/TaleEvent.class.php 第 74 行.
SQL: SELECT * FROM `user` WHERE `id` = 1 LIMIT 1   [ RunTime:0.0002s ]
NOTIC: [2] Cannot modify header information - headers already sent by (output started at /Users/mile/Sites/qicheng/ThinkPHP/Common/functions.php:850) /Users/mile/Sites/qicheng/ThinkPHP/Library/Think/Controller.class.php 第 215 行.

[ 2017-07-04T16:14:41+08:00 ] 192.168.31.207 /~mile/qicheng/index.php/Api/Tale/getStatus
INFO: [ app_init ] --START--
INFO: Run Behavior\BuildLiteBehavior [ RunTime:0.000009s ]
INFO: [ app_init ] --END-- [ RunTime:0.000181s ]
INFO: [ app_begin ] --START--
INFO: Run Behavior\ReadHtmlCacheBehavior [ RunTime:0.000258s ]
INFO: [ app_begin ] --END-- [ RunTime:0.000293s ]
SQL: SHOW COLUMNS FROM `para` [ RunTime:0.0004s ]
SQL: SHOW COLUMNS FROM `user` [ RunTime:0.0003s ]
SQL: SELECT * FROM `para` WHERE `taleId` = 123 ORDER BY id desc LIMIT 1   [ RunTime:0.0002s ]
NOTIC: [8] Undefined index: userId /Users/mile/Sites/qicheng/Application/Tale/Event/TaleEvent.class.php 第 74 行.
SQL: SELECT * FROM `user` WHERE `id` = 1 LIMIT 1   [ RunTime:0.0001s ]
NOTIC: [2] Cannot modify header information - headers already sent by (output started at /Users/mile/Sites/qicheng/ThinkPHP/Common/functions.php:850) /Users/mile/Sites/qicheng/ThinkPHP/Library/Think/Controller.class.php 第 215 行.

[ 2017-07-04T16:15:13+08:00 ] 192.168.31.207 /~mile/qicheng/index.php/Api/Tale/getStatus
INFO: [ app_init ] --START--
INFO: Run Behavior\BuildLiteBehavior [ RunTime:0.000012s ]
INFO: [ app_init ] --END-- [ RunTime:0.000213s ]
INFO: [ app_begin ] --START--
INFO: Run Behavior\ReadHtmlCacheBehavior [ RunTime:0.000234s ]
INFO: [ app_begin ] --END-- [ RunTime:0.000259s ]
SQL: SHOW COLUMNS FROM `para` [ RunTime:0.0004s ]
SQL: SHOW COLUMNS FROM `user` [ RunTime:0.0003s ]
SQL: SELECT * FROM `para` WHERE `taleId` = 123 ORDER BY id desc LIMIT 1   [ RunTime:0.0002s ]
NOTIC: [8] Undefined index: userId /Users/mile/Sites/qicheng/Application/Tale/Event/TaleEvent.class.php 第 74 行.
SQL: SELECT * FROM `user` WHERE `id` = 1 LIMIT 1   [ RunTime:0.0002s ]
NOTIC: [2] Cannot modify header information - headers already sent by (output started at /Users/mile/Sites/qicheng/ThinkPHP/Common/functions.php:850) /Users/mile/Sites/qicheng/ThinkPHP/Library/Think/Controller.class.php 第 215 行.

[ 2017-07-04T16:15:27+08:00 ] 192.168.31.207 /~mile/qicheng/index.php/Api/Tale/getStatus
INFO: [ app_init ] --START--
INFO: Run Behavior\BuildLiteBehavior [ RunTime:0.000007s ]
INFO: [ app_init ] --END-- [ RunTime:0.000164s ]
INFO: [ app_begin ] --START--
INFO: Run Behavior\ReadHtmlCacheBehavior [ RunTime:0.000201s ]
INFO: [ app_begin ] --END-- [ RunTime:0.000225s ]
SQL: SHOW COLUMNS FROM `para` [ RunTime:0.0004s ]
SQL: SHOW COLUMNS FROM `user` [ RunTime:0.0002s ]
SQL: SELECT * FROM `para` WHERE `taleId` = 123 ORDER BY id desc LIMIT 1   [ RunTime:0.0002s ]
NOTIC: [8] Undefined index: userId /Users/mile/Sites/qicheng/Application/Tale/Event/TaleEvent.class.php 第 74 行.
SQL: SELECT * FROM `user` WHERE `id` = 1 LIMIT 1   [ RunTime:0.0002s ]
NOTIC: [2] Cannot modify header information - headers already sent by (output started at /Users/mile/Sites/qicheng/ThinkPHP/Common/functions.php:850) /Users/mile/Sites/qicheng/ThinkPHP/Library/Think/Controller.class.php 第 215 行.

[ 2017-07-04T16:15:39+08:00 ] 192.168.31.207 /~mile/qicheng/index.php/Api/Tale/getStatus
INFO: [ app_init ] --START--
INFO: Run Behavior\BuildLiteBehavior [ RunTime:0.000008s ]
INFO: [ app_init ] --END-- [ RunTime:0.000172s ]
INFO: [ app_begin ] --START--
INFO: Run Behavior\ReadHtmlCacheBehavior [ RunTime:0.000212s ]
INFO: [ app_begin ] --END-- [ RunTime:0.000236s ]
SQL: SHOW COLUMNS FROM `para` [ RunTime:0.0005s ]
SQL: SHOW COLUMNS FROM `user` [ RunTime:0.0003s ]
SQL: SELECT * FROM `para` WHERE `taleId` = 123 ORDER BY id desc LIMIT 1   [ RunTime:0.0003s ]
NOTIC: [8] Undefined index: userId /Users/mile/Sites/qicheng/Application/Tale/Event/TaleEvent.class.php 第 74 行.
SQL: SELECT * FROM `user` WHERE `id` = 1 LIMIT 1   [ RunTime:0.0002s ]
NOTIC: [2] Cannot modify header information - headers already sent by (output started at /Users/mile/Sites/qicheng/ThinkPHP/Common/functions.php:850) /Users/mile/Sites/qicheng/ThinkPHP/Library/Think/Controller.class.php 第 215 行.

[ 2017-07-04T16:16:16+08:00 ] 192.168.31.207 /~mile/qicheng/index.php/Api/Tale/getStatus
INFO: [ app_init ] --START--
INFO: Run Behavior\BuildLiteBehavior [ RunTime:0.000008s ]
INFO: [ app_init ] --END-- [ RunTime:0.000168s ]
INFO: [ app_begin ] --START--
INFO: Run Behavior\ReadHtmlCacheBehavior [ RunTime:0.000199s ]
INFO: [ app_begin ] --END-- [ RunTime:0.000224s ]
SQL: SHOW COLUMNS FROM `para` [ RunTime:0.0006s ]
SQL: SHOW COLUMNS FROM `user` [ RunTime:0.0005s ]
SQL: SELECT * FROM `para` WHERE `taleId` = 123 ORDER BY id desc LIMIT 1   [ RunTime:0.0003s ]
NOTIC: [8] Undefined index: userId /Users/mile/Sites/qicheng/Application/Tale/Event/TaleEvent.class.php 第 74 行.
SQL: SELECT * FROM `user` WHERE `id` = 1 LIMIT 1   [ RunTime:0.0002s ]
NOTIC: [2] Cannot modify header information - headers already sent by (output started at /Users/mile/Sites/qicheng/ThinkPHP/Common/functions.php:850) /Users/mile/Sites/qicheng/ThinkPHP/Library/Think/Controller.class.php 第 215 行.

[ 2017-07-04T16:16:56+08:00 ] 192.168.31.207 /~mile/qicheng/index.php/Api/Tale/getStatus
INFO: [ app_init ] --START--
INFO: Run Behavior\BuildLiteBehavior [ RunTime:0.000006s ]
INFO: [ app_init ] --END-- [ RunTime:0.000157s ]
INFO: [ app_begin ] --START--
INFO: Run Behavior\ReadHtmlCacheBehavior [ RunTime:0.000444s ]
INFO: [ app_begin ] --END-- [ RunTime:0.000494s ]
SQL: SHOW COLUMNS FROM `para` [ RunTime:0.0004s ]
SQL: SHOW COLUMNS FROM `user` [ RunTime:0.0003s ]
SQL: SELECT * FROM `para` WHERE `taleId` = 123 ORDER BY id desc LIMIT 1   [ RunTime:0.0002s ]
NOTIC: [8] Undefined index: userId /Users/mile/Sites/qicheng/Application/Tale/Event/TaleEvent.class.php 第 74 行.
SQL: SELECT * FROM `user` WHERE `id` = 1 LIMIT 1   [ RunTime:0.0003s ]
NOTIC: [2] Cannot modify header information - headers already sent by (output started at /Users/mile/Sites/qicheng/ThinkPHP/Common/functions.php:850) /Users/mile/Sites/qicheng/ThinkPHP/Library/Think/Controller.class.php 第 215 行.

[ 2017-07-04T16:18:20+08:00 ] 192.168.31.207 /~mile/qicheng/index.php/Api/Tale/getStatus
INFO: [ app_init ] --START--
INFO: Run Behavior\BuildLiteBehavior [ RunTime:0.000006s ]
INFO: [ app_init ] --END-- [ RunTime:0.000153s ]
INFO: [ app_begin ] --START--
INFO: Run Behavior\ReadHtmlCacheBehavior [ RunTime:0.000196s ]
INFO: [ app_begin ] --END-- [ RunTime:0.000219s ]
SQL: SHOW COLUMNS FROM `para` [ RunTime:0.0006s ]
SQL: SHOW COLUMNS FROM `user` [ RunTime:0.0003s ]
SQL: SELECT * FROM `para` WHERE `taleId` = 123 ORDER BY id desc LIMIT 1   [ RunTime:0.0003s ]
NOTIC: [8] Undefined index: userId /Users/mile/Sites/qicheng/Application/Tale/Event/TaleEvent.class.php 第 74 行.
SQL: SELECT * FROM `user` WHERE `id` = 1 LIMIT 1   [ RunTime:0.0002s ]
NOTIC: [2] Cannot modify header information - headers already sent by (output started at /Users/mile/Sites/qicheng/ThinkPHP/Common/functions.php:850) /Users/mile/Sites/qicheng/ThinkPHP/Library/Think/Controller.class.php 第 215 行.

[ 2017-07-04T16:18:47+08:00 ] 192.168.31.207 /~mile/qicheng/index.php/Api/Tale/getStatus
INFO: [ app_init ] --START--
INFO: Run Behavior\BuildLiteBehavior [ RunTime:0.000007s ]
INFO: [ app_init ] --END-- [ RunTime:0.000158s ]
INFO: [ app_begin ] --START--
INFO: Run Behavior\ReadHtmlCacheBehavior [ RunTime:0.000194s ]
INFO: [ app_begin ] --END-- [ RunTime:0.000216s ]
SQL: SHOW COLUMNS FROM `para` [ RunTime:0.0005s ]
SQL: SHOW COLUMNS FROM `user` [ RunTime:0.0004s ]
SQL: SELECT * FROM `para` WHERE `taleId` = 123 ORDER BY id desc LIMIT 1   [ RunTime:0.0003s ]
NOTIC: [8] Undefined index: userId /Users/mile/Sites/qicheng/Application/Tale/Event/TaleEvent.class.php 第 74 行.
SQL: SELECT * FROM `user` WHERE `id` = 1 LIMIT 1   [ RunTime:0.0002s ]
NOTIC: [2] Cannot modify header information - headers already sent by (output started at /Users/mile/Sites/qicheng/ThinkPHP/Common/functions.php:850) /Users/mile/Sites/qicheng/ThinkPHP/Library/Think/Controller.class.php 第 215 行.

[ 2017-07-04T16:19:12+08:00 ] 192.168.31.207 /~mile/qicheng/index.php/Api/Tale/getStatus
INFO: [ app_init ] --START--
INFO: Run Behavior\BuildLiteBehavior [ RunTime:0.000009s ]
INFO: [ app_init ] --END-- [ RunTime:0.000185s ]
INFO: [ app_begin ] --START--
INFO: Run Behavior\ReadHtmlCacheBehavior [ RunTime:0.000230s ]
INFO: [ app_begin ] --END-- [ RunTime:0.000255s ]
SQL: SHOW COLUMNS FROM `para` [ RunTime:0.0006s ]
SQL: SHOW COLUMNS FROM `user` [ RunTime:0.0004s ]
SQL: SELECT * FROM `para` WHERE `taleId` = 123 ORDER BY id desc LIMIT 1   [ RunTime:0.0004s ]
NOTIC: [8] Undefined index: userId /Users/mile/Sites/qicheng/Application/Tale/Event/TaleEvent.class.php 第 75 行.
SQL: SELECT * FROM `user` WHERE `id` = 1 LIMIT 1   [ RunTime:0.0002s ]
NOTIC: [2] Cannot modify header information - headers already sent by (output started at /Users/mile/Sites/qicheng/ThinkPHP/Common/functions.php:850) /Users/mile/Sites/qicheng/ThinkPHP/Library/Think/Controller.class.php 第 215 行.

[ 2017-07-04T16:24:22+08:00 ] 192.168.31.207 /~mile/qicheng/index.php/Api/Tale/getStatus
INFO: [ app_init ] --START--
INFO: Run Behavior\BuildLiteBehavior [ RunTime:0.000008s ]
INFO: [ app_init ] --END-- [ RunTime:0.000168s ]
INFO: [ app_begin ] --START--
INFO: Run Behavior\ReadHtmlCacheBehavior [ RunTime:0.000201s ]
INFO: [ app_begin ] --END-- [ RunTime:0.000227s ]
SQL: SHOW COLUMNS FROM `para` [ RunTime:0.0004s ]
SQL: SHOW COLUMNS FROM `user` [ RunTime:0.0003s ]
SQL: SELECT * FROM `para` WHERE `taleId` = 123 ORDER BY id desc LIMIT 1   [ RunTime:0.0002s ]
SQL: SELECT * FROM `user` WHERE `id` = 1 LIMIT 1   [ RunTime:0.0002s ]
NOTIC: [2] Cannot modify header information - headers already sent by (output started at /Users/mile/Sites/qicheng/ThinkPHP/Common/functions.php:850) /Users/mile/Sites/qicheng/ThinkPHP/Library/Think/Controller.class.php 第 215 行.

[ 2017-07-04T16:25:03+08:00 ] 192.168.31.207 /~mile/qicheng/index.php/Api/Tale/getStatus
INFO: [ app_init ] --START--
INFO: Run Behavior\BuildLiteBehavior [ RunTime:0.000032s ]
INFO: [ app_init ] --END-- [ RunTime:0.000269s ]
INFO: [ app_begin ] --START--
INFO: Run Behavior\ReadHtmlCacheBehavior [ RunTime:0.000283s ]
INFO: [ app_begin ] --END-- [ RunTime:0.000321s ]
SQL: SHOW COLUMNS FROM `para` [ RunTime:0.0004s ]
SQL: SHOW COLUMNS FROM `user` [ RunTime:0.0003s ]
SQL: SELECT * FROM `para` WHERE `taleId` = 123 ORDER BY id desc LIMIT 1   [ RunTime:0.0002s ]
SQL: SELECT * FROM `user` WHERE `id` = 1 LIMIT 1   [ RunTime:0.0002s ]

[ 2017-07-04T16:25:15+08:00 ] 192.168.31.207 /~mile/qicheng/index.php/Api/Tale/getStatus
INFO: [ app_init ] --START--
INFO: Run Behavior\BuildLiteBehavior [ RunTime:0.000007s ]
INFO: [ app_init ] --END-- [ RunTime:0.000162s ]
INFO: [ app_begin ] --START--
INFO: Run Behavior\ReadHtmlCacheBehavior [ RunTime:0.000195s ]
INFO: [ app_begin ] --END-- [ RunTime:0.000218s ]
SQL: SHOW COLUMNS FROM `para` [ RunTime:0.0004s ]
SQL: SHOW COLUMNS FROM `user` [ RunTime:0.0003s ]
SQL: SELECT * FROM `para` WHERE `taleId` = 123 ORDER BY id desc LIMIT 1   [ RunTime:0.0002s ]
SQL: SELECT * FROM `user` WHERE `id` = 1 LIMIT 1   [ RunTime:0.0002s ]

[ 2017-07-04T16:25:21+08:00 ] 192.168.31.207 /~mile/qicheng/index.php/Api/Tale/getStatus
INFO: [ app_init ] --START--
INFO: Run Behavior\BuildLiteBehavior [ RunTime:0.000009s ]
INFO: [ app_init ] --END-- [ RunTime:0.000192s ]
INFO: [ app_begin ] --START--
INFO: Run Behavior\ReadHtmlCacheBehavior [ RunTime:0.000209s ]
INFO: [ app_begin ] --END-- [ RunTime:0.000233s ]
SQL: SHOW COLUMNS FROM `para` [ RunTime:0.0005s ]
SQL: SHOW COLUMNS FROM `user` [ RunTime:0.0003s ]
SQL: SELECT * FROM `para` WHERE `taleId` = 123 ORDER BY id desc LIMIT 1   [ RunTime:0.0002s ]
SQL: SELECT * FROM `user` WHERE `id` = 1 LIMIT 1   [ RunTime:0.0001s ]

