[ 2017-07-13T11:25:47+08:00 ] 192.168.31.207 /~mile/qicheng/index.php/Api/Tale/getHotTaleView?timeBefore=1499916346672&limit=10
INFO: [ app_init ] --START--
INFO: Run Behavior\BuildLiteBehavior [ RunTime:0.000015s ]
INFO: [ app_init ] --END-- [ RunTime:0.000553s ]
INFO: [ app_begin ] --START--
INFO: Run Behavior\ReadHtmlCacheBehavior [ RunTime:0.000472s ]
INFO: [ app_begin ] --END-- [ RunTime:0.000526s ]
SQL: SHOW COLUMNS FROM `tale` [ RunTime:0.0004s ]
SQL: SHOW COLUMNS FROM `para` [ RunTime:0.0004s ]
SQL: SHOW COLUMNS FROM `user` [ RunTime:0.0004s ]
SQL: SHOW COLUMNS FROM `tag` [ RunTime:0.0003s ]
SQL: SELECT * FROM `tale` WHERE `time` < '1499916346' ORDER BY id desc LIMIT 10   [ RunTime:0.0003s ]
SQL: SELECT * FROM `para` WHERE `taleId` = 134 ORDER BY id LIMIT 1   [ RunTime:0.0002s ]
SQL: SELECT * FROM `user` WHERE `id` = 1 LIMIT 1   [ RunTime:0.0002s ]
SQL: SELECT `name` FROM `tag` WHERE `id` = 68 LIMIT 1   [ RunTime:0.0002s ]
SQL: SELECT `name` FROM `tag` WHERE `id` = 66 LIMIT 1   [ RunTime:0.0002s ]
SQL: SELECT * FROM `para` WHERE `taleId` = 133 ORDER BY id LIMIT 1   [ RunTime:0.0002s ]
SQL: SELECT * FROM `user` WHERE `id` = 1 LIMIT 1   [ RunTime:0.0002s ]
SQL: SELECT `name` FROM `tag` WHERE `id` = 68 LIMIT 1   [ RunTime:0.0001s ]
SQL: SELECT `name` FROM `tag` WHERE `id` = 66 LIMIT 1   [ RunTime:0.0002s ]
SQL: SELECT * FROM `para` WHERE `taleId` = 132 ORDER BY id LIMIT 1   [ RunTime:0.0002s ]
SQL: SELECT * FROM `user` WHERE `id` = 1 LIMIT 1   [ RunTime:0.0002s ]
SQL: SELECT `name` FROM `tag` WHERE `id` = 68 LIMIT 1   [ RunTime:0.0002s ]
SQL: SELECT `name` FROM `tag` WHERE `id` = 66 LIMIT 1   [ RunTime:0.0001s ]
SQL: SELECT * FROM `para` WHERE `taleId` = 131 ORDER BY id LIMIT 1   [ RunTime:0.0002s ]
SQL: SELECT * FROM `user` WHERE `id` = 1 LIMIT 1   [ RunTime:0.0003s ]
SQL: SELECT `name` FROM `tag` WHERE `id` = 68 LIMIT 1   [ RunTime:0.0002s ]
SQL: SELECT `name` FROM `tag` WHERE `id` = 66 LIMIT 1   [ RunTime:0.0002s ]
SQL: SELECT * FROM `para` WHERE `taleId` = 130 ORDER BY id LIMIT 1   [ RunTime:0.0003s ]
SQL: SELECT * FROM `user` WHERE `id` = 1 LIMIT 1   [ RunTime:0.0002s ]
SQL: SELECT `name` FROM `tag` WHERE `id` = 68 LIMIT 1   [ RunTime:0.0002s ]
SQL: SELECT `name` FROM `tag` WHERE `id` = 66 LIMIT 1   [ RunTime:0.0002s ]
SQL: SELECT * FROM `para` WHERE `taleId` = 129 ORDER BY id LIMIT 1   [ RunTime:0.0002s ]
SQL: SELECT * FROM `user` WHERE `id` = 1 LIMIT 1   [ RunTime:0.0002s ]
SQL: SELECT `name` FROM `tag` WHERE `id` = 68 LIMIT 1   [ RunTime:0.0002s ]
SQL: SELECT `name` FROM `tag` WHERE `id` = 66 LIMIT 1   [ RunTime:0.0002s ]
SQL: SELECT * FROM `para` WHERE `taleId` = 128 ORDER BY id LIMIT 1   [ RunTime:0.0003s ]
SQL: SELECT * FROM `user` WHERE `id` = 1 LIMIT 1   [ RunTime:0.0002s ]
SQL: SELECT `name` FROM `tag` WHERE `id` = 68 LIMIT 1   [ RunTime:0.0001s ]
SQL: SELECT `name` FROM `tag` WHERE `id` = 66 LIMIT 1   [ RunTime:0.0001s ]
SQL: SELECT * FROM `para` WHERE `taleId` = 127 ORDER BY id LIMIT 1   [ RunTime:0.0002s ]
SQL: SELECT * FROM `user` WHERE `id` = 1 LIMIT 1   [ RunTime:0.0002s ]
SQL: SELECT `name` FROM `tag` WHERE `id` = 68 LIMIT 1   [ RunTime:0.0001s ]
SQL: SELECT `name` FROM `tag` WHERE `id` = 66 LIMIT 1   [ RunTime:0.0002s ]
SQL: SELECT * FROM `para` WHERE `taleId` = 126 ORDER BY id LIMIT 1   [ RunTime:0.0002s ]
SQL: SELECT * FROM `user` WHERE `id` = 1 LIMIT 1   [ RunTime:0.0002s ]
SQL: SELECT `name` FROM `tag` WHERE `id` = 68 LIMIT 1   [ RunTime:0.0002s ]
SQL: SELECT `name` FROM `tag` WHERE `id` = 66 LIMIT 1   [ RunTime:0.0001s ]
SQL: SELECT * FROM `para` WHERE `taleId` = 125 ORDER BY id LIMIT 1   [ RunTime:0.0002s ]
SQL: SELECT * FROM `user` WHERE `id` = 1 LIMIT 1   [ RunTime:0.0002s ]
SQL: SELECT `name` FROM `tag` WHERE `id` = 68 LIMIT 1   [ RunTime:0.0002s ]
SQL: SELECT `name` FROM `tag` WHERE `id` = 66 LIMIT 1   [ RunTime:0.0002s ]

[ 2017-07-13T13:33:44+08:00 ] 192.168.31.207 /~mile/qicheng/index.php/Api/Tale/newTale
INFO: [ app_init ] --START--
INFO: Run Behavior\BuildLiteBehavior [ RunTime:0.000007s ]
INFO: [ app_init ] --END-- [ RunTime:0.000163s ]
INFO: [ app_begin ] --START--
INFO: Run Behavior\ReadHtmlCacheBehavior [ RunTime:0.000367s ]
INFO: [ app_begin ] --END-- [ RunTime:0.000410s ]
SQL: SHOW COLUMNS FROM `tale` [ RunTime:0.0004s ]
ERR: 1364:Field 'zan' doesn't have a default value
 [ SQL语句 ] : INSERT INTO `tale` (`sponsorId`,`tags`,`time`) VALUES ('0','null','0')
ERR: 1364:Field 'zan' doesn't have a default value
 [ SQL语句 ] : INSERT INTO `tale` (`sponsorId`,`tags`,`time`) VALUES ('0','null','0')

[ 2017-07-13T13:34:54+08:00 ] 192.168.31.207 /~mile/qicheng/index.php/Api/Tale/newTale
INFO: [ app_init ] --START--
INFO: Run Behavior\BuildLiteBehavior [ RunTime:0.000008s ]
INFO: [ app_init ] --END-- [ RunTime:0.000180s ]
INFO: [ app_begin ] --START--
INFO: Run Behavior\ReadHtmlCacheBehavior [ RunTime:0.000380s ]
INFO: [ app_begin ] --END-- [ RunTime:0.000409s ]
SQL: SHOW COLUMNS FROM `tale` [ RunTime:0.0004s ]
ERR: 1452:Cannot add or update a child row: a foreign key constraint fails (`qicheng`.`tale`, CONSTRAINT `sponsorId_tale` FOREIGN KEY (`sponsorId`) REFERENCES `user` (`id`))
 [ SQL语句 ] : INSERT INTO `tale` (`sponsorId`,`tags`,`time`) VALUES ('0','null','0')
ERR: 1452:Cannot add or update a child row: a foreign key constraint fails (`qicheng`.`tale`, CONSTRAINT `sponsorId_tale` FOREIGN KEY (`sponsorId`) REFERENCES `user` (`id`))
 [ SQL语句 ] : INSERT INTO `tale` (`sponsorId`,`tags`,`time`) VALUES ('0','null','0')

[ 2017-07-13T13:35:15+08:00 ] 192.168.31.207 /~mile/qicheng/index.php/Api/Tale/newTale
INFO: [ app_init ] --START--
INFO: Run Behavior\BuildLiteBehavior [ RunTime:0.000008s ]
INFO: [ app_init ] --END-- [ RunTime:0.000228s ]
INFO: [ app_begin ] --START--
INFO: Run Behavior\ReadHtmlCacheBehavior [ RunTime:0.000349s ]
INFO: [ app_begin ] --END-- [ RunTime:0.000378s ]
SQL: SHOW COLUMNS FROM `tale` [ RunTime:0.0004s ]
ERR: 1452:Cannot add or update a child row: a foreign key constraint fails (`qicheng`.`tale`, CONSTRAINT `sponsorId_tale` FOREIGN KEY (`sponsorId`) REFERENCES `user` (`id`))
 [ SQL语句 ] : INSERT INTO `tale` (`sponsorId`,`tags`,`time`) VALUES ('0','null','0')
ERR: 1452:Cannot add or update a child row: a foreign key constraint fails (`qicheng`.`tale`, CONSTRAINT `sponsorId_tale` FOREIGN KEY (`sponsorId`) REFERENCES `user` (`id`))
 [ SQL语句 ] : INSERT INTO `tale` (`sponsorId`,`tags`,`time`) VALUES ('0','null','0')

[ 2017-07-13T13:36:03+08:00 ] 192.168.31.207 /~mile/qicheng/index.php/Api/Tale/newTale
INFO: [ app_init ] --START--
INFO: Run Behavior\BuildLiteBehavior [ RunTime:0.000007s ]
INFO: [ app_init ] --END-- [ RunTime:0.000167s ]
INFO: [ app_begin ] --START--
INFO: Run Behavior\ReadHtmlCacheBehavior [ RunTime:0.000203s ]
INFO: [ app_begin ] --END-- [ RunTime:0.000227s ]
SQL: SHOW COLUMNS FROM `tale` [ RunTime:0.0004s ]
ERR: 1452:Cannot add or update a child row: a foreign key constraint fails (`qicheng`.`tale`, CONSTRAINT `sponsorId_tale` FOREIGN KEY (`sponsorId`) REFERENCES `user` (`id`))
 [ SQL语句 ] : INSERT INTO `tale` (`sponsorId`,`tags`,`time`) VALUES ('0','null','0')
ERR: 1452:Cannot add or update a child row: a foreign key constraint fails (`qicheng`.`tale`, CONSTRAINT `sponsorId_tale` FOREIGN KEY (`sponsorId`) REFERENCES `user` (`id`))
 [ SQL语句 ] : INSERT INTO `tale` (`sponsorId`,`tags`,`time`) VALUES ('0','null','0')

[ 2017-07-13T13:36:29+08:00 ] 192.168.31.207 /~mile/qicheng/index.php/Api/Tale/newTale
INFO: [ app_init ] --START--
INFO: Run Behavior\BuildLiteBehavior [ RunTime:0.000009s ]
INFO: [ app_init ] --END-- [ RunTime:0.000228s ]
INFO: [ app_begin ] --START--
INFO: Run Behavior\ReadHtmlCacheBehavior [ RunTime:0.000218s ]
INFO: [ app_begin ] --END-- [ RunTime:0.000246s ]
SQL: SHOW COLUMNS FROM `tale` [ RunTime:0.0004s ]
ERR: 1452:Cannot add or update a child row: a foreign key constraint fails (`qicheng`.`tale`, CONSTRAINT `sponsorId_tale` FOREIGN KEY (`sponsorId`) REFERENCES `user` (`id`))
 [ SQL语句 ] : INSERT INTO `tale` (`sponsorId`,`tags`,`time`) VALUES ('0','null','0')
ERR: 1452:Cannot add or update a child row: a foreign key constraint fails (`qicheng`.`tale`, CONSTRAINT `sponsorId_tale` FOREIGN KEY (`sponsorId`) REFERENCES `user` (`id`))
 [ SQL语句 ] : INSERT INTO `tale` (`sponsorId`,`tags`,`time`) VALUES ('0','null','0')

[ 2017-07-13T13:38:15+08:00 ] 192.168.31.207 /~mile/qicheng/index.php/Api/Tale/newTale
INFO: [ app_init ] --START--
INFO: Run Behavior\BuildLiteBehavior [ RunTime:0.000006s ]
INFO: [ app_init ] --END-- [ RunTime:0.000160s ]
INFO: [ app_begin ] --START--
INFO: Run Behavior\ReadHtmlCacheBehavior [ RunTime:0.000197s ]
INFO: [ app_begin ] --END-- [ RunTime:0.000220s ]
SQL: SHOW COLUMNS FROM `tale` [ RunTime:0.0004s ]
ERR: 1452:Cannot add or update a child row: a foreign key constraint fails (`qicheng`.`tale`, CONSTRAINT `sponsorId_tale` FOREIGN KEY (`sponsorId`) REFERENCES `user` (`id`))
 [ SQL语句 ] : INSERT INTO `tale` (`sponsorId`,`tags`,`time`) VALUES ('0','null','0')
ERR: 1452:Cannot add or update a child row: a foreign key constraint fails (`qicheng`.`tale`, CONSTRAINT `sponsorId_tale` FOREIGN KEY (`sponsorId`) REFERENCES `user` (`id`))
 [ SQL语句 ] : INSERT INTO `tale` (`sponsorId`,`tags`,`time`) VALUES ('0','null','0')

[ 2017-07-13T13:40:25+08:00 ] 192.168.31.207 /~mile/qicheng/index.php/Api/Tale/newTale
INFO: [ app_init ] --START--
INFO: Run Behavior\BuildLiteBehavior [ RunTime:0.000007s ]
INFO: [ app_init ] --END-- [ RunTime:0.000169s ]
INFO: [ app_begin ] --START--
INFO: Run Behavior\ReadHtmlCacheBehavior [ RunTime:0.000192s ]
INFO: [ app_begin ] --END-- [ RunTime:0.000213s ]
SQL: SHOW COLUMNS FROM `tale` [ RunTime:0.0004s ]
ERR: 1452:Cannot add or update a child row: a foreign key constraint fails (`qicheng`.`tale`, CONSTRAINT `sponsorId_tale` FOREIGN KEY (`sponsorId`) REFERENCES `user` (`id`))
 [ SQL语句 ] : INSERT INTO `tale` (`sponsorId`,`tags`,`time`) VALUES ('0','null','0')
ERR: 1452:Cannot add or update a child row: a foreign key constraint fails (`qicheng`.`tale`, CONSTRAINT `sponsorId_tale` FOREIGN KEY (`sponsorId`) REFERENCES `user` (`id`))
 [ SQL语句 ] : INSERT INTO `tale` (`sponsorId`,`tags`,`time`) VALUES ('0','null','0')

[ 2017-07-13T13:43:00+08:00 ] 192.168.31.207 /~mile/qicheng/index.php/Api/Tale/newTale
INFO: [ app_init ] --START--
INFO: Run Behavior\BuildLiteBehavior [ RunTime:0.000007s ]
INFO: [ app_init ] --END-- [ RunTime:0.000165s ]
INFO: [ app_begin ] --START--
INFO: Run Behavior\ReadHtmlCacheBehavior [ RunTime:0.000196s ]
INFO: [ app_begin ] --END-- [ RunTime:0.000220s ]
SQL: SHOW COLUMNS FROM `tale` [ RunTime:0.0004s ]
ERR: 1452:Cannot add or update a child row: a foreign key constraint fails (`qicheng`.`tale`, CONSTRAINT `sponsorId_tale` FOREIGN KEY (`sponsorId`) REFERENCES `user` (`id`))
 [ SQL语句 ] : INSERT INTO `tale` (`sponsorId`,`tags`,`time`) VALUES ('0','null','0')
ERR: 1452:Cannot add or update a child row: a foreign key constraint fails (`qicheng`.`tale`, CONSTRAINT `sponsorId_tale` FOREIGN KEY (`sponsorId`) REFERENCES `user` (`id`))
 [ SQL语句 ] : INSERT INTO `tale` (`sponsorId`,`tags`,`time`) VALUES ('0','null','0')

[ 2017-07-13T13:43:03+08:00 ] 192.168.31.207 /~mile/qicheng/index.php/Api/Tale/newTale
INFO: [ app_init ] --START--
INFO: Run Behavior\BuildLiteBehavior [ RunTime:0.000017s ]
INFO: [ app_init ] --END-- [ RunTime:0.000177s ]
INFO: [ app_begin ] --START--
INFO: Run Behavior\ReadHtmlCacheBehavior [ RunTime:0.000192s ]
INFO: [ app_begin ] --END-- [ RunTime:0.000215s ]
SQL: SHOW COLUMNS FROM `tale` [ RunTime:0.0004s ]
ERR: 1452:Cannot add or update a child row: a foreign key constraint fails (`qicheng`.`tale`, CONSTRAINT `sponsorId_tale` FOREIGN KEY (`sponsorId`) REFERENCES `user` (`id`))
 [ SQL语句 ] : INSERT INTO `tale` (`sponsorId`,`tags`,`time`) VALUES ('0','null','0')
ERR: 1452:Cannot add or update a child row: a foreign key constraint fails (`qicheng`.`tale`, CONSTRAINT `sponsorId_tale` FOREIGN KEY (`sponsorId`) REFERENCES `user` (`id`))
 [ SQL语句 ] : INSERT INTO `tale` (`sponsorId`,`tags`,`time`) VALUES ('0','null','0')

[ 2017-07-13T13:44:13+08:00 ] 192.168.31.207 /~mile/qicheng/index.php/Api/Tale/newTale
INFO: [ app_init ] --START--
INFO: Run Behavior\BuildLiteBehavior [ RunTime:0.000006s ]
INFO: [ app_init ] --END-- [ RunTime:0.000165s ]
INFO: [ app_begin ] --START--
INFO: Run Behavior\ReadHtmlCacheBehavior [ RunTime:0.000210s ]
INFO: [ app_begin ] --END-- [ RunTime:0.000235s ]
SQL: SHOW COLUMNS FROM `tale` [ RunTime:0.0004s ]
ERR: 1452:Cannot add or update a child row: a foreign key constraint fails (`qicheng`.`tale`, CONSTRAINT `sponsorId_tale` FOREIGN KEY (`sponsorId`) REFERENCES `user` (`id`))
 [ SQL语句 ] : INSERT INTO `tale` (`sponsorId`,`tags`,`time`) VALUES ('0','null','0')
ERR: 1452:Cannot add or update a child row: a foreign key constraint fails (`qicheng`.`tale`, CONSTRAINT `sponsorId_tale` FOREIGN KEY (`sponsorId`) REFERENCES `user` (`id`))
 [ SQL语句 ] : INSERT INTO `tale` (`sponsorId`,`tags`,`time`) VALUES ('0','null','0')

[ 2017-07-13T13:44:25+08:00 ] 192.168.31.207 /~mile/qicheng/index.php/Api/Tale/newTale
INFO: [ app_init ] --START--
INFO: Run Behavior\BuildLiteBehavior [ RunTime:0.000008s ]
INFO: [ app_init ] --END-- [ RunTime:0.000170s ]
INFO: [ app_begin ] --START--
INFO: Run Behavior\ReadHtmlCacheBehavior [ RunTime:0.000207s ]
INFO: [ app_begin ] --END-- [ RunTime:0.000231s ]
SQL: SHOW COLUMNS FROM `tale` [ RunTime:0.0004s ]
ERR: 1452:Cannot add or update a child row: a foreign key constraint fails (`qicheng`.`tale`, CONSTRAINT `sponsorId_tale` FOREIGN KEY (`sponsorId`) REFERENCES `user` (`id`))
 [ SQL语句 ] : INSERT INTO `tale` (`sponsorId`,`tags`,`time`) VALUES ('0','null','0')
ERR: 1452:Cannot add or update a child row: a foreign key constraint fails (`qicheng`.`tale`, CONSTRAINT `sponsorId_tale` FOREIGN KEY (`sponsorId`) REFERENCES `user` (`id`))
 [ SQL语句 ] : INSERT INTO `tale` (`sponsorId`,`tags`,`time`) VALUES ('0','null','0')

[ 2017-07-13T13:47:17+08:00 ] 192.168.31.207 /~mile/qicheng/index.php/Api/Tale/newTale
INFO: [ app_init ] --START--
INFO: Run Behavior\BuildLiteBehavior [ RunTime:0.000008s ]
INFO: [ app_init ] --END-- [ RunTime:0.000205s ]
INFO: [ app_begin ] --START--
INFO: Run Behavior\ReadHtmlCacheBehavior [ RunTime:0.000194s ]
INFO: [ app_begin ] --END-- [ RunTime:0.000227s ]
SQL: SHOW COLUMNS FROM `tale` [ RunTime:0.0004s ]
ERR: 1452:Cannot add or update a child row: a foreign key constraint fails (`qicheng`.`tale`, CONSTRAINT `sponsorId_tale` FOREIGN KEY (`sponsorId`) REFERENCES `user` (`id`))
 [ SQL语句 ] : INSERT INTO `tale` (`sponsorId`,`tags`,`time`) VALUES ('0','null','0')
ERR: 1452:Cannot add or update a child row: a foreign key constraint fails (`qicheng`.`tale`, CONSTRAINT `sponsorId_tale` FOREIGN KEY (`sponsorId`) REFERENCES `user` (`id`))
 [ SQL语句 ] : INSERT INTO `tale` (`sponsorId`,`tags`,`time`) VALUES ('0','null','0')

[ 2017-07-13T13:52:41+08:00 ] 192.168.31.207 /~mile/qicheng/index.php/Api/Tale/newTale
INFO: [ app_init ] --START--
INFO: Run Behavior\BuildLiteBehavior [ RunTime:0.000008s ]
INFO: [ app_init ] --END-- [ RunTime:0.000179s ]
INFO: [ app_begin ] --START--
INFO: Run Behavior\ReadHtmlCacheBehavior [ RunTime:0.000253s ]
INFO: [ app_begin ] --END-- [ RunTime:0.000284s ]
NOTIC: [2] html_entity_decode() expects parameter 1 to be string, array given /Users/mile/Sites/qicheng/Application/Api/Controller/TaleController.class.php 第 22 行.
SQL: SHOW COLUMNS FROM `tale` [ RunTime:0.0004s ]
ERR: 1264:Out of range value for column 'time' at row 1
 [ SQL语句 ] : INSERT INTO `tale` (`sponsorId`,`tags`,`time`) VALUES ('1','null','98787987992')
ERR: 1264:Out of range value for column 'time' at row 1
 [ SQL语句 ] : INSERT INTO `tale` (`sponsorId`,`tags`,`time`) VALUES ('1','null','98787987992')

[ 2017-07-13T13:54:08+08:00 ] 192.168.31.207 /~mile/qicheng/index.php/Api/Tale/newTale
INFO: [ app_init ] --START--
INFO: Run Behavior\BuildLiteBehavior [ RunTime:0.000007s ]
INFO: [ app_init ] --END-- [ RunTime:0.000163s ]
INFO: [ app_begin ] --START--
INFO: Run Behavior\ReadHtmlCacheBehavior [ RunTime:0.000203s ]
INFO: [ app_begin ] --END-- [ RunTime:0.000227s ]
NOTIC: [2] html_entity_decode() expects parameter 1 to be string, array given /Users/mile/Sites/qicheng/Application/Api/Controller/TaleController.class.php 第 22 行.
SQL: SHOW COLUMNS FROM `tale` [ RunTime:0.0004s ]
SQL: INSERT INTO `tale` (`sponsorId`,`tags`,`time`) VALUES ('1','null','1878798799') [ RunTime:0.0020s ]
SQL: SHOW COLUMNS FROM `tag` [ RunTime:0.0003s ]
NOTIC: [2] Invalid argument supplied for foreach() /Users/mile/Sites/qicheng/Application/Tale/Model/TaleModel.class.php 第 22 行.

[ 2017-07-13T13:58:43+08:00 ] 192.168.31.207 /~mile/qicheng/index.php/Api/Tale/getHotTaleView?timeBefore=1499920712983&limit=10
INFO: [ app_init ] --START--
INFO: Run Behavior\BuildLiteBehavior [ RunTime:0.000011s ]
INFO: [ app_init ] --END-- [ RunTime:0.000255s ]
INFO: [ app_begin ] --START--
INFO: Run Behavior\ReadHtmlCacheBehavior [ RunTime:0.000212s ]
INFO: [ app_begin ] --END-- [ RunTime:0.000236s ]
SQL: SHOW COLUMNS FROM `tale` [ RunTime:0.0004s ]
SQL: SHOW COLUMNS FROM `para` [ RunTime:0.0004s ]
SQL: SHOW COLUMNS FROM `user` [ RunTime:0.0003s ]
SQL: SHOW COLUMNS FROM `tag` [ RunTime:0.0003s ]
SQL: SELECT * FROM `tale` WHERE `time` < '1499920712' ORDER BY id desc LIMIT 10   [ RunTime:0.0002s ]
SQL: SELECT * FROM `para` WHERE `taleId` = 134 ORDER BY id LIMIT 1   [ RunTime:0.0002s ]
SQL: SELECT * FROM `user` WHERE `id` = 1 LIMIT 1   [ RunTime:0.0002s ]
SQL: SELECT `name` FROM `tag` WHERE `id` = 68 LIMIT 1   [ RunTime:0.0001s ]
SQL: SELECT `name` FROM `tag` WHERE `id` = 66 LIMIT 1   [ RunTime:0.0001s ]
SQL: SELECT * FROM `para` WHERE `taleId` = 133 ORDER BY id LIMIT 1   [ RunTime:0.0002s ]
SQL: SELECT * FROM `user` WHERE `id` = 1 LIMIT 1   [ RunTime:0.0002s ]
SQL: SELECT `name` FROM `tag` WHERE `id` = 68 LIMIT 1   [ RunTime:0.0002s ]
SQL: SELECT `name` FROM `tag` WHERE `id` = 66 LIMIT 1   [ RunTime:0.0001s ]
SQL: SELECT * FROM `para` WHERE `taleId` = 132 ORDER BY id LIMIT 1   [ RunTime:0.0002s ]
SQL: SELECT * FROM `user` WHERE `id` = 1 LIMIT 1   [ RunTime:0.0002s ]
SQL: SELECT `name` FROM `tag` WHERE `id` = 68 LIMIT 1   [ RunTime:0.0001s ]
SQL: SELECT `name` FROM `tag` WHERE `id` = 66 LIMIT 1   [ RunTime:0.0001s ]
SQL: SELECT * FROM `para` WHERE `taleId` = 131 ORDER BY id LIMIT 1   [ RunTime:0.0002s ]
SQL: SELECT * FROM `user` WHERE `id` = 1 LIMIT 1   [ RunTime:0.0002s ]
SQL: SELECT `name` FROM `tag` WHERE `id` = 68 LIMIT 1   [ RunTime:0.0002s ]
SQL: SELECT `name` FROM `tag` WHERE `id` = 66 LIMIT 1   [ RunTime:0.0001s ]
SQL: SELECT * FROM `para` WHERE `taleId` = 130 ORDER BY id LIMIT 1   [ RunTime:0.0002s ]
SQL: SELECT * FROM `user` WHERE `id` = 1 LIMIT 1   [ RunTime:0.0002s ]
SQL: SELECT `name` FROM `tag` WHERE `id` = 68 LIMIT 1   [ RunTime:0.0001s ]
SQL: SELECT `name` FROM `tag` WHERE `id` = 66 LIMIT 1   [ RunTime:0.0001s ]
SQL: SELECT * FROM `para` WHERE `taleId` = 129 ORDER BY id LIMIT 1   [ RunTime:0.0002s ]
SQL: SELECT * FROM `user` WHERE `id` = 1 LIMIT 1   [ RunTime:0.0002s ]
SQL: SELECT `name` FROM `tag` WHERE `id` = 68 LIMIT 1   [ RunTime:0.0001s ]
SQL: SELECT `name` FROM `tag` WHERE `id` = 66 LIMIT 1   [ RunTime:0.0001s ]
SQL: SELECT * FROM `para` WHERE `taleId` = 128 ORDER BY id LIMIT 1   [ RunTime:0.0002s ]
SQL: SELECT * FROM `user` WHERE `id` = 1 LIMIT 1   [ RunTime:0.0002s ]
SQL: SELECT `name` FROM `tag` WHERE `id` = 68 LIMIT 1   [ RunTime:0.0002s ]
SQL: SELECT `name` FROM `tag` WHERE `id` = 66 LIMIT 1   [ RunTime:0.0001s ]
SQL: SELECT * FROM `para` WHERE `taleId` = 127 ORDER BY id LIMIT 1   [ RunTime:0.0002s ]
SQL: SELECT * FROM `user` WHERE `id` = 1 LIMIT 1   [ RunTime:0.0002s ]
SQL: SELECT `name` FROM `tag` WHERE `id` = 68 LIMIT 1   [ RunTime:0.0001s ]
SQL: SELECT `name` FROM `tag` WHERE `id` = 66 LIMIT 1   [ RunTime:0.0001s ]
SQL: SELECT * FROM `para` WHERE `taleId` = 126 ORDER BY id LIMIT 1   [ RunTime:0.0002s ]
SQL: SELECT * FROM `user` WHERE `id` = 1 LIMIT 1   [ RunTime:0.0002s ]
SQL: SELECT `name` FROM `tag` WHERE `id` = 68 LIMIT 1   [ RunTime:0.0001s ]
SQL: SELECT `name` FROM `tag` WHERE `id` = 66 LIMIT 1   [ RunTime:0.0001s ]
SQL: SELECT * FROM `para` WHERE `taleId` = 125 ORDER BY id LIMIT 1   [ RunTime:0.0002s ]
SQL: SELECT * FROM `user` WHERE `id` = 1 LIMIT 1   [ RunTime:0.0002s ]
SQL: SELECT `name` FROM `tag` WHERE `id` = 68 LIMIT 1   [ RunTime:0.0001s ]
SQL: SELECT `name` FROM `tag` WHERE `id` = 66 LIMIT 1   [ RunTime:0.0001s ]

[ 2017-07-13T14:06:15+08:00 ] 192.168.31.207 /~mile/qicheng/index.php/Api/Tale/getHotTaleView?timeBefore=1499921164402&limit=10
INFO: [ app_init ] --START--
INFO: Run Behavior\BuildLiteBehavior [ RunTime:0.000008s ]
INFO: [ app_init ] --END-- [ RunTime:0.000181s ]
INFO: [ app_begin ] --START--
INFO: Run Behavior\ReadHtmlCacheBehavior [ RunTime:0.000218s ]
INFO: [ app_begin ] --END-- [ RunTime:0.000243s ]
SQL: SHOW COLUMNS FROM `tale` [ RunTime:0.0004s ]
SQL: SHOW COLUMNS FROM `para` [ RunTime:0.0004s ]
SQL: SHOW COLUMNS FROM `user` [ RunTime:0.0003s ]
SQL: SHOW COLUMNS FROM `tag` [ RunTime:0.0003s ]
SQL: SELECT * FROM `tale` WHERE `time` < '1499921164' ORDER BY id desc LIMIT 10   [ RunTime:0.0002s ]
SQL: SELECT * FROM `para` WHERE `taleId` = 134 ORDER BY id LIMIT 1   [ RunTime:0.0002s ]
SQL: SELECT * FROM `user` WHERE `id` = 1 LIMIT 1   [ RunTime:0.0002s ]
SQL: SELECT `name` FROM `tag` WHERE `id` = 68 LIMIT 1   [ RunTime:0.0001s ]
SQL: SELECT `name` FROM `tag` WHERE `id` = 66 LIMIT 1   [ RunTime:0.0002s ]
SQL: SELECT * FROM `para` WHERE `taleId` = 133 ORDER BY id LIMIT 1   [ RunTime:0.0002s ]
SQL: SELECT * FROM `user` WHERE `id` = 1 LIMIT 1   [ RunTime:0.0003s ]
SQL: SELECT `name` FROM `tag` WHERE `id` = 68 LIMIT 1   [ RunTime:0.0001s ]
SQL: SELECT `name` FROM `tag` WHERE `id` = 66 LIMIT 1   [ RunTime:0.0001s ]
SQL: SELECT * FROM `para` WHERE `taleId` = 132 ORDER BY id LIMIT 1   [ RunTime:0.0002s ]
SQL: SELECT * FROM `user` WHERE `id` = 1 LIMIT 1   [ RunTime:0.0002s ]
SQL: SELECT `name` FROM `tag` WHERE `id` = 68 LIMIT 1   [ RunTime:0.0001s ]
SQL: SELECT `name` FROM `tag` WHERE `id` = 66 LIMIT 1   [ RunTime:0.0001s ]
SQL: SELECT * FROM `para` WHERE `taleId` = 131 ORDER BY id LIMIT 1   [ RunTime:0.0002s ]
SQL: SELECT * FROM `user` WHERE `id` = 1 LIMIT 1   [ RunTime:0.0002s ]
SQL: SELECT `name` FROM `tag` WHERE `id` = 68 LIMIT 1   [ RunTime:0.0001s ]
SQL: SELECT `name` FROM `tag` WHERE `id` = 66 LIMIT 1   [ RunTime:0.0001s ]
SQL: SELECT * FROM `para` WHERE `taleId` = 130 ORDER BY id LIMIT 1   [ RunTime:0.0002s ]
SQL: SELECT * FROM `user` WHERE `id` = 1 LIMIT 1   [ RunTime:0.0002s ]
SQL: SELECT `name` FROM `tag` WHERE `id` = 68 LIMIT 1   [ RunTime:0.0001s ]
SQL: SELECT `name` FROM `tag` WHERE `id` = 66 LIMIT 1   [ RunTime:0.0001s ]
SQL: SELECT * FROM `para` WHERE `taleId` = 129 ORDER BY id LIMIT 1   [ RunTime:0.0002s ]
SQL: SELECT * FROM `user` WHERE `id` = 1 LIMIT 1   [ RunTime:0.0001s ]
SQL: SELECT `name` FROM `tag` WHERE `id` = 68 LIMIT 1   [ RunTime:0.0001s ]
SQL: SELECT `name` FROM `tag` WHERE `id` = 66 LIMIT 1   [ RunTime:0.0001s ]
SQL: SELECT * FROM `para` WHERE `taleId` = 128 ORDER BY id LIMIT 1   [ RunTime:0.0002s ]
SQL: SELECT * FROM `user` WHERE `id` = 1 LIMIT 1   [ RunTime:0.0002s ]
SQL: SELECT `name` FROM `tag` WHERE `id` = 68 LIMIT 1   [ RunTime:0.0001s ]
SQL: SELECT `name` FROM `tag` WHERE `id` = 66 LIMIT 1   [ RunTime:0.0001s ]
SQL: SELECT * FROM `para` WHERE `taleId` = 127 ORDER BY id LIMIT 1   [ RunTime:0.0002s ]
SQL: SELECT * FROM `user` WHERE `id` = 1 LIMIT 1   [ RunTime:0.0002s ]
SQL: SELECT `name` FROM `tag` WHERE `id` = 68 LIMIT 1   [ RunTime:0.0001s ]
SQL: SELECT `name` FROM `tag` WHERE `id` = 66 LIMIT 1   [ RunTime:0.0001s ]
SQL: SELECT * FROM `para` WHERE `taleId` = 126 ORDER BY id LIMIT 1   [ RunTime:0.0002s ]
SQL: SELECT * FROM `user` WHERE `id` = 1 LIMIT 1   [ RunTime:0.0002s ]
SQL: SELECT `name` FROM `tag` WHERE `id` = 68 LIMIT 1   [ RunTime:0.0001s ]
SQL: SELECT `name` FROM `tag` WHERE `id` = 66 LIMIT 1   [ RunTime:0.0001s ]
SQL: SELECT * FROM `para` WHERE `taleId` = 125 ORDER BY id LIMIT 1   [ RunTime:0.0002s ]
SQL: SELECT * FROM `user` WHERE `id` = 1 LIMIT 1   [ RunTime:0.0002s ]
SQL: SELECT `name` FROM `tag` WHERE `id` = 68 LIMIT 1   [ RunTime:0.0001s ]
SQL: SELECT `name` FROM `tag` WHERE `id` = 66 LIMIT 1   [ RunTime:0.0002s ]

[ 2017-07-13T14:08:40+08:00 ] 192.168.31.207 /~mile/qicheng/index.php/Api/Tale/getHotTaleView?timeBefore=1499921309411&limit=10
INFO: [ app_init ] --START--
INFO: Run Behavior\BuildLiteBehavior [ RunTime:0.000013s ]
INFO: [ app_init ] --END-- [ RunTime:0.000358s ]
INFO: [ app_begin ] --START--
INFO: Run Behavior\ReadHtmlCacheBehavior [ RunTime:0.000451s ]
INFO: [ app_begin ] --END-- [ RunTime:0.000506s ]
SQL: SHOW COLUMNS FROM `tale` [ RunTime:0.0004s ]
SQL: SHOW COLUMNS FROM `para` [ RunTime:0.0005s ]
SQL: SHOW COLUMNS FROM `user` [ RunTime:0.0005s ]
SQL: SHOW COLUMNS FROM `tag` [ RunTime:0.0004s ]
SQL: SELECT * FROM `tale` WHERE `time` < '1499921309' ORDER BY id desc LIMIT 10   [ RunTime:0.0003s ]
SQL: SELECT * FROM `para` WHERE `taleId` = 134 ORDER BY id LIMIT 1   [ RunTime:0.0002s ]
SQL: SELECT * FROM `user` WHERE `id` = 1 LIMIT 1   [ RunTime:0.0002s ]
SQL: SELECT `name` FROM `tag` WHERE `id` = 68 LIMIT 1   [ RunTime:0.0002s ]
SQL: SELECT `name` FROM `tag` WHERE `id` = 66 LIMIT 1   [ RunTime:0.0002s ]
SQL: SELECT * FROM `para` WHERE `taleId` = 133 ORDER BY id LIMIT 1   [ RunTime:0.0002s ]
SQL: SELECT * FROM `user` WHERE `id` = 1 LIMIT 1   [ RunTime:0.0002s ]
SQL: SELECT `name` FROM `tag` WHERE `id` = 68 LIMIT 1   [ RunTime:0.0002s ]
SQL: SELECT `name` FROM `tag` WHERE `id` = 66 LIMIT 1   [ RunTime:0.0002s ]
SQL: SELECT * FROM `para` WHERE `taleId` = 132 ORDER BY id LIMIT 1   [ RunTime:0.0002s ]
SQL: SELECT * FROM `user` WHERE `id` = 1 LIMIT 1   [ RunTime:0.0002s ]
SQL: SELECT `name` FROM `tag` WHERE `id` = 68 LIMIT 1   [ RunTime:0.0001s ]
SQL: SELECT `name` FROM `tag` WHERE `id` = 66 LIMIT 1   [ RunTime:0.0001s ]
SQL: SELECT * FROM `para` WHERE `taleId` = 131 ORDER BY id LIMIT 1   [ RunTime:0.0002s ]
SQL: SELECT * FROM `user` WHERE `id` = 1 LIMIT 1   [ RunTime:0.0003s ]
SQL: SELECT `name` FROM `tag` WHERE `id` = 68 LIMIT 1   [ RunTime:0.0002s ]
SQL: SELECT `name` FROM `tag` WHERE `id` = 66 LIMIT 1   [ RunTime:0.0001s ]
SQL: SELECT * FROM `para` WHERE `taleId` = 130 ORDER BY id LIMIT 1   [ RunTime:0.0002s ]
SQL: SELECT * FROM `user` WHERE `id` = 1 LIMIT 1   [ RunTime:0.0002s ]
SQL: SELECT `name` FROM `tag` WHERE `id` = 68 LIMIT 1   [ RunTime:0.0001s ]
SQL: SELECT `name` FROM `tag` WHERE `id` = 66 LIMIT 1   [ RunTime:0.0001s ]
SQL: SELECT * FROM `para` WHERE `taleId` = 129 ORDER BY id LIMIT 1   [ RunTime:0.0002s ]
SQL: SELECT * FROM `user` WHERE `id` = 1 LIMIT 1   [ RunTime:0.0002s ]
SQL: SELECT `name` FROM `tag` WHERE `id` = 68 LIMIT 1   [ RunTime:0.0001s ]
SQL: SELECT `name` FROM `tag` WHERE `id` = 66 LIMIT 1   [ RunTime:0.0001s ]
SQL: SELECT * FROM `para` WHERE `taleId` = 128 ORDER BY id LIMIT 1   [ RunTime:0.0002s ]
SQL: SELECT * FROM `user` WHERE `id` = 1 LIMIT 1   [ RunTime:0.0002s ]
SQL: SELECT `name` FROM `tag` WHERE `id` = 68 LIMIT 1   [ RunTime:0.0001s ]
SQL: SELECT `name` FROM `tag` WHERE `id` = 66 LIMIT 1   [ RunTime:0.0002s ]
SQL: SELECT * FROM `para` WHERE `taleId` = 127 ORDER BY id LIMIT 1   [ RunTime:0.0002s ]
SQL: SELECT * FROM `user` WHERE `id` = 1 LIMIT 1   [ RunTime:0.0002s ]
SQL: SELECT `name` FROM `tag` WHERE `id` = 68 LIMIT 1   [ RunTime:0.0001s ]
SQL: SELECT `name` FROM `tag` WHERE `id` = 66 LIMIT 1   [ RunTime:0.0001s ]
SQL: SELECT * FROM `para` WHERE `taleId` = 126 ORDER BY id LIMIT 1   [ RunTime:0.0002s ]
SQL: SELECT * FROM `user` WHERE `id` = 1 LIMIT 1   [ RunTime:0.0002s ]
SQL: SELECT `name` FROM `tag` WHERE `id` = 68 LIMIT 1   [ RunTime:0.0001s ]
SQL: SELECT `name` FROM `tag` WHERE `id` = 66 LIMIT 1   [ RunTime:0.0002s ]
SQL: SELECT * FROM `para` WHERE `taleId` = 125 ORDER BY id LIMIT 1   [ RunTime:0.0002s ]
SQL: SELECT * FROM `user` WHERE `id` = 1 LIMIT 1   [ RunTime:0.0002s ]
SQL: SELECT `name` FROM `tag` WHERE `id` = 68 LIMIT 1   [ RunTime:0.0001s ]
SQL: SELECT `name` FROM `tag` WHERE `id` = 66 LIMIT 1   [ RunTime:0.0001s ]

[ 2017-07-13T14:09:03+08:00 ] 192.168.31.207 /~mile/qicheng/index.php/Api/Tale/getHotTaleView?timeBefore=1499921332326&limit=10
INFO: [ app_init ] --START--
INFO: Run Behavior\BuildLiteBehavior [ RunTime:0.000007s ]
INFO: [ app_init ] --END-- [ RunTime:0.000166s ]
INFO: [ app_begin ] --START--
INFO: Run Behavior\ReadHtmlCacheBehavior [ RunTime:0.000348s ]
INFO: [ app_begin ] --END-- [ RunTime:0.000408s ]
SQL: SHOW COLUMNS FROM `tale` [ RunTime:0.0004s ]
SQL: SHOW COLUMNS FROM `para` [ RunTime:0.0003s ]
SQL: SHOW COLUMNS FROM `user` [ RunTime:0.0003s ]
SQL: SHOW COLUMNS FROM `tag` [ RunTime:0.0003s ]
SQL: SELECT * FROM `tale` WHERE `time` < '1499921332' ORDER BY id desc LIMIT 10   [ RunTime:0.0002s ]
SQL: SELECT * FROM `para` WHERE `taleId` = 134 ORDER BY id LIMIT 1   [ RunTime:0.0002s ]
SQL: SELECT * FROM `user` WHERE `id` = 1 LIMIT 1   [ RunTime:0.0002s ]
SQL: SELECT `name` FROM `tag` WHERE `id` = 68 LIMIT 1   [ RunTime:0.0002s ]
SQL: SELECT `name` FROM `tag` WHERE `id` = 66 LIMIT 1   [ RunTime:0.0001s ]
SQL: SELECT * FROM `para` WHERE `taleId` = 133 ORDER BY id LIMIT 1   [ RunTime:0.0002s ]
SQL: SELECT * FROM `user` WHERE `id` = 1 LIMIT 1   [ RunTime:0.0002s ]
SQL: SELECT `name` FROM `tag` WHERE `id` = 68 LIMIT 1   [ RunTime:0.0001s ]
SQL: SELECT `name` FROM `tag` WHERE `id` = 66 LIMIT 1   [ RunTime:0.0002s ]
SQL: SELECT * FROM `para` WHERE `taleId` = 132 ORDER BY id LIMIT 1   [ RunTime:0.0002s ]
SQL: SELECT * FROM `user` WHERE `id` = 1 LIMIT 1   [ RunTime:0.0002s ]
SQL: SELECT `name` FROM `tag` WHERE `id` = 68 LIMIT 1   [ RunTime:0.0002s ]
SQL: SELECT `name` FROM `tag` WHERE `id` = 66 LIMIT 1   [ RunTime:0.0002s ]
SQL: SELECT * FROM `para` WHERE `taleId` = 131 ORDER BY id LIMIT 1   [ RunTime:0.0002s ]
SQL: SELECT * FROM `user` WHERE `id` = 1 LIMIT 1   [ RunTime:0.0002s ]
SQL: SELECT `name` FROM `tag` WHERE `id` = 68 LIMIT 1   [ RunTime:0.0001s ]
SQL: SELECT `name` FROM `tag` WHERE `id` = 66 LIMIT 1   [ RunTime:0.0002s ]
SQL: SELECT * FROM `para` WHERE `taleId` = 130 ORDER BY id LIMIT 1   [ RunTime:0.0002s ]
SQL: SELECT * FROM `user` WHERE `id` = 1 LIMIT 1   [ RunTime:0.0002s ]
SQL: SELECT `name` FROM `tag` WHERE `id` = 68 LIMIT 1   [ RunTime:0.0002s ]
SQL: SELECT `name` FROM `tag` WHERE `id` = 66 LIMIT 1   [ RunTime:0.0002s ]
SQL: SELECT * FROM `para` WHERE `taleId` = 129 ORDER BY id LIMIT 1   [ RunTime:0.0002s ]
SQL: SELECT * FROM `user` WHERE `id` = 1 LIMIT 1   [ RunTime:0.0002s ]
SQL: SELECT `name` FROM `tag` WHERE `id` = 68 LIMIT 1   [ RunTime:0.0002s ]
SQL: SELECT `name` FROM `tag` WHERE `id` = 66 LIMIT 1   [ RunTime:0.0002s ]
SQL: SELECT * FROM `para` WHERE `taleId` = 128 ORDER BY id LIMIT 1   [ RunTime:0.0003s ]
SQL: SELECT * FROM `user` WHERE `id` = 1 LIMIT 1   [ RunTime:0.0002s ]
SQL: SELECT `name` FROM `tag` WHERE `id` = 68 LIMIT 1   [ RunTime:0.0001s ]
SQL: SELECT `name` FROM `tag` WHERE `id` = 66 LIMIT 1   [ RunTime:0.0001s ]
SQL: SELECT * FROM `para` WHERE `taleId` = 127 ORDER BY id LIMIT 1   [ RunTime:0.0001s ]
SQL: SELECT * FROM `user` WHERE `id` = 1 LIMIT 1   [ RunTime:0.0001s ]
SQL: SELECT `name` FROM `tag` WHERE `id` = 68 LIMIT 1   [ RunTime:0.0001s ]
SQL: SELECT `name` FROM `tag` WHERE `id` = 66 LIMIT 1   [ RunTime:0.0001s ]
SQL: SELECT * FROM `para` WHERE `taleId` = 126 ORDER BY id LIMIT 1   [ RunTime:0.0002s ]
SQL: SELECT * FROM `user` WHERE `id` = 1 LIMIT 1   [ RunTime:0.0001s ]
SQL: SELECT `name` FROM `tag` WHERE `id` = 68 LIMIT 1   [ RunTime:0.0001s ]
SQL: SELECT `name` FROM `tag` WHERE `id` = 66 LIMIT 1   [ RunTime:0.0001s ]
SQL: SELECT * FROM `para` WHERE `taleId` = 125 ORDER BY id LIMIT 1   [ RunTime:0.0001s ]
SQL: SELECT * FROM `user` WHERE `id` = 1 LIMIT 1   [ RunTime:0.0002s ]
SQL: SELECT `name` FROM `tag` WHERE `id` = 68 LIMIT 1   [ RunTime:0.0001s ]
SQL: SELECT `name` FROM `tag` WHERE `id` = 66 LIMIT 1   [ RunTime:0.0001s ]

[ 2017-07-13T14:09:24+08:00 ] 192.168.31.207 /~mile/qicheng/index.php/Api/Tale/getHotTaleView?timeBefore=1499921353704&limit=10
INFO: [ app_init ] --START--
INFO: Run Behavior\BuildLiteBehavior [ RunTime:0.000011s ]
INFO: [ app_init ] --END-- [ RunTime:0.000257s ]
INFO: [ app_begin ] --START--
INFO: Run Behavior\ReadHtmlCacheBehavior [ RunTime:0.000341s ]
INFO: [ app_begin ] --END-- [ RunTime:0.000384s ]
SQL: SHOW COLUMNS FROM `tale` [ RunTime:0.0005s ]
SQL: SHOW COLUMNS FROM `para` [ RunTime:0.0004s ]
SQL: SHOW COLUMNS FROM `user` [ RunTime:0.0004s ]
SQL: SHOW COLUMNS FROM `tag` [ RunTime:0.0004s ]
SQL: SELECT * FROM `tale` WHERE `time` < '1499921353' ORDER BY id desc LIMIT 10   [ RunTime:0.0003s ]
SQL: SELECT * FROM `para` WHERE `taleId` = 134 ORDER BY id LIMIT 1   [ RunTime:0.0002s ]
SQL: SELECT * FROM `user` WHERE `id` = 1 LIMIT 1   [ RunTime:0.0002s ]
SQL: SELECT `name` FROM `tag` WHERE `id` = 68 LIMIT 1   [ RunTime:0.0002s ]
SQL: SELECT `name` FROM `tag` WHERE `id` = 66 LIMIT 1   [ RunTime:0.0001s ]
SQL: SELECT * FROM `para` WHERE `taleId` = 133 ORDER BY id LIMIT 1   [ RunTime:0.0002s ]
SQL: SELECT * FROM `user` WHERE `id` = 1 LIMIT 1   [ RunTime:0.0002s ]
SQL: SELECT `name` FROM `tag` WHERE `id` = 68 LIMIT 1   [ RunTime:0.0002s ]
SQL: SELECT `name` FROM `tag` WHERE `id` = 66 LIMIT 1   [ RunTime:0.0001s ]
SQL: SELECT * FROM `para` WHERE `taleId` = 132 ORDER BY id LIMIT 1   [ RunTime:0.0002s ]
SQL: SELECT * FROM `user` WHERE `id` = 1 LIMIT 1   [ RunTime:0.0002s ]
SQL: SELECT `name` FROM `tag` WHERE `id` = 68 LIMIT 1   [ RunTime:0.0002s ]
SQL: SELECT `name` FROM `tag` WHERE `id` = 66 LIMIT 1   [ RunTime:0.0001s ]
SQL: SELECT * FROM `para` WHERE `taleId` = 131 ORDER BY id LIMIT 1   [ RunTime:0.0002s ]
SQL: SELECT * FROM `user` WHERE `id` = 1 LIMIT 1   [ RunTime:0.0002s ]
SQL: SELECT `name` FROM `tag` WHERE `id` = 68 LIMIT 1   [ RunTime:0.0001s ]
SQL: SELECT `name` FROM `tag` WHERE `id` = 66 LIMIT 1   [ RunTime:0.0001s ]
SQL: SELECT * FROM `para` WHERE `taleId` = 130 ORDER BY id LIMIT 1   [ RunTime:0.0002s ]
SQL: SELECT * FROM `user` WHERE `id` = 1 LIMIT 1   [ RunTime:0.0002s ]
SQL: SELECT `name` FROM `tag` WHERE `id` = 68 LIMIT 1   [ RunTime:0.0001s ]
SQL: SELECT `name` FROM `tag` WHERE `id` = 66 LIMIT 1   [ RunTime:0.0002s ]
SQL: SELECT * FROM `para` WHERE `taleId` = 129 ORDER BY id LIMIT 1   [ RunTime:0.0002s ]
SQL: SELECT * FROM `user` WHERE `id` = 1 LIMIT 1   [ RunTime:0.0002s ]
SQL: SELECT `name` FROM `tag` WHERE `id` = 68 LIMIT 1   [ RunTime:0.0001s ]
SQL: SELECT `name` FROM `tag` WHERE `id` = 66 LIMIT 1   [ RunTime:0.0002s ]
SQL: SELECT * FROM `para` WHERE `taleId` = 128 ORDER BY id LIMIT 1   [ RunTime:0.0002s ]
SQL: SELECT * FROM `user` WHERE `id` = 1 LIMIT 1   [ RunTime:0.0002s ]
SQL: SELECT `name` FROM `tag` WHERE `id` = 68 LIMIT 1   [ RunTime:0.0002s ]
SQL: SELECT `name` FROM `tag` WHERE `id` = 66 LIMIT 1   [ RunTime:0.0002s ]
SQL: SELECT * FROM `para` WHERE `taleId` = 127 ORDER BY id LIMIT 1   [ RunTime:0.0002s ]
SQL: SELECT * FROM `user` WHERE `id` = 1 LIMIT 1   [ RunTime:0.0002s ]
SQL: SELECT `name` FROM `tag` WHERE `id` = 68 LIMIT 1   [ RunTime:0.0002s ]
SQL: SELECT `name` FROM `tag` WHERE `id` = 66 LIMIT 1   [ RunTime:0.0002s ]
SQL: SELECT * FROM `para` WHERE `taleId` = 126 ORDER BY id LIMIT 1   [ RunTime:0.0003s ]
SQL: SELECT * FROM `user` WHERE `id` = 1 LIMIT 1   [ RunTime:0.0002s ]
SQL: SELECT `name` FROM `tag` WHERE `id` = 68 LIMIT 1   [ RunTime:0.0002s ]
SQL: SELECT `name` FROM `tag` WHERE `id` = 66 LIMIT 1   [ RunTime:0.0002s ]
SQL: SELECT * FROM `para` WHERE `taleId` = 125 ORDER BY id LIMIT 1   [ RunTime:0.0002s ]
SQL: SELECT * FROM `user` WHERE `id` = 1 LIMIT 1   [ RunTime:0.0002s ]
SQL: SELECT `name` FROM `tag` WHERE `id` = 68 LIMIT 1   [ RunTime:0.0002s ]
SQL: SELECT `name` FROM `tag` WHERE `id` = 66 LIMIT 1   [ RunTime:0.0002s ]

[ 2017-07-13T14:15:54+08:00 ] 192.168.31.207 /~mile/qicheng/index.php/Api/Tale/getHotTaleView?timeBefore=1499921743419&limit=10
INFO: [ app_init ] --START--
INFO: Run Behavior\BuildLiteBehavior [ RunTime:0.000008s ]
INFO: [ app_init ] --END-- [ RunTime:0.000193s ]
INFO: [ app_begin ] --START--
INFO: Run Behavior\ReadHtmlCacheBehavior [ RunTime:0.000442s ]
INFO: [ app_begin ] --END-- [ RunTime:0.000478s ]
SQL: SHOW COLUMNS FROM `tale` [ RunTime:0.0004s ]
SQL: SHOW COLUMNS FROM `para` [ RunTime:0.0003s ]
SQL: SHOW COLUMNS FROM `user` [ RunTime:0.0003s ]
SQL: SHOW COLUMNS FROM `tag` [ RunTime:0.0003s ]
SQL: SELECT * FROM `tale` WHERE `time` < '1499921743' ORDER BY id desc LIMIT 10   [ RunTime:0.0002s ]
SQL: SELECT * FROM `para` WHERE `taleId` = 134 ORDER BY id LIMIT 1   [ RunTime:0.0002s ]
SQL: SELECT * FROM `user` WHERE `id` = 1 LIMIT 1   [ RunTime:0.0002s ]
SQL: SELECT `name` FROM `tag` WHERE `id` = 68 LIMIT 1   [ RunTime:0.0002s ]
SQL: SELECT `name` FROM `tag` WHERE `id` = 66 LIMIT 1   [ RunTime:0.0002s ]
SQL: SELECT * FROM `para` WHERE `taleId` = 133 ORDER BY id LIMIT 1   [ RunTime:0.0002s ]
SQL: SELECT * FROM `user` WHERE `id` = 1 LIMIT 1   [ RunTime:0.0002s ]
SQL: SELECT `name` FROM `tag` WHERE `id` = 68 LIMIT 1   [ RunTime:0.0002s ]
SQL: SELECT `name` FROM `tag` WHERE `id` = 66 LIMIT 1   [ RunTime:0.0002s ]
SQL: SELECT * FROM `para` WHERE `taleId` = 132 ORDER BY id LIMIT 1   [ RunTime:0.0002s ]
SQL: SELECT * FROM `user` WHERE `id` = 1 LIMIT 1   [ RunTime:0.0003s ]
SQL: SELECT `name` FROM `tag` WHERE `id` = 68 LIMIT 1   [ RunTime:0.0002s ]
SQL: SELECT `name` FROM `tag` WHERE `id` = 66 LIMIT 1   [ RunTime:0.0002s ]
SQL: SELECT * FROM `para` WHERE `taleId` = 131 ORDER BY id LIMIT 1   [ RunTime:0.0002s ]
SQL: SELECT * FROM `user` WHERE `id` = 1 LIMIT 1   [ RunTime:0.0002s ]
SQL: SELECT `name` FROM `tag` WHERE `id` = 68 LIMIT 1   [ RunTime:0.0002s ]
SQL: SELECT `name` FROM `tag` WHERE `id` = 66 LIMIT 1   [ RunTime:0.0002s ]
SQL: SELECT * FROM `para` WHERE `taleId` = 130 ORDER BY id LIMIT 1   [ RunTime:0.0002s ]
SQL: SELECT * FROM `user` WHERE `id` = 1 LIMIT 1   [ RunTime:0.0002s ]
SQL: SELECT `name` FROM `tag` WHERE `id` = 68 LIMIT 1   [ RunTime:0.0002s ]
SQL: SELECT `name` FROM `tag` WHERE `id` = 66 LIMIT 1   [ RunTime:0.0002s ]
SQL: SELECT * FROM `para` WHERE `taleId` = 129 ORDER BY id LIMIT 1   [ RunTime:0.0002s ]
SQL: SELECT * FROM `user` WHERE `id` = 1 LIMIT 1   [ RunTime:0.0002s ]
SQL: SELECT `name` FROM `tag` WHERE `id` = 68 LIMIT 1   [ RunTime:0.0001s ]
SQL: SELECT `name` FROM `tag` WHERE `id` = 66 LIMIT 1   [ RunTime:0.0002s ]
SQL: SELECT * FROM `para` WHERE `taleId` = 128 ORDER BY id LIMIT 1   [ RunTime:0.0002s ]
SQL: SELECT * FROM `user` WHERE `id` = 1 LIMIT 1   [ RunTime:0.0002s ]
SQL: SELECT `name` FROM `tag` WHERE `id` = 68 LIMIT 1   [ RunTime:0.0001s ]
SQL: SELECT `name` FROM `tag` WHERE `id` = 66 LIMIT 1   [ RunTime:0.0001s ]
SQL: SELECT * FROM `para` WHERE `taleId` = 127 ORDER BY id LIMIT 1   [ RunTime:0.0002s ]
SQL: SELECT * FROM `user` WHERE `id` = 1 LIMIT 1   [ RunTime:0.0002s ]
SQL: SELECT `name` FROM `tag` WHERE `id` = 68 LIMIT 1   [ RunTime:0.0001s ]
SQL: SELECT `name` FROM `tag` WHERE `id` = 66 LIMIT 1   [ RunTime:0.0002s ]
SQL: SELECT * FROM `para` WHERE `taleId` = 126 ORDER BY id LIMIT 1   [ RunTime:0.0002s ]
SQL: SELECT * FROM `user` WHERE `id` = 1 LIMIT 1   [ RunTime:0.0003s ]
SQL: SELECT `name` FROM `tag` WHERE `id` = 68 LIMIT 1   [ RunTime:0.0002s ]
SQL: SELECT `name` FROM `tag` WHERE `id` = 66 LIMIT 1   [ RunTime:0.0002s ]
SQL: SELECT * FROM `para` WHERE `taleId` = 125 ORDER BY id LIMIT 1   [ RunTime:0.0002s ]
SQL: SELECT * FROM `user` WHERE `id` = 1 LIMIT 1   [ RunTime:0.0002s ]
SQL: SELECT `name` FROM `tag` WHERE `id` = 68 LIMIT 1   [ RunTime:0.0002s ]
SQL: SELECT `name` FROM `tag` WHERE `id` = 66 LIMIT 1   [ RunTime:0.0002s ]

[ 2017-07-13T14:18:45+08:00 ] 192.168.31.207 /~mile/qicheng/index.php/Api/Tale/getHotTaleView?timeBefore=1499921914639&limit=10
INFO: [ app_init ] --START--
INFO: Run Behavior\BuildLiteBehavior [ RunTime:0.000009s ]
INFO: [ app_init ] --END-- [ RunTime:0.000217s ]
INFO: [ app_begin ] --START--
INFO: Run Behavior\ReadHtmlCacheBehavior [ RunTime:0.000271s ]
INFO: [ app_begin ] --END-- [ RunTime:0.000302s ]
SQL: SHOW COLUMNS FROM `tale` [ RunTime:0.0004s ]
SQL: SHOW COLUMNS FROM `para` [ RunTime:0.0004s ]
SQL: SHOW COLUMNS FROM `user` [ RunTime:0.0003s ]
SQL: SHOW COLUMNS FROM `tag` [ RunTime:0.0003s ]
SQL: SELECT * FROM `tale` WHERE `time` < '1499921914' ORDER BY id desc LIMIT 10   [ RunTime:0.0003s ]
SQL: SELECT * FROM `para` WHERE `taleId` = 134 ORDER BY id LIMIT 1   [ RunTime:0.0002s ]
SQL: SELECT * FROM `user` WHERE `id` = 1 LIMIT 1   [ RunTime:0.0002s ]
SQL: SELECT `name` FROM `tag` WHERE `id` = 68 LIMIT 1   [ RunTime:0.0002s ]
SQL: SELECT `name` FROM `tag` WHERE `id` = 66 LIMIT 1   [ RunTime:0.0001s ]
SQL: SELECT * FROM `para` WHERE `taleId` = 133 ORDER BY id LIMIT 1   [ RunTime:0.0002s ]
SQL: SELECT * FROM `user` WHERE `id` = 1 LIMIT 1   [ RunTime:0.0002s ]
SQL: SELECT `name` FROM `tag` WHERE `id` = 68 LIMIT 1   [ RunTime:0.0002s ]
SQL: SELECT `name` FROM `tag` WHERE `id` = 66 LIMIT 1   [ RunTime:0.0002s ]
SQL: SELECT * FROM `para` WHERE `taleId` = 132 ORDER BY id LIMIT 1   [ RunTime:0.0002s ]
SQL: SELECT * FROM `user` WHERE `id` = 1 LIMIT 1   [ RunTime:0.0001s ]
SQL: SELECT `name` FROM `tag` WHERE `id` = 68 LIMIT 1   [ RunTime:0.0001s ]
SQL: SELECT `name` FROM `tag` WHERE `id` = 66 LIMIT 1   [ RunTime:0.0002s ]
SQL: SELECT * FROM `para` WHERE `taleId` = 131 ORDER BY id LIMIT 1   [ RunTime:0.0002s ]
SQL: SELECT * FROM `user` WHERE `id` = 1 LIMIT 1   [ RunTime:0.0002s ]
SQL: SELECT `name` FROM `tag` WHERE `id` = 68 LIMIT 1   [ RunTime:0.0001s ]
SQL: SELECT `name` FROM `tag` WHERE `id` = 66 LIMIT 1   [ RunTime:0.0001s ]
SQL: SELECT * FROM `para` WHERE `taleId` = 130 ORDER BY id LIMIT 1   [ RunTime:0.0002s ]
SQL: SELECT * FROM `user` WHERE `id` = 1 LIMIT 1   [ RunTime:0.0002s ]
SQL: SELECT `name` FROM `tag` WHERE `id` = 68 LIMIT 1   [ RunTime:0.0001s ]
SQL: SELECT `name` FROM `tag` WHERE `id` = 66 LIMIT 1   [ RunTime:0.0001s ]
SQL: SELECT * FROM `para` WHERE `taleId` = 129 ORDER BY id LIMIT 1   [ RunTime:0.0002s ]
SQL: SELECT * FROM `user` WHERE `id` = 1 LIMIT 1   [ RunTime:0.0002s ]
SQL: SELECT `name` FROM `tag` WHERE `id` = 68 LIMIT 1   [ RunTime:0.0001s ]
SQL: SELECT `name` FROM `tag` WHERE `id` = 66 LIMIT 1   [ RunTime:0.0001s ]
SQL: SELECT * FROM `para` WHERE `taleId` = 128 ORDER BY id LIMIT 1   [ RunTime:0.0002s ]
SQL: SELECT * FROM `user` WHERE `id` = 1 LIMIT 1   [ RunTime:0.0002s ]
SQL: SELECT `name` FROM `tag` WHERE `id` = 68 LIMIT 1   [ RunTime:0.0001s ]
SQL: SELECT `name` FROM `tag` WHERE `id` = 66 LIMIT 1   [ RunTime:0.0001s ]
SQL: SELECT * FROM `para` WHERE `taleId` = 127 ORDER BY id LIMIT 1   [ RunTime:0.0002s ]
SQL: SELECT * FROM `user` WHERE `id` = 1 LIMIT 1   [ RunTime:0.0001s ]
SQL: SELECT `name` FROM `tag` WHERE `id` = 68 LIMIT 1   [ RunTime:0.0001s ]
SQL: SELECT `name` FROM `tag` WHERE `id` = 66 LIMIT 1   [ RunTime:0.0001s ]
SQL: SELECT * FROM `para` WHERE `taleId` = 126 ORDER BY id LIMIT 1   [ RunTime:0.0002s ]
SQL: SELECT * FROM `user` WHERE `id` = 1 LIMIT 1   [ RunTime:0.0001s ]
SQL: SELECT `name` FROM `tag` WHERE `id` = 68 LIMIT 1   [ RunTime:0.0001s ]
SQL: SELECT `name` FROM `tag` WHERE `id` = 66 LIMIT 1   [ RunTime:0.0001s ]
SQL: SELECT * FROM `para` WHERE `taleId` = 125 ORDER BY id LIMIT 1   [ RunTime:0.0002s ]
SQL: SELECT * FROM `user` WHERE `id` = 1 LIMIT 1   [ RunTime:0.0001s ]
SQL: SELECT `name` FROM `tag` WHERE `id` = 68 LIMIT 1   [ RunTime:0.0001s ]
SQL: SELECT `name` FROM `tag` WHERE `id` = 66 LIMIT 1   [ RunTime:0.0001s ]

[ 2017-07-13T14:20:48+08:00 ] 192.168.31.207 /~mile/qicheng/index.php/Api/Tale/getHotTaleView?timeBefore=1499922037445&limit=10
INFO: [ app_init ] --START--
INFO: Run Behavior\BuildLiteBehavior [ RunTime:0.000012s ]
INFO: [ app_init ] --END-- [ RunTime:0.000201s ]
INFO: [ app_begin ] --START--
INFO: Run Behavior\ReadHtmlCacheBehavior [ RunTime:0.000231s ]
INFO: [ app_begin ] --END-- [ RunTime:0.000259s ]
SQL: SHOW COLUMNS FROM `tale` [ RunTime:0.0004s ]
SQL: SHOW COLUMNS FROM `para` [ RunTime:0.0005s ]
SQL: SHOW COLUMNS FROM `user` [ RunTime:0.0005s ]
SQL: SHOW COLUMNS FROM `tag` [ RunTime:0.0004s ]
SQL: SELECT * FROM `tale` WHERE `time` < '1499922037' ORDER BY id desc LIMIT 10   [ RunTime:0.0002s ]
SQL: SELECT * FROM `para` WHERE `taleId` = 134 ORDER BY id LIMIT 1   [ RunTime:0.0003s ]
SQL: SELECT * FROM `user` WHERE `id` = 1 LIMIT 1   [ RunTime:0.0002s ]
SQL: SELECT `name` FROM `tag` WHERE `id` = 68 LIMIT 1   [ RunTime:0.0002s ]
SQL: SELECT `name` FROM `tag` WHERE `id` = 66 LIMIT 1   [ RunTime:0.0002s ]
SQL: SELECT * FROM `para` WHERE `taleId` = 133 ORDER BY id LIMIT 1   [ RunTime:0.0002s ]
SQL: SELECT * FROM `user` WHERE `id` = 1 LIMIT 1   [ RunTime:0.0002s ]
SQL: SELECT `name` FROM `tag` WHERE `id` = 68 LIMIT 1   [ RunTime:0.0002s ]
SQL: SELECT `name` FROM `tag` WHERE `id` = 66 LIMIT 1   [ RunTime:0.0002s ]
SQL: SELECT * FROM `para` WHERE `taleId` = 132 ORDER BY id LIMIT 1   [ RunTime:0.0002s ]
SQL: SELECT * FROM `user` WHERE `id` = 1 LIMIT 1   [ RunTime:0.0002s ]
SQL: SELECT `name` FROM `tag` WHERE `id` = 68 LIMIT 1   [ RunTime:0.0002s ]
SQL: SELECT `name` FROM `tag` WHERE `id` = 66 LIMIT 1   [ RunTime:0.0001s ]
SQL: SELECT * FROM `para` WHERE `taleId` = 131 ORDER BY id LIMIT 1   [ RunTime:0.0002s ]
SQL: SELECT * FROM `user` WHERE `id` = 1 LIMIT 1   [ RunTime:0.0004s ]
SQL: SELECT `name` FROM `tag` WHERE `id` = 68 LIMIT 1   [ RunTime:0.0002s ]
SQL: SELECT `name` FROM `tag` WHERE `id` = 66 LIMIT 1   [ RunTime:0.0002s ]
SQL: SELECT * FROM `para` WHERE `taleId` = 130 ORDER BY id LIMIT 1   [ RunTime:0.0002s ]
SQL: SELECT * FROM `user` WHERE `id` = 1 LIMIT 1   [ RunTime:0.0003s ]
SQL: SELECT `name` FROM `tag` WHERE `id` = 68 LIMIT 1   [ RunTime:0.0002s ]
SQL: SELECT `name` FROM `tag` WHERE `id` = 66 LIMIT 1   [ RunTime:0.0002s ]
SQL: SELECT * FROM `para` WHERE `taleId` = 129 ORDER BY id LIMIT 1   [ RunTime:0.0002s ]
SQL: SELECT * FROM `user` WHERE `id` = 1 LIMIT 1   [ RunTime:0.0002s ]
SQL: SELECT `name` FROM `tag` WHERE `id` = 68 LIMIT 1   [ RunTime:0.0002s ]
SQL: SELECT `name` FROM `tag` WHERE `id` = 66 LIMIT 1   [ RunTime:0.0007s ]
SQL: SELECT * FROM `para` WHERE `taleId` = 128 ORDER BY id LIMIT 1   [ RunTime:0.0003s ]
SQL: SELECT * FROM `user` WHERE `id` = 1 LIMIT 1   [ RunTime:0.0002s ]
SQL: SELECT `name` FROM `tag` WHERE `id` = 68 LIMIT 1   [ RunTime:0.0002s ]
SQL: SELECT `name` FROM `tag` WHERE `id` = 66 LIMIT 1   [ RunTime:0.0002s ]
SQL: SELECT * FROM `para` WHERE `taleId` = 127 ORDER BY id LIMIT 1   [ RunTime:0.0047s ]
SQL: SELECT * FROM `user` WHERE `id` = 1 LIMIT 1   [ RunTime:0.0007s ]
SQL: SELECT `name` FROM `tag` WHERE `id` = 68 LIMIT 1   [ RunTime:0.0003s ]
SQL: SELECT `name` FROM `tag` WHERE `id` = 66 LIMIT 1   [ RunTime:0.0002s ]
SQL: SELECT * FROM `para` WHERE `taleId` = 126 ORDER BY id LIMIT 1   [ RunTime:0.0006s ]
SQL: SELECT * FROM `user` WHERE `id` = 1 LIMIT 1   [ RunTime:0.0003s ]
SQL: SELECT `name` FROM `tag` WHERE `id` = 68 LIMIT 1   [ RunTime:0.0002s ]
SQL: SELECT `name` FROM `tag` WHERE `id` = 66 LIMIT 1   [ RunTime:0.0002s ]
SQL: SELECT * FROM `para` WHERE `taleId` = 125 ORDER BY id LIMIT 1   [ RunTime:0.0002s ]
SQL: SELECT * FROM `user` WHERE `id` = 1 LIMIT 1   [ RunTime:0.0003s ]
SQL: SELECT `name` FROM `tag` WHERE `id` = 68 LIMIT 1   [ RunTime:0.0002s ]
SQL: SELECT `name` FROM `tag` WHERE `id` = 66 LIMIT 1   [ RunTime:0.0002s ]

[ 2017-07-13T14:21:15+08:00 ] 192.168.31.207 /~mile/qicheng/index.php/Api/Tale/getHotTaleView?timeBefore=1499922065024&limit=10
INFO: [ app_init ] --START--
INFO: Run Behavior\BuildLiteBehavior [ RunTime:0.000012s ]
INFO: [ app_init ] --END-- [ RunTime:0.000295s ]
INFO: [ app_begin ] --START--
INFO: Run Behavior\ReadHtmlCacheBehavior [ RunTime:0.000368s ]
INFO: [ app_begin ] --END-- [ RunTime:0.000412s ]
SQL: SHOW COLUMNS FROM `tale` [ RunTime:0.0011s ]
SQL: SHOW COLUMNS FROM `para` [ RunTime:0.0006s ]
SQL: SHOW COLUMNS FROM `user` [ RunTime:0.0004s ]
SQL: SHOW COLUMNS FROM `tag` [ RunTime:0.0004s ]
SQL: SELECT * FROM `tale` WHERE `time` < '1499922065' ORDER BY id desc LIMIT 10   [ RunTime:0.0003s ]
SQL: SELECT * FROM `para` WHERE `taleId` = 134 ORDER BY id LIMIT 1   [ RunTime:0.0003s ]
SQL: SELECT * FROM `user` WHERE `id` = 1 LIMIT 1   [ RunTime:0.0004s ]
SQL: SELECT `name` FROM `tag` WHERE `id` = 68 LIMIT 1   [ RunTime:0.0002s ]
SQL: SELECT `name` FROM `tag` WHERE `id` = 66 LIMIT 1   [ RunTime:0.0001s ]
SQL: SELECT * FROM `para` WHERE `taleId` = 133 ORDER BY id LIMIT 1   [ RunTime:0.0002s ]
SQL: SELECT * FROM `user` WHERE `id` = 1 LIMIT 1   [ RunTime:0.0002s ]
SQL: SELECT `name` FROM `tag` WHERE `id` = 68 LIMIT 1   [ RunTime:0.0001s ]
SQL: SELECT `name` FROM `tag` WHERE `id` = 66 LIMIT 1   [ RunTime:0.0002s ]
SQL: SELECT * FROM `para` WHERE `taleId` = 132 ORDER BY id LIMIT 1   [ RunTime:0.0002s ]
SQL: SELECT * FROM `user` WHERE `id` = 1 LIMIT 1   [ RunTime:0.0002s ]
SQL: SELECT `name` FROM `tag` WHERE `id` = 68 LIMIT 1   [ RunTime:0.0002s ]
SQL: SELECT `name` FROM `tag` WHERE `id` = 66 LIMIT 1   [ RunTime:0.0001s ]
SQL: SELECT * FROM `para` WHERE `taleId` = 131 ORDER BY id LIMIT 1   [ RunTime:0.0002s ]
SQL: SELECT * FROM `user` WHERE `id` = 1 LIMIT 1   [ RunTime:0.0002s ]
SQL: SELECT `name` FROM `tag` WHERE `id` = 68 LIMIT 1   [ RunTime:0.0001s ]
SQL: SELECT `name` FROM `tag` WHERE `id` = 66 LIMIT 1   [ RunTime:0.0001s ]
SQL: SELECT * FROM `para` WHERE `taleId` = 130 ORDER BY id LIMIT 1   [ RunTime:0.0002s ]
SQL: SELECT * FROM `user` WHERE `id` = 1 LIMIT 1   [ RunTime:0.0002s ]
SQL: SELECT `name` FROM `tag` WHERE `id` = 68 LIMIT 1   [ RunTime:0.0002s ]
SQL: SELECT `name` FROM `tag` WHERE `id` = 66 LIMIT 1   [ RunTime:0.0002s ]
SQL: SELECT * FROM `para` WHERE `taleId` = 129 ORDER BY id LIMIT 1   [ RunTime:0.0002s ]
SQL: SELECT * FROM `user` WHERE `id` = 1 LIMIT 1   [ RunTime:0.0002s ]
SQL: SELECT `name` FROM `tag` WHERE `id` = 68 LIMIT 1   [ RunTime:0.0001s ]
SQL: SELECT `name` FROM `tag` WHERE `id` = 66 LIMIT 1   [ RunTime:0.0001s ]
SQL: SELECT * FROM `para` WHERE `taleId` = 128 ORDER BY id LIMIT 1   [ RunTime:0.0002s ]
SQL: SELECT * FROM `user` WHERE `id` = 1 LIMIT 1   [ RunTime:0.0002s ]
SQL: SELECT `name` FROM `tag` WHERE `id` = 68 LIMIT 1   [ RunTime:0.0001s ]
SQL: SELECT `name` FROM `tag` WHERE `id` = 66 LIMIT 1   [ RunTime:0.0001s ]
SQL: SELECT * FROM `para` WHERE `taleId` = 127 ORDER BY id LIMIT 1   [ RunTime:0.0002s ]
SQL: SELECT * FROM `user` WHERE `id` = 1 LIMIT 1   [ RunTime:0.0002s ]
SQL: SELECT `name` FROM `tag` WHERE `id` = 68 LIMIT 1   [ RunTime:0.0002s ]
SQL: SELECT `name` FROM `tag` WHERE `id` = 66 LIMIT 1   [ RunTime:0.0002s ]
SQL: SELECT * FROM `para` WHERE `taleId` = 126 ORDER BY id LIMIT 1   [ RunTime:0.0003s ]
SQL: SELECT * FROM `user` WHERE `id` = 1 LIMIT 1   [ RunTime:0.0002s ]
SQL: SELECT `name` FROM `tag` WHERE `id` = 68 LIMIT 1   [ RunTime:0.0002s ]
SQL: SELECT `name` FROM `tag` WHERE `id` = 66 LIMIT 1   [ RunTime:0.0002s ]
SQL: SELECT * FROM `para` WHERE `taleId` = 125 ORDER BY id LIMIT 1   [ RunTime:0.0002s ]
SQL: SELECT * FROM `user` WHERE `id` = 1 LIMIT 1   [ RunTime:0.0002s ]
SQL: SELECT `name` FROM `tag` WHERE `id` = 68 LIMIT 1   [ RunTime:0.0002s ]
SQL: SELECT `name` FROM `tag` WHERE `id` = 66 LIMIT 1   [ RunTime:0.0002s ]

[ 2017-07-13T14:22:38+08:00 ] 192.168.31.207 /~mile/qicheng/index.php/Api/Tale/getHotTaleView?timeBefore=1499922147145&limit=10
INFO: [ app_init ] --START--
INFO: Run Behavior\BuildLiteBehavior [ RunTime:0.000008s ]
INFO: [ app_init ] --END-- [ RunTime:0.000184s ]
INFO: [ app_begin ] --START--
INFO: Run Behavior\ReadHtmlCacheBehavior [ RunTime:0.000208s ]
INFO: [ app_begin ] --END-- [ RunTime:0.000231s ]
SQL: SHOW COLUMNS FROM `tale` [ RunTime:0.0004s ]
SQL: SHOW COLUMNS FROM `para` [ RunTime:0.0003s ]
SQL: SHOW COLUMNS FROM `user` [ RunTime:0.0003s ]
SQL: SHOW COLUMNS FROM `tag` [ RunTime:0.0003s ]
SQL: SELECT * FROM `tale` WHERE `time` < '1499922147' ORDER BY id desc LIMIT 10   [ RunTime:0.0002s ]
SQL: SELECT * FROM `para` WHERE `taleId` = 134 ORDER BY id LIMIT 1   [ RunTime:0.0002s ]
SQL: SELECT * FROM `user` WHERE `id` = 1 LIMIT 1   [ RunTime:0.0002s ]
SQL: SELECT `name` FROM `tag` WHERE `id` = 68 LIMIT 1   [ RunTime:0.0001s ]
SQL: SELECT `name` FROM `tag` WHERE `id` = 66 LIMIT 1   [ RunTime:0.0001s ]
SQL: SELECT * FROM `para` WHERE `taleId` = 133 ORDER BY id LIMIT 1   [ RunTime:0.0002s ]
SQL: SELECT * FROM `user` WHERE `id` = 1 LIMIT 1   [ RunTime:0.0002s ]
SQL: SELECT `name` FROM `tag` WHERE `id` = 68 LIMIT 1   [ RunTime:0.0002s ]
SQL: SELECT `name` FROM `tag` WHERE `id` = 66 LIMIT 1   [ RunTime:0.0002s ]
SQL: SELECT * FROM `para` WHERE `taleId` = 132 ORDER BY id LIMIT 1   [ RunTime:0.0002s ]
SQL: SELECT * FROM `user` WHERE `id` = 1 LIMIT 1   [ RunTime:0.0002s ]
SQL: SELECT `name` FROM `tag` WHERE `id` = 68 LIMIT 1   [ RunTime:0.0001s ]
SQL: SELECT `name` FROM `tag` WHERE `id` = 66 LIMIT 1   [ RunTime:0.0001s ]
SQL: SELECT * FROM `para` WHERE `taleId` = 131 ORDER BY id LIMIT 1   [ RunTime:0.0002s ]
SQL: SELECT * FROM `user` WHERE `id` = 1 LIMIT 1   [ RunTime:0.0002s ]
SQL: SELECT `name` FROM `tag` WHERE `id` = 68 LIMIT 1   [ RunTime:0.0002s ]
SQL: SELECT `name` FROM `tag` WHERE `id` = 66 LIMIT 1   [ RunTime:0.0001s ]
SQL: SELECT * FROM `para` WHERE `taleId` = 130 ORDER BY id LIMIT 1   [ RunTime:0.0002s ]
SQL: SELECT * FROM `user` WHERE `id` = 1 LIMIT 1   [ RunTime:0.0001s ]
SQL: SELECT `name` FROM `tag` WHERE `id` = 68 LIMIT 1   [ RunTime:0.0001s ]
SQL: SELECT `name` FROM `tag` WHERE `id` = 66 LIMIT 1   [ RunTime:0.0001s ]
SQL: SELECT * FROM `para` WHERE `taleId` = 129 ORDER BY id LIMIT 1   [ RunTime:0.0002s ]
SQL: SELECT * FROM `user` WHERE `id` = 1 LIMIT 1   [ RunTime:0.0002s ]
SQL: SELECT `name` FROM `tag` WHERE `id` = 68 LIMIT 1   [ RunTime:0.0002s ]
SQL: SELECT `name` FROM `tag` WHERE `id` = 66 LIMIT 1   [ RunTime:0.0001s ]
SQL: SELECT * FROM `para` WHERE `taleId` = 128 ORDER BY id LIMIT 1   [ RunTime:0.0002s ]
SQL: SELECT * FROM `user` WHERE `id` = 1 LIMIT 1   [ RunTime:0.0002s ]
SQL: SELECT `name` FROM `tag` WHERE `id` = 68 LIMIT 1   [ RunTime:0.0001s ]
SQL: SELECT `name` FROM `tag` WHERE `id` = 66 LIMIT 1   [ RunTime:0.0002s ]
SQL: SELECT * FROM `para` WHERE `taleId` = 127 ORDER BY id LIMIT 1   [ RunTime:0.0002s ]
SQL: SELECT * FROM `user` WHERE `id` = 1 LIMIT 1   [ RunTime:0.0001s ]
SQL: SELECT `name` FROM `tag` WHERE `id` = 68 LIMIT 1   [ RunTime:0.0001s ]
SQL: SELECT `name` FROM `tag` WHERE `id` = 66 LIMIT 1   [ RunTime:0.0002s ]
SQL: SELECT * FROM `para` WHERE `taleId` = 126 ORDER BY id LIMIT 1   [ RunTime:0.0002s ]
SQL: SELECT * FROM `user` WHERE `id` = 1 LIMIT 1   [ RunTime:0.0002s ]
SQL: SELECT `name` FROM `tag` WHERE `id` = 68 LIMIT 1   [ RunTime:0.0001s ]
SQL: SELECT `name` FROM `tag` WHERE `id` = 66 LIMIT 1   [ RunTime:0.0001s ]
SQL: SELECT * FROM `para` WHERE `taleId` = 125 ORDER BY id LIMIT 1   [ RunTime:0.0002s ]
SQL: SELECT * FROM `user` WHERE `id` = 1 LIMIT 1   [ RunTime:0.0002s ]
SQL: SELECT `name` FROM `tag` WHERE `id` = 68 LIMIT 1   [ RunTime:0.0002s ]
SQL: SELECT `name` FROM `tag` WHERE `id` = 66 LIMIT 1   [ RunTime:0.0002s ]

[ 2017-07-13T14:24:23+08:00 ] 192.168.31.207 /~mile/qicheng/index.php/Api/Tale/getHotTaleView?timeBefore=1499922253050&limit=10
INFO: [ app_init ] --START--
INFO: Run Behavior\BuildLiteBehavior [ RunTime:0.000013s ]
INFO: [ app_init ] --END-- [ RunTime:0.000270s ]
INFO: [ app_begin ] --START--
INFO: Run Behavior\ReadHtmlCacheBehavior [ RunTime:0.000337s ]
INFO: [ app_begin ] --END-- [ RunTime:0.000407s ]
SQL: SHOW COLUMNS FROM `tale` [ RunTime:0.0004s ]
SQL: SHOW COLUMNS FROM `para` [ RunTime:0.0004s ]
SQL: SHOW COLUMNS FROM `user` [ RunTime:0.0004s ]
SQL: SHOW COLUMNS FROM `tag` [ RunTime:0.0003s ]
SQL: SELECT * FROM `tale` WHERE `time` < '1499922253' ORDER BY id desc LIMIT 10   [ RunTime:0.0003s ]
SQL: SELECT * FROM `para` WHERE `taleId` = 134 ORDER BY id LIMIT 1   [ RunTime:0.0002s ]
SQL: SELECT * FROM `user` WHERE `id` = 1 LIMIT 1   [ RunTime:0.0002s ]
SQL: SELECT `name` FROM `tag` WHERE `id` = 68 LIMIT 1   [ RunTime:0.0002s ]
SQL: SELECT `name` FROM `tag` WHERE `id` = 66 LIMIT 1   [ RunTime:0.0001s ]
SQL: SELECT * FROM `para` WHERE `taleId` = 133 ORDER BY id LIMIT 1   [ RunTime:0.0001s ]
SQL: SELECT * FROM `user` WHERE `id` = 1 LIMIT 1   [ RunTime:0.0001s ]
SQL: SELECT `name` FROM `tag` WHERE `id` = 68 LIMIT 1   [ RunTime:0.0001s ]
SQL: SELECT `name` FROM `tag` WHERE `id` = 66 LIMIT 1   [ RunTime:0.0001s ]
SQL: SELECT * FROM `para` WHERE `taleId` = 132 ORDER BY id LIMIT 1   [ RunTime:0.0002s ]
SQL: SELECT * FROM `user` WHERE `id` = 1 LIMIT 1   [ RunTime:0.0002s ]
SQL: SELECT `name` FROM `tag` WHERE `id` = 68 LIMIT 1   [ RunTime:0.0001s ]
SQL: SELECT `name` FROM `tag` WHERE `id` = 66 LIMIT 1   [ RunTime:0.0001s ]
SQL: SELECT * FROM `para` WHERE `taleId` = 131 ORDER BY id LIMIT 1   [ RunTime:0.0002s ]
SQL: SELECT * FROM `user` WHERE `id` = 1 LIMIT 1   [ RunTime:0.0002s ]
SQL: SELECT `name` FROM `tag` WHERE `id` = 68 LIMIT 1   [ RunTime:0.0001s ]
SQL: SELECT `name` FROM `tag` WHERE `id` = 66 LIMIT 1   [ RunTime:0.0001s ]
SQL: SELECT * FROM `para` WHERE `taleId` = 130 ORDER BY id LIMIT 1   [ RunTime:0.0002s ]
SQL: SELECT * FROM `user` WHERE `id` = 1 LIMIT 1   [ RunTime:0.0002s ]
SQL: SELECT `name` FROM `tag` WHERE `id` = 68 LIMIT 1   [ RunTime:0.0001s ]
SQL: SELECT `name` FROM `tag` WHERE `id` = 66 LIMIT 1   [ RunTime:0.0001s ]
SQL: SELECT * FROM `para` WHERE `taleId` = 129 ORDER BY id LIMIT 1   [ RunTime:0.0002s ]
SQL: SELECT * FROM `user` WHERE `id` = 1 LIMIT 1   [ RunTime:0.0001s ]
SQL: SELECT `name` FROM `tag` WHERE `id` = 68 LIMIT 1   [ RunTime:0.0001s ]
SQL: SELECT `name` FROM `tag` WHERE `id` = 66 LIMIT 1   [ RunTime:0.0001s ]
SQL: SELECT * FROM `para` WHERE `taleId` = 128 ORDER BY id LIMIT 1   [ RunTime:0.0002s ]
SQL: SELECT * FROM `user` WHERE `id` = 1 LIMIT 1   [ RunTime:0.0002s ]
SQL: SELECT `name` FROM `tag` WHERE `id` = 68 LIMIT 1   [ RunTime:0.0001s ]
SQL: SELECT `name` FROM `tag` WHERE `id` = 66 LIMIT 1   [ RunTime:0.0001s ]
SQL: SELECT * FROM `para` WHERE `taleId` = 127 ORDER BY id LIMIT 1   [ RunTime:0.0002s ]
SQL: SELECT * FROM `user` WHERE `id` = 1 LIMIT 1   [ RunTime:0.0001s ]
SQL: SELECT `name` FROM `tag` WHERE `id` = 68 LIMIT 1   [ RunTime:0.0001s ]
SQL: SELECT `name` FROM `tag` WHERE `id` = 66 LIMIT 1   [ RunTime:0.0001s ]
SQL: SELECT * FROM `para` WHERE `taleId` = 126 ORDER BY id LIMIT 1   [ RunTime:0.0002s ]
SQL: SELECT * FROM `user` WHERE `id` = 1 LIMIT 1   [ RunTime:0.0002s ]
SQL: SELECT `name` FROM `tag` WHERE `id` = 68 LIMIT 1   [ RunTime:0.0001s ]
SQL: SELECT `name` FROM `tag` WHERE `id` = 66 LIMIT 1   [ RunTime:0.0001s ]
SQL: SELECT * FROM `para` WHERE `taleId` = 125 ORDER BY id LIMIT 1   [ RunTime:0.0002s ]
SQL: SELECT * FROM `user` WHERE `id` = 1 LIMIT 1   [ RunTime:0.0001s ]
SQL: SELECT `name` FROM `tag` WHERE `id` = 68 LIMIT 1   [ RunTime:0.0001s ]
SQL: SELECT `name` FROM `tag` WHERE `id` = 66 LIMIT 1   [ RunTime:0.0001s ]

[ 2017-07-13T21:44:06+08:00 ] 192.168.31.207 /~mile/qicheng/index.php/Api/Tale/getHotTaleView?timeBefore=1499953445241&limit=10
INFO: [ app_init ] --START--
INFO: Run Behavior\BuildLiteBehavior [ RunTime:0.000052s ]
INFO: [ app_init ] --END-- [ RunTime:0.008595s ]
INFO: [ app_begin ] --START--
INFO: Run Behavior\ReadHtmlCacheBehavior [ RunTime:0.001651s ]
INFO: [ app_begin ] --END-- [ RunTime:0.001774s ]
SQL: SHOW COLUMNS FROM `tale` [ RunTime:0.0197s ]
SQL: SHOW COLUMNS FROM `para` [ RunTime:0.0024s ]
SQL: SHOW COLUMNS FROM `user` [ RunTime:0.0012s ]
SQL: SHOW COLUMNS FROM `tag` [ RunTime:0.0013s ]
SQL: SELECT * FROM `tale` WHERE `time` < '1499953445' ORDER BY id desc LIMIT 10   [ RunTime:0.0048s ]
SQL: SELECT * FROM `para` WHERE `taleId` = 134 ORDER BY id LIMIT 1   [ RunTime:0.0027s ]
SQL: SELECT * FROM `user` WHERE `id` = 1 LIMIT 1   [ RunTime:0.0006s ]
SQL: SELECT `name` FROM `tag` WHERE `id` = 68 LIMIT 1   [ RunTime:0.0009s ]
SQL: SELECT `name` FROM `tag` WHERE `id` = 66 LIMIT 1   [ RunTime:0.0005s ]
SQL: SELECT * FROM `para` WHERE `taleId` = 133 ORDER BY id LIMIT 1   [ RunTime:0.0006s ]
SQL: SELECT * FROM `user` WHERE `id` = 1 LIMIT 1   [ RunTime:0.0004s ]
SQL: SELECT `name` FROM `tag` WHERE `id` = 68 LIMIT 1   [ RunTime:0.0004s ]
SQL: SELECT `name` FROM `tag` WHERE `id` = 66 LIMIT 1   [ RunTime:0.0004s ]
SQL: SELECT * FROM `para` WHERE `taleId` = 132 ORDER BY id LIMIT 1   [ RunTime:0.0005s ]
SQL: SELECT * FROM `user` WHERE `id` = 1 LIMIT 1   [ RunTime:0.0004s ]
SQL: SELECT `name` FROM `tag` WHERE `id` = 68 LIMIT 1   [ RunTime:0.0003s ]
SQL: SELECT `name` FROM `tag` WHERE `id` = 66 LIMIT 1   [ RunTime:0.0003s ]
SQL: SELECT * FROM `para` WHERE `taleId` = 131 ORDER BY id LIMIT 1   [ RunTime:0.0004s ]
SQL: SELECT * FROM `user` WHERE `id` = 1 LIMIT 1   [ RunTime:0.0004s ]
SQL: SELECT `name` FROM `tag` WHERE `id` = 68 LIMIT 1   [ RunTime:0.0003s ]
SQL: SELECT `name` FROM `tag` WHERE `id` = 66 LIMIT 1   [ RunTime:0.0003s ]
SQL: SELECT * FROM `para` WHERE `taleId` = 130 ORDER BY id LIMIT 1   [ RunTime:0.0003s ]
SQL: SELECT * FROM `user` WHERE `id` = 1 LIMIT 1   [ RunTime:0.0003s ]
SQL: SELECT `name` FROM `tag` WHERE `id` = 68 LIMIT 1   [ RunTime:0.0003s ]
SQL: SELECT `name` FROM `tag` WHERE `id` = 66 LIMIT 1   [ RunTime:0.0003s ]
SQL: SELECT * FROM `para` WHERE `taleId` = 129 ORDER BY id LIMIT 1   [ RunTime:0.0004s ]
SQL: SELECT * FROM `user` WHERE `id` = 1 LIMIT 1   [ RunTime:0.0003s ]
SQL: SELECT `name` FROM `tag` WHERE `id` = 68 LIMIT 1   [ RunTime:0.0003s ]
SQL: SELECT `name` FROM `tag` WHERE `id` = 66 LIMIT 1   [ RunTime:0.0003s ]
SQL: SELECT * FROM `para` WHERE `taleId` = 128 ORDER BY id LIMIT 1   [ RunTime:0.0004s ]
SQL: SELECT * FROM `user` WHERE `id` = 1 LIMIT 1   [ RunTime:0.0003s ]
SQL: SELECT `name` FROM `tag` WHERE `id` = 68 LIMIT 1   [ RunTime:0.0003s ]
SQL: SELECT `name` FROM `tag` WHERE `id` = 66 LIMIT 1   [ RunTime:0.0003s ]
SQL: SELECT * FROM `para` WHERE `taleId` = 127 ORDER BY id LIMIT 1   [ RunTime:0.0004s ]
SQL: SELECT * FROM `user` WHERE `id` = 1 LIMIT 1   [ RunTime:0.0003s ]
SQL: SELECT `name` FROM `tag` WHERE `id` = 68 LIMIT 1   [ RunTime:0.0008s ]
SQL: SELECT `name` FROM `tag` WHERE `id` = 66 LIMIT 1   [ RunTime:0.0003s ]
SQL: SELECT * FROM `para` WHERE `taleId` = 126 ORDER BY id LIMIT 1   [ RunTime:0.0004s ]
SQL: SELECT * FROM `user` WHERE `id` = 1 LIMIT 1   [ RunTime:0.0004s ]
SQL: SELECT `name` FROM `tag` WHERE `id` = 68 LIMIT 1   [ RunTime:0.0003s ]
SQL: SELECT `name` FROM `tag` WHERE `id` = 66 LIMIT 1   [ RunTime:0.0003s ]
SQL: SELECT * FROM `para` WHERE `taleId` = 125 ORDER BY id LIMIT 1   [ RunTime:0.0003s ]
SQL: SELECT * FROM `user` WHERE `id` = 1 LIMIT 1   [ RunTime:0.0005s ]
SQL: SELECT `name` FROM `tag` WHERE `id` = 68 LIMIT 1   [ RunTime:0.0003s ]
SQL: SELECT `name` FROM `tag` WHERE `id` = 66 LIMIT 1   [ RunTime:0.0003s ]

[ 2017-07-13T21:46:56+08:00 ] 192.168.31.207 /~mile/qicheng/index.php/Api/Tale/getHotTaleView?timeBefore=1499953615686&limit=10
INFO: [ app_init ] --START--
INFO: Run Behavior\BuildLiteBehavior [ RunTime:0.000019s ]
INFO: [ app_init ] --END-- [ RunTime:0.000314s ]
INFO: [ app_begin ] --START--
INFO: Run Behavior\ReadHtmlCacheBehavior [ RunTime:0.000348s ]
INFO: [ app_begin ] --END-- [ RunTime:0.000388s ]
SQL: SHOW COLUMNS FROM `tale` [ RunTime:0.0005s ]
SQL: SHOW COLUMNS FROM `para` [ RunTime:0.0005s ]
SQL: SHOW COLUMNS FROM `user` [ RunTime:0.0004s ]
SQL: SHOW COLUMNS FROM `tag` [ RunTime:0.0008s ]
SQL: SELECT * FROM `tale` WHERE `time` < '1499953615' ORDER BY id desc LIMIT 10   [ RunTime:0.0003s ]
SQL: SELECT * FROM `para` WHERE `taleId` = 134 ORDER BY id LIMIT 1   [ RunTime:0.0003s ]
SQL: SELECT * FROM `user` WHERE `id` = 1 LIMIT 1   [ RunTime:0.0003s ]
SQL: SELECT `name` FROM `tag` WHERE `id` = 68 LIMIT 1   [ RunTime:0.0002s ]
SQL: SELECT `name` FROM `tag` WHERE `id` = 66 LIMIT 1   [ RunTime:0.0002s ]
SQL: SELECT * FROM `para` WHERE `taleId` = 133 ORDER BY id LIMIT 1   [ RunTime:0.0002s ]
SQL: SELECT * FROM `user` WHERE `id` = 1 LIMIT 1   [ RunTime:0.0002s ]
SQL: SELECT `name` FROM `tag` WHERE `id` = 68 LIMIT 1   [ RunTime:0.0002s ]
SQL: SELECT `name` FROM `tag` WHERE `id` = 66 LIMIT 1   [ RunTime:0.0002s ]
SQL: SELECT * FROM `para` WHERE `taleId` = 132 ORDER BY id LIMIT 1   [ RunTime:0.0002s ]
SQL: SELECT * FROM `user` WHERE `id` = 1 LIMIT 1   [ RunTime:0.0002s ]
SQL: SELECT `name` FROM `tag` WHERE `id` = 68 LIMIT 1   [ RunTime:0.0002s ]
SQL: SELECT `name` FROM `tag` WHERE `id` = 66 LIMIT 1   [ RunTime:0.0001s ]
SQL: SELECT * FROM `para` WHERE `taleId` = 131 ORDER BY id LIMIT 1   [ RunTime:0.0002s ]
SQL: SELECT * FROM `user` WHERE `id` = 1 LIMIT 1   [ RunTime:0.0002s ]
SQL: SELECT `name` FROM `tag` WHERE `id` = 68 LIMIT 1   [ RunTime:0.0001s ]
SQL: SELECT `name` FROM `tag` WHERE `id` = 66 LIMIT 1   [ RunTime:0.0002s ]
SQL: SELECT * FROM `para` WHERE `taleId` = 130 ORDER BY id LIMIT 1   [ RunTime:0.0002s ]
SQL: SELECT * FROM `user` WHERE `id` = 1 LIMIT 1   [ RunTime:0.0001s ]
SQL: SELECT `name` FROM `tag` WHERE `id` = 68 LIMIT 1   [ RunTime:0.0001s ]
SQL: SELECT `name` FROM `tag` WHERE `id` = 66 LIMIT 1   [ RunTime:0.0001s ]
SQL: SELECT * FROM `para` WHERE `taleId` = 129 ORDER BY id LIMIT 1   [ RunTime:0.0002s ]
SQL: SELECT * FROM `user` WHERE `id` = 1 LIMIT 1   [ RunTime:0.0002s ]
SQL: SELECT `name` FROM `tag` WHERE `id` = 68 LIMIT 1   [ RunTime:0.0001s ]
SQL: SELECT `name` FROM `tag` WHERE `id` = 66 LIMIT 1   [ RunTime:0.0001s ]
SQL: SELECT * FROM `para` WHERE `taleId` = 128 ORDER BY id LIMIT 1   [ RunTime:0.0002s ]
SQL: SELECT * FROM `user` WHERE `id` = 1 LIMIT 1   [ RunTime:0.0002s ]
SQL: SELECT `name` FROM `tag` WHERE `id` = 68 LIMIT 1   [ RunTime:0.0001s ]
SQL: SELECT `name` FROM `tag` WHERE `id` = 66 LIMIT 1   [ RunTime:0.0001s ]
SQL: SELECT * FROM `para` WHERE `taleId` = 127 ORDER BY id LIMIT 1   [ RunTime:0.0002s ]
SQL: SELECT * FROM `user` WHERE `id` = 1 LIMIT 1   [ RunTime:0.0002s ]
SQL: SELECT `name` FROM `tag` WHERE `id` = 68 LIMIT 1   [ RunTime:0.0001s ]
SQL: SELECT `name` FROM `tag` WHERE `id` = 66 LIMIT 1   [ RunTime:0.0001s ]
SQL: SELECT * FROM `para` WHERE `taleId` = 126 ORDER BY id LIMIT 1   [ RunTime:0.0001s ]
SQL: SELECT * FROM `user` WHERE `id` = 1 LIMIT 1   [ RunTime:0.0002s ]
SQL: SELECT `name` FROM `tag` WHERE `id` = 68 LIMIT 1   [ RunTime:0.0002s ]
SQL: SELECT `name` FROM `tag` WHERE `id` = 66 LIMIT 1   [ RunTime:0.0001s ]
SQL: SELECT * FROM `para` WHERE `taleId` = 125 ORDER BY id LIMIT 1   [ RunTime:0.0002s ]
SQL: SELECT * FROM `user` WHERE `id` = 1 LIMIT 1   [ RunTime:0.0002s ]
SQL: SELECT `name` FROM `tag` WHERE `id` = 68 LIMIT 1   [ RunTime:0.0001s ]
SQL: SELECT `name` FROM `tag` WHERE `id` = 66 LIMIT 1   [ RunTime:0.0001s ]

