[ 2017-08-12T22:39:27+08:00 ] 192.168.31.207 /~mile/qicheng/index.php/Api/Tale/getLatestTaleView?timeBefore=1502548766518&limit=10
INFO: [ app_init ] --START--
INFO: Run Behavior\BuildLiteBehavior [ RunTime:0.000010s ]
INFO: [ app_init ] --END-- [ RunTime:0.000352s ]
INFO: [ app_begin ] --START--
INFO: Run Behavior\ReadHtmlCacheBehavior [ RunTime:0.000289s ]
INFO: [ app_begin ] --END-- [ RunTime:0.000324s ]
SQL: SHOW COLUMNS FROM `tale` [ RunTime:0.0168s ]
SQL: SHOW COLUMNS FROM `para` [ RunTime:0.0008s ]
SQL: SHOW COLUMNS FROM `user` [ RunTime:0.0007s ]
SQL: SHOW COLUMNS FROM `tag` [ RunTime:0.0005s ]
SQL: SELECT * FROM `tale` WHERE `time` < '1502548766' ORDER BY time desc LIMIT 10   [ RunTime:0.0042s ]
SQL: SELECT * FROM `para` WHERE `taleId` = 175 AND `deleted` = 0 ORDER BY id LIMIT 1   [ RunTime:0.0022s ]
SQL: SELECT * FROM `user` WHERE `id` = 1 LIMIT 1   [ RunTime:0.0003s ]
SQL: SELECT * FROM `user` WHERE `id` = 1 LIMIT 1   [ RunTime:0.0003s ]
SQL: SELECT * FROM `para` WHERE `taleId` = 174 AND `deleted` = 0 ORDER BY id LIMIT 1   [ RunTime:0.0003s ]
SQL: SELECT * FROM `user` WHERE `id` = 1 LIMIT 1   [ RunTime:0.0002s ]
SQL: SELECT * FROM `user` WHERE `id` = 1 LIMIT 1   [ RunTime:0.0003s ]
SQL: SELECT * FROM `para` WHERE `taleId` = 173 AND `deleted` = 0 ORDER BY id LIMIT 1   [ RunTime:0.0003s ]
SQL: SELECT * FROM `user` WHERE `id` = 1 LIMIT 1   [ RunTime:0.0002s ]
SQL: SELECT * FROM `user` WHERE `id` = 1 LIMIT 1   [ RunTime:0.0002s ]
SQL: SELECT * FROM `para` WHERE `taleId` = 172 AND `deleted` = 0 ORDER BY id LIMIT 1   [ RunTime:0.0003s ]
SQL: SELECT * FROM `user` WHERE `id` = 1 LIMIT 1   [ RunTime:0.0002s ]
SQL: SELECT * FROM `user` WHERE `id` = 1 LIMIT 1   [ RunTime:0.0002s ]
SQL: SELECT `name` FROM `tag` WHERE `id` = 24 LIMIT 1   [ RunTime:0.0003s ]
SQL: SELECT * FROM `para` WHERE `taleId` = 171 AND `deleted` = 0 ORDER BY id LIMIT 1   [ RunTime:0.0003s ]
SQL: SELECT * FROM `user` WHERE `id` = 1 LIMIT 1   [ RunTime:0.0002s ]
SQL: SELECT * FROM `user` WHERE `id` = 1 LIMIT 1   [ RunTime:0.0002s ]
SQL: SELECT `name` FROM `tag` WHERE `id` = 8 LIMIT 1   [ RunTime:0.0002s ]
SQL: SELECT * FROM `para` WHERE `taleId` = 170 AND `deleted` = 0 ORDER BY id LIMIT 1   [ RunTime:0.0002s ]
SQL: SELECT * FROM `user` WHERE `id` = 1 LIMIT 1   [ RunTime:0.0002s ]
SQL: SELECT * FROM `user` WHERE `id` = 1 LIMIT 1   [ RunTime:0.0002s ]
SQL: SELECT `name` FROM `tag` WHERE `id` = 19 LIMIT 1   [ RunTime:0.0002s ]
SQL: SELECT * FROM `para` WHERE `taleId` = 169 AND `deleted` = 0 ORDER BY id LIMIT 1   [ RunTime:0.0002s ]
SQL: SELECT * FROM `user` WHERE `id` = 1 LIMIT 1   [ RunTime:0.0003s ]
SQL: SELECT * FROM `user` WHERE `id` = 1 LIMIT 1   [ RunTime:0.0003s ]
SQL: SELECT `name` FROM `tag` WHERE `id` = 17 LIMIT 1   [ RunTime:0.0002s ]
SQL: SELECT * FROM `para` WHERE `taleId` = 168 AND `deleted` = 0 ORDER BY id LIMIT 1   [ RunTime:0.0003s ]
SQL: SELECT * FROM `user` WHERE `id` = 1 LIMIT 1   [ RunTime:0.0002s ]
SQL: SELECT * FROM `user` WHERE `id` = 1 LIMIT 1   [ RunTime:0.0002s ]
SQL: SELECT `name` FROM `tag` WHERE `id` = 14 LIMIT 1   [ RunTime:0.0002s ]
SQL: SELECT `name` FROM `tag` WHERE `id` = 16 LIMIT 1   [ RunTime:0.0002s ]
SQL: SELECT * FROM `para` WHERE `taleId` = 167 AND `deleted` = 0 ORDER BY id LIMIT 1   [ RunTime:0.0003s ]
SQL: SELECT * FROM `user` WHERE `id` = 1 LIMIT 1   [ RunTime:0.0002s ]
SQL: SELECT * FROM `user` WHERE `id` = 1 LIMIT 1   [ RunTime:0.0002s ]
SQL: SELECT `name` FROM `tag` WHERE `id` = 30 LIMIT 1   [ RunTime:0.0002s ]
SQL: SELECT * FROM `para` WHERE `taleId` = 166 AND `deleted` = 0 ORDER BY id LIMIT 1   [ RunTime:0.0003s ]
SQL: SELECT * FROM `user` WHERE `id` = 1 LIMIT 1   [ RunTime:0.0002s ]
SQL: SELECT * FROM `user` WHERE `id` = 1 LIMIT 1   [ RunTime:0.0002s ]
SQL: SELECT `name` FROM `tag` WHERE `id` = 20 LIMIT 1   [ RunTime:0.0002s ]

[ 2017-08-12T22:39:27+08:00 ] 192.168.31.207 /~mile/qicheng/index.php/Api/Tale/getHotTaleView?timeBefore=1502548766461&limit=10
INFO: [ app_init ] --START--
INFO: Run Behavior\BuildLiteBehavior [ RunTime:0.000014s ]
INFO: [ app_init ] --END-- [ RunTime:0.000517s ]
INFO: [ app_begin ] --START--
INFO: Run Behavior\ReadHtmlCacheBehavior [ RunTime:0.000442s ]
INFO: [ app_begin ] --END-- [ RunTime:0.000478s ]
SQL: SHOW COLUMNS FROM `tale` [ RunTime:0.0168s ]
SQL: SHOW COLUMNS FROM `para` [ RunTime:0.0007s ]
SQL: SHOW COLUMNS FROM `user` [ RunTime:0.0006s ]
SQL: SHOW COLUMNS FROM `tag` [ RunTime:0.0005s ]
SQL: SELECT * FROM `tale` WHERE `time` < '1502548766' ORDER BY zan desc,paraNumber desc,time desc LIMIT 10   [ RunTime:0.0004s ]
SQL: SELECT * FROM `para` WHERE `taleId` = 151 AND `deleted` = 0 ORDER BY id LIMIT 1   [ RunTime:0.0004s ]
SQL: SELECT * FROM `user` WHERE `id` = 6 LIMIT 1   [ RunTime:0.0003s ]
SQL: SELECT * FROM `user` WHERE `id` = 6 LIMIT 1   [ RunTime:0.0003s ]
SQL: SELECT `name` FROM `tag` WHERE `id` = 28 LIMIT 1   [ RunTime:0.0003s ]
SQL: SELECT `name` FROM `tag` WHERE `id` = 19 LIMIT 1   [ RunTime:0.0003s ]
SQL: SELECT * FROM `para` WHERE `taleId` = 172 AND `deleted` = 0 ORDER BY id LIMIT 1   [ RunTime:0.0003s ]
SQL: SELECT * FROM `user` WHERE `id` = 1 LIMIT 1   [ RunTime:0.0003s ]
SQL: SELECT * FROM `user` WHERE `id` = 1 LIMIT 1   [ RunTime:0.0002s ]
SQL: SELECT `name` FROM `tag` WHERE `id` = 24 LIMIT 1   [ RunTime:0.0002s ]
SQL: SELECT * FROM `para` WHERE `taleId` = 158 AND `deleted` = 0 ORDER BY id LIMIT 1   [ RunTime:0.0002s ]
SQL: SELECT * FROM `user` WHERE `id` = 1 LIMIT 1   [ RunTime:0.0003s ]
SQL: SELECT * FROM `user` WHERE `id` = 1 LIMIT 1   [ RunTime:0.0002s ]
SQL: SELECT `name` FROM `tag` WHERE `id` = 5 LIMIT 1   [ RunTime:0.0002s ]
SQL: SELECT * FROM `para` WHERE `taleId` = 162 AND `deleted` = 0 ORDER BY id LIMIT 1   [ RunTime:0.0004s ]
SQL: SELECT * FROM `user` WHERE `id` = 2 LIMIT 1   [ RunTime:0.0002s ]
SQL: SELECT * FROM `user` WHERE `id` = 2 LIMIT 1   [ RunTime:0.0002s ]
SQL: SELECT `name` FROM `tag` WHERE `id` = 16 LIMIT 1   [ RunTime:0.0002s ]
SQL: SELECT * FROM `para` WHERE `taleId` = 175 AND `deleted` = 0 ORDER BY id LIMIT 1   [ RunTime:0.0002s ]
SQL: SELECT * FROM `user` WHERE `id` = 1 LIMIT 1   [ RunTime:0.0002s ]
SQL: SELECT * FROM `user` WHERE `id` = 1 LIMIT 1   [ RunTime:0.0002s ]
SQL: SELECT * FROM `para` WHERE `taleId` = 157 AND `deleted` = 0 ORDER BY id LIMIT 1   [ RunTime:0.0003s ]
SQL: SELECT * FROM `user` WHERE `id` = 2 LIMIT 1   [ RunTime:0.0002s ]
SQL: SELECT * FROM `user` WHERE `id` = 2 LIMIT 1   [ RunTime:0.0002s ]
SQL: SELECT `name` FROM `tag` WHERE `id` = 28 LIMIT 1   [ RunTime:0.0002s ]
SQL: SELECT `name` FROM `tag` WHERE `id` = 20 LIMIT 1   [ RunTime:0.0002s ]
SQL: SELECT `name` FROM `tag` WHERE `id` = 19 LIMIT 1   [ RunTime:0.0002s ]
SQL: SELECT `name` FROM `tag` WHERE `id` = 5 LIMIT 1   [ RunTime:0.0002s ]
SQL: SELECT * FROM `para` WHERE `taleId` = 154 AND `deleted` = 0 ORDER BY id LIMIT 1   [ RunTime:0.0004s ]
SQL: SELECT * FROM `user` WHERE `id` = 4 LIMIT 1   [ RunTime:0.0002s ]
SQL: SELECT * FROM `user` WHERE `id` = 4 LIMIT 1   [ RunTime:0.0002s ]
SQL: SELECT `name` FROM `tag` WHERE `id` = 20 LIMIT 1   [ RunTime:0.0002s ]
SQL: SELECT `name` FROM `tag` WHERE `id` = 15 LIMIT 1   [ RunTime:0.0002s ]
SQL: SELECT `name` FROM `tag` WHERE `id` = 5 LIMIT 1   [ RunTime:0.0002s ]
SQL: SELECT * FROM `para` WHERE `taleId` = 169 AND `deleted` = 0 ORDER BY id LIMIT 1   [ RunTime:0.0003s ]
SQL: SELECT * FROM `user` WHERE `id` = 1 LIMIT 1   [ RunTime:0.0002s ]
SQL: SELECT * FROM `user` WHERE `id` = 1 LIMIT 1   [ RunTime:0.0002s ]
SQL: SELECT `name` FROM `tag` WHERE `id` = 17 LIMIT 1   [ RunTime:0.0002s ]
SQL: SELECT * FROM `para` WHERE `taleId` = 155 AND `deleted` = 0 ORDER BY id LIMIT 1   [ RunTime:0.0002s ]
SQL: SELECT * FROM `user` WHERE `id` = 3 LIMIT 1   [ RunTime:0.0002s ]
SQL: SELECT * FROM `user` WHERE `id` = 3 LIMIT 1   [ RunTime:0.0002s ]
SQL: SELECT `name` FROM `tag` WHERE `id` = 20 LIMIT 1   [ RunTime:0.0002s ]
SQL: SELECT `name` FROM `tag` WHERE `id` = 15 LIMIT 1   [ RunTime:0.0002s ]
SQL: SELECT `name` FROM `tag` WHERE `id` = 19 LIMIT 1   [ RunTime:0.0002s ]
SQL: SELECT * FROM `para` WHERE `taleId` = 153 AND `deleted` = 0 ORDER BY id LIMIT 1   [ RunTime:0.0003s ]
SQL: SELECT * FROM `user` WHERE `id` = 6 LIMIT 1   [ RunTime:0.0002s ]
SQL: SELECT * FROM `user` WHERE `id` = 6 LIMIT 1   [ RunTime:0.0002s ]
SQL: SELECT `name` FROM `tag` WHERE `id` = 20 LIMIT 1   [ RunTime:0.0002s ]
SQL: SELECT `name` FROM `tag` WHERE `id` = 5 LIMIT 1   [ RunTime:0.0002s ]

